#
# There is insufficient memory for the Java Runtime Environment to continue.
# Native memory allocation (mmap) failed to map 65011712 bytes for committing reserved memory.
# Possible reasons:
#   The system is out of physical RAM or swap space
#   In 32 bit mode, the process size limit was hit
# Possible solutions:
#   Reduce memory load on the system
#   Increase physical memory or swap space
#   Check if swap backing store is full
#   Use 64 bit Java on a 64 bit OS
#   Decrease Java heap size (-Xmx/-Xms)
#   Decrease number of Java threads
#   Decrease Java thread stack sizes (-Xss)
#   Set larger code cache with -XX:ReservedCodeCacheSize=
# This output file may be truncated or incomplete.
#
#  Out of Memory Error (os_linux.cpp:2627), pid=7801, tid=140395784521472
#
# JRE version: Java(TM) SE Runtime Environment (8.0_60-b27) (build 1.8.0_60-b27)
# Java VM: Java HotSpot(TM) 64-Bit Server VM (25.60-b23 mixed mode linux-amd64 compressed oops)
# Failed to write core dump. Core dumps have been disabled. To enable core dumping, try "ulimit -c unlimited" before starting Java again
#

---------------  T H R E A D  ---------------

Current thread (0x00007fb090076800):  VMThread [stack: 0x00007fb070cd4000,0x00007fb070dd5000] [id=7821]

Stack: [0x00007fb070cd4000,0x00007fb070dd5000],  sp=0x00007fb070dd30a0,  free space=1020k
Native frames: (J=compiled Java code, j=interpreted, Vv=VM code, C=native code)
V  [libjvm.so+0xab97ea]  VMError::report_and_die()+0x2ba
V  [libjvm.so+0x4f9dab]  report_vm_out_of_memory(char const*, int, unsigned long, VMErrorType, char const*)+0x8b
V  [libjvm.so+0x91a7c3]  os::Linux::commit_memory_impl(char*, unsigned long, bool)+0x103
V  [libjvm.so+0x91ad19]  os::pd_commit_memory(char*, unsigned long, unsigned long, bool)+0x29
V  [libjvm.so+0x91502a]  os::commit_memory(char*, unsigned long, unsigned long, bool)+0x2a
V  [libjvm.so+0x9886d3]  PSVirtualSpace::expand_by(unsigned long)+0x53
V  [libjvm.so+0x989ad8]  PSYoungGen::resize_generation(unsigned long, unsigned long)+0xf8
V  [libjvm.so+0x988c32]  PSYoungGen::resize(unsigned long, unsigned long)+0x22
V  [libjvm.so+0x985f0b]  PSScavenge::invoke_no_policy()+0xf3b
V  [libjvm.so+0x986691]  PSScavenge::invoke()+0x41
V  [libjvm.so+0x93e430]  ParallelScavengeHeap::failed_mem_allocate(unsigned long)+0x70
V  [libjvm.so+0xabb207]  VM_ParallelGCFailedAllocation::doit()+0x97
V  [libjvm.so+0xac2c35]  VM_Operation::evaluate()+0x55
V  [libjvm.so+0xac100a]  VMThread::evaluate_operation(VM_Operation*)+0xba
V  [libjvm.so+0xac138e]  VMThread::loop()+0x1ce
V  [libjvm.so+0xac1800]  VMThread::run()+0x70
V  [libjvm.so+0x91cb88]  java_start(Thread*)+0x108

VM_Operation (0x00007fb03fefce90): ParallelGCFailedAllocation, mode: safepoint, requested by thread 0x00007fb090145800


---------------  P R O C E S S  ---------------

Java Threads: ( => current thread )
  0x00007fb090145800 JavaThread "pool-1-thread-4" [_thread_blocked, id=7864, stack(0x00007fb03fdfe000,0x00007fb03feff000)]
  0x00007fb090144800 JavaThread "pool-1-thread-3" [_thread_blocked, id=7862, stack(0x00007fb03feff000,0x00007fb040000000)]
  0x00007fb090140000 JavaThread "pool-1-thread-2" [_thread_blocked, id=7861, stack(0x00007fb07003b000,0x00007fb07013c000)]
  0x00007fb09013e000 JavaThread "pool-2-thread-1" [_thread_blocked, id=7860, stack(0x00007fb07013c000,0x00007fb07023d000)]
  0x00007fb09013b800 JavaThread "pool-1-thread-1" [_thread_blocked, id=7859, stack(0x00007fb07023d000,0x00007fb07033e000)]
  0x00007fb0900be800 JavaThread "Service Thread" daemon [_thread_blocked, id=7835, stack(0x00007fb07043f000,0x00007fb070540000)]
  0x00007fb0900b9800 JavaThread "C1 CompilerThread2" daemon [_thread_blocked, id=7832, stack(0x00007fb070540000,0x00007fb070641000)]
  0x00007fb0900b8000 JavaThread "C2 CompilerThread1" daemon [_thread_blocked, id=7831, stack(0x00007fb070641000,0x00007fb070742000)]
  0x00007fb0900b5000 JavaThread "C2 CompilerThread0" daemon [_thread_blocked, id=7828, stack(0x00007fb070742000,0x00007fb070843000)]
  0x00007fb0900b3800 JavaThread "Signal Dispatcher" daemon [_thread_blocked, id=7826, stack(0x00007fb070843000,0x00007fb070944000)]
  0x00007fb09007d800 JavaThread "Finalizer" daemon [_thread_blocked, id=7824, stack(0x00007fb070ad2000,0x00007fb070bd3000)]
  0x00007fb09007b800 JavaThread "Reference Handler" daemon [_thread_blocked, id=7822, stack(0x00007fb070bd3000,0x00007fb070cd4000)]
  0x00007fb090008800 JavaThread "main" [_thread_blocked, id=7808, stack(0x00007fb096d39000,0x00007fb096e3a000)]

Other Threads:
=>0x00007fb090076800 VMThread [stack: 0x00007fb070cd4000,0x00007fb070dd5000] [id=7821]
  0x00007fb0900c1800 WatcherThread [stack: 0x00007fb07033e000,0x00007fb07043f000] [id=7837]

VM state:at safepoint (normal execution)

VM Mutex/Monitor currently owned by a thread:  ([mutex/lock_event])
[0x00007fb0900063a0] Threads_lock - owner thread: 0x00007fb090076800
[0x00007fb0900068a0] Heap_lock - owner thread: 0x00007fb090145800

Heap:
 PSYoungGen      total 68608K, used 5109K [0x00000000eab00000, 0x00000000ef300000, 0x0000000100000000)
  eden space 63488K, 0% used [0x00000000eab00000,0x00000000eab00000,0x00000000ee900000)
  from space 5120K, 99% used [0x00000000ee900000,0x00000000eedfd640,0x00000000eee00000)
  to   space 5120K, 0% used [0x00000000eee00000,0x00000000eee00000,0x00000000ef300000)
 ParOldGen       total 84992K, used 14735K [0x00000000c0000000, 0x00000000c5300000, 0x00000000eab00000)
  object space 84992K, 17% used [0x00000000c0000000,0x00000000c0e63d68,0x00000000c5300000)
 Metaspace       used 5817K, capacity 6832K, committed 7040K, reserved 1056768K
  class space    used 587K, capacity 616K, committed 640K, reserved 1048576K

Card table byte_map: [0x00007fb080dff000,0x00007fb081000000] byte_map_base: 0x00007fb0807ff000

Marking Bits: (ParMarkBitMap*) 0x00007fb096246de0
 Begin Bits: [0x00007fb072000000, 0x00007fb073000000)
 End Bits:   [0x00007fb073000000, 0x00007fb074000000)

Polling page: 0x00007fb096e6c000

CodeCache: size=245760Kb used=4069Kb max_used=4069Kb free=241690Kb
 bounds [0x00007fb081000000, 0x00007fb081400000, 0x00007fb090000000]
 total_blobs=1379 nmethods=1111 adapters=182
 compilation: enabled

Compilation events (10 events):
Event: 6.468 Thread 0x00007fb0900b9800 nmethod 1348% 0x00007fb0813f6f10 code [0x00007fb0813f7080, 0x00007fb0813f7310]
Event: 6.468 Thread 0x00007fb0900b9800 1411 %     3       com.android.dx.ssa.DeadCodeRemover::run @ 109 (194 bytes)
Event: 6.472 Thread 0x00007fb0900b8000 nmethod 1279% 0x00007fb0813f7490 code [0x00007fb0813f7620, 0x00007fb0813f7a48]
Event: 6.472 Thread 0x00007fb0900b8000 1408       4       com.android.dx.util.LabeledList::set (45 bytes)
Event: 6.488 Thread 0x00007fb0900b9800 nmethod 1411% 0x00007fb0813f7f10 code [0x00007fb0813f82a0, 0x00007fb0813fa268]
Event: 6.488 Thread 0x00007fb0900b9800 1402 %     3       com.android.dx.ssa.SsaMethod::indexListFromLabelList @ 20 (47 bytes)
Event: 6.489 Thread 0x00007fb0900b9800 nmethod 1402% 0x00007fb0813ebf90 code [0x00007fb0813ec160, 0x00007fb0813ec9f8]
Event: 6.489 Thread 0x00007fb0900b9800 1377 %     3       com.android.dx.ssa.back.IdenticalBlockCombiner::process @ 161 (323 bytes)
Event: 6.492 Thread 0x00007fb0900b9800 nmethod 1377% 0x00007fb0813fb490 code [0x00007fb0813fb860, 0x00007fb0813fe118]
Event: 6.492 Thread 0x00007fb0900b9800 1410 %     3       com.android.dx.dex.code.RopTranslator::pickOrder @ 190 (400 bytes)

GC Heap History (5 events):
Event: 3.303 GC heap before
{Heap before GC invocations=1 (full 0):
 PSYoungGen      total 36864K, used 31744K [0x00000000eab00000, 0x00000000ed400000, 0x0000000100000000)
  eden space 31744K, 100% used [0x00000000eab00000,0x00000000eca00000,0x00000000eca00000)
  from space 5120K, 0% used [0x00000000ecf00000,0x00000000ecf00000,0x00000000ed400000)
  to   space 5120K, 0% used [0x00000000eca00000,0x00000000eca00000,0x00000000ecf00000)
 ParOldGen       total 84992K, used 0K [0x00000000c0000000, 0x00000000c5300000, 0x00000000eab00000)
  object space 84992K, 0% used [0x00000000c0000000,0x00000000c0000000,0x00000000c5300000)
 Metaspace       used 5670K, capacity 6704K, committed 6784K, reserved 1056768K
  class space    used 585K, capacity 616K, committed 640K, reserved 1048576K
Event: 3.364 GC heap after
Heap after GC invocations=1 (full 0):
 PSYoungGen      total 36864K, used 5107K [0x00000000eab00000, 0x00000000ef300000, 0x0000000100000000)
  eden space 31744K, 0% used [0x00000000eab00000,0x00000000eab00000,0x00000000eca00000)
  from space 5120K, 99% used [0x00000000eca00000,0x00000000ecefcd70,0x00000000ecf00000)
  to   space 5120K, 0% used [0x00000000eee00000,0x00000000eee00000,0x00000000ef300000)
 ParOldGen       total 84992K, used 483K [0x00000000c0000000, 0x00000000c5300000, 0x00000000eab00000)
  object space 84992K, 0% used [0x00000000c0000000,0x00000000c0078fe0,0x00000000c5300000)
 Metaspace       used 5670K, capacity 6704K, committed 6784K, reserved 1056768K
  class space    used 585K, capacity 616K, committed 640K, reserved 1048576K
}
Event: 4.950 GC heap before
{Heap before GC invocations=2 (full 0):
 PSYoungGen      total 36864K, used 36851K [0x00000000eab00000, 0x00000000ef300000, 0x0000000100000000)
  eden space 31744K, 100% used [0x00000000eab00000,0x00000000eca00000,0x00000000eca00000)
  from space 5120K, 99% used [0x00000000eca00000,0x00000000ecefcd70,0x00000000ecf00000)
  to   space 5120K, 0% used [0x00000000eee00000,0x00000000eee00000,0x00000000ef300000)
 ParOldGen       total 84992K, used 483K [0x00000000c0000000, 0x00000000c5300000, 0x00000000eab00000)
  object space 84992K, 0% used [0x00000000c0000000,0x00000000c0078fe0,0x00000000c5300000)
 Metaspace       used 5763K, capacity 6768K, committed 7040K, reserved 1056768K
  class space    used 587K, capacity 616K, committed 640K, reserved 1048576K
Event: 5.008 GC heap after
Heap after GC invocations=2 (full 0):
 PSYoungGen      total 68608K, used 5098K [0x00000000eab00000, 0x00000000ef300000, 0x0000000100000000)
  eden space 63488K, 0% used [0x00000000eab00000,0x00000000eab00000,0x00000000ee900000)
  from space 5120K, 99% used [0x00000000eee00000,0x00000000ef2faab8,0x00000000ef300000)
  to   space 5120K, 0% used [0x00000000ee900000,0x00000000ee900000,0x00000000eee00000)
 ParOldGen       total 84992K, used 3504K [0x00000000c0000000, 0x00000000c5300000, 0x00000000eab00000)
  object space 84992K, 4% used [0x00000000c0000000,0x00000000c036c088,0x00000000c5300000)
 Metaspace       used 5763K, capacity 6768K, committed 7040K, reserved 1056768K
  class space    used 587K, capacity 616K, committed 640K, reserved 1048576K
}
Event: 6.551 GC heap before
{Heap before GC invocations=3 (full 0):
 PSYoungGen      total 68608K, used 68586K [0x00000000eab00000, 0x00000000ef300000, 0x0000000100000000)
  eden space 63488K, 100% used [0x00000000eab00000,0x00000000ee900000,0x00000000ee900000)
  from space 5120K, 99% used [0x00000000eee00000,0x00000000ef2faab8,0x00000000ef300000)
  to   space 5120K, 0% used [0x00000000ee900000,0x00000000ee900000,0x00000000eee00000)
 ParOldGen       total 84992K, used 3504K [0x00000000c0000000, 0x00000000c5300000, 0x00000000eab00000)
  object space 84992K, 4% used [0x00000000c0000000,0x00000000c036c088,0x00000000c5300000)
 Metaspace       used 5817K, capacity 6832K, committed 7040K, reserved 1056768K
  class space    used 587K, capacity 616K, committed 640K, reserved 1048576K

Deoptimization events (10 events):
Event: 3.259 Thread 0x00007fb090144800 Uncommon trap: reason=unstable_if action=reinterpret pc=0x00007fb0811fe938 method=java.util.BitSet.ensureCapacity(I)V @ 6
Event: 3.622 Thread 0x00007fb090140000 Uncommon trap: reason=class_check action=maybe_recompile pc=0x00007fb08129cb80 method=com.android.dx.ssa.NormalSsaInsn.accept(Lcom/android/dx/ssa/SsaInsn$Visitor;)V @ 9
Event: 3.670 Thread 0x00007fb09013b800 Uncommon trap: reason=class_check action=maybe_recompile pc=0x00007fb08129cb80 method=com.android.dx.ssa.NormalSsaInsn.accept(Lcom/android/dx/ssa/SsaInsn$Visitor;)V @ 9
Event: 3.944 Thread 0x00007fb09013b800 Uncommon trap: reason=class_check action=maybe_recompile pc=0x00007fb08129cb80 method=com.android.dx.ssa.NormalSsaInsn.accept(Lcom/android/dx/ssa/SsaInsn$Visitor;)V @ 9
Event: 3.966 Thread 0x00007fb09013b800 Uncommon trap: reason=class_check action=maybe_recompile pc=0x00007fb08129cb80 method=com.android.dx.ssa.NormalSsaInsn.accept(Lcom/android/dx/ssa/SsaInsn$Visitor;)V @ 9
Event: 3.999 Thread 0x00007fb09013b800 Uncommon trap: reason=class_check action=maybe_recompile pc=0x00007fb081285de4 method=com.android.dx.ssa.NormalSsaInsn.accept(Lcom/android/dx/ssa/SsaInsn$Visitor;)V @ 9
Event: 5.433 Thread 0x00007fb090145800 Uncommon trap: reason=bimorphic action=maybe_recompile pc=0x00007fb0811ec2d0 method=java.util.HashMap.getNode(ILjava/lang/Object;)Ljava/util/HashMap$Node; @ 126
Event: 6.202 Thread 0x00007fb090144800 Uncommon trap: reason=bimorphic action=maybe_recompile pc=0x00007fb0811ec2d0 method=java.util.HashMap.getNode(ILjava/lang/Object;)Ljava/util/HashMap$Node; @ 126
Event: 6.204 Thread 0x00007fb090144800 Uncommon trap: reason=bimorphic action=maybe_recompile pc=0x00007fb0811ec2d0 method=java.util.HashMap.getNode(ILjava/lang/Object;)Ljava/util/HashMap$Node; @ 126
Event: 6.244 Thread 0x00007fb090008800 Uncommon trap: reason=unstable_if action=reinterpret pc=0x00007fb081389b3c method=com.android.dx.ssa.SsaMethod.updateOneDefinition(Lcom/android/dx/ssa/SsaInsn;Lcom/android/dx/rop/code/RegisterSpec;)V @ 4

Internal exceptions (2 events):
Event: 0.222 Thread 0x00007fb090008800 Exception <a 'java/lang/NoSuchMethodError': Method sun.misc.Unsafe.defineClass(Ljava/lang/String;[BII)Ljava/lang/Class; name or signature does not match> (0x00000000eab12b88) thrown at [/HUDSON/workspace/8-2-build-linux-amd64/jdk8u60/4407/hotspot/src/shar
Event: 0.222 Thread 0x00007fb090008800 Exception <a 'java/lang/NoSuchMethodError': Method sun.misc.Unsafe.prefetchRead(Ljava/lang/Object;J)V name or signature does not match> (0x00000000eab12e70) thrown at [/HUDSON/workspace/8-2-build-linux-amd64/jdk8u60/4407/hotspot/src/share/vm/prims/jni.cpp

Events (10 events):
Event: 6.374 Thread 0x00007fb090145800 DEOPT UNPACKING pc=0x00007fb081047633 sp=0x00007fb03fefce08 mode 0
Event: 6.451 Thread 0x00007fb090008800 DEOPT PACKING pc=0x00007fb0813054f6 sp=0x00007fb096e37830
Event: 6.451 Thread 0x00007fb090008800 DEOPT UNPACKING pc=0x00007fb081047633 sp=0x00007fb096e37618 mode 0
Event: 6.474 Thread 0x00007fb09013b800 DEOPT PACKING pc=0x00007fb0812dda2f sp=0x00007fb07033bfc0
Event: 6.474 Thread 0x00007fb09013b800 DEOPT UNPACKING pc=0x00007fb081047633 sp=0x00007fb07033bd98 mode 0
Event: 6.502 Thread 0x00007fb090145800 DEOPT PACKING pc=0x00007fb0813191d0 sp=0x00007fb03fefcef0
Event: 6.502 Thread 0x00007fb090145800 DEOPT UNPACKING pc=0x00007fb081047633 sp=0x00007fb03fefcc30 mode 0
Event: 6.510 Thread 0x00007fb090144800 DEOPT PACKING pc=0x00007fb0811fe3f9 sp=0x00007fb03fffe1b0
Event: 6.510 Thread 0x00007fb090144800 DEOPT UNPACKING pc=0x00007fb081047633 sp=0x00007fb03fffdf10 mode 0
Event: 6.524 Executing VM operation: ParallelGCFailedAllocation


Dynamic libraries:
00400000-00401000 r-xp 00000000 08:05 272478                             /usr/lib/jvm/java-8-jdk/jre/bin/java
00600000-00601000 rw-p 00000000 08:05 272478                             /usr/lib/jvm/java-8-jdk/jre/bin/java
025fb000-0261c000 rw-p 00000000 00:00 0                                  [heap]
c0000000-c5300000 rw-p 00000000 00:00 0 
c5300000-eab00000 ---p 00000000 00:00 0 
eab00000-ef300000 rw-p 00000000 00:00 0 
f3100000-100000000 ---p 00000000 00:00 0 
100000000-1000a0000 rw-p 00000000 00:00 0 
1000a0000-140000000 ---p 00000000 00:00 0 
7fb02c000000-7fb02c021000 rw-p 00000000 00:00 0 
7fb02c021000-7fb030000000 ---p 00000000 00:00 0 
7fb034000000-7fb034023000 rw-p 00000000 00:00 0 
7fb034023000-7fb038000000 ---p 00000000 00:00 0 
7fb038000000-7fb038021000 rw-p 00000000 00:00 0 
7fb038021000-7fb03c000000 ---p 00000000 00:00 0 
7fb03fdfe000-7fb03fe01000 ---p 00000000 00:00 0 
7fb03fe01000-7fb03feff000 rw-p 00000000 00:00 0                          [stack:7864]
7fb03feff000-7fb03ff02000 ---p 00000000 00:00 0 
7fb03ff02000-7fb040000000 rw-p 00000000 00:00 0                          [stack:7862]
7fb040000000-7fb04002e000 rw-p 00000000 00:00 0 
7fb04002e000-7fb044000000 ---p 00000000 00:00 0 
7fb044000000-7fb044021000 rw-p 00000000 00:00 0 
7fb044021000-7fb048000000 ---p 00000000 00:00 0 
7fb048000000-7fb048021000 rw-p 00000000 00:00 0 
7fb048021000-7fb04c000000 ---p 00000000 00:00 0 
7fb04c000000-7fb04c021000 rw-p 00000000 00:00 0 
7fb04c021000-7fb050000000 ---p 00000000 00:00 0 
7fb050000000-7fb050547000 rw-p 00000000 00:00 0 
7fb050547000-7fb054000000 ---p 00000000 00:00 0 
7fb054000000-7fb054671000 rw-p 00000000 00:00 0 
7fb054671000-7fb058000000 ---p 00000000 00:00 0 
7fb058000000-7fb058021000 rw-p 00000000 00:00 0 
7fb058021000-7fb05c000000 ---p 00000000 00:00 0 
7fb05c000000-7fb05c48e000 rw-p 00000000 00:00 0 
7fb05c48e000-7fb060000000 ---p 00000000 00:00 0 
7fb060000000-7fb060021000 rw-p 00000000 00:00 0 
7fb060021000-7fb064000000 ---p 00000000 00:00 0 
7fb064000000-7fb064021000 rw-p 00000000 00:00 0 
7fb064021000-7fb068000000 ---p 00000000 00:00 0 
7fb068000000-7fb06828c000 rw-p 00000000 00:00 0 
7fb06828c000-7fb06c000000 ---p 00000000 00:00 0 
7fb06c000000-7fb06c021000 rw-p 00000000 00:00 0 
7fb06c021000-7fb070000000 ---p 00000000 00:00 0 
7fb07003b000-7fb07003e000 ---p 00000000 00:00 0 
7fb07003e000-7fb07013c000 rw-p 00000000 00:00 0                          [stack:7861]
7fb07013c000-7fb07013f000 ---p 00000000 00:00 0 
7fb07013f000-7fb07023d000 rw-p 00000000 00:00 0                          [stack:7860]
7fb07023d000-7fb070240000 ---p 00000000 00:00 0 
7fb070240000-7fb07033e000 rw-p 00000000 00:00 0                          [stack:7859]
7fb07033e000-7fb07033f000 ---p 00000000 00:00 0 
7fb07033f000-7fb07043f000 rw-p 00000000 00:00 0                          [stack:7837]
7fb07043f000-7fb070442000 ---p 00000000 00:00 0 
7fb070442000-7fb070540000 rw-p 00000000 00:00 0                          [stack:7835]
7fb070540000-7fb070543000 ---p 00000000 00:00 0 
7fb070543000-7fb070641000 rw-p 00000000 00:00 0                          [stack:7832]
7fb070641000-7fb070644000 ---p 00000000 00:00 0 
7fb070644000-7fb070742000 rw-p 00000000 00:00 0                          [stack:7831]
7fb070742000-7fb070745000 ---p 00000000 00:00 0 
7fb070745000-7fb070843000 rw-p 00000000 00:00 0                          [stack:7828]
7fb070843000-7fb070846000 ---p 00000000 00:00 0 
7fb070846000-7fb070944000 rw-p 00000000 00:00 0                          [stack:7826]
7fb070944000-7fb070ad2000 r--p 00000000 08:05 4739658                    /usr/lib/locale/locale-archive
7fb070ad2000-7fb070ad5000 ---p 00000000 00:00 0 
7fb070ad5000-7fb070bd3000 rw-p 00000000 00:00 0                          [stack:7824]
7fb070bd3000-7fb070bd6000 ---p 00000000 00:00 0 
7fb070bd6000-7fb070cd4000 rw-p 00000000 00:00 0                          [stack:7822]
7fb070cd4000-7fb070cd5000 ---p 00000000 00:00 0 
7fb070cd5000-7fb071e40000 rw-p 00000000 00:00 0                          [stack:7821]
7fb071e40000-7fb072000000 ---p 00000000 00:00 0 
7fb072000000-7fb074000000 rw-p 00000000 00:00 0 
7fb074000000-7fb074021000 rw-p 00000000 00:00 0 
7fb074021000-7fb078000000 ---p 00000000 00:00 0 
7fb078000000-7fb078021000 rw-p 00000000 00:00 0 
7fb078021000-7fb07c000000 ---p 00000000 00:00 0 
7fb07c000000-7fb07c021000 rw-p 00000000 00:00 0 
7fb07c021000-7fb080000000 ---p 00000000 00:00 0 
7fb080017000-7fb0805ad000 rw-p 00000000 00:00 0 
7fb0805ad000-7fb080785000 r--s 03d17000 08:05 399249                     /usr/lib/jvm/java-8-jdk/jre/lib/rt.jar
7fb080785000-7fb0809fb000 rw-p 00000000 00:00 0 
7fb0809fb000-7fb0809fc000 ---p 00000000 00:00 0 
7fb0809fc000-7fb080afc000 rw-p 00000000 00:00 0                          [stack:7818]
7fb080afc000-7fb080afd000 ---p 00000000 00:00 0 
7fb080afd000-7fb080bfd000 rw-p 00000000 00:00 0                          [stack:7816]
7fb080bfd000-7fb080bfe000 ---p 00000000 00:00 0 
7fb080bfe000-7fb080cfe000 rw-p 00000000 00:00 0                          [stack:7814]
7fb080cfe000-7fb080cff000 ---p 00000000 00:00 0 
7fb080cff000-7fb080e29000 rw-p 00000000 00:00 0                          [stack:7811]
7fb080e29000-7fb080f54000 ---p 00000000 00:00 0 
7fb080f54000-7fb080f79000 rw-p 00000000 00:00 0 
7fb080f79000-7fb080fff000 ---p 00000000 00:00 0 
7fb080fff000-7fb081000000 rw-p 00000000 00:00 0 
7fb081000000-7fb081400000 rwxp 00000000 00:00 0 
7fb081400000-7fb090000000 ---p 00000000 00:00 0 
7fb090000000-7fb09038f000 rw-p 00000000 00:00 0 
7fb09038f000-7fb094000000 ---p 00000000 00:00 0 
7fb09400b000-7fb094014000 r--s 0005a000 08:05 16391                      /home/mzwee/AndroidStudioProjects/RandRestaurant/app/build/intermediates/exploded-aar/com.google.android.gms/play-services-analytics/8.4.0/jars/classes.jar
7fb094014000-7fb09403e000 rw-p 00000000 00:00 0 
7fb09403e000-7fb09416a000 ---p 00000000 00:00 0 
7fb09416a000-7fb09417a000 rw-p 00000000 00:00 0 
7fb09417a000-7fb09452a000 ---p 00000000 00:00 0 
7fb09452a000-7fb094544000 r-xp 00000000 08:05 540675                     /usr/lib/jvm/java-8-jdk/jre/lib/amd64/libzip.so
7fb094544000-7fb094744000 ---p 0001a000 08:05 540675                     /usr/lib/jvm/java-8-jdk/jre/lib/amd64/libzip.so
7fb094744000-7fb094745000 rw-p 0001a000 08:05 540675                     /usr/lib/jvm/java-8-jdk/jre/lib/amd64/libzip.so
7fb094745000-7fb094750000 r-xp 00000000 08:05 4721836                    /usr/lib/libnss_files-2.22.so
7fb094750000-7fb09494f000 ---p 0000b000 08:05 4721836                    /usr/lib/libnss_files-2.22.so
7fb09494f000-7fb094950000 r--p 0000a000 08:05 4721836                    /usr/lib/libnss_files-2.22.so
7fb094950000-7fb094951000 rw-p 0000b000 08:05 4721836                    /usr/lib/libnss_files-2.22.so
7fb094951000-7fb094957000 rw-p 00000000 00:00 0 
7fb094957000-7fb094981000 r-xp 00000000 08:05 540695                     /usr/lib/jvm/java-8-jdk/jre/lib/amd64/libjava.so
7fb094981000-7fb094b81000 ---p 0002a000 08:05 540695                     /usr/lib/jvm/java-8-jdk/jre/lib/amd64/libjava.so
7fb094b81000-7fb094b83000 rw-p 0002a000 08:05 540695                     /usr/lib/jvm/java-8-jdk/jre/lib/amd64/libjava.so
7fb094b83000-7fb094b90000 r-xp 00000000 08:05 540681                     /usr/lib/jvm/java-8-jdk/jre/lib/amd64/libverify.so
7fb094b90000-7fb094d90000 ---p 0000d000 08:05 540681                     /usr/lib/jvm/java-8-jdk/jre/lib/amd64/libverify.so
7fb094d90000-7fb094d92000 rw-p 0000d000 08:05 540681                     /usr/lib/jvm/java-8-jdk/jre/lib/amd64/libverify.so
7fb094d92000-7fb094d99000 r-xp 00000000 08:05 4721844                    /usr/lib/librt-2.22.so
7fb094d99000-7fb094f98000 ---p 00007000 08:05 4721844                    /usr/lib/librt-2.22.so
7fb094f98000-7fb094f99000 r--p 00006000 08:05 4721844                    /usr/lib/librt-2.22.so
7fb094f99000-7fb094f9a000 rw-p 00007000 08:05 4721844                    /usr/lib/librt-2.22.so
7fb094f9a000-7fb095097000 r-xp 00000000 08:05 4721841                    /usr/lib/libm-2.22.so
7fb095097000-7fb095296000 ---p 000fd000 08:05 4721841                    /usr/lib/libm-2.22.so
7fb095296000-7fb095297000 r--p 000fc000 08:05 4721841                    /usr/lib/libm-2.22.so
7fb095297000-7fb095298000 rw-p 000fd000 08:05 4721841                    /usr/lib/libm-2.22.so
7fb095298000-7fb095f56000 r-xp 00000000 08:05 540705                     /usr/lib/jvm/java-8-jdk/jre/lib/amd64/server/libjvm.so
7fb095f56000-7fb096155000 ---p 00cbe000 08:05 540705                     /usr/lib/jvm/java-8-jdk/jre/lib/amd64/server/libjvm.so
7fb096155000-7fb09622d000 rw-p 00cbd000 08:05 540705                     /usr/lib/jvm/java-8-jdk/jre/lib/amd64/server/libjvm.so
7fb09622d000-7fb096272000 rw-p 00000000 00:00 0 
7fb096272000-7fb09640d000 r-xp 00000000 08:05 4721791                    /usr/lib/libc-2.22.so
7fb09640d000-7fb09660c000 ---p 0019b000 08:05 4721791                    /usr/lib/libc-2.22.so
7fb09660c000-7fb096610000 r--p 0019a000 08:05 4721791                    /usr/lib/libc-2.22.so
7fb096610000-7fb096612000 rw-p 0019e000 08:05 4721791                    /usr/lib/libc-2.22.so
7fb096612000-7fb096616000 rw-p 00000000 00:00 0 
7fb096616000-7fb096619000 r-xp 00000000 08:05 4721840                    /usr/lib/libdl-2.22.so
7fb096619000-7fb096818000 ---p 00003000 08:05 4721840                    /usr/lib/libdl-2.22.so
7fb096818000-7fb096819000 r--p 00002000 08:05 4721840                    /usr/lib/libdl-2.22.so
7fb096819000-7fb09681a000 rw-p 00003000 08:05 4721840                    /usr/lib/libdl-2.22.so
7fb09681a000-7fb09682f000 r-xp 00000000 08:05 799344                     /usr/lib/jvm/java-8-jdk/jre/lib/amd64/jli/libjli.so
7fb09682f000-7fb096a2f000 ---p 00015000 08:05 799344                     /usr/lib/jvm/java-8-jdk/jre/lib/amd64/jli/libjli.so
7fb096a2f000-7fb096a30000 rw-p 00015000 08:05 799344                     /usr/lib/jvm/java-8-jdk/jre/lib/amd64/jli/libjli.so
7fb096a30000-7fb096a48000 r-xp 00000000 08:05 4721772                    /usr/lib/libpthread-2.22.so
7fb096a48000-7fb096c47000 ---p 00018000 08:05 4721772                    /usr/lib/libpthread-2.22.so
7fb096c47000-7fb096c48000 r--p 00017000 08:05 4721772                    /usr/lib/libpthread-2.22.so
7fb096c48000-7fb096c49000 rw-p 00018000 08:05 4721772                    /usr/lib/libpthread-2.22.so
7fb096c49000-7fb096c4d000 rw-p 00000000 00:00 0 
7fb096c4d000-7fb096c6f000 r-xp 00000000 08:05 4721790                    /usr/lib/ld-2.22.so
7fb096c74000-7fb096d39000 rw-p 00000000 00:00 0 
7fb096d39000-7fb096d3c000 ---p 00000000 00:00 0 
7fb096d3c000-7fb096e3e000 rw-p 00000000 00:00 0                          [stack:7808]
7fb096e3f000-7fb096e40000 rw-p 00000000 00:00 0 
7fb096e40000-7fb096e4f000 r--s 000df000 08:05 1868720                    /home/mzwee/Android/Sdk/build-tools/23.0.2/lib/dx.jar
7fb096e4f000-7fb096e63000 rw-p 00000000 00:00 0 
7fb096e63000-7fb096e6b000 rw-s 00000000 00:21 566776                     /tmp/hsperfdata_mzwee/7801
7fb096e6b000-7fb096e6c000 rw-p 00000000 00:00 0 
7fb096e6c000-7fb096e6d000 ---p 00000000 00:00 0 
7fb096e6d000-7fb096e6e000 rw-p 00000000 00:00 0 
7fb096e6e000-7fb096e6f000 r--p 00021000 08:05 4721790                    /usr/lib/ld-2.22.so
7fb096e6f000-7fb096e70000 rw-p 00022000 08:05 4721790                    /usr/lib/ld-2.22.so
7fb096e70000-7fb096e71000 rw-p 00000000 00:00 0 
7ffd325f2000-7ffd32613000 rw-p 00000000 00:00 0                          [stack]
7ffd32793000-7ffd32795000 r--p 00000000 00:00 0                          [vvar]
7ffd32795000-7ffd32797000 r-xp 00000000 00:00 0                          [vdso]
ffffffffff600000-ffffffffff601000 r-xp 00000000 00:00 0                  [vsyscall]

VM Arguments:
jvm_args: -Xmx1024M -Dfile.encoding=UTF-8 -Duser.country=US -Duser.language=en -Duser.variant 
java_command: com.android.dx.command.Main --dex --num-threads=4 --output /home/mzwee/AndroidStudioProjects/RandRestaurant/app/build/intermediates/pre-dexed/debug/classes-a8a736d70293a4994943fb216910afba16c0769e.jar /home/mzwee/AndroidStudioProjects/RandRestaurant/app/build/intermediates/exploded-aar/com.google.android.gms/play-services-analytics/8.4.0/jars/classes.jar
java_class_path (initial): /home/mzwee/Android/Sdk/build-tools/23.0.2/lib/dx.jar
Launcher Type: SUN_STANDARD

Environment Variables:
PATH=/home/mzwee/.rvm/gems/ruby-2.2.2/bin:/home/mzwee/.rvm/gems/ruby-2.2.2@global/bin:/home/mzwee/.rvm/rubies/ruby-2.2.2/bin:/home/mzwee/local/bin:/usr/local/sbin:/usr/local/bin:/usr/bin:/usr/lib/jvm/default/bin:/usr/bin/site_perl:/usr/bin/vendor_perl:/usr/bin/core_perl:/home/mzwee/.rvm/bin
LD_LIBRARY_PATH=/opt/android-studio/bin:
SHELL=/bin/bash
DISPLAY=:0

Signal Handlers:
SIGSEGV: [libjvm.so+0xaba070], sa_mask[0]=11111111011111111101111111111110, sa_flags=SA_RESTART|SA_SIGINFO
SIGBUS: [libjvm.so+0xaba070], sa_mask[0]=11111111011111111101111111111110, sa_flags=SA_RESTART|SA_SIGINFO
SIGFPE: [libjvm.so+0x917630], sa_mask[0]=11111111011111111101111111111110, sa_flags=SA_RESTART|SA_SIGINFO
SIGPIPE: [libjvm.so+0x917630], sa_mask[0]=11111111011111111101111111111110, sa_flags=SA_RESTART|SA_SIGINFO
SIGXFSZ: [libjvm.so+0x917630], sa_mask[0]=11111111011111111101111111111110, sa_flags=SA_RESTART|SA_SIGINFO
SIGILL: [libjvm.so+0x917630], sa_mask[0]=11111111011111111101111111111110, sa_flags=SA_RESTART|SA_SIGINFO
SIGUSR1: SIG_DFL, sa_mask[0]=00000000000000000000000000000000, sa_flags=none
SIGUSR2: [libjvm.so+0x918c60], sa_mask[0]=00100000000000000000000000000000, sa_flags=SA_RESTART|SA_SIGINFO
SIGHUP: [libjvm.so+0x91a060], sa_mask[0]=11111111011111111101111111111110, sa_flags=SA_RESTART|SA_SIGINFO
SIGINT: SIG_IGN, sa_mask[0]=00000000000000000000000000000000, sa_flags=none
SIGTERM: [libjvm.so+0x91a060], sa_mask[0]=11111111011111111101111111111110, sa_flags=SA_RESTART|SA_SIGINFO
SIGQUIT: [libjvm.so+0x91a060], sa_mask[0]=11111111011111111101111111111110, sa_flags=SA_RESTART|SA_SIGINFO


---------------  S Y S T E M  ---------------

OS:NAME="Arch Linux"
ID=arch
PRETTY_NAME="Arch Linux"
ANSI_COLOR="0;36"
HOME_URL="https://www.archlinux.org/"
SUPPORT_URL="https://bbs.archlinux.org/"
BUG_REPORT_URL="https://bugs.archlinux.org/"


uname:Linux 4.3.3-3-ARCH #1 SMP PREEMPT Wed Jan 20 08:12:23 CET 2016 x86_64
libc:glibc 2.22 NPTL 2.22 
rlimit: STACK 8192k, CORE 0k, NPROC 30723, NOFILE 4096, AS infinity
load average:21.54 9.93 4.64

/proc/meminfo:
MemTotal:        8067340 kB
MemFree:           63008 kB
MemAvailable:     116472 kB
Buffers:            1768 kB
Cached:          2030484 kB
SwapCached:            0 kB
Active:          6376464 kB
Inactive:        1435548 kB
Active(anon):    6373704 kB
Inactive(anon):  1377152 kB
Active(file):       2760 kB
Inactive(file):    58396 kB
Unevictable:           0 kB
Mlocked:               0 kB
SwapTotal:             0 kB
SwapFree:              0 kB
Dirty:               476 kB
Writeback:             0 kB
AnonPages:       5780900 kB
Mapped:           321280 kB
Shmem:           1970188 kB
Slab:              67032 kB
SReclaimable:      34596 kB
SUnreclaim:        32436 kB
KernelStack:        9328 kB
PageTables:        44628 kB
NFS_Unstable:          0 kB
Bounce:                0 kB
WritebackTmp:          0 kB
CommitLimit:     4033668 kB
Committed_AS:   13546388 kB
VmallocTotal:   34359738367 kB
VmallocUsed:      382668 kB
VmallocChunk:   34358947836 kB
HardwareCorrupted:     0 kB
AnonHugePages:   2928640 kB
HugePages_Total:       0
HugePages_Free:        0
HugePages_Rsvd:        0
HugePages_Surp:        0
Hugepagesize:       2048 kB
DirectMap4k:      171564 kB
DirectMap2M:     7055360 kB
DirectMap1G:     2097152 kB


CPU:total 4 (2 cores per cpu, 2 threads per core) family 6 model 69 stepping 1, cmov, cx8, fxsr, mmx, sse, sse2, sse3, ssse3, sse4.1, sse4.2, popcnt, avx, avx2, aes, clmul, erms, lzcnt, ht, tsc, tscinvbit, bmi1, bmi2

/proc/cpuinfo:
processor	: 0
vendor_id	: GenuineIntel
cpu family	: 6
model		: 69
model name	: Intel(R) Core(TM) i5-4210U CPU @ 1.70GHz
stepping	: 1
microcode	: 0x17
cpu MHz		: 2399.906
cache size	: 3072 KB
physical id	: 0
siblings	: 4
core id		: 0
cpu cores	: 2
apicid		: 0
initial apicid	: 0
fpu		: yes
fpu_exception	: yes
cpuid level	: 13
wp		: yes
flags		: fpu vme de pse tsc msr pae mce cx8 apic sep mtrr pge mca cmov pat pse36 clflush dts acpi mmx fxsr sse sse2 ss ht tm pbe syscall nx pdpe1gb rdtscp lm constant_tsc arch_perfmon pebs bts rep_good nopl xtopology nonstop_tsc aperfmperf eagerfpu pni pclmulqdq dtes64 monitor ds_cpl vmx est tm2 ssse3 sdbg fma cx16 xtpr pdcm pcid sse4_1 sse4_2 movbe popcnt tsc_deadline_timer aes xsave avx f16c rdrand lahf_lm abm ida arat epb pln pts dtherm tpr_shadow vnmi flexpriority ept vpid fsgsbase tsc_adjust bmi1 avx2 smep bmi2 erms invpcid xsaveopt
bugs		:
bogomips	: 4790.37
clflush size	: 64
cache_alignment	: 64
address sizes	: 39 bits physical, 48 bits virtual
power management:

processor	: 1
vendor_id	: GenuineIntel
cpu family	: 6
model		: 69
model name	: Intel(R) Core(TM) i5-4210U CPU @ 1.70GHz
stepping	: 1
microcode	: 0x17
cpu MHz		: 2400.000
cache size	: 3072 KB
physical id	: 0
siblings	: 4
core id		: 1
cpu cores	: 2
apicid		: 2
initial apicid	: 2
fpu		: yes
fpu_exception	: yes
cpuid level	: 13
wp		: yes
flags		: fpu vme de pse tsc msr pae mce cx8 apic sep mtrr pge mca cmov pat pse36 clflush dts acpi mmx fxsr sse sse2 ss ht tm pbe syscall nx pdpe1gb rdtscp lm constant_tsc arch_perfmon pebs bts rep_good nopl xtopology nonstop_tsc aperfmperf eagerfpu pni pclmulqdq dtes64 monitor ds_cpl vmx est tm2 ssse3 sdbg fma cx16 xtpr pdcm pcid sse4_1 sse4_2 movbe popcnt tsc_deadline_timer aes xsave avx f16c rdrand lahf_lm abm ida arat epb pln pts dtherm tpr_shadow vnmi flexpriority ept vpid fsgsbase tsc_adjust bmi1 avx2 smep bmi2 erms invpcid xsaveopt
bugs		:
bogomips	: 4790.37
clflush size	: 64
cache_alignment	: 64
address sizes	: 39 bits physical, 48 bits virtual
power management:

processor	: 2
vendor_id	: GenuineIntel
cpu family	: 6
model		: 69
model name	: Intel(R) Core(TM) i5-4210U CPU @ 1.70GHz
stepping	: 1
microcode	: 0x17
cpu MHz		: 2400.000
cache size	: 3072 KB
physical id	: 0
siblings	: 4
core id		: 0
cpu cores	: 2
apicid		: 1
initial apicid	: 1
fpu		: yes
fpu_exception	: yes
cpuid level	: 13
wp		: yes
flags		: fpu vme de pse tsc msr pae mce cx8 apic sep mtrr pge mca cmov pat pse36 clflush dts acpi mmx fxsr sse sse2 ss ht tm pbe syscall nx pdpe1gb rdtscp lm constant_tsc arch_perfmon pebs bts rep_good nopl xtopology nonstop_tsc aperfmperf eagerfpu pni pclmulqdq dtes64 monitor ds_cpl vmx est tm2 ssse3 sdbg fma cx16 xtpr pdcm pcid sse4_1 sse4_2 movbe popcnt tsc_deadline_timer aes xsave avx f16c rdrand lahf_lm abm ida arat epb pln pts dtherm tpr_shadow vnmi flexpriority ept vpid fsgsbase tsc_adjust bmi1 avx2 smep bmi2 erms invpcid xsaveopt
bugs		:
bogomips	: 4790.37
clflush size	: 64
cache_alignment	: 64
address sizes	: 39 bits physical, 48 bits virtual
power management:

processor	: 3
vendor_id	: GenuineIntel
cpu family	: 6
model		: 69
model name	: Intel(R) Core(TM) i5-4210U CPU @ 1.70GHz
stepping	: 1
microcode	: 0x17
cpu MHz		: 2399.906
cache size	: 3072 KB
physical id	: 0
siblings	: 4
core id		: 1
cpu cores	: 2
apicid		: 3
initial apicid	: 3
fpu		: yes
fpu_exception	: yes
cpuid level	: 13
wp		: yes
flags		: fpu vme de pse tsc msr pae mce cx8 apic sep mtrr pge mca cmov pat pse36 clflush dts acpi mmx fxsr sse sse2 ss ht tm pbe syscall nx pdpe1gb rdtscp lm constant_tsc arch_perfmon pebs bts rep_good nopl xtopology nonstop_tsc aperfmperf eagerfpu pni pclmulqdq dtes64 monitor ds_cpl vmx est tm2 ssse3 sdbg fma cx16 xtpr pdcm pcid sse4_1 sse4_2 movbe popcnt tsc_deadline_timer aes xsave avx f16c rdrand lahf_lm abm ida arat epb pln pts dtherm tpr_shadow vnmi flexpriority ept vpid fsgsbase tsc_adjust bmi1 avx2 smep bmi2 erms invpcid xsaveopt
bugs		:
bogomips	: 4790.37
clflush size	: 64
cache_alignment	: 64
address sizes	: 39 bits physical, 48 bits virtual
power management:



Memory: 4k page, physical 8067340k(61344k free), swap 0k(0k free)

vm_info: Java HotSpot(TM) 64-Bit Server VM (25.60-b23) for linux-amd64 JRE (1.8.0_60-b27), built on Aug  4 2015 12:19:40 by "java_re" with gcc 4.3.0 20080428 (Red Hat 4.3.0-8)

time: Sun Feb 21 04:01:35 2016
elapsed time: 7 seconds (0d 0h 0m 7s)

