#
# There is insufficient memory for the Java Runtime Environment to continue.
# Native memory allocation (mmap) failed to map 174063616 bytes for committing reserved memory.
# Possible reasons:
#   The system is out of physical RAM or swap space
#   In 32 bit mode, the process size limit was hit
# Possible solutions:
#   Reduce memory load on the system
#   Increase physical memory or swap space
#   Check if swap backing store is full
#   Use 64 bit Java on a 64 bit OS
#   Decrease Java heap size (-Xmx/-Xms)
#   Decrease number of Java threads
#   Decrease Java thread stack sizes (-Xss)
#   Set larger code cache with -XX:ReservedCodeCacheSize=
# This output file may be truncated or incomplete.
#
#  Out of Memory Error (os_linux.cpp:2627), pid=14246, tid=139687717295872
#
# JRE version: Java(TM) SE Runtime Environment (8.0_60-b27) (build 1.8.0_60-b27)
# Java VM: Java HotSpot(TM) 64-Bit Server VM (25.60-b23 mixed mode linux-amd64 compressed oops)
# Failed to write core dump. Core dumps have been disabled. To enable core dumping, try "ulimit -c unlimited" before starting Java again
#

---------------  T H R E A D  ---------------

Current thread (0x00007f0ba8076800):  VMThread [stack: 0x00007f0b94b4d000,0x00007f0b94c4e000] [id=14255]

Stack: [0x00007f0b94b4d000,0x00007f0b94c4e000],  sp=0x00007f0b94c4c220,  free space=1020k
Native frames: (J=compiled Java code, j=interpreted, Vv=VM code, C=native code)
V  [libjvm.so+0xab97ea]  VMError::report_and_die()+0x2ba
V  [libjvm.so+0x4f9dab]  report_vm_out_of_memory(char const*, int, unsigned long, VMErrorType, char const*)+0x8b
V  [libjvm.so+0x91a7c3]  os::Linux::commit_memory_impl(char*, unsigned long, bool)+0x103
V  [libjvm.so+0x91ad19]  os::pd_commit_memory(char*, unsigned long, unsigned long, bool)+0x29
V  [libjvm.so+0x91502a]  os::commit_memory(char*, unsigned long, unsigned long, bool)+0x2a
V  [libjvm.so+0x9886d3]  PSVirtualSpace::expand_by(unsigned long)+0x53
V  [libjvm.so+0x989ad8]  PSYoungGen::resize_generation(unsigned long, unsigned long)+0xf8
V  [libjvm.so+0x988c32]  PSYoungGen::resize(unsigned long, unsigned long)+0x22
V  [libjvm.so+0x985f0b]  PSScavenge::invoke_no_policy()+0xf3b
V  [libjvm.so+0x986691]  PSScavenge::invoke()+0x41
V  [libjvm.so+0x93e430]  ParallelScavengeHeap::failed_mem_allocate(unsigned long)+0x70
V  [libjvm.so+0xabb207]  VM_ParallelGCFailedAllocation::doit()+0x97
V  [libjvm.so+0xac2c35]  VM_Operation::evaluate()+0x55
V  [libjvm.so+0xac100a]  VMThread::evaluate_operation(VM_Operation*)+0xba
V  [libjvm.so+0xac138e]  VMThread::loop()+0x1ce
V  [libjvm.so+0xac1800]  VMThread::run()+0x70
V  [libjvm.so+0x91cb88]  java_start(Thread*)+0x108

VM_Operation (0x00007f0b5fefce80): ParallelGCFailedAllocation, mode: safepoint, requested by thread 0x00007f0ba8133800


---------------  P R O C E S S  ---------------

Java Threads: ( => current thread )
  0x00007f0ba813d000 JavaThread "pool-1-thread-4" [_thread_blocked, id=14287, stack(0x00007f0b5fbfc000,0x00007f0b5fcfd000)]
  0x00007f0ba813c000 JavaThread "pool-1-thread-3" [_thread_blocked, id=14286, stack(0x00007f0b5fcfd000,0x00007f0b5fdfe000)]
  0x00007f0ba8133800 JavaThread "pool-1-thread-2" [_thread_blocked, id=14285, stack(0x00007f0b5fdfe000,0x00007f0b5feff000)]
  0x00007f0ba8132800 JavaThread "pool-2-thread-1" [_thread_blocked, id=14284, stack(0x00007f0b5feff000,0x00007f0b60000000)]
  0x00007f0ba8130000 JavaThread "pool-1-thread-1" [_thread_blocked, id=14283, stack(0x00007f0b94092000,0x00007f0b94193000)]
  0x00007f0ba80c0800 JavaThread "Service Thread" daemon [_thread_blocked, id=14262, stack(0x00007f0b942b8000,0x00007f0b943b9000)]
  0x00007f0ba80bc000 JavaThread "C1 CompilerThread2" daemon [_thread_blocked, id=14261, stack(0x00007f0b943b9000,0x00007f0b944ba000)]
  0x00007f0ba80ba000 JavaThread "C2 CompilerThread1" daemon [_thread_blocked, id=14260, stack(0x00007f0b944ba000,0x00007f0b945bb000)]
  0x00007f0ba80b7000 JavaThread "C2 CompilerThread0" daemon [_thread_blocked, id=14259, stack(0x00007f0b945bb000,0x00007f0b946bc000)]
  0x00007f0ba80b5800 JavaThread "Signal Dispatcher" daemon [_thread_blocked, id=14258, stack(0x00007f0b946bc000,0x00007f0b947bd000)]
  0x00007f0ba807d800 JavaThread "Finalizer" daemon [_thread_blocked, id=14257, stack(0x00007f0b9494b000,0x00007f0b94a4c000)]
  0x00007f0ba807b800 JavaThread "Reference Handler" daemon [_thread_blocked, id=14256, stack(0x00007f0b94a4c000,0x00007f0b94b4d000)]
  0x00007f0ba8008800 JavaThread "main" [_thread_blocked, id=14248, stack(0x00007f0baeb95000,0x00007f0baec96000)]

Other Threads:
=>0x00007f0ba8076800 VMThread [stack: 0x00007f0b94b4d000,0x00007f0b94c4e000] [id=14255]
  0x00007f0ba80c3800 WatcherThread [stack: 0x00007f0b941b7000,0x00007f0b942b8000] [id=14263]

VM state:at safepoint (normal execution)

VM Mutex/Monitor currently owned by a thread:  ([mutex/lock_event])
[0x00007f0ba80063a0] Threads_lock - owner thread: 0x00007f0ba8076800
[0x00007f0ba80068a0] Heap_lock - owner thread: 0x00007f0ba8133800

Heap:
 PSYoungGen      total 132096K, used 5093K [0x00000000eab00000, 0x00000000f3100000, 0x0000000100000000)
  eden space 126976K, 0% used [0x00000000eab00000,0x00000000eab00000,0x00000000f2700000)
  from space 5120K, 99% used [0x00000000f2700000,0x00000000f2bf9480,0x00000000f2c00000)
  to   space 5120K, 0% used [0x00000000f2c00000,0x00000000f2c00000,0x00000000f3100000)
 ParOldGen       total 84992K, used 47215K [0x00000000c0000000, 0x00000000c5300000, 0x00000000eab00000)
  object space 84992K, 55% used [0x00000000c0000000,0x00000000c2e1bc48,0x00000000c5300000)
 Metaspace       used 6147K, capacity 7090K, committed 7296K, reserved 1056768K
  class space    used 605K, capacity 618K, committed 640K, reserved 1048576K

Card table byte_map: [0x00007f0bac185000,0x00007f0bac386000] byte_map_base: 0x00007f0babb85000

Marking Bits: (ParMarkBitMap*) 0x00007f0bae0a2de0
 Begin Bits: [0x00007f0b9683c000, 0x00007f0b9783c000)
 End Bits:   [0x00007f0b9783c000, 0x00007f0b9883c000)

Polling page: 0x00007f0baecc8000

CodeCache: size=245760Kb used=6626Kb max_used=6626Kb free=239133Kb
 bounds [0x00007f0b99000000, 0x00007f0b99680000, 0x00007f0ba8000000]
 total_blobs=1929 nmethods=1661 adapters=182
 compilation: enabled

Compilation events (10 events):
Event: 9.187 Thread 0x00007f0ba80bc000 nmethod 2102 0x00007f0b99675d10 code [0x00007f0b99675fe0, 0x00007f0b996779f8]
Event: 9.187 Thread 0x00007f0ba80bc000 2103       3       com.android.dx.dex.code.RopTranslator::outputInstructions (69 bytes)
Event: 9.193 Thread 0x00007f0ba80bc000 nmethod 2103 0x00007f0b99678810 code [0x00007f0b996789a0, 0x00007f0b99678df8]
Event: 9.193 Thread 0x00007f0ba80bc000 2097       3       com.android.dx.ssa.back.FirstFitLocalCombiningAllocator::handleLocalAssociatedOther (151 bytes)
Event: 9.210 Thread 0x00007f0ba80bc000 nmethod 2097 0x00007f0b99678fd0 code [0x00007f0b99679260, 0x00007f0b9967a2f8]
Event: 9.210 Thread 0x00007f0ba80bc000 2094       3       com.android.dx.ssa.SsaRenamer::<init> (100 bytes)
Event: 9.225 Thread 0x00007f0ba80bc000 nmethod 2094 0x00007f0b9967ac90 code [0x00007f0b9967ae80, 0x00007f0b9967b988]
Event: 9.225 Thread 0x00007f0ba80bc000 2096       2       com.android.dx.util.Hex::u2 (44 bytes)
Event: 9.230 Thread 0x00007f0ba80bc000 nmethod 2096 0x00007f0b9967be10 code [0x00007f0b9967bfa0, 0x00007f0b9967c3f8]
Event: 9.230 Thread 0x00007f0ba80bc000 2111   !   2       com.android.dx.cf.direct.MemberListParser::parse (641 bytes)

GC Heap History (9 events):
Event: 2.576 GC heap before
{Heap before GC invocations=1 (full 0):
 PSYoungGen      total 36864K, used 31744K [0x00000000eab00000, 0x00000000ed400000, 0x0000000100000000)
  eden space 31744K, 100% used [0x00000000eab00000,0x00000000eca00000,0x00000000eca00000)
  from space 5120K, 0% used [0x00000000ecf00000,0x00000000ecf00000,0x00000000ed400000)
  to   space 5120K, 0% used [0x00000000eca00000,0x00000000eca00000,0x00000000ecf00000)
 ParOldGen       total 84992K, used 0K [0x00000000c0000000, 0x00000000c5300000, 0x00000000eab00000)
  object space 84992K, 0% used [0x00000000c0000000,0x00000000c0000000,0x00000000c5300000)
 Metaspace       used 5589K, capacity 6704K, committed 6784K, reserved 1056768K
  class space    used 580K, capacity 616K, committed 640K, reserved 1048576K
Event: 2.611 GC heap after
Heap after GC invocations=1 (full 0):
 PSYoungGen      total 36864K, used 5103K [0x00000000eab00000, 0x00000000ef300000, 0x0000000100000000)
  eden space 31744K, 0% used [0x00000000eab00000,0x00000000eab00000,0x00000000eca00000)
  from space 5120K, 99% used [0x00000000eca00000,0x00000000ecefbd50,0x00000000ecf00000)
  to   space 5120K, 0% used [0x00000000eee00000,0x00000000eee00000,0x00000000ef300000)
 ParOldGen       total 84992K, used 1938K [0x00000000c0000000, 0x00000000c5300000, 0x00000000eab00000)
  object space 84992K, 2% used [0x00000000c0000000,0x00000000c01e49b8,0x00000000c5300000)
 Metaspace       used 5589K, capacity 6704K, committed 6784K, reserved 1056768K
  class space    used 580K, capacity 616K, committed 640K, reserved 1048576K
}
Event: 3.509 GC heap before
{Heap before GC invocations=2 (full 0):
 PSYoungGen      total 36864K, used 36847K [0x00000000eab00000, 0x00000000ef300000, 0x0000000100000000)
  eden space 31744K, 100% used [0x00000000eab00000,0x00000000eca00000,0x00000000eca00000)
  from space 5120K, 99% used [0x00000000eca00000,0x00000000ecefbd50,0x00000000ecf00000)
  to   space 5120K, 0% used [0x00000000eee00000,0x00000000eee00000,0x00000000ef300000)
 ParOldGen       total 84992K, used 1938K [0x00000000c0000000, 0x00000000c5300000, 0x00000000eab00000)
  object space 84992K, 2% used [0x00000000c0000000,0x00000000c01e49b8,0x00000000c5300000)
 Metaspace       used 5659K, capacity 6768K, committed 7040K, reserved 1056768K
  class space    used 581K, capacity 616K, committed 640K, reserved 1048576K
Event: 3.582 GC heap after
Heap after GC invocations=2 (full 0):
 PSYoungGen      total 68608K, used 5110K [0x00000000eab00000, 0x00000000ef300000, 0x0000000100000000)
  eden space 63488K, 0% used [0x00000000eab00000,0x00000000eab00000,0x00000000ee900000)
  from space 5120K, 99% used [0x00000000eee00000,0x00000000ef2fda38,0x00000000ef300000)
  to   space 5120K, 0% used [0x00000000ee900000,0x00000000ee900000,0x00000000eee00000)
 ParOldGen       total 84992K, used 6838K [0x00000000c0000000, 0x00000000c5300000, 0x00000000eab00000)
  object space 84992K, 8% used [0x00000000c0000000,0x00000000c06adb50,0x00000000c5300000)
 Metaspace       used 5659K, capacity 6768K, committed 7040K, reserved 1056768K
  class space    used 581K, capacity 616K, committed 640K, reserved 1048576K
}
Event: 5.298 GC heap before
{Heap before GC invocations=3 (full 0):
 PSYoungGen      total 68608K, used 68598K [0x00000000eab00000, 0x00000000ef300000, 0x0000000100000000)
  eden space 63488K, 100% used [0x00000000eab00000,0x00000000ee900000,0x00000000ee900000)
  from space 5120K, 99% used [0x00000000eee00000,0x00000000ef2fda38,0x00000000ef300000)
  to   space 5120K, 0% used [0x00000000ee900000,0x00000000ee900000,0x00000000eee00000)
 ParOldGen       total 84992K, used 6838K [0x00000000c0000000, 0x00000000c5300000, 0x00000000eab00000)
  object space 84992K, 8% used [0x00000000c0000000,0x00000000c06adb50,0x00000000c5300000)
 Metaspace       used 5800K, capacity 6896K, committed 7040K, reserved 1056768K
  class space    used 585K, capacity 616K, committed 640K, reserved 1048576K
Event: 5.448 GC heap after
Heap after GC invocations=3 (full 0):
 PSYoungGen      total 68608K, used 5112K [0x00000000eab00000, 0x00000000f3100000, 0x0000000100000000)
  eden space 63488K, 0% used [0x00000000eab00000,0x00000000eab00000,0x00000000ee900000)
  from space 5120K, 99% used [0x00000000ee900000,0x00000000eedfe040,0x00000000eee00000)
  to   space 5120K, 0% used [0x00000000f2c00000,0x00000000f2c00000,0x00000000f3100000)
 ParOldGen       total 84992K, used 17036K [0x00000000c0000000, 0x00000000c5300000, 0x00000000eab00000)
  object space 84992K, 20% used [0x00000000c0000000,0x00000000c10a31b0,0x00000000c5300000)
 Metaspace       used 5800K, capacity 6896K, committed 7040K, reserved 1056768K
  class space    used 585K, capacity 616K, committed 640K, reserved 1048576K
}
Event: 6.731 GC heap before
{Heap before GC invocations=4 (full 0):
 PSYoungGen      total 68608K, used 68600K [0x00000000eab00000, 0x00000000f3100000, 0x0000000100000000)
  eden space 63488K, 100% used [0x00000000eab00000,0x00000000ee900000,0x00000000ee900000)
  from space 5120K, 99% used [0x00000000ee900000,0x00000000eedfe040,0x00000000eee00000)
  to   space 5120K, 0% used [0x00000000f2c00000,0x00000000f2c00000,0x00000000f3100000)
 ParOldGen       total 84992K, used 17036K [0x00000000c0000000, 0x00000000c5300000, 0x00000000eab00000)
  object space 84992K, 20% used [0x00000000c0000000,0x00000000c10a31b0,0x00000000c5300000)
 Metaspace       used 5866K, capacity 6960K, committed 7040K, reserved 1056768K
  class space    used 585K, capacity 616K, committed 640K, reserved 1048576K
Event: 6.825 GC heap after
Heap after GC invocations=4 (full 0):
 PSYoungGen      total 132096K, used 5092K [0x00000000eab00000, 0x00000000f3100000, 0x0000000100000000)
  eden space 126976K, 0% used [0x00000000eab00000,0x00000000eab00000,0x00000000f2700000)
  from space 5120K, 99% used [0x00000000f2c00000,0x00000000f30f9360,0x00000000f3100000)
  to   space 5120K, 0% used [0x00000000f2700000,0x00000000f2700000,0x00000000f2c00000)
 ParOldGen       total 84992K, used 26917K [0x00000000c0000000, 0x00000000c5300000, 0x00000000eab00000)
  object space 84992K, 31% used [0x00000000c0000000,0x00000000c1a496e0,0x00000000c5300000)
 Metaspace       used 5866K, capacity 6960K, committed 7040K, reserved 1056768K
  class space    used 585K, capacity 616K, committed 640K, reserved 1048576K
}
Event: 9.253 GC heap before
{Heap before GC invocations=5 (full 0):
 PSYoungGen      total 132096K, used 132068K [0x00000000eab00000, 0x00000000f3100000, 0x0000000100000000)
  eden space 126976K, 100% used [0x00000000eab00000,0x00000000f2700000,0x00000000f2700000)
  from space 5120K, 99% used [0x00000000f2c00000,0x00000000f30f9360,0x00000000f3100000)
  to   space 5120K, 0% used [0x00000000f2700000,0x00000000f2700000,0x00000000f2c00000)
 ParOldGen       total 84992K, used 26917K [0x00000000c0000000, 0x00000000c5300000, 0x00000000eab00000)
  object space 84992K, 31% used [0x00000000c0000000,0x00000000c1a496e0,0x00000000c5300000)
 Metaspace       used 6147K, capacity 7090K, committed 7296K, reserved 1056768K
  class space    used 605K, capacity 618K, committed 640K, reserved 1048576K

Deoptimization events (10 events):
Event: 2.729 Thread 0x00007f0ba813c000 Uncommon trap: reason=null_check action=make_not_entrant pc=0x00007f0b992a6880 method=com.android.dx.ssa.SsaRenamer.getLocalForNewReg(I)Lcom/android/dx/rop/code/LocalItem; @ 19
Event: 2.939 Thread 0x00007f0ba813c000 Uncommon trap: reason=unstable_if action=reinterpret pc=0x00007f0b99215d90 method=com.android.dx.rop.code.RegisterSpecSet.put(Lcom/android/dx/rop/code/RegisterSpec;)V @ 77
Event: 3.116 Thread 0x00007f0ba8133800 Uncommon trap: reason=unstable_if action=reinterpret pc=0x00007f0b992d1d98 method=com.android.dx.rop.code.RegisterSpec.equals(ILcom/android/dx/rop/type/TypeBearer;Lcom/android/dx/rop/code/LocalItem;)Z @ 42
Event: 4.019 Thread 0x00007f0ba813d000 Uncommon trap: reason=unstable_if action=reinterpret pc=0x00007f0b991b4dc0 method=java.lang.String.replace(CC)Ljava/lang/String; @ 26
Event: 5.284 Thread 0x00007f0ba8130000 Uncommon trap: reason=unstable_if action=reinterpret pc=0x00007f0b99302fd8 method=com.android.dx.rop.code.RegisterSpec.equals(ILcom/android/dx/rop/type/TypeBearer;Lcom/android/dx/rop/code/LocalItem;)Z @ 42
Event: 7.158 Thread 0x00007f0ba8130000 Uncommon trap: reason=unstable_if action=reinterpret pc=0x00007f0b993ac9ec method=java.util.HashMap.putVal(ILjava/lang/Object;Ljava/lang/Object;ZZ)Ljava/lang/Object; @ 162
Event: 7.217 Thread 0x00007f0ba813d000 Uncommon trap: reason=unstable_if action=reinterpret pc=0x00007f0b9922b578 method=java.util.HashMap.getNode(ILjava/lang/Object;)Ljava/util/HashMap$Node; @ 84
Event: 8.339 Thread 0x00007f0ba813c000 Uncommon trap: reason=bimorphic action=maybe_recompile pc=0x00007f0b995ba9ac method=java.util.HashMap.getNode(ILjava/lang/Object;)Ljava/util/HashMap$Node; @ 126
Event: 8.362 Thread 0x00007f0ba813c000 Uncommon trap: reason=bimorphic action=maybe_recompile pc=0x00007f0b991e52a0 method=java.util.HashMap.getNode(ILjava/lang/Object;)Ljava/util/HashMap$Node; @ 126
Event: 8.798 Thread 0x00007f0ba8008800 Uncommon trap: reason=unstable_if action=reinterpret pc=0x00007f0b9959e610 method=com.android.dx.ssa.SCCP.simulateStmt(Lcom/android/dx/ssa/SsaInsn;)V @ 59

Internal exceptions (6 events):
Event: 0.080 Thread 0x00007f0ba8008800 Exception <a 'java/lang/NoSuchMethodError': Method sun.misc.Unsafe.defineClass(Ljava/lang/String;[BII)Ljava/lang/Class; name or signature does not match> (0x00000000eab12b88) thrown at [/HUDSON/workspace/8-2-build-linux-amd64/jdk8u60/4407/hotspot/src/shar
Event: 0.080 Thread 0x00007f0ba8008800 Exception <a 'java/lang/NoSuchMethodError': Method sun.misc.Unsafe.prefetchRead(Ljava/lang/Object;J)V name or signature does not match> (0x00000000eab12e70) thrown at [/HUDSON/workspace/8-2-build-linux-amd64/jdk8u60/4407/hotspot/src/share/vm/prims/jni.cpp
Event: 2.729 Thread 0x00007f0ba813c000 Implicit null exception at 0x00007f0b992a41e5 to 0x00007f0b992a6839
Event: 7.195 Thread 0x00007f0ba8130000 Exception <a 'java/lang/ArrayIndexOutOfBoundsException': 18> (0x00000000ebb64cc0) thrown at [/HUDSON/workspace/8-2-build-linux-amd64/jdk8u60/4407/hotspot/src/share/vm/interpreter/interpreterRuntime.cpp, line 366]
Event: 7.195 Thread 0x00007f0ba8130000 Exception <a 'java/lang/ArrayIndexOutOfBoundsException': 145> (0x00000000ebb66840) thrown at [/HUDSON/workspace/8-2-build-linux-amd64/jdk8u60/4407/hotspot/src/share/vm/interpreter/interpreterRuntime.cpp, line 366]
Event: 7.200 Thread 0x00007f0ba8130000 Exception <a 'java/lang/ArrayIndexOutOfBoundsException': 40> (0x00000000ebb67b28) thrown at [/HUDSON/workspace/8-2-build-linux-amd64/jdk8u60/4407/hotspot/src/share/vm/interpreter/interpreterRuntime.cpp, line 366]

Events (10 events):
Event: 8.798 Thread 0x00007f0ba8008800 Uncommon trap: trap_request=0xffffff65 fr.pc=0x00007f0b9959e610
Event: 8.798 Thread 0x00007f0ba8008800 DEOPT PACKING pc=0x00007f0b9959e610 sp=0x00007f0baec93670
Event: 8.798 Thread 0x00007f0ba8008800 DEOPT UNPACKING pc=0x00007f0b99005229 sp=0x00007f0baec93698 mode 2
Event: 8.868 Thread 0x00007f0ba813d000 DEOPT PACKING pc=0x00007f0b99308b10 sp=0x00007f0b5fcfa770
Event: 8.868 Thread 0x00007f0ba813d000 DEOPT UNPACKING pc=0x00007f0b99047633 sp=0x00007f0b5fcfa4b0 mode 0
Event: 8.965 Thread 0x00007f0ba8008800 DEOPT PACKING pc=0x00007f0b991fd8f9 sp=0x00007f0baec93800
Event: 8.965 Thread 0x00007f0ba8008800 DEOPT UNPACKING pc=0x00007f0b99047633 sp=0x00007f0baec93550 mode 0
Event: 9.074 Thread 0x00007f0ba8130000 DEOPT PACKING pc=0x00007f0b9935bfec sp=0x00007f0b94190f60
Event: 9.074 Thread 0x00007f0ba8130000 DEOPT UNPACKING pc=0x00007f0b99047633 sp=0x00007f0b94190c60 mode 0
Event: 9.245 Executing VM operation: ParallelGCFailedAllocation


Dynamic libraries:
00400000-00401000 r-xp 00000000 08:05 272478                             /usr/lib/jvm/java-8-jdk/jre/bin/java
00600000-00601000 rw-p 00000000 08:05 272478                             /usr/lib/jvm/java-8-jdk/jre/bin/java
01f01000-01f22000 rw-p 00000000 00:00 0                                  [heap]
c0000000-c5300000 rw-p 00000000 00:00 0 
c5300000-eab00000 ---p 00000000 00:00 0 
eab00000-f3100000 rw-p 00000000 00:00 0 
fd700000-100000000 ---p 00000000 00:00 0 
100000000-1000a0000 rw-p 00000000 00:00 0 
1000a0000-140000000 ---p 00000000 00:00 0 
7f0b48000000-7f0b48032000 rw-p 00000000 00:00 0 
7f0b48032000-7f0b4c000000 ---p 00000000 00:00 0 
7f0b4c000000-7f0b4c021000 rw-p 00000000 00:00 0 
7f0b4c021000-7f0b50000000 ---p 00000000 00:00 0 
7f0b50000000-7f0b50021000 rw-p 00000000 00:00 0 
7f0b50021000-7f0b54000000 ---p 00000000 00:00 0 
7f0b54000000-7f0b54021000 rw-p 00000000 00:00 0 
7f0b54021000-7f0b58000000 ---p 00000000 00:00 0 
7f0b58000000-7f0b5804a000 rw-p 00000000 00:00 0 
7f0b5804a000-7f0b5c000000 ---p 00000000 00:00 0 
7f0b5fbfc000-7f0b5fbff000 ---p 00000000 00:00 0 
7f0b5fbff000-7f0b5fcfd000 rw-p 00000000 00:00 0                          [stack:14287]
7f0b5fcfd000-7f0b5fd00000 ---p 00000000 00:00 0 
7f0b5fd00000-7f0b5fdfe000 rw-p 00000000 00:00 0                          [stack:14286]
7f0b5fdfe000-7f0b5fe01000 ---p 00000000 00:00 0 
7f0b5fe01000-7f0b5feff000 rw-p 00000000 00:00 0                          [stack:14285]
7f0b5feff000-7f0b5ff02000 ---p 00000000 00:00 0 
7f0b5ff02000-7f0b60000000 rw-p 00000000 00:00 0                          [stack:14284]
7f0b60000000-7f0b60021000 rw-p 00000000 00:00 0 
7f0b60021000-7f0b64000000 ---p 00000000 00:00 0 
7f0b64000000-7f0b64021000 rw-p 00000000 00:00 0 
7f0b64021000-7f0b68000000 ---p 00000000 00:00 0 
7f0b68000000-7f0b68a06000 rw-p 00000000 00:00 0 
7f0b68a06000-7f0b6c000000 ---p 00000000 00:00 0 
7f0b6c000000-7f0b6c933000 rw-p 00000000 00:00 0 
7f0b6c933000-7f0b70000000 ---p 00000000 00:00 0 
7f0b70000000-7f0b70021000 rw-p 00000000 00:00 0 
7f0b70021000-7f0b74000000 ---p 00000000 00:00 0 
7f0b74000000-7f0b74c0e000 rw-p 00000000 00:00 0 
7f0b74c0e000-7f0b78000000 ---p 00000000 00:00 0 
7f0b78000000-7f0b78021000 rw-p 00000000 00:00 0 
7f0b78021000-7f0b7c000000 ---p 00000000 00:00 0 
7f0b7c000000-7f0b7c021000 rw-p 00000000 00:00 0 
7f0b7c021000-7f0b80000000 ---p 00000000 00:00 0 
7f0b80000000-7f0b80021000 rw-p 00000000 00:00 0 
7f0b80021000-7f0b84000000 ---p 00000000 00:00 0 
7f0b84000000-7f0b8428c000 rw-p 00000000 00:00 0 
7f0b8428c000-7f0b88000000 ---p 00000000 00:00 0 
7f0b88000000-7f0b88021000 rw-p 00000000 00:00 0 
7f0b88021000-7f0b8c000000 ---p 00000000 00:00 0 
7f0b8c000000-7f0b8c021000 rw-p 00000000 00:00 0 
7f0b8c021000-7f0b90000000 ---p 00000000 00:00 0 
7f0b90000000-7f0b90021000 rw-p 00000000 00:00 0 
7f0b90021000-7f0b94000000 ---p 00000000 00:00 0 
7f0b94092000-7f0b94095000 ---p 00000000 00:00 0 
7f0b94095000-7f0b94193000 rw-p 00000000 00:00 0                          [stack:14283]
7f0b94193000-7f0b941b7000 r--s 001a5000 08:05 548179                     /home/mzwee/.gradle/caches/modules-2/files-2.1/com.google.auto.value/auto-value/1.1/f6951c141ea3e89c0f8b01da16834880a1ebf162/auto-value-1.1.jar
7f0b941b7000-7f0b941b8000 ---p 00000000 00:00 0 
7f0b941b8000-7f0b942b8000 rw-p 00000000 00:00 0                          [stack:14263]
7f0b942b8000-7f0b942bb000 ---p 00000000 00:00 0 
7f0b942bb000-7f0b943b9000 rw-p 00000000 00:00 0                          [stack:14262]
7f0b943b9000-7f0b943bc000 ---p 00000000 00:00 0 
7f0b943bc000-7f0b944ba000 rw-p 00000000 00:00 0                          [stack:14261]
7f0b944ba000-7f0b944bd000 ---p 00000000 00:00 0 
7f0b944bd000-7f0b945bb000 rw-p 00000000 00:00 0                          [stack:14260]
7f0b945bb000-7f0b945be000 ---p 00000000 00:00 0 
7f0b945be000-7f0b946bc000 rw-p 00000000 00:00 0                          [stack:14259]
7f0b946bc000-7f0b946bf000 ---p 00000000 00:00 0 
7f0b946bf000-7f0b947bd000 rw-p 00000000 00:00 0                          [stack:14258]
7f0b947bd000-7f0b9494b000 r--p 00000000 08:05 4739658                    /usr/lib/locale/locale-archive
7f0b9494b000-7f0b9494e000 ---p 00000000 00:00 0 
7f0b9494e000-7f0b94a4c000 rw-p 00000000 00:00 0                          [stack:14257]
7f0b94a4c000-7f0b94a4f000 ---p 00000000 00:00 0 
7f0b94a4f000-7f0b94b4d000 rw-p 00000000 00:00 0                          [stack:14256]
7f0b94b4d000-7f0b94b4e000 ---p 00000000 00:00 0 
7f0b94b4e000-7f0b95bee000 rw-p 00000000 00:00 0                          [stack:14255]
7f0b95bee000-7f0b95dc6000 r--s 03d17000 08:05 399249                     /usr/lib/jvm/java-8-jdk/jre/lib/rt.jar
7f0b95dc6000-7f0b964bc000 rw-p 00000000 00:00 0 
7f0b964bc000-7f0b9663c000 ---p 00000000 00:00 0 
7f0b9663c000-7f0b9883c000 rw-p 00000000 00:00 0 
7f0b9883c000-7f0b9883d000 ---p 00000000 00:00 0 
7f0b9883d000-7f0b9893d000 rw-p 00000000 00:00 0                          [stack:14254]
7f0b9893d000-7f0b9893e000 ---p 00000000 00:00 0 
7f0b9893e000-7f0b98a3e000 rw-p 00000000 00:00 0                          [stack:14253]
7f0b98a3e000-7f0b98a3f000 ---p 00000000 00:00 0 
7f0b98a3f000-7f0b98b3f000 rw-p 00000000 00:00 0                          [stack:14252]
7f0b98b3f000-7f0b98b40000 ---p 00000000 00:00 0 
7f0b98b40000-7f0b98c5a000 rw-p 00000000 00:00 0                          [stack:14251]
7f0b98c5a000-7f0b99000000 ---p 00000000 00:00 0 
7f0b99000000-7f0b99680000 rwxp 00000000 00:00 0 
7f0b99680000-7f0ba8000000 ---p 00000000 00:00 0 
7f0ba8000000-7f0ba8389000 rw-p 00000000 00:00 0 
7f0ba8389000-7f0bac000000 ---p 00000000 00:00 0 
7f0bac00e000-7f0bac059000 rw-p 00000000 00:00 0 
7f0bac059000-7f0bac185000 ---p 00000000 00:00 0 
7f0bac185000-7f0bac1af000 rw-p 00000000 00:00 0 
7f0bac1af000-7f0bac2da000 ---p 00000000 00:00 0 
7f0bac2da000-7f0bac31e000 rw-p 00000000 00:00 0 
7f0bac31e000-7f0bac385000 ---p 00000000 00:00 0 
7f0bac385000-7f0bac386000 rw-p 00000000 00:00 0 
7f0bac386000-7f0bac3a0000 r-xp 00000000 08:05 540675                     /usr/lib/jvm/java-8-jdk/jre/lib/amd64/libzip.so
7f0bac3a0000-7f0bac5a0000 ---p 0001a000 08:05 540675                     /usr/lib/jvm/java-8-jdk/jre/lib/amd64/libzip.so
7f0bac5a0000-7f0bac5a1000 rw-p 0001a000 08:05 540675                     /usr/lib/jvm/java-8-jdk/jre/lib/amd64/libzip.so
7f0bac5a1000-7f0bac5ac000 r-xp 00000000 08:05 4721836                    /usr/lib/libnss_files-2.22.so
7f0bac5ac000-7f0bac7ab000 ---p 0000b000 08:05 4721836                    /usr/lib/libnss_files-2.22.so
7f0bac7ab000-7f0bac7ac000 r--p 0000a000 08:05 4721836                    /usr/lib/libnss_files-2.22.so
7f0bac7ac000-7f0bac7ad000 rw-p 0000b000 08:05 4721836                    /usr/lib/libnss_files-2.22.so
7f0bac7ad000-7f0bac7b3000 rw-p 00000000 00:00 0 
7f0bac7b3000-7f0bac7dd000 r-xp 00000000 08:05 540695                     /usr/lib/jvm/java-8-jdk/jre/lib/amd64/libjava.so
7f0bac7dd000-7f0bac9dd000 ---p 0002a000 08:05 540695                     /usr/lib/jvm/java-8-jdk/jre/lib/amd64/libjava.so
7f0bac9dd000-7f0bac9df000 rw-p 0002a000 08:05 540695                     /usr/lib/jvm/java-8-jdk/jre/lib/amd64/libjava.so
7f0bac9df000-7f0bac9ec000 r-xp 00000000 08:05 540681                     /usr/lib/jvm/java-8-jdk/jre/lib/amd64/libverify.so
7f0bac9ec000-7f0bacbec000 ---p 0000d000 08:05 540681                     /usr/lib/jvm/java-8-jdk/jre/lib/amd64/libverify.so
7f0bacbec000-7f0bacbee000 rw-p 0000d000 08:05 540681                     /usr/lib/jvm/java-8-jdk/jre/lib/amd64/libverify.so
7f0bacbee000-7f0bacbf5000 r-xp 00000000 08:05 4721844                    /usr/lib/librt-2.22.so
7f0bacbf5000-7f0bacdf4000 ---p 00007000 08:05 4721844                    /usr/lib/librt-2.22.so
7f0bacdf4000-7f0bacdf5000 r--p 00006000 08:05 4721844                    /usr/lib/librt-2.22.so
7f0bacdf5000-7f0bacdf6000 rw-p 00007000 08:05 4721844                    /usr/lib/librt-2.22.so
7f0bacdf6000-7f0bacef3000 r-xp 00000000 08:05 4721841                    /usr/lib/libm-2.22.so
7f0bacef3000-7f0bad0f2000 ---p 000fd000 08:05 4721841                    /usr/lib/libm-2.22.so
7f0bad0f2000-7f0bad0f3000 r--p 000fc000 08:05 4721841                    /usr/lib/libm-2.22.so
7f0bad0f3000-7f0bad0f4000 rw-p 000fd000 08:05 4721841                    /usr/lib/libm-2.22.so
7f0bad0f4000-7f0baddb2000 r-xp 00000000 08:05 540705                     /usr/lib/jvm/java-8-jdk/jre/lib/amd64/server/libjvm.so
7f0baddb2000-7f0badfb1000 ---p 00cbe000 08:05 540705                     /usr/lib/jvm/java-8-jdk/jre/lib/amd64/server/libjvm.so
7f0badfb1000-7f0bae089000 rw-p 00cbd000 08:05 540705                     /usr/lib/jvm/java-8-jdk/jre/lib/amd64/server/libjvm.so
7f0bae089000-7f0bae0ce000 rw-p 00000000 00:00 0 
7f0bae0ce000-7f0bae269000 r-xp 00000000 08:05 4721791                    /usr/lib/libc-2.22.so
7f0bae269000-7f0bae468000 ---p 0019b000 08:05 4721791                    /usr/lib/libc-2.22.so
7f0bae468000-7f0bae46c000 r--p 0019a000 08:05 4721791                    /usr/lib/libc-2.22.so
7f0bae46c000-7f0bae46e000 rw-p 0019e000 08:05 4721791                    /usr/lib/libc-2.22.so
7f0bae46e000-7f0bae472000 rw-p 00000000 00:00 0 
7f0bae472000-7f0bae475000 r-xp 00000000 08:05 4721840                    /usr/lib/libdl-2.22.so
7f0bae475000-7f0bae674000 ---p 00003000 08:05 4721840                    /usr/lib/libdl-2.22.so
7f0bae674000-7f0bae675000 r--p 00002000 08:05 4721840                    /usr/lib/libdl-2.22.so
7f0bae675000-7f0bae676000 rw-p 00003000 08:05 4721840                    /usr/lib/libdl-2.22.so
7f0bae676000-7f0bae68b000 r-xp 00000000 08:05 799344                     /usr/lib/jvm/java-8-jdk/jre/lib/amd64/jli/libjli.so
7f0bae68b000-7f0bae88b000 ---p 00015000 08:05 799344                     /usr/lib/jvm/java-8-jdk/jre/lib/amd64/jli/libjli.so
7f0bae88b000-7f0bae88c000 rw-p 00015000 08:05 799344                     /usr/lib/jvm/java-8-jdk/jre/lib/amd64/jli/libjli.so
7f0bae88c000-7f0bae8a4000 r-xp 00000000 08:05 4721772                    /usr/lib/libpthread-2.22.so
7f0bae8a4000-7f0baeaa3000 ---p 00018000 08:05 4721772                    /usr/lib/libpthread-2.22.so
7f0baeaa3000-7f0baeaa4000 r--p 00017000 08:05 4721772                    /usr/lib/libpthread-2.22.so
7f0baeaa4000-7f0baeaa5000 rw-p 00018000 08:05 4721772                    /usr/lib/libpthread-2.22.so
7f0baeaa5000-7f0baeaa9000 rw-p 00000000 00:00 0 
7f0baeaa9000-7f0baeacb000 r-xp 00000000 08:05 4721790                    /usr/lib/ld-2.22.so
7f0baead0000-7f0baeb95000 rw-p 00000000 00:00 0 
7f0baeb95000-7f0baeb98000 ---p 00000000 00:00 0 
7f0baeb98000-7f0baec9a000 rw-p 00000000 00:00 0                          [stack:14248]
7f0baec9b000-7f0baec9c000 rw-p 00000000 00:00 0 
7f0baec9c000-7f0baecab000 r--s 000df000 08:05 1840493                    /home/mzwee/Android/Sdk/build-tools/23.0.1/lib/dx.jar
7f0baecab000-7f0baecbf000 rw-p 00000000 00:00 0 
7f0baecbf000-7f0baecc7000 rw-s 00000000 00:23 578837                     /tmp/hsperfdata_mzwee/14246
7f0baecc7000-7f0baecc8000 rw-p 00000000 00:00 0 
7f0baecc8000-7f0baecc9000 ---p 00000000 00:00 0 
7f0baecc9000-7f0baecca000 rw-p 00000000 00:00 0 
7f0baecca000-7f0baeccb000 r--p 00021000 08:05 4721790                    /usr/lib/ld-2.22.so
7f0baeccb000-7f0baeccc000 rw-p 00022000 08:05 4721790                    /usr/lib/ld-2.22.so
7f0baeccc000-7f0baeccd000 rw-p 00000000 00:00 0 
7ffe55932000-7ffe55953000 rw-p 00000000 00:00 0                          [stack]
7ffe559a9000-7ffe559ab000 r--p 00000000 00:00 0                          [vvar]
7ffe559ab000-7ffe559ad000 r-xp 00000000 00:00 0                          [vdso]
ffffffffff600000-ffffffffff601000 r-xp 00000000 00:00 0                  [vsyscall]

VM Arguments:
jvm_args: -Xmx1024M -Dfile.encoding=UTF-8 -Duser.country=US -Duser.language=en -Duser.variant 
java_command: com.android.dx.command.Main --dex --num-threads=4 --output /home/mzwee/AndroidStudioProjects/RandRestaurant/app/build/intermediates/pre-dexed/debug/auto-value-1.1-09d06b0a90b0fc0a5913f1d4bbe7293f2f5ad781.jar /home/mzwee/.gradle/caches/modules-2/files-2.1/com.google.auto.value/auto-value/1.1/f6951c141ea3e89c0f8b01da16834880a1ebf162/auto-value-1.1.jar
java_class_path (initial): /home/mzwee/Android/Sdk/build-tools/23.0.1/lib/dx.jar
Launcher Type: SUN_STANDARD

Environment Variables:
PATH=/home/mzwee/.rvm/gems/ruby-2.2.2/bin:/home/mzwee/.rvm/gems/ruby-2.2.2@global/bin:/home/mzwee/.rvm/rubies/ruby-2.2.2/bin:/home/mzwee/local/bin:/usr/local/sbin:/usr/local/bin:/usr/bin:/usr/lib/jvm/default/bin:/usr/bin/site_perl:/usr/bin/vendor_perl:/usr/bin/core_perl:/home/mzwee/.rvm/bin
LD_LIBRARY_PATH=/opt/android-studio/bin:
SHELL=/bin/bash
DISPLAY=:0

Signal Handlers:
SIGSEGV: [libjvm.so+0xaba070], sa_mask[0]=11111111011111111101111111111110, sa_flags=SA_RESTART|SA_SIGINFO
SIGBUS: [libjvm.so+0xaba070], sa_mask[0]=11111111011111111101111111111110, sa_flags=SA_RESTART|SA_SIGINFO
SIGFPE: [libjvm.so+0x917630], sa_mask[0]=11111111011111111101111111111110, sa_flags=SA_RESTART|SA_SIGINFO
SIGPIPE: [libjvm.so+0x917630], sa_mask[0]=11111111011111111101111111111110, sa_flags=SA_RESTART|SA_SIGINFO
SIGXFSZ: [libjvm.so+0x917630], sa_mask[0]=11111111011111111101111111111110, sa_flags=SA_RESTART|SA_SIGINFO
SIGILL: [libjvm.so+0x917630], sa_mask[0]=11111111011111111101111111111110, sa_flags=SA_RESTART|SA_SIGINFO
SIGUSR1: SIG_DFL, sa_mask[0]=00000000000000000000000000000000, sa_flags=none
SIGUSR2: [libjvm.so+0x918c60], sa_mask[0]=00100000000000000000000000000000, sa_flags=SA_RESTART|SA_SIGINFO
SIGHUP: [libjvm.so+0x91a060], sa_mask[0]=11111111011111111101111111111110, sa_flags=SA_RESTART|SA_SIGINFO
SIGINT: SIG_IGN, sa_mask[0]=00000000000000000000000000000000, sa_flags=none
SIGTERM: [libjvm.so+0x91a060], sa_mask[0]=11111111011111111101111111111110, sa_flags=SA_RESTART|SA_SIGINFO
SIGQUIT: [libjvm.so+0x91a060], sa_mask[0]=11111111011111111101111111111110, sa_flags=SA_RESTART|SA_SIGINFO


---------------  S Y S T E M  ---------------

OS:NAME="Arch Linux"
ID=arch
PRETTY_NAME="Arch Linux"
ANSI_COLOR="0;36"
HOME_URL="https://www.archlinux.org/"
SUPPORT_URL="https://bbs.archlinux.org/"
BUG_REPORT_URL="https://bugs.archlinux.org/"


uname:Linux 4.3.3-3-ARCH #1 SMP PREEMPT Wed Jan 20 08:12:23 CET 2016 x86_64
libc:glibc 2.22 NPTL 2.22 
rlimit: STACK 8192k, CORE 0k, NPROC 30723, NOFILE 4096, AS infinity
load average:14.70 5.02 3.12

/proc/meminfo:
MemTotal:        8067340 kB
MemFree:           48828 kB
MemAvailable:     113900 kB
Buffers:            1292 kB
Cached:          2032144 kB
SwapCached:            0 kB
Active:          6404980 kB
Inactive:        1438448 kB
Active(anon):    6391068 kB
Inactive(anon):  1380500 kB
Active(file):      13912 kB
Inactive(file):    57948 kB
Unevictable:           0 kB
Mlocked:               0 kB
SwapTotal:             0 kB
SwapFree:              0 kB
Dirty:                 0 kB
Writeback:           216 kB
AnonPages:       5811084 kB
Mapped:           291020 kB
Shmem:           1960556 kB
Slab:              64576 kB
SReclaimable:      35500 kB
SUnreclaim:        29076 kB
KernelStack:        8432 kB
PageTables:        33020 kB
NFS_Unstable:          0 kB
Bounce:                0 kB
WritebackTmp:          0 kB
CommitLimit:     4033668 kB
Committed_AS:   11634004 kB
VmallocTotal:   34359738367 kB
VmallocUsed:      382592 kB
VmallocChunk:   34358947836 kB
HardwareCorrupted:     0 kB
AnonHugePages:   2637824 kB
HugePages_Total:       0
HugePages_Free:        0
HugePages_Rsvd:        0
HugePages_Surp:        0
Hugepagesize:       2048 kB
DirectMap4k:      151084 kB
DirectMap2M:     8124416 kB
DirectMap1G:     1048576 kB


CPU:total 4 (2 cores per cpu, 2 threads per core) family 6 model 69 stepping 1, cmov, cx8, fxsr, mmx, sse, sse2, sse3, ssse3, sse4.1, sse4.2, popcnt, avx, avx2, aes, clmul, erms, lzcnt, ht, tsc, tscinvbit, bmi1, bmi2

/proc/cpuinfo:
processor	: 0
vendor_id	: GenuineIntel
cpu family	: 6
model		: 69
model name	: Intel(R) Core(TM) i5-4210U CPU @ 1.70GHz
stepping	: 1
microcode	: 0x17
cpu MHz		: 2399.906
cache size	: 3072 KB
physical id	: 0
siblings	: 4
core id		: 0
cpu cores	: 2
apicid		: 0
initial apicid	: 0
fpu		: yes
fpu_exception	: yes
cpuid level	: 13
wp		: yes
flags		: fpu vme de pse tsc msr pae mce cx8 apic sep mtrr pge mca cmov pat pse36 clflush dts acpi mmx fxsr sse sse2 ss ht tm pbe syscall nx pdpe1gb rdtscp lm constant_tsc arch_perfmon pebs bts rep_good nopl xtopology nonstop_tsc aperfmperf eagerfpu pni pclmulqdq dtes64 monitor ds_cpl vmx est tm2 ssse3 sdbg fma cx16 xtpr pdcm pcid sse4_1 sse4_2 movbe popcnt tsc_deadline_timer aes xsave avx f16c rdrand lahf_lm abm ida arat epb pln pts dtherm tpr_shadow vnmi flexpriority ept vpid fsgsbase tsc_adjust bmi1 avx2 smep bmi2 erms invpcid xsaveopt
bugs		:
bogomips	: 4790.53
clflush size	: 64
cache_alignment	: 64
address sizes	: 39 bits physical, 48 bits virtual
power management:

processor	: 1
vendor_id	: GenuineIntel
cpu family	: 6
model		: 69
model name	: Intel(R) Core(TM) i5-4210U CPU @ 1.70GHz
stepping	: 1
microcode	: 0x17
cpu MHz		: 2399.906
cache size	: 3072 KB
physical id	: 0
siblings	: 4
core id		: 1
cpu cores	: 2
apicid		: 2
initial apicid	: 2
fpu		: yes
fpu_exception	: yes
cpuid level	: 13
wp		: yes
flags		: fpu vme de pse tsc msr pae mce cx8 apic sep mtrr pge mca cmov pat pse36 clflush dts acpi mmx fxsr sse sse2 ss ht tm pbe syscall nx pdpe1gb rdtscp lm constant_tsc arch_perfmon pebs bts rep_good nopl xtopology nonstop_tsc aperfmperf eagerfpu pni pclmulqdq dtes64 monitor ds_cpl vmx est tm2 ssse3 sdbg fma cx16 xtpr pdcm pcid sse4_1 sse4_2 movbe popcnt tsc_deadline_timer aes xsave avx f16c rdrand lahf_lm abm ida arat epb pln pts dtherm tpr_shadow vnmi flexpriority ept vpid fsgsbase tsc_adjust bmi1 avx2 smep bmi2 erms invpcid xsaveopt
bugs		:
bogomips	: 4790.53
clflush size	: 64
cache_alignment	: 64
address sizes	: 39 bits physical, 48 bits virtual
power management:

processor	: 2
vendor_id	: GenuineIntel
cpu family	: 6
model		: 69
model name	: Intel(R) Core(TM) i5-4210U CPU @ 1.70GHz
stepping	: 1
microcode	: 0x17
cpu MHz		: 2400.000
cache size	: 3072 KB
physical id	: 0
siblings	: 4
core id		: 0
cpu cores	: 2
apicid		: 1
initial apicid	: 1
fpu		: yes
fpu_exception	: yes
cpuid level	: 13
wp		: yes
flags		: fpu vme de pse tsc msr pae mce cx8 apic sep mtrr pge mca cmov pat pse36 clflush dts acpi mmx fxsr sse sse2 ss ht tm pbe syscall nx pdpe1gb rdtscp lm constant_tsc arch_perfmon pebs bts rep_good nopl xtopology nonstop_tsc aperfmperf eagerfpu pni pclmulqdq dtes64 monitor ds_cpl vmx est tm2 ssse3 sdbg fma cx16 xtpr pdcm pcid sse4_1 sse4_2 movbe popcnt tsc_deadline_timer aes xsave avx f16c rdrand lahf_lm abm ida arat epb pln pts dtherm tpr_shadow vnmi flexpriority ept vpid fsgsbase tsc_adjust bmi1 avx2 smep bmi2 erms invpcid xsaveopt
bugs		:
bogomips	: 4790.53
clflush size	: 64
cache_alignment	: 64
address sizes	: 39 bits physical, 48 bits virtual
power management:

processor	: 3
vendor_id	: GenuineIntel
cpu family	: 6
model		: 69
model name	: Intel(R) Core(TM) i5-4210U CPU @ 1.70GHz
stepping	: 1
microcode	: 0x17
cpu MHz		: 2400.000
cache size	: 3072 KB
physical id	: 0
siblings	: 4
core id		: 1
cpu cores	: 2
apicid		: 3
initial apicid	: 3
fpu		: yes
fpu_exception	: yes
cpuid level	: 13
wp		: yes
flags		: fpu vme de pse tsc msr pae mce cx8 apic sep mtrr pge mca cmov pat pse36 clflush dts acpi mmx fxsr sse sse2 ss ht tm pbe syscall nx pdpe1gb rdtscp lm constant_tsc arch_perfmon pebs bts rep_good nopl xtopology nonstop_tsc aperfmperf eagerfpu pni pclmulqdq dtes64 monitor ds_cpl vmx est tm2 ssse3 sdbg fma cx16 xtpr pdcm pcid sse4_1 sse4_2 movbe popcnt tsc_deadline_timer aes xsave avx f16c rdrand lahf_lm abm ida arat epb pln pts dtherm tpr_shadow vnmi flexpriority ept vpid fsgsbase tsc_adjust bmi1 avx2 smep bmi2 erms invpcid xsaveopt
bugs		:
bogomips	: 4790.53
clflush size	: 64
cache_alignment	: 64
address sizes	: 39 bits physical, 48 bits virtual
power management:



Memory: 4k page, physical 8067340k(48828k free), swap 0k(0k free)

vm_info: Java HotSpot(TM) 64-Bit Server VM (25.60-b23) for linux-amd64 JRE (1.8.0_60-b27), built on Aug  4 2015 12:19:40 by "java_re" with gcc 4.3.0 20080428 (Red Hat 4.3.0-8)

time: Sun Feb 21 05:45:54 2016
elapsed time: 10 seconds (0d 0h 0m 10s)

