#
# There is insufficient memory for the Java Runtime Environment to continue.
# Native memory allocation (mmap) failed to map 173015040 bytes for committing reserved memory.
# Possible reasons:
#   The system is out of physical RAM or swap space
#   In 32 bit mode, the process size limit was hit
# Possible solutions:
#   Reduce memory load on the system
#   Increase physical memory or swap space
#   Check if swap backing store is full
#   Use 64 bit Java on a 64 bit OS
#   Decrease Java heap size (-Xmx/-Xms)
#   Decrease number of Java threads
#   Decrease Java thread stack sizes (-Xss)
#   Set larger code cache with -XX:ReservedCodeCacheSize=
# This output file may be truncated or incomplete.
#
#  Out of Memory Error (os_linux.cpp:2627), pid=10269, tid=139699817543424
#
# JRE version: Java(TM) SE Runtime Environment (8.0_60-b27) (build 1.8.0_60-b27)
# Java VM: Java HotSpot(TM) 64-Bit Server VM (25.60-b23 mixed mode linux-amd64 compressed oops)
# Failed to write core dump. Core dumps have been disabled. To enable core dumping, try "ulimit -c unlimited" before starting Java again
#

---------------  T H R E A D  ---------------

Current thread (0x00007f0e7c076800):  VMThread [stack: 0x00007f0e65eff000,0x00007f0e66000000] [id=10283]

Stack: [0x00007f0e65eff000,0x00007f0e66000000],  sp=0x00007f0e65ffe2a0,  free space=1020k
Native frames: (J=compiled Java code, j=interpreted, Vv=VM code, C=native code)
V  [libjvm.so+0xab97ea]  VMError::report_and_die()+0x2ba
V  [libjvm.so+0x4f9dab]  report_vm_out_of_memory(char const*, int, unsigned long, VMErrorType, char const*)+0x8b
V  [libjvm.so+0x91a7c3]  os::Linux::commit_memory_impl(char*, unsigned long, bool)+0x103
V  [libjvm.so+0x91ad19]  os::pd_commit_memory(char*, unsigned long, unsigned long, bool)+0x29
V  [libjvm.so+0x91502a]  os::commit_memory(char*, unsigned long, unsigned long, bool)+0x2a
V  [libjvm.so+0x9886d3]  PSVirtualSpace::expand_by(unsigned long)+0x53
V  [libjvm.so+0x989ad8]  PSYoungGen::resize_generation(unsigned long, unsigned long)+0xf8
V  [libjvm.so+0x988c32]  PSYoungGen::resize(unsigned long, unsigned long)+0x22
V  [libjvm.so+0x985f0b]  PSScavenge::invoke_no_policy()+0xf3b
V  [libjvm.so+0x986691]  PSScavenge::invoke()+0x41
V  [libjvm.so+0x93e430]  ParallelScavengeHeap::failed_mem_allocate(unsigned long)+0x70
V  [libjvm.so+0xabb207]  VM_ParallelGCFailedAllocation::doit()+0x97
V  [libjvm.so+0xac2c35]  VM_Operation::evaluate()+0x55
V  [libjvm.so+0xac100a]  VMThread::evaluate_operation(VM_Operation*)+0xba
V  [libjvm.so+0xac138e]  VMThread::loop()+0x1ce
V  [libjvm.so+0xac1800]  VMThread::run()+0x70
V  [libjvm.so+0x91cb88]  java_start(Thread*)+0x108

VM_Operation (0x00007f0e655670d0): ParallelGCFailedAllocation, mode: safepoint, requested by thread 0x00007f0e7c10e000


---------------  P R O C E S S  ---------------

Java Threads: ( => current thread )
  0x00007f0e7c140800 JavaThread "pool-1-thread-4" [_thread_blocked, id=10296, stack(0x00007f0e65064000,0x00007f0e65165000)]
  0x00007f0e7c13f000 JavaThread "pool-1-thread-3" [_thread_blocked, id=10295, stack(0x00007f0e65165000,0x00007f0e65266000)]
  0x00007f0e7c13a800 JavaThread "pool-1-thread-2" [_thread_blocked, id=10294, stack(0x00007f0e65266000,0x00007f0e65367000)]
  0x00007f0e7c136800 JavaThread "pool-2-thread-1" [_thread_blocked, id=10293, stack(0x00007f0e65367000,0x00007f0e65468000)]
  0x00007f0e7c10e000 JavaThread "pool-1-thread-1" [_thread_blocked, id=10292, stack(0x00007f0e65468000,0x00007f0e65569000)]
  0x00007f0e7c0c1000 JavaThread "Service Thread" daemon [_thread_blocked, id=10290, stack(0x00007f0e6566a000,0x00007f0e6576b000)]
  0x00007f0e7c0bc000 JavaThread "C1 CompilerThread2" daemon [_thread_blocked, id=10289, stack(0x00007f0e6576b000,0x00007f0e6586c000)]
  0x00007f0e7c0ba000 JavaThread "C2 CompilerThread1" daemon [_thread_blocked, id=10288, stack(0x00007f0e6586c000,0x00007f0e6596d000)]
  0x00007f0e7c0b7000 JavaThread "C2 CompilerThread0" daemon [_thread_blocked, id=10287, stack(0x00007f0e6596d000,0x00007f0e65a6e000)]
  0x00007f0e7c0b5800 JavaThread "Signal Dispatcher" daemon [_thread_blocked, id=10286, stack(0x00007f0e65a6e000,0x00007f0e65b6f000)]
  0x00007f0e7c07d800 JavaThread "Finalizer" daemon [_thread_blocked, id=10285, stack(0x00007f0e65cfd000,0x00007f0e65dfe000)]
  0x00007f0e7c07b800 JavaThread "Reference Handler" daemon [_thread_blocked, id=10284, stack(0x00007f0e65dfe000,0x00007f0e65eff000)]
  0x00007f0e7c008800 JavaThread "main" [_thread_blocked, id=10271, stack(0x00007f0e840bc000,0x00007f0e841bd000)]

Other Threads:
=>0x00007f0e7c076800 VMThread [stack: 0x00007f0e65eff000,0x00007f0e66000000] [id=10283]
  0x00007f0e7c0c3800 WatcherThread [stack: 0x00007f0e65569000,0x00007f0e6566a000] [id=10291]

VM state:at safepoint (normal execution)

VM Mutex/Monitor currently owned by a thread:  ([mutex/lock_event])
[0x00007f0e7c0063e0] Threads_lock - owner thread: 0x00007f0e7c076800
[0x00007f0e7c0068e0] Heap_lock - owner thread: 0x00007f0e7c10e000

Heap:
 PSYoungGen      total 132096K, used 5100K [0x00000000eab00000, 0x00000000f3100000, 0x0000000100000000)
  eden space 126976K, 0% used [0x00000000eab00000,0x00000000eab00000,0x00000000f2700000)
  from space 5120K, 99% used [0x00000000f2700000,0x00000000f2bfb310,0x00000000f2c00000)
  to   space 5120K, 0% used [0x00000000f2c00000,0x00000000f2c00000,0x00000000f3100000)
 ParOldGen       total 84992K, used 44338K [0x00000000c0000000, 0x00000000c5300000, 0x00000000eab00000)
  object space 84992K, 52% used [0x00000000c0000000,0x00000000c2b4c848,0x00000000c5300000)
 Metaspace       used 6070K, capacity 7024K, committed 7296K, reserved 1056768K
  class space    used 590K, capacity 616K, committed 640K, reserved 1048576K

Card table byte_map: [0x00007f0e812ec000,0x00007f0e814ed000] byte_map_base: 0x00007f0e80cec000

Marking Bits: (ParMarkBitMap*) 0x00007f0e835c9de0
 Begin Bits: [0x00007f0e66000000, 0x00007f0e67000000)
 End Bits:   [0x00007f0e67000000, 0x00007f0e68000000)

Polling page: 0x00007f0e841ef000

CodeCache: size=245760Kb used=6417Kb max_used=6417Kb free=239342Kb
 bounds [0x00007f0e6d000000, 0x00007f0e6d650000, 0x00007f0e7c000000]
 total_blobs=1786 nmethods=1518 adapters=182
 compilation: enabled

Compilation events (10 events):
Event: 16.257 Thread 0x00007f0e7c0bc000 nmethod 1860 0x00007f0e6d644890 code [0x00007f0e6d644a40, 0x00007f0e6d644df8]
Event: 16.257 Thread 0x00007f0e7c0bc000 1817       2       com.android.dx.cf.direct.StdAttributeFactory::localVariableTable (98 bytes)
Event: 16.258 Thread 0x00007f0e7c0bc000 nmethod 1817 0x00007f0e6d645050 code [0x00007f0e6d645280, 0x00007f0e6d645a18]
Event: 16.258 Thread 0x00007f0e7c0bc000 1836       2       com.android.dx.ssa.Optimizer::runSsaFormSteps (117 bytes)
Event: 16.259 Thread 0x00007f0e7c0bc000 nmethod 1836 0x00007f0e6d6461d0 code [0x00007f0e6d6464a0, 0x00007f0e6d646f18]
Event: 16.259 Thread 0x00007f0e7c0bc000 1837       2       com.android.dx.ssa.MoveParamCombiner::process (12 bytes)
Event: 16.259 Thread 0x00007f0e7c0bc000 nmethod 1837 0x00007f0e6d647690 code [0x00007f0e6d647800, 0x00007f0e6d6479a8]
Event: 16.259 Thread 0x00007f0e7c0bc000 1838       2       com.android.dx.ssa.MoveParamCombiner::<init> (10 bytes)
Event: 16.259 Thread 0x00007f0e7c0bc000 nmethod 1838 0x00007f0e6d647a50 code [0x00007f0e6d647ba0, 0x00007f0e6d647d10]
Event: 16.259 Thread 0x00007f0e7c0bc000 1839       2       com.android.dx.ssa.MoveParamCombiner::run (45 bytes)

GC Heap History (9 events):
Event: 2.640 GC heap before
{Heap before GC invocations=1 (full 0):
 PSYoungGen      total 36864K, used 31744K [0x00000000eab00000, 0x00000000ed400000, 0x0000000100000000)
  eden space 31744K, 100% used [0x00000000eab00000,0x00000000eca00000,0x00000000eca00000)
  from space 5120K, 0% used [0x00000000ecf00000,0x00000000ecf00000,0x00000000ed400000)
  to   space 5120K, 0% used [0x00000000eca00000,0x00000000eca00000,0x00000000ecf00000)
 ParOldGen       total 84992K, used 0K [0x00000000c0000000, 0x00000000c5300000, 0x00000000eab00000)
  object space 84992K, 0% used [0x00000000c0000000,0x00000000c0000000,0x00000000c5300000)
 Metaspace       used 5734K, capacity 6768K, committed 7040K, reserved 1056768K
  class space    used 587K, capacity 616K, committed 640K, reserved 1048576K
Event: 2.668 GC heap after
Heap after GC invocations=1 (full 0):
 PSYoungGen      total 36864K, used 5088K [0x00000000eab00000, 0x00000000ef300000, 0x0000000100000000)
  eden space 31744K, 0% used [0x00000000eab00000,0x00000000eab00000,0x00000000eca00000)
  from space 5120K, 99% used [0x00000000eca00000,0x00000000ecef82a0,0x00000000ecf00000)
  to   space 5120K, 0% used [0x00000000eee00000,0x00000000eee00000,0x00000000ef300000)
 ParOldGen       total 84992K, used 1175K [0x00000000c0000000, 0x00000000c5300000, 0x00000000eab00000)
  object space 84992K, 1% used [0x00000000c0000000,0x00000000c0125db8,0x00000000c5300000)
 Metaspace       used 5734K, capacity 6768K, committed 7040K, reserved 1056768K
  class space    used 587K, capacity 616K, committed 640K, reserved 1048576K
}
Event: 3.550 GC heap before
{Heap before GC invocations=2 (full 0):
 PSYoungGen      total 36864K, used 36832K [0x00000000eab00000, 0x00000000ef300000, 0x0000000100000000)
  eden space 31744K, 100% used [0x00000000eab00000,0x00000000eca00000,0x00000000eca00000)
  from space 5120K, 99% used [0x00000000eca00000,0x00000000ecef82a0,0x00000000ecf00000)
  to   space 5120K, 0% used [0x00000000eee00000,0x00000000eee00000,0x00000000ef300000)
 ParOldGen       total 84992K, used 1175K [0x00000000c0000000, 0x00000000c5300000, 0x00000000eab00000)
  object space 84992K, 1% used [0x00000000c0000000,0x00000000c0125db8,0x00000000c5300000)
 Metaspace       used 5805K, capacity 6832K, committed 7040K, reserved 1056768K
  class space    used 589K, capacity 616K, committed 640K, reserved 1048576K
Event: 3.628 GC heap after
Heap after GC invocations=2 (full 0):
 PSYoungGen      total 68608K, used 5116K [0x00000000eab00000, 0x00000000ef300000, 0x0000000100000000)
  eden space 63488K, 0% used [0x00000000eab00000,0x00000000eab00000,0x00000000ee900000)
  from space 5120K, 99% used [0x00000000eee00000,0x00000000ef2ff040,0x00000000ef300000)
  to   space 5120K, 0% used [0x00000000ee900000,0x00000000ee900000,0x00000000eee00000)
 ParOldGen       total 84992K, used 5762K [0x00000000c0000000, 0x00000000c5300000, 0x00000000eab00000)
  object space 84992K, 6% used [0x00000000c0000000,0x00000000c05a0b40,0x00000000c5300000)
 Metaspace       used 5805K, capacity 6832K, committed 7040K, reserved 1056768K
  class space    used 589K, capacity 616K, committed 640K, reserved 1048576K
}
Event: 7.230 GC heap before
{Heap before GC invocations=3 (full 0):
 PSYoungGen      total 68608K, used 68553K [0x00000000eab00000, 0x00000000ef300000, 0x0000000100000000)
  eden space 63488K, 99% used [0x00000000eab00000,0x00000000ee8f36e0,0x00000000ee900000)
  from space 5120K, 99% used [0x00000000eee00000,0x00000000ef2ff040,0x00000000ef300000)
  to   space 5120K, 0% used [0x00000000ee900000,0x00000000ee900000,0x00000000eee00000)
 ParOldGen       total 84992K, used 5762K [0x00000000c0000000, 0x00000000c5300000, 0x00000000eab00000)
  object space 84992K, 6% used [0x00000000c0000000,0x00000000c05a0b40,0x00000000c5300000)
 Metaspace       used 5875K, capacity 6896K, committed 7040K, reserved 1056768K
  class space    used 589K, capacity 616K, committed 640K, reserved 1048576K
Event: 7.457 GC heap after
Heap after GC invocations=3 (full 0):
 PSYoungGen      total 68608K, used 5105K [0x00000000eab00000, 0x00000000f3100000, 0x0000000100000000)
  eden space 63488K, 0% used [0x00000000eab00000,0x00000000eab00000,0x00000000ee900000)
  from space 5120K, 99% used [0x00000000ee900000,0x00000000eedfc650,0x00000000eee00000)
  to   space 5120K, 0% used [0x00000000f2c00000,0x00000000f2c00000,0x00000000f3100000)
 ParOldGen       total 84992K, used 15466K [0x00000000c0000000, 0x00000000c5300000, 0x00000000eab00000)
  object space 84992K, 18% used [0x00000000c0000000,0x00000000c0f1aaf8,0x00000000c5300000)
 Metaspace       used 5875K, capacity 6896K, committed 7040K, reserved 1056768K
  class space    used 589K, capacity 616K, committed 640K, reserved 1048576K
}
Event: 8.546 GC heap before
{Heap before GC invocations=4 (full 0):
 PSYoungGen      total 68608K, used 68593K [0x00000000eab00000, 0x00000000f3100000, 0x0000000100000000)
  eden space 63488K, 100% used [0x00000000eab00000,0x00000000ee900000,0x00000000ee900000)
  from space 5120K, 99% used [0x00000000ee900000,0x00000000eedfc650,0x00000000eee00000)
  to   space 5120K, 0% used [0x00000000f2c00000,0x00000000f2c00000,0x00000000f3100000)
 ParOldGen       total 84992K, used 15466K [0x00000000c0000000, 0x00000000c5300000, 0x00000000eab00000)
  object space 84992K, 18% used [0x00000000c0000000,0x00000000c0f1aaf8,0x00000000c5300000)
 Metaspace       used 5917K, capacity 6896K, committed 7040K, reserved 1056768K
  class space    used 589K, capacity 616K, committed 640K, reserved 1048576K
Event: 8.664 GC heap after
Heap after GC invocations=4 (full 0):
 PSYoungGen      total 132096K, used 5098K [0x00000000eab00000, 0x00000000f3100000, 0x0000000100000000)
  eden space 126976K, 0% used [0x00000000eab00000,0x00000000eab00000,0x00000000f2700000)
  from space 5120K, 99% used [0x00000000f2c00000,0x00000000f30fa850,0x00000000f3100000)
  to   space 5120K, 0% used [0x00000000f2700000,0x00000000f2700000,0x00000000f2c00000)
 ParOldGen       total 84992K, used 24430K [0x00000000c0000000, 0x00000000c5300000, 0x00000000eab00000)
  object space 84992K, 28% used [0x00000000c0000000,0x00000000c17dbb10,0x00000000c5300000)
 Metaspace       used 5917K, capacity 6896K, committed 7040K, reserved 1056768K
  class space    used 589K, capacity 616K, committed 640K, reserved 1048576K
}
Event: 16.312 GC heap before
{Heap before GC invocations=5 (full 0):
 PSYoungGen      total 132096K, used 132074K [0x00000000eab00000, 0x00000000f3100000, 0x0000000100000000)
  eden space 126976K, 100% used [0x00000000eab00000,0x00000000f2700000,0x00000000f2700000)
  from space 5120K, 99% used [0x00000000f2c00000,0x00000000f30fa850,0x00000000f3100000)
  to   space 5120K, 0% used [0x00000000f2700000,0x00000000f2700000,0x00000000f2c00000)
 ParOldGen       total 84992K, used 24430K [0x00000000c0000000, 0x00000000c5300000, 0x00000000eab00000)
  object space 84992K, 28% used [0x00000000c0000000,0x00000000c17dbb10,0x00000000c5300000)
 Metaspace       used 6070K, capacity 7024K, committed 7296K, reserved 1056768K
  class space    used 590K, capacity 616K, committed 640K, reserved 1048576K

Deoptimization events (10 events):
Event: 3.817 Thread 0x00007f0e7c13a800 Uncommon trap: reason=null_check action=make_not_entrant pc=0x00007f0e6d3062b8 method=com.android.dx.ssa.SsaRenamer.getLocalForNewReg(I)Lcom/android/dx/rop/code/LocalItem; @ 19
Event: 5.013 Thread 0x00007f0e7c13f000 Uncommon trap: reason=unstable_if action=reinterpret pc=0x00007f0e6d2d16dc method=com.android.dx.rop.cst.Constant.compareTo(Lcom/android/dx/rop/cst/Constant;)I @ 12
Event: 9.333 Thread 0x00007f0e7c13f000 Uncommon trap: reason=bimorphic action=maybe_recompile pc=0x00007f0e6d319dcc method=java.util.HashMap.getNode(ILjava/lang/Object;)Ljava/util/HashMap$Node; @ 126
Event: 9.333 Thread 0x00007f0e7c13f000 Uncommon trap: reason=class_check action=maybe_recompile pc=0x00007f0e6d560234 method=java.util.HashMap.putVal(ILjava/lang/Object;Ljava/lang/Object;ZZ)Ljava/lang/Object; @ 203
Event: 9.755 Thread 0x00007f0e7c13f000 Uncommon trap: reason=bimorphic action=maybe_recompile pc=0x00007f0e6d319dcc method=java.util.HashMap.getNode(ILjava/lang/Object;)Ljava/util/HashMap$Node; @ 126
Event: 9.755 Thread 0x00007f0e7c13f000 Uncommon trap: reason=class_check action=maybe_recompile pc=0x00007f0e6d560234 method=java.util.HashMap.putVal(ILjava/lang/Object;Ljava/lang/Object;ZZ)Ljava/lang/Object; @ 203
Event: 9.755 Thread 0x00007f0e7c13f000 Uncommon trap: reason=bimorphic action=maybe_recompile pc=0x00007f0e6d319dcc method=java.util.HashMap.getNode(ILjava/lang/Object;)Ljava/util/HashMap$Node; @ 126
Event: 9.755 Thread 0x00007f0e7c13f000 Uncommon trap: reason=class_check action=maybe_recompile pc=0x00007f0e6d560234 method=java.util.HashMap.putVal(ILjava/lang/Object;Ljava/lang/Object;ZZ)Ljava/lang/Object; @ 203
Event: 9.803 Thread 0x00007f0e7c13f000 Uncommon trap: reason=bimorphic action=maybe_recompile pc=0x00007f0e6d319dcc method=java.util.HashMap.getNode(ILjava/lang/Object;)Ljava/util/HashMap$Node; @ 126
Event: 9.804 Thread 0x00007f0e7c13f000 Uncommon trap: reason=class_check action=maybe_recompile pc=0x00007f0e6d560234 method=java.util.HashMap.putVal(ILjava/lang/Object;Ljava/lang/Object;ZZ)Ljava/lang/Object; @ 203

Internal exceptions (4 events):
Event: 0.236 Thread 0x00007f0e7c008800 Exception <a 'java/lang/NoSuchMethodError': Method sun.misc.Unsafe.defineClass(Ljava/lang/String;[BII)Ljava/lang/Class; name or signature does not match> (0x00000000eab12b88) thrown at [/HUDSON/workspace/8-2-build-linux-amd64/jdk8u60/4407/hotspot/src/shar
Event: 0.236 Thread 0x00007f0e7c008800 Exception <a 'java/lang/NoSuchMethodError': Method sun.misc.Unsafe.prefetchRead(Ljava/lang/Object;J)V name or signature does not match> (0x00000000eab12e70) thrown at [/HUDSON/workspace/8-2-build-linux-amd64/jdk8u60/4407/hotspot/src/share/vm/prims/jni.cpp
Event: 2.901 Thread 0x00007f0e7c140800 Implicit null exception at 0x00007f0e6d2d9da6 to 0x00007f0e6d2dc4c9
Event: 3.817 Thread 0x00007f0e7c13a800 Implicit null exception at 0x00007f0e6d3035de to 0x00007f0e6d30627d

Events (10 events):
Event: 9.917 Thread 0x00007f0e7c10e000 DEOPT UNPACKING pc=0x00007f0e6d047633 sp=0x00007f0e65566ee0 mode 0
Event: 9.984 Thread 0x00007f0e7c140800 DEOPT PACKING pc=0x00007f0e6d4e40fe sp=0x00007f0e65162df0
Event: 9.984 Thread 0x00007f0e7c140800 DEOPT UNPACKING pc=0x00007f0e6d047633 sp=0x00007f0e65162c18 mode 0
Event: 10.123 Thread 0x00007f0e7c140800 DEOPT PACKING pc=0x00007f0e6d38932c sp=0x00007f0e65163060
Event: 10.123 Thread 0x00007f0e7c140800 DEOPT UNPACKING pc=0x00007f0e6d047633 sp=0x00007f0e65162d70 mode 0
Event: 10.437 Thread 0x00007f0e7c140800 DEOPT PACKING pc=0x00007f0e6d38932c sp=0x00007f0e651630a0
Event: 10.900 Thread 0x00007f0e7c140800 DEOPT UNPACKING pc=0x00007f0e6d047633 sp=0x00007f0e65162da0 mode 0
Event: 14.797 Thread 0x00007f0e7c13a800 DEOPT PACKING pc=0x00007f0e6d224e79 sp=0x00007f0e65365090
Event: 16.036 Thread 0x00007f0e7c13a800 DEOPT UNPACKING pc=0x00007f0e6d047633 sp=0x00007f0e65364de0 mode 0
Event: 16.300 Executing VM operation: ParallelGCFailedAllocation


Dynamic libraries:
00400000-00401000 r-xp 00000000 08:05 272478                             /usr/lib/jvm/java-8-jdk/jre/bin/java
00600000-00601000 rw-p 00000000 08:05 272478                             /usr/lib/jvm/java-8-jdk/jre/bin/java
00920000-00941000 rw-p 00000000 00:00 0                                  [heap]
c0000000-c5300000 rw-p 00000000 00:00 0 
c5300000-eab00000 ---p 00000000 00:00 0 
eab00000-f3100000 rw-p 00000000 00:00 0 
fd600000-100000000 ---p 00000000 00:00 0 
100000000-1000a0000 rw-p 00000000 00:00 0 
1000a0000-140000000 ---p 00000000 00:00 0 
7f0e18000000-7f0e1803e000 rw-p 00000000 00:00 0 
7f0e1803e000-7f0e1c000000 ---p 00000000 00:00 0 
7f0e20000000-7f0e20021000 rw-p 00000000 00:00 0 
7f0e20021000-7f0e24000000 ---p 00000000 00:00 0 
7f0e24000000-7f0e24022000 rw-p 00000000 00:00 0 
7f0e24022000-7f0e28000000 ---p 00000000 00:00 0 
7f0e28000000-7f0e2803b000 rw-p 00000000 00:00 0 
7f0e2803b000-7f0e2c000000 ---p 00000000 00:00 0 
7f0e2c000000-7f0e2c021000 rw-p 00000000 00:00 0 
7f0e2c021000-7f0e30000000 ---p 00000000 00:00 0 
7f0e30000000-7f0e30021000 rw-p 00000000 00:00 0 
7f0e30021000-7f0e34000000 ---p 00000000 00:00 0 
7f0e34000000-7f0e34021000 rw-p 00000000 00:00 0 
7f0e34021000-7f0e38000000 ---p 00000000 00:00 0 
7f0e38000000-7f0e38f15000 rw-p 00000000 00:00 0 
7f0e38f15000-7f0e3c000000 ---p 00000000 00:00 0 
7f0e3c000000-7f0e3c841000 rw-p 00000000 00:00 0 
7f0e3c841000-7f0e40000000 ---p 00000000 00:00 0 
7f0e40000000-7f0e40021000 rw-p 00000000 00:00 0 
7f0e40021000-7f0e44000000 ---p 00000000 00:00 0 
7f0e44000000-7f0e448bf000 rw-p 00000000 00:00 0 
7f0e448bf000-7f0e48000000 ---p 00000000 00:00 0 
7f0e48000000-7f0e48021000 rw-p 00000000 00:00 0 
7f0e48021000-7f0e4c000000 ---p 00000000 00:00 0 
7f0e4c000000-7f0e4c021000 rw-p 00000000 00:00 0 
7f0e4c021000-7f0e50000000 ---p 00000000 00:00 0 
7f0e50000000-7f0e50021000 rw-p 00000000 00:00 0 
7f0e50021000-7f0e54000000 ---p 00000000 00:00 0 
7f0e58000000-7f0e58021000 rw-p 00000000 00:00 0 
7f0e58021000-7f0e5c000000 ---p 00000000 00:00 0 
7f0e5c000000-7f0e5c28c000 rw-p 00000000 00:00 0 
7f0e5c28c000-7f0e60000000 ---p 00000000 00:00 0 
7f0e60000000-7f0e60021000 rw-p 00000000 00:00 0 
7f0e60021000-7f0e64000000 ---p 00000000 00:00 0 
7f0e65064000-7f0e65067000 ---p 00000000 00:00 0 
7f0e65067000-7f0e65165000 rw-p 00000000 00:00 0                          [stack:10296]
7f0e65165000-7f0e65168000 ---p 00000000 00:00 0 
7f0e65168000-7f0e65266000 rw-p 00000000 00:00 0                          [stack:10295]
7f0e65266000-7f0e65269000 ---p 00000000 00:00 0 
7f0e65269000-7f0e65367000 rw-p 00000000 00:00 0                          [stack:10294]
7f0e65367000-7f0e6536a000 ---p 00000000 00:00 0 
7f0e6536a000-7f0e65468000 rw-p 00000000 00:00 0                          [stack:10293]
7f0e65468000-7f0e6546b000 ---p 00000000 00:00 0 
7f0e6546b000-7f0e65569000 rw-p 00000000 00:00 0                          [stack:10292]
7f0e65569000-7f0e6556a000 ---p 00000000 00:00 0 
7f0e6556a000-7f0e6566a000 rw-p 00000000 00:00 0                          [stack:10291]
7f0e6566a000-7f0e6566d000 ---p 00000000 00:00 0 
7f0e6566d000-7f0e6576b000 rw-p 00000000 00:00 0                          [stack:10290]
7f0e6576b000-7f0e6576e000 ---p 00000000 00:00 0 
7f0e6576e000-7f0e6586c000 rw-p 00000000 00:00 0                          [stack:10289]
7f0e6586c000-7f0e6586f000 ---p 00000000 00:00 0 
7f0e6586f000-7f0e6596d000 rw-p 00000000 00:00 0                          [stack:10288]
7f0e6596d000-7f0e65970000 ---p 00000000 00:00 0 
7f0e65970000-7f0e65a6e000 rw-p 00000000 00:00 0                          [stack:10287]
7f0e65a6e000-7f0e65a71000 ---p 00000000 00:00 0 
7f0e65a71000-7f0e65b6f000 rw-p 00000000 00:00 0                          [stack:10286]
7f0e65b6f000-7f0e65cfd000 r--p 00000000 08:05 4739658                    /usr/lib/locale/locale-archive
7f0e65cfd000-7f0e65d00000 ---p 00000000 00:00 0 
7f0e65d00000-7f0e65dfe000 rw-p 00000000 00:00 0                          [stack:10285]
7f0e65dfe000-7f0e65e01000 ---p 00000000 00:00 0 
7f0e65e01000-7f0e65eff000 rw-p 00000000 00:00 0                          [stack:10284]
7f0e65eff000-7f0e65f00000 ---p 00000000 00:00 0 
7f0e65f00000-7f0e68000000 rw-p 00000000 00:00 0                          [stack:10283]
7f0e68000000-7f0e68021000 rw-p 00000000 00:00 0 
7f0e68021000-7f0e6c000000 ---p 00000000 00:00 0 
7f0e6c0f1000-7f0e6d000000 rw-p 00000000 00:00 0 
7f0e6d000000-7f0e6d650000 rwxp 00000000 00:00 0 
7f0e6d650000-7f0e7c000000 ---p 00000000 00:00 0 
7f0e7c000000-7f0e7c389000 rw-p 00000000 00:00 0 
7f0e7c389000-7f0e80000000 ---p 00000000 00:00 0 
7f0e80081000-7f0e80092000 r--s 000f6000 08:05 548177                     /home/mzwee/.gradle/caches/modules-2/files-2.1/com.fasterxml.jackson.core/jackson-databind/2.4.3/feff63199be7b8f495c2f3e2096dcb6bd5e5b0b3/jackson-databind-2.4.3.jar
7f0e80092000-7f0e80144000 rw-p 00000000 00:00 0 
7f0e80144000-7f0e8031c000 r--s 03d17000 08:05 399249                     /usr/lib/jvm/java-8-jdk/jre/lib/rt.jar
7f0e8031c000-7f0e80a12000 rw-p 00000000 00:00 0 
7f0e80a12000-7f0e80b92000 ---p 00000000 00:00 0 
7f0e80b92000-7f0e80d92000 rw-p 00000000 00:00 0 
7f0e80d92000-7f0e80d93000 ---p 00000000 00:00 0 
7f0e80d93000-7f0e80e93000 rw-p 00000000 00:00 0                          [stack:10282]
7f0e80e93000-7f0e80e94000 ---p 00000000 00:00 0 
7f0e80e94000-7f0e80f94000 rw-p 00000000 00:00 0                          [stack:10281]
7f0e80f94000-7f0e80f95000 ---p 00000000 00:00 0 
7f0e80f95000-7f0e81095000 rw-p 00000000 00:00 0                          [stack:10280]
7f0e81095000-7f0e81096000 ---p 00000000 00:00 0 
7f0e81096000-7f0e811c0000 rw-p 00000000 00:00 0                          [stack:10279]
7f0e811c0000-7f0e812ec000 ---p 00000000 00:00 0 
7f0e812ec000-7f0e81316000 rw-p 00000000 00:00 0 
7f0e81316000-7f0e81441000 ---p 00000000 00:00 0 
7f0e81441000-7f0e81485000 rw-p 00000000 00:00 0 
7f0e81485000-7f0e814ec000 ---p 00000000 00:00 0 
7f0e814ec000-7f0e81507000 rw-p 00000000 00:00 0 
7f0e81507000-7f0e818ad000 ---p 00000000 00:00 0 
7f0e818ad000-7f0e818c7000 r-xp 00000000 08:05 540675                     /usr/lib/jvm/java-8-jdk/jre/lib/amd64/libzip.so
7f0e818c7000-7f0e81ac7000 ---p 0001a000 08:05 540675                     /usr/lib/jvm/java-8-jdk/jre/lib/amd64/libzip.so
7f0e81ac7000-7f0e81ac8000 rw-p 0001a000 08:05 540675                     /usr/lib/jvm/java-8-jdk/jre/lib/amd64/libzip.so
7f0e81ac8000-7f0e81ad3000 r-xp 00000000 08:05 4721836                    /usr/lib/libnss_files-2.22.so
7f0e81ad3000-7f0e81cd2000 ---p 0000b000 08:05 4721836                    /usr/lib/libnss_files-2.22.so
7f0e81cd2000-7f0e81cd3000 r--p 0000a000 08:05 4721836                    /usr/lib/libnss_files-2.22.so
7f0e81cd3000-7f0e81cd4000 rw-p 0000b000 08:05 4721836                    /usr/lib/libnss_files-2.22.so
7f0e81cd4000-7f0e81cda000 rw-p 00000000 00:00 0 
7f0e81cda000-7f0e81d04000 r-xp 00000000 08:05 540695                     /usr/lib/jvm/java-8-jdk/jre/lib/amd64/libjava.so
7f0e81d04000-7f0e81f04000 ---p 0002a000 08:05 540695                     /usr/lib/jvm/java-8-jdk/jre/lib/amd64/libjava.so
7f0e81f04000-7f0e81f06000 rw-p 0002a000 08:05 540695                     /usr/lib/jvm/java-8-jdk/jre/lib/amd64/libjava.so
7f0e81f06000-7f0e81f13000 r-xp 00000000 08:05 540681                     /usr/lib/jvm/java-8-jdk/jre/lib/amd64/libverify.so
7f0e81f13000-7f0e82113000 ---p 0000d000 08:05 540681                     /usr/lib/jvm/java-8-jdk/jre/lib/amd64/libverify.so
7f0e82113000-7f0e82115000 rw-p 0000d000 08:05 540681                     /usr/lib/jvm/java-8-jdk/jre/lib/amd64/libverify.so
7f0e82115000-7f0e8211c000 r-xp 00000000 08:05 4721844                    /usr/lib/librt-2.22.so
7f0e8211c000-7f0e8231b000 ---p 00007000 08:05 4721844                    /usr/lib/librt-2.22.so
7f0e8231b000-7f0e8231c000 r--p 00006000 08:05 4721844                    /usr/lib/librt-2.22.so
7f0e8231c000-7f0e8231d000 rw-p 00007000 08:05 4721844                    /usr/lib/librt-2.22.so
7f0e8231d000-7f0e8241a000 r-xp 00000000 08:05 4721841                    /usr/lib/libm-2.22.so
7f0e8241a000-7f0e82619000 ---p 000fd000 08:05 4721841                    /usr/lib/libm-2.22.so
7f0e82619000-7f0e8261a000 r--p 000fc000 08:05 4721841                    /usr/lib/libm-2.22.so
7f0e8261a000-7f0e8261b000 rw-p 000fd000 08:05 4721841                    /usr/lib/libm-2.22.so
7f0e8261b000-7f0e832d9000 r-xp 00000000 08:05 540705                     /usr/lib/jvm/java-8-jdk/jre/lib/amd64/server/libjvm.so
7f0e832d9000-7f0e834d8000 ---p 00cbe000 08:05 540705                     /usr/lib/jvm/java-8-jdk/jre/lib/amd64/server/libjvm.so
7f0e834d8000-7f0e835b0000 rw-p 00cbd000 08:05 540705                     /usr/lib/jvm/java-8-jdk/jre/lib/amd64/server/libjvm.so
7f0e835b0000-7f0e835f5000 rw-p 00000000 00:00 0 
7f0e835f5000-7f0e83790000 r-xp 00000000 08:05 4721791                    /usr/lib/libc-2.22.so
7f0e83790000-7f0e8398f000 ---p 0019b000 08:05 4721791                    /usr/lib/libc-2.22.so
7f0e8398f000-7f0e83993000 r--p 0019a000 08:05 4721791                    /usr/lib/libc-2.22.so
7f0e83993000-7f0e83995000 rw-p 0019e000 08:05 4721791                    /usr/lib/libc-2.22.so
7f0e83995000-7f0e83999000 rw-p 00000000 00:00 0 
7f0e83999000-7f0e8399c000 r-xp 00000000 08:05 4721840                    /usr/lib/libdl-2.22.so
7f0e8399c000-7f0e83b9b000 ---p 00003000 08:05 4721840                    /usr/lib/libdl-2.22.so
7f0e83b9b000-7f0e83b9c000 r--p 00002000 08:05 4721840                    /usr/lib/libdl-2.22.so
7f0e83b9c000-7f0e83b9d000 rw-p 00003000 08:05 4721840                    /usr/lib/libdl-2.22.so
7f0e83b9d000-7f0e83bb2000 r-xp 00000000 08:05 799344                     /usr/lib/jvm/java-8-jdk/jre/lib/amd64/jli/libjli.so
7f0e83bb2000-7f0e83db2000 ---p 00015000 08:05 799344                     /usr/lib/jvm/java-8-jdk/jre/lib/amd64/jli/libjli.so
7f0e83db2000-7f0e83db3000 rw-p 00015000 08:05 799344                     /usr/lib/jvm/java-8-jdk/jre/lib/amd64/jli/libjli.so
7f0e83db3000-7f0e83dcb000 r-xp 00000000 08:05 4721772                    /usr/lib/libpthread-2.22.so
7f0e83dcb000-7f0e83fca000 ---p 00018000 08:05 4721772                    /usr/lib/libpthread-2.22.so
7f0e83fca000-7f0e83fcb000 r--p 00017000 08:05 4721772                    /usr/lib/libpthread-2.22.so
7f0e83fcb000-7f0e83fcc000 rw-p 00018000 08:05 4721772                    /usr/lib/libpthread-2.22.so
7f0e83fcc000-7f0e83fd0000 rw-p 00000000 00:00 0 
7f0e83fd0000-7f0e83ff2000 r-xp 00000000 08:05 4721790                    /usr/lib/ld-2.22.so
7f0e83ff7000-7f0e840bc000 rw-p 00000000 00:00 0 
7f0e840bc000-7f0e840bf000 ---p 00000000 00:00 0 
7f0e840bf000-7f0e841c1000 rw-p 00000000 00:00 0                          [stack:10271]
7f0e841c2000-7f0e841c3000 rw-p 00000000 00:00 0 
7f0e841c3000-7f0e841d2000 r--s 000df000 08:05 1868720                    /home/mzwee/Android/Sdk/build-tools/23.0.2/lib/dx.jar
7f0e841d2000-7f0e841e6000 rw-p 00000000 00:00 0 
7f0e841e6000-7f0e841ee000 rw-s 00000000 00:21 626920                     /tmp/hsperfdata_mzwee/10269
7f0e841ee000-7f0e841ef000 rw-p 00000000 00:00 0 
7f0e841ef000-7f0e841f0000 ---p 00000000 00:00 0 
7f0e841f0000-7f0e841f1000 rw-p 00000000 00:00 0 
7f0e841f1000-7f0e841f2000 r--p 00021000 08:05 4721790                    /usr/lib/ld-2.22.so
7f0e841f2000-7f0e841f3000 rw-p 00022000 08:05 4721790                    /usr/lib/ld-2.22.so
7f0e841f3000-7f0e841f4000 rw-p 00000000 00:00 0 
7fff645a7000-7fff645c8000 rw-p 00000000 00:00 0                          [stack]
7fff645fb000-7fff645fd000 r--p 00000000 00:00 0                          [vvar]
7fff645fd000-7fff645ff000 r-xp 00000000 00:00 0                          [vdso]
ffffffffff600000-ffffffffff601000 r-xp 00000000 00:00 0                  [vsyscall]

VM Arguments:
jvm_args: -Xmx1024M -Dfile.encoding=UTF-8 -Duser.country=US -Duser.language=en -Duser.variant 
java_command: com.android.dx.command.Main --dex --num-threads=4 --output /home/mzwee/AndroidStudioProjects/RandRestaurant/app/build/intermediates/pre-dexed/debug/jackson-databind-2.4.3-9c6cfd5510d6cfe8835bd53612daee79356a212f.jar /home/mzwee/.gradle/caches/modules-2/files-2.1/com.fasterxml.jackson.core/jackson-databind/2.4.3/feff63199be7b8f495c2f3e2096dcb6bd5e5b0b3/jackson-databind-2.4.3.jar
java_class_path (initial): /home/mzwee/Android/Sdk/build-tools/23.0.2/lib/dx.jar
Launcher Type: SUN_STANDARD

Environment Variables:
PATH=/home/mzwee/.rvm/gems/ruby-2.2.2/bin:/home/mzwee/.rvm/gems/ruby-2.2.2@global/bin:/home/mzwee/.rvm/rubies/ruby-2.2.2/bin:/home/mzwee/local/bin:/usr/local/sbin:/usr/local/bin:/usr/bin:/usr/lib/jvm/default/bin:/usr/bin/site_perl:/usr/bin/vendor_perl:/usr/bin/core_perl:/home/mzwee/.rvm/bin
LD_LIBRARY_PATH=/opt/android-studio/bin:
SHELL=/bin/bash
DISPLAY=:0

Signal Handlers:
SIGSEGV: [libjvm.so+0xaba070], sa_mask[0]=11111111011111111101111111111110, sa_flags=SA_RESTART|SA_SIGINFO
SIGBUS: [libjvm.so+0xaba070], sa_mask[0]=11111111011111111101111111111110, sa_flags=SA_RESTART|SA_SIGINFO
SIGFPE: [libjvm.so+0x917630], sa_mask[0]=11111111011111111101111111111110, sa_flags=SA_RESTART|SA_SIGINFO
SIGPIPE: [libjvm.so+0x917630], sa_mask[0]=11111111011111111101111111111110, sa_flags=SA_RESTART|SA_SIGINFO
SIGXFSZ: [libjvm.so+0x917630], sa_mask[0]=11111111011111111101111111111110, sa_flags=SA_RESTART|SA_SIGINFO
SIGILL: [libjvm.so+0x917630], sa_mask[0]=11111111011111111101111111111110, sa_flags=SA_RESTART|SA_SIGINFO
SIGUSR1: SIG_DFL, sa_mask[0]=00000000000000000000000000000000, sa_flags=none
SIGUSR2: [libjvm.so+0x918c60], sa_mask[0]=00100000000000000000000000000000, sa_flags=SA_RESTART|SA_SIGINFO
SIGHUP: [libjvm.so+0x91a060], sa_mask[0]=11111111011111111101111111111110, sa_flags=SA_RESTART|SA_SIGINFO
SIGINT: SIG_IGN, sa_mask[0]=00000000000000000000000000000000, sa_flags=none
SIGTERM: [libjvm.so+0x91a060], sa_mask[0]=11111111011111111101111111111110, sa_flags=SA_RESTART|SA_SIGINFO
SIGQUIT: [libjvm.so+0x91a060], sa_mask[0]=11111111011111111101111111111110, sa_flags=SA_RESTART|SA_SIGINFO


---------------  S Y S T E M  ---------------

OS:NAME="Arch Linux"
ID=arch
PRETTY_NAME="Arch Linux"
ANSI_COLOR="0;36"
HOME_URL="https://www.archlinux.org/"
SUPPORT_URL="https://bbs.archlinux.org/"
BUG_REPORT_URL="https://bugs.archlinux.org/"


uname:Linux 4.3.3-3-ARCH #1 SMP PREEMPT Wed Jan 20 08:12:23 CET 2016 x86_64
libc:glibc 2.22 NPTL 2.22 
rlimit: STACK 8192k, CORE 0k, NPROC 30723, NOFILE 4096, AS infinity
load average:19.41 10.46 6.61

/proc/meminfo:
MemTotal:        8067340 kB
MemFree:           48460 kB
MemAvailable:      61216 kB
Buffers:             428 kB
Cached:          1949596 kB
SwapCached:            0 kB
Active:          6482816 kB
Inactive:        1355488 kB
Active(anon):    6476820 kB
Inactive(anon):  1349504 kB
Active(file):       5996 kB
Inactive(file):     5984 kB
Unevictable:           0 kB
Mlocked:               0 kB
SwapTotal:             0 kB
SwapFree:              0 kB
Dirty:                 0 kB
Writeback:             0 kB
AnonPages:       5888700 kB
Mapped:           245632 kB
Shmem:           1937500 kB
Slab:              66460 kB
SReclaimable:      34956 kB
SUnreclaim:        31504 kB
KernelStack:        8336 kB
PageTables:        36936 kB
NFS_Unstable:          0 kB
Bounce:                0 kB
WritebackTmp:          0 kB
CommitLimit:     4033668 kB
Committed_AS:   12528684 kB
VmallocTotal:   34359738367 kB
VmallocUsed:      382636 kB
VmallocChunk:   34358947836 kB
HardwareCorrupted:     0 kB
AnonHugePages:   3252224 kB
HugePages_Total:       0
HugePages_Free:        0
HugePages_Rsvd:        0
HugePages_Surp:        0
Hugepagesize:       2048 kB
DirectMap4k:      171564 kB
DirectMap2M:     7055360 kB
DirectMap1G:     2097152 kB


CPU:total 4 (2 cores per cpu, 2 threads per core) family 6 model 69 stepping 1, cmov, cx8, fxsr, mmx, sse, sse2, sse3, ssse3, sse4.1, sse4.2, popcnt, avx, avx2, aes, clmul, erms, lzcnt, ht, tsc, tscinvbit, bmi1, bmi2

/proc/cpuinfo:
processor	: 0
vendor_id	: GenuineIntel
cpu family	: 6
model		: 69
model name	: Intel(R) Core(TM) i5-4210U CPU @ 1.70GHz
stepping	: 1
microcode	: 0x17
cpu MHz		: 2399.906
cache size	: 3072 KB
physical id	: 0
siblings	: 4
core id		: 0
cpu cores	: 2
apicid		: 0
initial apicid	: 0
fpu		: yes
fpu_exception	: yes
cpuid level	: 13
wp		: yes
flags		: fpu vme de pse tsc msr pae mce cx8 apic sep mtrr pge mca cmov pat pse36 clflush dts acpi mmx fxsr sse sse2 ss ht tm pbe syscall nx pdpe1gb rdtscp lm constant_tsc arch_perfmon pebs bts rep_good nopl xtopology nonstop_tsc aperfmperf eagerfpu pni pclmulqdq dtes64 monitor ds_cpl vmx est tm2 ssse3 sdbg fma cx16 xtpr pdcm pcid sse4_1 sse4_2 movbe popcnt tsc_deadline_timer aes xsave avx f16c rdrand lahf_lm abm ida arat epb pln pts dtherm tpr_shadow vnmi flexpriority ept vpid fsgsbase tsc_adjust bmi1 avx2 smep bmi2 erms invpcid xsaveopt
bugs		:
bogomips	: 4790.37
clflush size	: 64
cache_alignment	: 64
address sizes	: 39 bits physical, 48 bits virtual
power management:

processor	: 1
vendor_id	: GenuineIntel
cpu family	: 6
model		: 69
model name	: Intel(R) Core(TM) i5-4210U CPU @ 1.70GHz
stepping	: 1
microcode	: 0x17
cpu MHz		: 2400.000
cache size	: 3072 KB
physical id	: 0
siblings	: 4
core id		: 1
cpu cores	: 2
apicid		: 2
initial apicid	: 2
fpu		: yes
fpu_exception	: yes
cpuid level	: 13
wp		: yes
flags		: fpu vme de pse tsc msr pae mce cx8 apic sep mtrr pge mca cmov pat pse36 clflush dts acpi mmx fxsr sse sse2 ss ht tm pbe syscall nx pdpe1gb rdtscp lm constant_tsc arch_perfmon pebs bts rep_good nopl xtopology nonstop_tsc aperfmperf eagerfpu pni pclmulqdq dtes64 monitor ds_cpl vmx est tm2 ssse3 sdbg fma cx16 xtpr pdcm pcid sse4_1 sse4_2 movbe popcnt tsc_deadline_timer aes xsave avx f16c rdrand lahf_lm abm ida arat epb pln pts dtherm tpr_shadow vnmi flexpriority ept vpid fsgsbase tsc_adjust bmi1 avx2 smep bmi2 erms invpcid xsaveopt
bugs		:
bogomips	: 4790.37
clflush size	: 64
cache_alignment	: 64
address sizes	: 39 bits physical, 48 bits virtual
power management:

processor	: 2
vendor_id	: GenuineIntel
cpu family	: 6
model		: 69
model name	: Intel(R) Core(TM) i5-4210U CPU @ 1.70GHz
stepping	: 1
microcode	: 0x17
cpu MHz		: 2399.906
cache size	: 3072 KB
physical id	: 0
siblings	: 4
core id		: 0
cpu cores	: 2
apicid		: 1
initial apicid	: 1
fpu		: yes
fpu_exception	: yes
cpuid level	: 13
wp		: yes
flags		: fpu vme de pse tsc msr pae mce cx8 apic sep mtrr pge mca cmov pat pse36 clflush dts acpi mmx fxsr sse sse2 ss ht tm pbe syscall nx pdpe1gb rdtscp lm constant_tsc arch_perfmon pebs bts rep_good nopl xtopology nonstop_tsc aperfmperf eagerfpu pni pclmulqdq dtes64 monitor ds_cpl vmx est tm2 ssse3 sdbg fma cx16 xtpr pdcm pcid sse4_1 sse4_2 movbe popcnt tsc_deadline_timer aes xsave avx f16c rdrand lahf_lm abm ida arat epb pln pts dtherm tpr_shadow vnmi flexpriority ept vpid fsgsbase tsc_adjust bmi1 avx2 smep bmi2 erms invpcid xsaveopt
bugs		:
bogomips	: 4790.37
clflush size	: 64
cache_alignment	: 64
address sizes	: 39 bits physical, 48 bits virtual
power management:

processor	: 3
vendor_id	: GenuineIntel
cpu family	: 6
model		: 69
model name	: Intel(R) Core(TM) i5-4210U CPU @ 1.70GHz
stepping	: 1
microcode	: 0x17
cpu MHz		: 2400.000
cache size	: 3072 KB
physical id	: 0
siblings	: 4
core id		: 1
cpu cores	: 2
apicid		: 3
initial apicid	: 3
fpu		: yes
fpu_exception	: yes
cpuid level	: 13
wp		: yes
flags		: fpu vme de pse tsc msr pae mce cx8 apic sep mtrr pge mca cmov pat pse36 clflush dts acpi mmx fxsr sse sse2 ss ht tm pbe syscall nx pdpe1gb rdtscp lm constant_tsc arch_perfmon pebs bts rep_good nopl xtopology nonstop_tsc aperfmperf eagerfpu pni pclmulqdq dtes64 monitor ds_cpl vmx est tm2 ssse3 sdbg fma cx16 xtpr pdcm pcid sse4_1 sse4_2 movbe popcnt tsc_deadline_timer aes xsave avx f16c rdrand lahf_lm abm ida arat epb pln pts dtherm tpr_shadow vnmi flexpriority ept vpid fsgsbase tsc_adjust bmi1 avx2 smep bmi2 erms invpcid xsaveopt
bugs		:
bogomips	: 4790.37
clflush size	: 64
cache_alignment	: 64
address sizes	: 39 bits physical, 48 bits virtual
power management:



Memory: 4k page, physical 8067340k(50200k free), swap 0k(0k free)

vm_info: Java HotSpot(TM) 64-Bit Server VM (25.60-b23) for linux-amd64 JRE (1.8.0_60-b27), built on Aug  4 2015 12:19:40 by "java_re" with gcc 4.3.0 20080428 (Red Hat 4.3.0-8)

time: Sun Feb 21 04:09:19 2016
elapsed time: 16 seconds (0d 0h 0m 16s)

