#
# There is insufficient memory for the Java Runtime Environment to continue.
# Native memory allocation (mmap) failed to map 173015040 bytes for committing reserved memory.
# Possible reasons:
#   The system is out of physical RAM or swap space
#   In 32 bit mode, the process size limit was hit
# Possible solutions:
#   Reduce memory load on the system
#   Increase physical memory or swap space
#   Check if swap backing store is full
#   Use 64 bit Java on a 64 bit OS
#   Decrease Java heap size (-Xmx/-Xms)
#   Decrease number of Java threads
#   Decrease Java thread stack sizes (-Xss)
#   Set larger code cache with -XX:ReservedCodeCacheSize=
# This output file may be truncated or incomplete.
#
#  Out of Memory Error (os_linux.cpp:2627), pid=14340, tid=140050103334656
#
# JRE version: Java(TM) SE Runtime Environment (8.0_60-b27) (build 1.8.0_60-b27)
# Java VM: Java HotSpot(TM) 64-Bit Server VM (25.60-b23 mixed mode linux-amd64 compressed oops)
# Failed to write core dump. Core dumps have been disabled. To enable core dumping, try "ulimit -c unlimited" before starting Java again
#

---------------  T H R E A D  ---------------

Current thread (0x00007f600c076800):  VMThread [stack: 0x00007f5ff498f000,0x00007f5ff4a90000] [id=14351]

Stack: [0x00007f5ff498f000,0x00007f5ff4a90000],  sp=0x00007f5ff4a8e320,  free space=1020k
Native frames: (J=compiled Java code, j=interpreted, Vv=VM code, C=native code)
V  [libjvm.so+0xab97ea]  VMError::report_and_die()+0x2ba
V  [libjvm.so+0x4f9dab]  report_vm_out_of_memory(char const*, int, unsigned long, VMErrorType, char const*)+0x8b
V  [libjvm.so+0x91a7c3]  os::Linux::commit_memory_impl(char*, unsigned long, bool)+0x103
V  [libjvm.so+0x91ad19]  os::pd_commit_memory(char*, unsigned long, unsigned long, bool)+0x29
V  [libjvm.so+0x91502a]  os::commit_memory(char*, unsigned long, unsigned long, bool)+0x2a
V  [libjvm.so+0x9886d3]  PSVirtualSpace::expand_by(unsigned long)+0x53
V  [libjvm.so+0x989ad8]  PSYoungGen::resize_generation(unsigned long, unsigned long)+0xf8
V  [libjvm.so+0x988c32]  PSYoungGen::resize(unsigned long, unsigned long)+0x22
V  [libjvm.so+0x985f0b]  PSScavenge::invoke_no_policy()+0xf3b
V  [libjvm.so+0x986691]  PSScavenge::invoke()+0x41
V  [libjvm.so+0x93e430]  ParallelScavengeHeap::failed_mem_allocate(unsigned long)+0x70
V  [libjvm.so+0xabb207]  VM_ParallelGCFailedAllocation::doit()+0x97
V  [libjvm.so+0xac2c35]  VM_Operation::evaluate()+0x55
V  [libjvm.so+0xac100a]  VMThread::evaluate_operation(VM_Operation*)+0xba
V  [libjvm.so+0xac138e]  VMThread::loop()+0x1ce
V  [libjvm.so+0xac1800]  VMThread::run()+0x70
V  [libjvm.so+0x91cb88]  java_start(Thread*)+0x108

VM_Operation (0x00007f5fefcfa9f0): ParallelGCFailedAllocation, mode: safepoint, requested by thread 0x00007f600c134000


---------------  P R O C E S S  ---------------

Java Threads: ( => current thread )
  0x00007f600c139000 JavaThread "pool-1-thread-4" [_thread_blocked, id=14374, stack(0x00007f5fef9fa000,0x00007f5fefafb000)]
  0x00007f600c136000 JavaThread "pool-1-thread-3" [_thread_blocked, id=14373, stack(0x00007f5fefafb000,0x00007f5fefbfc000)]
  0x00007f600c134000 JavaThread "pool-1-thread-2" [_thread_blocked, id=14372, stack(0x00007f5fefbfc000,0x00007f5fefcfd000)]
  0x00007f600c131800 JavaThread "pool-2-thread-1" [_thread_blocked, id=14371, stack(0x00007f5fefcfd000,0x00007f5fefdfe000)]
  0x00007f600c12f000 JavaThread "pool-1-thread-1" [_thread_blocked, id=14370, stack(0x00007f5fefdfe000,0x00007f5fefeff000)]
  0x00007f600c0c0800 JavaThread "Service Thread" daemon [_thread_blocked, id=14361, stack(0x00007f5ff40fa000,0x00007f5ff41fb000)]
  0x00007f600c0bc000 JavaThread "C1 CompilerThread2" daemon [_thread_blocked, id=14360, stack(0x00007f5ff41fb000,0x00007f5ff42fc000)]
  0x00007f600c0ba000 JavaThread "C2 CompilerThread1" daemon [_thread_in_native, id=14359, stack(0x00007f5ff42fc000,0x00007f5ff43fd000)]
  0x00007f600c0b7000 JavaThread "C2 CompilerThread0" daemon [_thread_blocked, id=14358, stack(0x00007f5ff43fd000,0x00007f5ff44fe000)]
  0x00007f600c0b5800 JavaThread "Signal Dispatcher" daemon [_thread_blocked, id=14357, stack(0x00007f5ff44fe000,0x00007f5ff45ff000)]
  0x00007f600c07d800 JavaThread "Finalizer" daemon [_thread_blocked, id=14356, stack(0x00007f5ff478d000,0x00007f5ff488e000)]
  0x00007f600c07b800 JavaThread "Reference Handler" daemon [_thread_blocked, id=14355, stack(0x00007f5ff488e000,0x00007f5ff498f000)]
  0x00007f600c008800 JavaThread "main" [_thread_blocked, id=14342, stack(0x00007f60129db000,0x00007f6012adc000)]

Other Threads:
=>0x00007f600c076800 VMThread [stack: 0x00007f5ff498f000,0x00007f5ff4a90000] [id=14351]
  0x00007f600c0c3800 WatcherThread [stack: 0x00007f5fefeff000,0x00007f5ff0000000] [id=14362]

VM state:at safepoint (normal execution)

VM Mutex/Monitor currently owned by a thread:  ([mutex/lock_event])
[0x00007f600c0063e0] Threads_lock - owner thread: 0x00007f600c076800
[0x00007f600c0068e0] Heap_lock - owner thread: 0x00007f600c134000

Heap:
 PSYoungGen      total 132096K, used 5102K [0x00000000eab00000, 0x00000000f3100000, 0x0000000100000000)
  eden space 126976K, 0% used [0x00000000eab00000,0x00000000eab00000,0x00000000f2700000)
  from space 5120K, 99% used [0x00000000f2700000,0x00000000f2bfb808,0x00000000f2c00000)
  to   space 5120K, 0% used [0x00000000f2c00000,0x00000000f2c00000,0x00000000f3100000)
 ParOldGen       total 84992K, used 45595K [0x00000000c0000000, 0x00000000c5300000, 0x00000000eab00000)
  object space 84992K, 53% used [0x00000000c0000000,0x00000000c2c86f40,0x00000000c5300000)
 Metaspace       used 6014K, capacity 7088K, committed 7296K, reserved 1056768K
  class space    used 581K, capacity 616K, committed 640K, reserved 1048576K

Card table byte_map: [0x00007f5ffca3f000,0x00007f5ffcc40000] byte_map_base: 0x00007f5ffc43f000

Marking Bits: (ParMarkBitMap*) 0x00007f6011ee8de0
 Begin Bits: [0x00007f5ff6000000, 0x00007f5ff7000000)
 End Bits:   [0x00007f5ff7000000, 0x00007f5ff8000000)

Polling page: 0x00007f6012b0e000

CodeCache: size=245760Kb used=6071Kb max_used=6071Kb free=239688Kb
 bounds [0x00007f5ffd000000, 0x00007f5ffd600000, 0x00007f600c000000]
 total_blobs=1853 nmethods=1584 adapters=182
 compilation: enabled

Compilation events (10 events):
Event: 8.661 Thread 0x00007f600c0bc000 nmethod 1923 0x00007f5ffd5effd0 code [0x00007f5ffd5f0120, 0x00007f5ffd5f0250]
Event: 8.661 Thread 0x00007f600c0bc000 1938       2       java.util.concurrent.ThreadPoolExecutor::workerCountOf (5 bytes)
Event: 8.661 Thread 0x00007f600c0bc000 nmethod 1938 0x00007f5ffd5f02d0 code [0x00007f5ffd5f0420, 0x00007f5ffd5f0550]
Event: 8.661 Thread 0x00007f600c0bc000 1925       2       java.util.concurrent.locks.ReentrantLock::unlock (10 bytes)
Event: 8.661 Thread 0x00007f600c0bc000 nmethod 1925 0x00007f5ffd5f05d0 code [0x00007f5ffd5f0740, 0x00007f5ffd5f0918]
Event: 8.661 Thread 0x00007f600c0bc000 1919       2       com.android.dx.cf.direct.MemberListParser::getCount (17 bytes)
Event: 8.669 Thread 0x00007f600c0bc000 nmethod 1919 0x00007f5ffd5f0a50 code [0x00007f5ffd5f0bc0, 0x00007f5ffd5f0dc8]
Event: 8.669 Thread 0x00007f600c0bc000 1941       2       com.android.dx.cf.code.OneLocalsArray::makeInitialized (55 bytes)
Event: 8.670 Thread 0x00007f600c0bc000 nmethod 1941 0x00007f5ffd5f0fd0 code [0x00007f5ffd5f1160, 0x00007f5ffd5f1518]
Event: 8.670 Thread 0x00007f600c0bc000 1939   !   2       com.android.dx.cf.direct.MemberListParser::parse (641 bytes)

GC Heap History (9 events):
Event: 2.887 GC heap before
{Heap before GC invocations=1 (full 0):
 PSYoungGen      total 36864K, used 31744K [0x00000000eab00000, 0x00000000ed400000, 0x0000000100000000)
  eden space 31744K, 100% used [0x00000000eab00000,0x00000000eca00000,0x00000000eca00000)
  from space 5120K, 0% used [0x00000000ecf00000,0x00000000ecf00000,0x00000000ed400000)
  to   space 5120K, 0% used [0x00000000eca00000,0x00000000eca00000,0x00000000ecf00000)
 ParOldGen       total 84992K, used 0K [0x00000000c0000000, 0x00000000c5300000, 0x00000000eab00000)
  object space 84992K, 0% used [0x00000000c0000000,0x00000000c0000000,0x00000000c5300000)
 Metaspace       used 5678K, capacity 6768K, committed 7040K, reserved 1056768K
  class space    used 580K, capacity 616K, committed 640K, reserved 1048576K
Event: 2.959 GC heap after
Heap after GC invocations=1 (full 0):
 PSYoungGen      total 36864K, used 5088K [0x00000000eab00000, 0x00000000ef300000, 0x0000000100000000)
  eden space 31744K, 0% used [0x00000000eab00000,0x00000000eab00000,0x00000000eca00000)
  from space 5120K, 99% used [0x00000000eca00000,0x00000000ecef8290,0x00000000ecf00000)
  to   space 5120K, 0% used [0x00000000eee00000,0x00000000eee00000,0x00000000ef300000)
 ParOldGen       total 84992K, used 1776K [0x00000000c0000000, 0x00000000c5300000, 0x00000000eab00000)
  object space 84992K, 2% used [0x00000000c0000000,0x00000000c01bc358,0x00000000c5300000)
 Metaspace       used 5678K, capacity 6768K, committed 7040K, reserved 1056768K
  class space    used 580K, capacity 616K, committed 640K, reserved 1048576K
}
Event: 4.110 GC heap before
{Heap before GC invocations=2 (full 0):
 PSYoungGen      total 36864K, used 36832K [0x00000000eab00000, 0x00000000ef300000, 0x0000000100000000)
  eden space 31744K, 100% used [0x00000000eab00000,0x00000000eca00000,0x00000000eca00000)
  from space 5120K, 99% used [0x00000000eca00000,0x00000000ecef8290,0x00000000ecf00000)
  to   space 5120K, 0% used [0x00000000eee00000,0x00000000eee00000,0x00000000ef300000)
 ParOldGen       total 84992K, used 1776K [0x00000000c0000000, 0x00000000c5300000, 0x00000000eab00000)
  object space 84992K, 2% used [0x00000000c0000000,0x00000000c01bc358,0x00000000c5300000)
 Metaspace       used 5738K, capacity 6832K, committed 7040K, reserved 1056768K
  class space    used 581K, capacity 616K, committed 640K, reserved 1048576K
Event: 4.172 GC heap after
Heap after GC invocations=2 (full 0):
 PSYoungGen      total 68608K, used 5100K [0x00000000eab00000, 0x00000000ef300000, 0x0000000100000000)
  eden space 63488K, 0% used [0x00000000eab00000,0x00000000eab00000,0x00000000ee900000)
  from space 5120K, 99% used [0x00000000eee00000,0x00000000ef2fb140,0x00000000ef300000)
  to   space 5120K, 0% used [0x00000000ee900000,0x00000000ee900000,0x00000000eee00000)
 ParOldGen       total 84992K, used 7124K [0x00000000c0000000, 0x00000000c5300000, 0x00000000eab00000)
  object space 84992K, 8% used [0x00000000c0000000,0x00000000c06f52e0,0x00000000c5300000)
 Metaspace       used 5738K, capacity 6832K, committed 7040K, reserved 1056768K
  class space    used 581K, capacity 616K, committed 640K, reserved 1048576K
}
Event: 5.586 GC heap before
{Heap before GC invocations=3 (full 0):
 PSYoungGen      total 68608K, used 68588K [0x00000000eab00000, 0x00000000ef300000, 0x0000000100000000)
  eden space 63488K, 100% used [0x00000000eab00000,0x00000000ee900000,0x00000000ee900000)
  from space 5120K, 99% used [0x00000000eee00000,0x00000000ef2fb140,0x00000000ef300000)
  to   space 5120K, 0% used [0x00000000ee900000,0x00000000ee900000,0x00000000eee00000)
 ParOldGen       total 84992K, used 7124K [0x00000000c0000000, 0x00000000c5300000, 0x00000000eab00000)
  object space 84992K, 8% used [0x00000000c0000000,0x00000000c06f52e0,0x00000000c5300000)
 Metaspace       used 5790K, capacity 6896K, committed 7040K, reserved 1056768K
  class space    used 581K, capacity 616K, committed 640K, reserved 1048576K
Event: 5.722 GC heap after
Heap after GC invocations=3 (full 0):
 PSYoungGen      total 68608K, used 5099K [0x00000000eab00000, 0x00000000f3100000, 0x0000000100000000)
  eden space 63488K, 0% used [0x00000000eab00000,0x00000000eab00000,0x00000000ee900000)
  from space 5120K, 99% used [0x00000000ee900000,0x00000000eedfac38,0x00000000eee00000)
  to   space 5120K, 0% used [0x00000000f2c00000,0x00000000f2c00000,0x00000000f3100000)
 ParOldGen       total 84992K, used 16548K [0x00000000c0000000, 0x00000000c5300000, 0x00000000eab00000)
  object space 84992K, 19% used [0x00000000c0000000,0x00000000c10290a8,0x00000000c5300000)
 Metaspace       used 5790K, capacity 6896K, committed 7040K, reserved 1056768K
  class space    used 581K, capacity 616K, committed 640K, reserved 1048576K
}
Event: 6.639 GC heap before
{Heap before GC invocations=4 (full 0):
 PSYoungGen      total 68608K, used 68587K [0x00000000eab00000, 0x00000000f3100000, 0x0000000100000000)
  eden space 63488K, 100% used [0x00000000eab00000,0x00000000ee900000,0x00000000ee900000)
  from space 5120K, 99% used [0x00000000ee900000,0x00000000eedfac38,0x00000000eee00000)
  to   space 5120K, 0% used [0x00000000f2c00000,0x00000000f2c00000,0x00000000f3100000)
 ParOldGen       total 84992K, used 16548K [0x00000000c0000000, 0x00000000c5300000, 0x00000000eab00000)
  object space 84992K, 19% used [0x00000000c0000000,0x00000000c10290a8,0x00000000c5300000)
 Metaspace       used 5847K, capacity 6960K, committed 7040K, reserved 1056768K
  class space    used 581K, capacity 616K, committed 640K, reserved 1048576K
Event: 6.753 GC heap after
Heap after GC invocations=4 (full 0):
 PSYoungGen      total 132096K, used 5107K [0x00000000eab00000, 0x00000000f3100000, 0x0000000100000000)
  eden space 126976K, 0% used [0x00000000eab00000,0x00000000eab00000,0x00000000f2700000)
  from space 5120K, 99% used [0x00000000f2c00000,0x00000000f30fcde8,0x00000000f3100000)
  to   space 5120K, 0% used [0x00000000f2700000,0x00000000f2700000,0x00000000f2c00000)
 ParOldGen       total 84992K, used 25629K [0x00000000c0000000, 0x00000000c5300000, 0x00000000eab00000)
  object space 84992K, 30% used [0x00000000c0000000,0x00000000c1907708,0x00000000c5300000)
 Metaspace       used 5847K, capacity 6960K, committed 7040K, reserved 1056768K
  class space    used 581K, capacity 616K, committed 640K, reserved 1048576K
}
Event: 8.695 GC heap before
{Heap before GC invocations=5 (full 0):
 PSYoungGen      total 132096K, used 132083K [0x00000000eab00000, 0x00000000f3100000, 0x0000000100000000)
  eden space 126976K, 100% used [0x00000000eab00000,0x00000000f2700000,0x00000000f2700000)
  from space 5120K, 99% used [0x00000000f2c00000,0x00000000f30fcde8,0x00000000f3100000)
  to   space 5120K, 0% used [0x00000000f2700000,0x00000000f2700000,0x00000000f2c00000)
 ParOldGen       total 84992K, used 25629K [0x00000000c0000000, 0x00000000c5300000, 0x00000000eab00000)
  object space 84992K, 30% used [0x00000000c0000000,0x00000000c1907708,0x00000000c5300000)
 Metaspace       used 6014K, capacity 7088K, committed 7296K, reserved 1056768K
  class space    used 581K, capacity 616K, committed 640K, reserved 1048576K

Deoptimization events (10 events):
Event: 2.257 Thread 0x00007f600c008800 Uncommon trap: reason=unstable_if action=reinterpret pc=0x00007f5ffd1b4c94 method=java.lang.String.<init>([CII)V @ 18
Event: 3.113 Thread 0x00007f600c139000 Uncommon trap: reason=null_check action=make_not_entrant pc=0x00007f5ffd2d26f8 method=com.android.dx.ssa.SsaRenamer.getLocalForNewReg(I)Lcom/android/dx/rop/code/LocalItem; @ 19
Event: 5.292 Thread 0x00007f600c139000 Uncommon trap: reason=unstable_if action=reinterpret pc=0x00007f5ffd230adc method=com.android.dx.rop.cst.Constant.compareTo(Lcom/android/dx/rop/cst/Constant;)I @ 12
Event: 5.815 Thread 0x00007f600c008800 Uncommon trap: reason=unstable_if action=reinterpret pc=0x00007f5ffd3b1184 method=com.android.dx.util.IntList.binarysearch(I)I @ 105
Event: 6.060 Thread 0x00007f600c139000 Uncommon trap: reason=unstable_if action=reinterpret pc=0x00007f5ffd24925c method=com.android.dx.rop.code.RegisterSpec.equals(ILcom/android/dx/rop/type/TypeBearer;Lcom/android/dx/rop/code/LocalItem;)Z @ 42
Event: 7.391 Thread 0x00007f600c134000 Uncommon trap: reason=bimorphic action=maybe_recompile pc=0x00007f5ffd2de04c method=java.util.HashMap.getNode(ILjava/lang/Object;)Ljava/util/HashMap$Node; @ 126
Event: 7.594 Thread 0x00007f600c136000 Uncommon trap: reason=unstable_if action=reinterpret pc=0x00007f5ffd3c5eb8 method=com.android.dx.rop.code.LocalItem.compareHandlesNulls(Lcom/android/dx/rop/cst/CstString;Lcom/android/dx/rop/cst/CstString;)I @ 14
Event: 7.666 Thread 0x00007f600c12f000 Uncommon trap: reason=bimorphic action=maybe_recompile pc=0x00007f5ffd2de04c method=java.util.HashMap.getNode(ILjava/lang/Object;)Ljava/util/HashMap$Node; @ 126
Event: 7.666 Thread 0x00007f600c12f000 Uncommon trap: reason=bimorphic action=maybe_recompile pc=0x00007f5ffd2de04c method=java.util.HashMap.getNode(ILjava/lang/Object;)Ljava/util/HashMap$Node; @ 126
Event: 7.696 Thread 0x00007f600c12f000 Uncommon trap: reason=bimorphic action=maybe_recompile pc=0x00007f5ffd2de04c method=java.util.HashMap.getNode(ILjava/lang/Object;)Ljava/util/HashMap$Node; @ 126

Internal exceptions (4 events):
Event: 0.185 Thread 0x00007f600c008800 Exception <a 'java/lang/NoSuchMethodError': Method sun.misc.Unsafe.defineClass(Ljava/lang/String;[BII)Ljava/lang/Class; name or signature does not match> (0x00000000eab12b88) thrown at [/HUDSON/workspace/8-2-build-linux-amd64/jdk8u60/4407/hotspot/src/shar
Event: 0.185 Thread 0x00007f600c008800 Exception <a 'java/lang/NoSuchMethodError': Method sun.misc.Unsafe.prefetchRead(Ljava/lang/Object;J)V name or signature does not match> (0x00000000eab12e70) thrown at [/HUDSON/workspace/8-2-build-linux-amd64/jdk8u60/4407/hotspot/src/share/vm/prims/jni.cpp
Event: 3.113 Thread 0x00007f600c139000 Implicit null exception at 0x00007f5ffd2cf4d0 to 0x00007f5ffd2d26b5
Event: 7.594 Thread 0x00007f600c136000 Implicit null exception at 0x00007f5ffd3c5cc8 to 0x00007f5ffd3c5ea5

Events (10 events):
Event: 7.813 Thread 0x00007f600c12f000 DEOPT UNPACKING pc=0x00007f5ffd047633 sp=0x00007f5fefefce50 mode 0
Event: 8.126 Thread 0x00007f600c136000 DEOPT PACKING pc=0x00007f5ffd38672c sp=0x00007f5fefbf9fd0
Event: 8.126 Thread 0x00007f600c136000 DEOPT UNPACKING pc=0x00007f5ffd047633 sp=0x00007f5fefbf9cd0 mode 0
Event: 8.256 Thread 0x00007f600c139000 DEOPT PACKING pc=0x00007f5ffd38672c sp=0x00007f5fefaf8f10
Event: 8.256 Thread 0x00007f600c139000 DEOPT UNPACKING pc=0x00007f5ffd047633 sp=0x00007f5fefaf8c20 mode 0
Event: 8.319 Thread 0x00007f600c134000 DEOPT PACKING pc=0x00007f5ffd511182 sp=0x00007f5fefcfafc0
Event: 8.319 Thread 0x00007f600c134000 DEOPT UNPACKING pc=0x00007f5ffd047633 sp=0x00007f5fefcfae10 mode 0
Event: 8.488 Thread 0x00007f600c136000 DEOPT PACKING pc=0x00007f5ffd38672c sp=0x00007f5fefbf9e70
Event: 8.488 Thread 0x00007f600c136000 DEOPT UNPACKING pc=0x00007f5ffd047633 sp=0x00007f5fefbf9b70 mode 0
Event: 8.692 Executing VM operation: ParallelGCFailedAllocation


Dynamic libraries:
00400000-00401000 r-xp 00000000 08:05 272478                             /usr/lib/jvm/java-8-jdk/jre/bin/java
00600000-00601000 rw-p 00000000 08:05 272478                             /usr/lib/jvm/java-8-jdk/jre/bin/java
024b4000-024d5000 rw-p 00000000 00:00 0                                  [heap]
c0000000-c5300000 rw-p 00000000 00:00 0 
c5300000-eab00000 ---p 00000000 00:00 0 
eab00000-f3100000 rw-p 00000000 00:00 0 
fd600000-100000000 ---p 00000000 00:00 0 
100000000-1000a0000 rw-p 00000000 00:00 0 
1000a0000-140000000 ---p 00000000 00:00 0 
7f5fa8000000-7f5fa8021000 rw-p 00000000 00:00 0 
7f5fa8021000-7f5fac000000 ---p 00000000 00:00 0 
7f5fb0000000-7f5fb0029000 rw-p 00000000 00:00 0 
7f5fb0029000-7f5fb4000000 ---p 00000000 00:00 0 
7f5fb4000000-7f5fb402e000 rw-p 00000000 00:00 0 
7f5fb402e000-7f5fb8000000 ---p 00000000 00:00 0 
7f5fb8000000-7f5fb8033000 rw-p 00000000 00:00 0 
7f5fb8033000-7f5fbc000000 ---p 00000000 00:00 0 
7f5fbc000000-7f5fbc021000 rw-p 00000000 00:00 0 
7f5fbc021000-7f5fc0000000 ---p 00000000 00:00 0 
7f5fc0000000-7f5fc0021000 rw-p 00000000 00:00 0 
7f5fc0021000-7f5fc4000000 ---p 00000000 00:00 0 
7f5fc4000000-7f5fc4021000 rw-p 00000000 00:00 0 
7f5fc4021000-7f5fc8000000 ---p 00000000 00:00 0 
7f5fc8000000-7f5fc8e68000 rw-p 00000000 00:00 0 
7f5fc8e68000-7f5fcc000000 ---p 00000000 00:00 0 
7f5fcc000000-7f5fcc79e000 rw-p 00000000 00:00 0 
7f5fcc79e000-7f5fd0000000 ---p 00000000 00:00 0 
7f5fd0000000-7f5fd0021000 rw-p 00000000 00:00 0 
7f5fd0021000-7f5fd4000000 ---p 00000000 00:00 0 
7f5fd4000000-7f5fd4994000 rw-p 00000000 00:00 0 
7f5fd4994000-7f5fd8000000 ---p 00000000 00:00 0 
7f5fd8000000-7f5fd8021000 rw-p 00000000 00:00 0 
7f5fd8021000-7f5fdc000000 ---p 00000000 00:00 0 
7f5fdc000000-7f5fdc021000 rw-p 00000000 00:00 0 
7f5fdc021000-7f5fe0000000 ---p 00000000 00:00 0 
7f5fe0000000-7f5fe0021000 rw-p 00000000 00:00 0 
7f5fe0021000-7f5fe4000000 ---p 00000000 00:00 0 
7f5fe4000000-7f5fe4294000 rw-p 00000000 00:00 0 
7f5fe4294000-7f5fe8000000 ---p 00000000 00:00 0 
7f5fe8000000-7f5fe8021000 rw-p 00000000 00:00 0 
7f5fe8021000-7f5fec000000 ---p 00000000 00:00 0 
7f5fef9fa000-7f5fef9fd000 ---p 00000000 00:00 0 
7f5fef9fd000-7f5fefafb000 rw-p 00000000 00:00 0                          [stack:14374]
7f5fefafb000-7f5fefafe000 ---p 00000000 00:00 0 
7f5fefafe000-7f5fefbfc000 rw-p 00000000 00:00 0                          [stack:14373]
7f5fefbfc000-7f5fefbff000 ---p 00000000 00:00 0 
7f5fefbff000-7f5fefcfd000 rw-p 00000000 00:00 0                          [stack:14372]
7f5fefcfd000-7f5fefd00000 ---p 00000000 00:00 0 
7f5fefd00000-7f5fefdfe000 rw-p 00000000 00:00 0                          [stack:14371]
7f5fefdfe000-7f5fefe01000 ---p 00000000 00:00 0 
7f5fefe01000-7f5fefeff000 rw-p 00000000 00:00 0                          [stack:14370]
7f5fefeff000-7f5feff00000 ---p 00000000 00:00 0 
7f5feff00000-7f5ff0000000 rw-p 00000000 00:00 0                          [stack:14362]
7f5ff0000000-7f5ff0021000 rw-p 00000000 00:00 0 
7f5ff0021000-7f5ff4000000 ---p 00000000 00:00 0 
7f5ff40fa000-7f5ff40fd000 ---p 00000000 00:00 0 
7f5ff40fd000-7f5ff41fb000 rw-p 00000000 00:00 0                          [stack:14361]
7f5ff41fb000-7f5ff41fe000 ---p 00000000 00:00 0 
7f5ff41fe000-7f5ff42fc000 rw-p 00000000 00:00 0                          [stack:14360]
7f5ff42fc000-7f5ff42ff000 ---p 00000000 00:00 0 
7f5ff42ff000-7f5ff43fd000 rw-p 00000000 00:00 0                          [stack:14359]
7f5ff43fd000-7f5ff4400000 ---p 00000000 00:00 0 
7f5ff4400000-7f5ff44fe000 rw-p 00000000 00:00 0                          [stack:14358]
7f5ff44fe000-7f5ff4501000 ---p 00000000 00:00 0 
7f5ff4501000-7f5ff45ff000 rw-p 00000000 00:00 0                          [stack:14357]
7f5ff45ff000-7f5ff478d000 r--p 00000000 08:05 4739658                    /usr/lib/locale/locale-archive
7f5ff478d000-7f5ff4790000 ---p 00000000 00:00 0 
7f5ff4790000-7f5ff488e000 rw-p 00000000 00:00 0                          [stack:14356]
7f5ff488e000-7f5ff4891000 ---p 00000000 00:00 0 
7f5ff4891000-7f5ff498f000 rw-p 00000000 00:00 0                          [stack:14355]
7f5ff498f000-7f5ff4990000 ---p 00000000 00:00 0 
7f5ff4990000-7f5ff5e80000 rw-p 00000000 00:00 0                          [stack:14351]
7f5ff5e80000-7f5ff6000000 ---p 00000000 00:00 0 
7f5ff6000000-7f5ff8000000 rw-p 00000000 00:00 0 
7f5ff8000000-7f5ff8021000 rw-p 00000000 00:00 0 
7f5ff8021000-7f5ffc000000 ---p 00000000 00:00 0 
7f5ffc001000-7f5ffc012000 r--s 000f6000 08:05 548177                     /home/mzwee/.gradle/caches/modules-2/files-2.1/com.fasterxml.jackson.core/jackson-databind/2.4.3/feff63199be7b8f495c2f3e2096dcb6bd5e5b0b3/jackson-databind-2.4.3.jar
7f5ffc012000-7f5ffc263000 rw-p 00000000 00:00 0 
7f5ffc263000-7f5ffc43b000 r--s 03d17000 08:05 399249                     /usr/lib/jvm/java-8-jdk/jre/lib/rt.jar
7f5ffc43b000-7f5ffc63b000 rw-p 00000000 00:00 0 
7f5ffc63b000-7f5ffc63c000 ---p 00000000 00:00 0 
7f5ffc63c000-7f5ffc73c000 rw-p 00000000 00:00 0                          [stack:14348]
7f5ffc73c000-7f5ffc73d000 ---p 00000000 00:00 0 
7f5ffc73d000-7f5ffc83d000 rw-p 00000000 00:00 0                          [stack:14347]
7f5ffc83d000-7f5ffc83e000 ---p 00000000 00:00 0 
7f5ffc83e000-7f5ffc93e000 rw-p 00000000 00:00 0                          [stack:14346]
7f5ffc93e000-7f5ffc93f000 ---p 00000000 00:00 0 
7f5ffc93f000-7f5ffca69000 rw-p 00000000 00:00 0                          [stack:14345]
7f5ffca69000-7f5ffcb94000 ---p 00000000 00:00 0 
7f5ffcb94000-7f5ffcbd8000 rw-p 00000000 00:00 0 
7f5ffcbd8000-7f5ffcc3f000 ---p 00000000 00:00 0 
7f5ffcc3f000-7f5ffcc58000 rw-p 00000000 00:00 0 
7f5ffcc58000-7f5ffd000000 ---p 00000000 00:00 0 
7f5ffd000000-7f5ffd600000 rwxp 00000000 00:00 0 
7f5ffd600000-7f600c000000 ---p 00000000 00:00 0 
7f600c000000-7f600c389000 rw-p 00000000 00:00 0 
7f600c389000-7f6010000000 ---p 00000000 00:00 0 
7f6010000000-7f60100a0000 rw-p 00000000 00:00 0 
7f60100a0000-7f60101cc000 ---p 00000000 00:00 0 
7f60101cc000-7f60101e6000 r-xp 00000000 08:05 540675                     /usr/lib/jvm/java-8-jdk/jre/lib/amd64/libzip.so
7f60101e6000-7f60103e6000 ---p 0001a000 08:05 540675                     /usr/lib/jvm/java-8-jdk/jre/lib/amd64/libzip.so
7f60103e6000-7f60103e7000 rw-p 0001a000 08:05 540675                     /usr/lib/jvm/java-8-jdk/jre/lib/amd64/libzip.so
7f60103e7000-7f60103f2000 r-xp 00000000 08:05 4721836                    /usr/lib/libnss_files-2.22.so
7f60103f2000-7f60105f1000 ---p 0000b000 08:05 4721836                    /usr/lib/libnss_files-2.22.so
7f60105f1000-7f60105f2000 r--p 0000a000 08:05 4721836                    /usr/lib/libnss_files-2.22.so
7f60105f2000-7f60105f3000 rw-p 0000b000 08:05 4721836                    /usr/lib/libnss_files-2.22.so
7f60105f3000-7f60105f9000 rw-p 00000000 00:00 0 
7f60105f9000-7f6010623000 r-xp 00000000 08:05 540695                     /usr/lib/jvm/java-8-jdk/jre/lib/amd64/libjava.so
7f6010623000-7f6010823000 ---p 0002a000 08:05 540695                     /usr/lib/jvm/java-8-jdk/jre/lib/amd64/libjava.so
7f6010823000-7f6010825000 rw-p 0002a000 08:05 540695                     /usr/lib/jvm/java-8-jdk/jre/lib/amd64/libjava.so
7f6010825000-7f6010832000 r-xp 00000000 08:05 540681                     /usr/lib/jvm/java-8-jdk/jre/lib/amd64/libverify.so
7f6010832000-7f6010a32000 ---p 0000d000 08:05 540681                     /usr/lib/jvm/java-8-jdk/jre/lib/amd64/libverify.so
7f6010a32000-7f6010a34000 rw-p 0000d000 08:05 540681                     /usr/lib/jvm/java-8-jdk/jre/lib/amd64/libverify.so
7f6010a34000-7f6010a3b000 r-xp 00000000 08:05 4721844                    /usr/lib/librt-2.22.so
7f6010a3b000-7f6010c3a000 ---p 00007000 08:05 4721844                    /usr/lib/librt-2.22.so
7f6010c3a000-7f6010c3b000 r--p 00006000 08:05 4721844                    /usr/lib/librt-2.22.so
7f6010c3b000-7f6010c3c000 rw-p 00007000 08:05 4721844                    /usr/lib/librt-2.22.so
7f6010c3c000-7f6010d39000 r-xp 00000000 08:05 4721841                    /usr/lib/libm-2.22.so
7f6010d39000-7f6010f38000 ---p 000fd000 08:05 4721841                    /usr/lib/libm-2.22.so
7f6010f38000-7f6010f39000 r--p 000fc000 08:05 4721841                    /usr/lib/libm-2.22.so
7f6010f39000-7f6010f3a000 rw-p 000fd000 08:05 4721841                    /usr/lib/libm-2.22.so
7f6010f3a000-7f6011bf8000 r-xp 00000000 08:05 540705                     /usr/lib/jvm/java-8-jdk/jre/lib/amd64/server/libjvm.so
7f6011bf8000-7f6011df7000 ---p 00cbe000 08:05 540705                     /usr/lib/jvm/java-8-jdk/jre/lib/amd64/server/libjvm.so
7f6011df7000-7f6011ecf000 rw-p 00cbd000 08:05 540705                     /usr/lib/jvm/java-8-jdk/jre/lib/amd64/server/libjvm.so
7f6011ecf000-7f6011f14000 rw-p 00000000 00:00 0 
7f6011f14000-7f60120af000 r-xp 00000000 08:05 4721791                    /usr/lib/libc-2.22.so
7f60120af000-7f60122ae000 ---p 0019b000 08:05 4721791                    /usr/lib/libc-2.22.so
7f60122ae000-7f60122b2000 r--p 0019a000 08:05 4721791                    /usr/lib/libc-2.22.so
7f60122b2000-7f60122b4000 rw-p 0019e000 08:05 4721791                    /usr/lib/libc-2.22.so
7f60122b4000-7f60122b8000 rw-p 00000000 00:00 0 
7f60122b8000-7f60122bb000 r-xp 00000000 08:05 4721840                    /usr/lib/libdl-2.22.so
7f60122bb000-7f60124ba000 ---p 00003000 08:05 4721840                    /usr/lib/libdl-2.22.so
7f60124ba000-7f60124bb000 r--p 00002000 08:05 4721840                    /usr/lib/libdl-2.22.so
7f60124bb000-7f60124bc000 rw-p 00003000 08:05 4721840                    /usr/lib/libdl-2.22.so
7f60124bc000-7f60124d1000 r-xp 00000000 08:05 799344                     /usr/lib/jvm/java-8-jdk/jre/lib/amd64/jli/libjli.so
7f60124d1000-7f60126d1000 ---p 00015000 08:05 799344                     /usr/lib/jvm/java-8-jdk/jre/lib/amd64/jli/libjli.so
7f60126d1000-7f60126d2000 rw-p 00015000 08:05 799344                     /usr/lib/jvm/java-8-jdk/jre/lib/amd64/jli/libjli.so
7f60126d2000-7f60126ea000 r-xp 00000000 08:05 4721772                    /usr/lib/libpthread-2.22.so
7f60126ea000-7f60128e9000 ---p 00018000 08:05 4721772                    /usr/lib/libpthread-2.22.so
7f60128e9000-7f60128ea000 r--p 00017000 08:05 4721772                    /usr/lib/libpthread-2.22.so
7f60128ea000-7f60128eb000 rw-p 00018000 08:05 4721772                    /usr/lib/libpthread-2.22.so
7f60128eb000-7f60128ef000 rw-p 00000000 00:00 0 
7f60128ef000-7f6012911000 r-xp 00000000 08:05 4721790                    /usr/lib/ld-2.22.so
7f6012916000-7f60129db000 rw-p 00000000 00:00 0 
7f60129db000-7f60129de000 ---p 00000000 00:00 0 
7f60129de000-7f6012ae0000 rw-p 00000000 00:00 0                          [stack:14342]
7f6012ae1000-7f6012ae2000 rw-p 00000000 00:00 0 
7f6012ae2000-7f6012af1000 r--s 000df000 08:05 1840493                    /home/mzwee/Android/Sdk/build-tools/23.0.1/lib/dx.jar
7f6012af1000-7f6012b05000 rw-p 00000000 00:00 0 
7f6012b05000-7f6012b0d000 rw-s 00000000 00:23 581481                     /tmp/hsperfdata_mzwee/14340
7f6012b0d000-7f6012b0e000 rw-p 00000000 00:00 0 
7f6012b0e000-7f6012b0f000 ---p 00000000 00:00 0 
7f6012b0f000-7f6012b10000 rw-p 00000000 00:00 0 
7f6012b10000-7f6012b11000 r--p 00021000 08:05 4721790                    /usr/lib/ld-2.22.so
7f6012b11000-7f6012b12000 rw-p 00022000 08:05 4721790                    /usr/lib/ld-2.22.so
7f6012b12000-7f6012b13000 rw-p 00000000 00:00 0 
7ffc99732000-7ffc99753000 rw-p 00000000 00:00 0                          [stack]
7ffc997ed000-7ffc997ef000 r--p 00000000 00:00 0                          [vvar]
7ffc997ef000-7ffc997f1000 r-xp 00000000 00:00 0                          [vdso]
ffffffffff600000-ffffffffff601000 r-xp 00000000 00:00 0                  [vsyscall]

VM Arguments:
jvm_args: -Xmx1024M -Dfile.encoding=UTF-8 -Duser.country=US -Duser.language=en -Duser.variant 
java_command: com.android.dx.command.Main --dex --num-threads=4 --output /home/mzwee/AndroidStudioProjects/RandRestaurant/app/build/intermediates/pre-dexed/debug/jackson-databind-2.4.3-9c6cfd5510d6cfe8835bd53612daee79356a212f.jar /home/mzwee/.gradle/caches/modules-2/files-2.1/com.fasterxml.jackson.core/jackson-databind/2.4.3/feff63199be7b8f495c2f3e2096dcb6bd5e5b0b3/jackson-databind-2.4.3.jar
java_class_path (initial): /home/mzwee/Android/Sdk/build-tools/23.0.1/lib/dx.jar
Launcher Type: SUN_STANDARD

Environment Variables:
PATH=/home/mzwee/.rvm/gems/ruby-2.2.2/bin:/home/mzwee/.rvm/gems/ruby-2.2.2@global/bin:/home/mzwee/.rvm/rubies/ruby-2.2.2/bin:/home/mzwee/local/bin:/usr/local/sbin:/usr/local/bin:/usr/bin:/usr/lib/jvm/default/bin:/usr/bin/site_perl:/usr/bin/vendor_perl:/usr/bin/core_perl:/home/mzwee/.rvm/bin
LD_LIBRARY_PATH=/opt/android-studio/bin:
SHELL=/bin/bash
DISPLAY=:0

Signal Handlers:
SIGSEGV: [libjvm.so+0xaba070], sa_mask[0]=11111111011111111101111111111110, sa_flags=SA_RESTART|SA_SIGINFO
SIGBUS: [libjvm.so+0xaba070], sa_mask[0]=11111111011111111101111111111110, sa_flags=SA_RESTART|SA_SIGINFO
SIGFPE: [libjvm.so+0x917630], sa_mask[0]=11111111011111111101111111111110, sa_flags=SA_RESTART|SA_SIGINFO
SIGPIPE: [libjvm.so+0x917630], sa_mask[0]=11111111011111111101111111111110, sa_flags=SA_RESTART|SA_SIGINFO
SIGXFSZ: [libjvm.so+0x917630], sa_mask[0]=11111111011111111101111111111110, sa_flags=SA_RESTART|SA_SIGINFO
SIGILL: [libjvm.so+0x917630], sa_mask[0]=11111111011111111101111111111110, sa_flags=SA_RESTART|SA_SIGINFO
SIGUSR1: SIG_DFL, sa_mask[0]=00000000000000000000000000000000, sa_flags=none
SIGUSR2: [libjvm.so+0x918c60], sa_mask[0]=00100000000000000000000000000000, sa_flags=SA_RESTART|SA_SIGINFO
SIGHUP: [libjvm.so+0x91a060], sa_mask[0]=11111111011111111101111111111110, sa_flags=SA_RESTART|SA_SIGINFO
SIGINT: SIG_IGN, sa_mask[0]=00000000000000000000000000000000, sa_flags=none
SIGTERM: [libjvm.so+0x91a060], sa_mask[0]=11111111011111111101111111111110, sa_flags=SA_RESTART|SA_SIGINFO
SIGQUIT: [libjvm.so+0x91a060], sa_mask[0]=11111111011111111101111111111110, sa_flags=SA_RESTART|SA_SIGINFO


---------------  S Y S T E M  ---------------

OS:NAME="Arch Linux"
ID=arch
PRETTY_NAME="Arch Linux"
ANSI_COLOR="0;36"
HOME_URL="https://www.archlinux.org/"
SUPPORT_URL="https://bbs.archlinux.org/"
BUG_REPORT_URL="https://bugs.archlinux.org/"


uname:Linux 4.3.3-3-ARCH #1 SMP PREEMPT Wed Jan 20 08:12:23 CET 2016 x86_64
libc:glibc 2.22 NPTL 2.22 
rlimit: STACK 8192k, CORE 0k, NPROC 30723, NOFILE 4096, AS infinity
load average:16.41 5.71 3.37

/proc/meminfo:
MemTotal:        8067340 kB
MemFree:           51832 kB
MemAvailable:      86804 kB
Buffers:             612 kB
Cached:          1993836 kB
SwapCached:            0 kB
Active:          6456472 kB
Inactive:        1386112 kB
Active(anon):    6435048 kB
Inactive(anon):  1365872 kB
Active(file):      21424 kB
Inactive(file):    20240 kB
Unevictable:           0 kB
Mlocked:               0 kB
SwapTotal:             0 kB
SwapFree:              0 kB
Dirty:               732 kB
Writeback:             0 kB
AnonPages:       5848536 kB
Mapped:           267464 kB
Shmem:           1952392 kB
Slab:              64416 kB
SReclaimable:      35596 kB
SUnreclaim:        28820 kB
KernelStack:        8016 kB
PageTables:        32164 kB
NFS_Unstable:          0 kB
Bounce:                0 kB
WritebackTmp:          0 kB
CommitLimit:     4033668 kB
Committed_AS:   11420616 kB
VmallocTotal:   34359738367 kB
VmallocUsed:      382580 kB
VmallocChunk:   34358947836 kB
HardwareCorrupted:     0 kB
AnonHugePages:   2746368 kB
HugePages_Total:       0
HugePages_Free:        0
HugePages_Rsvd:        0
HugePages_Surp:        0
Hugepagesize:       2048 kB
DirectMap4k:      151084 kB
DirectMap2M:     8124416 kB
DirectMap1G:     1048576 kB


CPU:total 4 (2 cores per cpu, 2 threads per core) family 6 model 69 stepping 1, cmov, cx8, fxsr, mmx, sse, sse2, sse3, ssse3, sse4.1, sse4.2, popcnt, avx, avx2, aes, clmul, erms, lzcnt, ht, tsc, tscinvbit, bmi1, bmi2

/proc/cpuinfo:
processor	: 0
vendor_id	: GenuineIntel
cpu family	: 6
model		: 69
model name	: Intel(R) Core(TM) i5-4210U CPU @ 1.70GHz
stepping	: 1
microcode	: 0x17
cpu MHz		: 2399.906
cache size	: 3072 KB
physical id	: 0
siblings	: 4
core id		: 0
cpu cores	: 2
apicid		: 0
initial apicid	: 0
fpu		: yes
fpu_exception	: yes
cpuid level	: 13
wp		: yes
flags		: fpu vme de pse tsc msr pae mce cx8 apic sep mtrr pge mca cmov pat pse36 clflush dts acpi mmx fxsr sse sse2 ss ht tm pbe syscall nx pdpe1gb rdtscp lm constant_tsc arch_perfmon pebs bts rep_good nopl xtopology nonstop_tsc aperfmperf eagerfpu pni pclmulqdq dtes64 monitor ds_cpl vmx est tm2 ssse3 sdbg fma cx16 xtpr pdcm pcid sse4_1 sse4_2 movbe popcnt tsc_deadline_timer aes xsave avx f16c rdrand lahf_lm abm ida arat epb pln pts dtherm tpr_shadow vnmi flexpriority ept vpid fsgsbase tsc_adjust bmi1 avx2 smep bmi2 erms invpcid xsaveopt
bugs		:
bogomips	: 4790.53
clflush size	: 64
cache_alignment	: 64
address sizes	: 39 bits physical, 48 bits virtual
power management:

processor	: 1
vendor_id	: GenuineIntel
cpu family	: 6
model		: 69
model name	: Intel(R) Core(TM) i5-4210U CPU @ 1.70GHz
stepping	: 1
microcode	: 0x17
cpu MHz		: 2400.000
cache size	: 3072 KB
physical id	: 0
siblings	: 4
core id		: 1
cpu cores	: 2
apicid		: 2
initial apicid	: 2
fpu		: yes
fpu_exception	: yes
cpuid level	: 13
wp		: yes
flags		: fpu vme de pse tsc msr pae mce cx8 apic sep mtrr pge mca cmov pat pse36 clflush dts acpi mmx fxsr sse sse2 ss ht tm pbe syscall nx pdpe1gb rdtscp lm constant_tsc arch_perfmon pebs bts rep_good nopl xtopology nonstop_tsc aperfmperf eagerfpu pni pclmulqdq dtes64 monitor ds_cpl vmx est tm2 ssse3 sdbg fma cx16 xtpr pdcm pcid sse4_1 sse4_2 movbe popcnt tsc_deadline_timer aes xsave avx f16c rdrand lahf_lm abm ida arat epb pln pts dtherm tpr_shadow vnmi flexpriority ept vpid fsgsbase tsc_adjust bmi1 avx2 smep bmi2 erms invpcid xsaveopt
bugs		:
bogomips	: 4790.53
clflush size	: 64
cache_alignment	: 64
address sizes	: 39 bits physical, 48 bits virtual
power management:

processor	: 2
vendor_id	: GenuineIntel
cpu family	: 6
model		: 69
model name	: Intel(R) Core(TM) i5-4210U CPU @ 1.70GHz
stepping	: 1
microcode	: 0x17
cpu MHz		: 2399.906
cache size	: 3072 KB
physical id	: 0
siblings	: 4
core id		: 0
cpu cores	: 2
apicid		: 1
initial apicid	: 1
fpu		: yes
fpu_exception	: yes
cpuid level	: 13
wp		: yes
flags		: fpu vme de pse tsc msr pae mce cx8 apic sep mtrr pge mca cmov pat pse36 clflush dts acpi mmx fxsr sse sse2 ss ht tm pbe syscall nx pdpe1gb rdtscp lm constant_tsc arch_perfmon pebs bts rep_good nopl xtopology nonstop_tsc aperfmperf eagerfpu pni pclmulqdq dtes64 monitor ds_cpl vmx est tm2 ssse3 sdbg fma cx16 xtpr pdcm pcid sse4_1 sse4_2 movbe popcnt tsc_deadline_timer aes xsave avx f16c rdrand lahf_lm abm ida arat epb pln pts dtherm tpr_shadow vnmi flexpriority ept vpid fsgsbase tsc_adjust bmi1 avx2 smep bmi2 erms invpcid xsaveopt
bugs		:
bogomips	: 4790.53
clflush size	: 64
cache_alignment	: 64
address sizes	: 39 bits physical, 48 bits virtual
power management:

processor	: 3
vendor_id	: GenuineIntel
cpu family	: 6
model		: 69
model name	: Intel(R) Core(TM) i5-4210U CPU @ 1.70GHz
stepping	: 1
microcode	: 0x17
cpu MHz		: 2400.000
cache size	: 3072 KB
physical id	: 0
siblings	: 4
core id		: 1
cpu cores	: 2
apicid		: 3
initial apicid	: 3
fpu		: yes
fpu_exception	: yes
cpuid level	: 13
wp		: yes
flags		: fpu vme de pse tsc msr pae mce cx8 apic sep mtrr pge mca cmov pat pse36 clflush dts acpi mmx fxsr sse sse2 ss ht tm pbe syscall nx pdpe1gb rdtscp lm constant_tsc arch_perfmon pebs bts rep_good nopl xtopology nonstop_tsc aperfmperf eagerfpu pni pclmulqdq dtes64 monitor ds_cpl vmx est tm2 ssse3 sdbg fma cx16 xtpr pdcm pcid sse4_1 sse4_2 movbe popcnt tsc_deadline_timer aes xsave avx f16c rdrand lahf_lm abm ida arat epb pln pts dtherm tpr_shadow vnmi flexpriority ept vpid fsgsbase tsc_adjust bmi1 avx2 smep bmi2 erms invpcid xsaveopt
bugs		:
bogomips	: 4790.53
clflush size	: 64
cache_alignment	: 64
address sizes	: 39 bits physical, 48 bits virtual
power management:



Memory: 4k page, physical 8067340k(51584k free), swap 0k(0k free)

vm_info: Java HotSpot(TM) 64-Bit Server VM (25.60-b23) for linux-amd64 JRE (1.8.0_60-b27), built on Aug  4 2015 12:19:40 by "java_re" with gcc 4.3.0 20080428 (Red Hat 4.3.0-8)

time: Sun Feb 21 05:46:04 2016
elapsed time: 9 seconds (0d 0h 0m 9s)

