#
# There is insufficient memory for the Java Runtime Environment to continue.
# Native memory allocation (mmap) failed to map 65011712 bytes for committing reserved memory.
# Possible reasons:
#   The system is out of physical RAM or swap space
#   In 32 bit mode, the process size limit was hit
# Possible solutions:
#   Reduce memory load on the system
#   Increase physical memory or swap space
#   Check if swap backing store is full
#   Use 64 bit Java on a 64 bit OS
#   Decrease Java heap size (-Xmx/-Xms)
#   Decrease number of Java threads
#   Decrease Java thread stack sizes (-Xss)
#   Set larger code cache with -XX:ReservedCodeCacheSize=
# This output file may be truncated or incomplete.
#
#  Out of Memory Error (os_linux.cpp:2627), pid=4496, tid=140711344187136
#
# JRE version: Java(TM) SE Runtime Environment (8.0_60-b27) (build 1.8.0_60-b27)
# Java VM: Java HotSpot(TM) 64-Bit Server VM (25.60-b23 mixed mode linux-amd64 compressed oops)
# Failed to write core dump. Core dumps have been disabled. To enable core dumping, try "ulimit -c unlimited" before starting Java again
#

---------------  T H R E A D  ---------------

Current thread (0x00007ffa00078000):  VMThread [stack: 0x00007ff9e99fa000,0x00007ff9e9afb000] [id=4507]

Stack: [0x00007ff9e99fa000,0x00007ff9e9afb000],  sp=0x00007ff9e9af9120,  free space=1020k
Native frames: (J=compiled Java code, j=interpreted, Vv=VM code, C=native code)
V  [libjvm.so+0xab97ea]  VMError::report_and_die()+0x2ba
V  [libjvm.so+0x4f9dab]  report_vm_out_of_memory(char const*, int, unsigned long, VMErrorType, char const*)+0x8b
V  [libjvm.so+0x91a7c3]  os::Linux::commit_memory_impl(char*, unsigned long, bool)+0x103
V  [libjvm.so+0x91ad19]  os::pd_commit_memory(char*, unsigned long, unsigned long, bool)+0x29
V  [libjvm.so+0x91502a]  os::commit_memory(char*, unsigned long, unsigned long, bool)+0x2a
V  [libjvm.so+0x9886d3]  PSVirtualSpace::expand_by(unsigned long)+0x53
V  [libjvm.so+0x989ad8]  PSYoungGen::resize_generation(unsigned long, unsigned long)+0xf8
V  [libjvm.so+0x988c32]  PSYoungGen::resize(unsigned long, unsigned long)+0x22
V  [libjvm.so+0x985f0b]  PSScavenge::invoke_no_policy()+0xf3b
V  [libjvm.so+0x986691]  PSScavenge::invoke()+0x41
V  [libjvm.so+0x93e430]  ParallelScavengeHeap::failed_mem_allocate(unsigned long)+0x70
V  [libjvm.so+0xabb207]  VM_ParallelGCFailedAllocation::doit()+0x97
V  [libjvm.so+0xac2c35]  VM_Operation::evaluate()+0x55
V  [libjvm.so+0xac100a]  VMThread::evaluate_operation(VM_Operation*)+0xba
V  [libjvm.so+0xac138e]  VMThread::loop()+0x1ce
V  [libjvm.so+0xac1800]  VMThread::run()+0x70
V  [libjvm.so+0x91cb88]  java_start(Thread*)+0x108

VM_Operation (0x00007ffa07cabe00): ParallelGCFailedAllocation, mode: safepoint, requested by thread 0x00007ffa0000a000


---------------  P R O C E S S  ---------------

Java Threads: ( => current thread )
  0x00007ffa000c0000 JavaThread "Service Thread" daemon [_thread_blocked, id=4514, stack(0x00007ff9e9165000,0x00007ff9e9266000)]
  0x00007ffa000bb000 JavaThread "C1 CompilerThread2" daemon [_thread_blocked, id=4513, stack(0x00007ff9e9266000,0x00007ff9e9367000)]
  0x00007ffa000b9800 JavaThread "C2 CompilerThread1" daemon [_thread_blocked, id=4512, stack(0x00007ff9e9367000,0x00007ff9e9468000)]
  0x00007ffa000b6800 JavaThread "C2 CompilerThread0" daemon [_thread_blocked, id=4511, stack(0x00007ff9e9468000,0x00007ff9e9569000)]
  0x00007ffa000b5000 JavaThread "Signal Dispatcher" daemon [_thread_blocked, id=4510, stack(0x00007ff9e9569000,0x00007ff9e966a000)]
  0x00007ffa0007f000 JavaThread "Finalizer" daemon [_thread_blocked, id=4509, stack(0x00007ff9e97f8000,0x00007ff9e98f9000)]
  0x00007ffa0007d000 JavaThread "Reference Handler" daemon [_thread_blocked, id=4508, stack(0x00007ff9e98f9000,0x00007ff9e99fa000)]
  0x00007ffa0000a000 JavaThread "main" [_thread_blocked, id=4502, stack(0x00007ffa07bad000,0x00007ffa07cae000)]

Other Threads:
=>0x00007ffa00078000 VMThread [stack: 0x00007ff9e99fa000,0x00007ff9e9afb000] [id=4507]
  0x00007ffa000c3000 WatcherThread [stack: 0x00007ff9e9064000,0x00007ff9e9165000] [id=4515]

VM state:at safepoint (normal execution)

VM Mutex/Monitor currently owned by a thread:  ([mutex/lock_event])
[0x00007ffa00007bc0] Threads_lock - owner thread: 0x00007ffa00078000
[0x00007ffa000080c0] Heap_lock - owner thread: 0x00007ffa0000a000

Heap:
 PSYoungGen      total 68608K, used 5092K [0x00000000eab00000, 0x00000000ef300000, 0x0000000100000000)
  eden space 63488K, 0% used [0x00000000eab00000,0x00000000eab00000,0x00000000ee900000)
  from space 5120K, 99% used [0x00000000ee900000,0x00000000eedf91e0,0x00000000eee00000)
  to   space 5120K, 0% used [0x00000000eee00000,0x00000000eee00000,0x00000000ef300000)
 ParOldGen       total 84992K, used 35915K [0x00000000c0000000, 0x00000000c5300000, 0x00000000eab00000)
  object space 84992K, 42% used [0x00000000c0000000,0x00000000c2312df0,0x00000000c5300000)
 Metaspace       used 7102K, capacity 7672K, committed 7936K, reserved 1056768K
  class space    used 714K, capacity 752K, committed 768K, reserved 1048576K

Card table byte_map: [0x00007ffa04ddd000,0x00007ffa04fde000] byte_map_base: 0x00007ffa047dd000

Marking Bits: (ParMarkBitMap*) 0x00007ffa070bade0
 Begin Bits: [0x00007ff9ea000000, 0x00007ff9eb000000)
 End Bits:   [0x00007ff9eb000000, 0x00007ff9ec000000)

Polling page: 0x00007ffa07ce0000

CodeCache: size=245760Kb used=5352Kb max_used=5358Kb free=240407Kb
 bounds [0x00007ff9f1000000, 0x00007ff9f1550000, 0x00007ffa00000000]
 total_blobs=2078 nmethods=1788 adapters=204
 compilation: enabled

Compilation events (10 events):
Event: 1.636 Thread 0x00007ffa000b9800 nmethod 1580 0x00007ff9f1533990 code [0x00007ff9f1533ae0, 0x00007ff9f1533b88]
Event: 1.637 Thread 0x00007ffa000b9800 1701       4       com.android.dx.io.Opcodes::isValidShape (46 bytes)
Event: 1.637 Thread 0x00007ffa000b9800 nmethod 1701 0x00007ff9f1534ad0 code [0x00007ff9f1534c20, 0x00007ff9f1534cb8]
Event: 1.637 Thread 0x00007ffa000b9800 1465       4       com.android.dex.EncodedValueReader::checkType (43 bytes)
Event: 1.641 Thread 0x00007ffa000b9800 nmethod 1465 0x00007ff9f153c050 code [0x00007ff9f153c1c0, 0x00007ff9f153c3d8]
Event: 1.641 Thread 0x00007ffa000b9800 1568       4       com.android.dex.Dex$Section::readUleb128 (5 bytes)
Event: 1.665 Thread 0x00007ffa000bb000 1808       3       com.android.dx.io.instructions.BaseCodeCursor::baseAddressForCursor (25 bytes)
Event: 1.669 Thread 0x00007ffa000bb000 nmethod 1808 0x00007ff9f153b750 code [0x00007ff9f153b900, 0x00007ff9f153be78]
Event: 1.669 Thread 0x00007ffa000bb000 1809       3       com.android.dx.io.instructions.AddressMap::get (28 bytes)
Event: 1.670 Thread 0x00007ffa000bb000 nmethod 1809 0x00007ff9f153d0d0 code [0x00007ff9f153d280, 0x00007ff9f153d8e8]

GC Heap History (5 events):
Event: 0.732 GC heap before
{Heap before GC invocations=1 (full 0):
 PSYoungGen      total 36864K, used 31744K [0x00000000eab00000, 0x00000000ed400000, 0x0000000100000000)
  eden space 31744K, 100% used [0x00000000eab00000,0x00000000eca00000,0x00000000eca00000)
  from space 5120K, 0% used [0x00000000ecf00000,0x00000000ecf00000,0x00000000ed400000)
  to   space 5120K, 0% used [0x00000000eca00000,0x00000000eca00000,0x00000000ecf00000)
 ParOldGen       total 84992K, used 0K [0x00000000c0000000, 0x00000000c5300000, 0x00000000eab00000)
  object space 84992K, 0% used [0x00000000c0000000,0x00000000c0000000,0x00000000c5300000)
 Metaspace       used 5682K, capacity 6704K, committed 6784K, reserved 1056768K
  class space    used 581K, capacity 616K, committed 640K, reserved 1048576K
Event: 0.742 GC heap after
Heap after GC invocations=1 (full 0):
 PSYoungGen      total 36864K, used 5100K [0x00000000eab00000, 0x00000000ef300000, 0x0000000100000000)
  eden space 31744K, 0% used [0x00000000eab00000,0x00000000eab00000,0x00000000eca00000)
  from space 5120K, 99% used [0x00000000eca00000,0x00000000ecefb008,0x00000000ecf00000)
  to   space 5120K, 0% used [0x00000000eee00000,0x00000000eee00000,0x00000000ef300000)
 ParOldGen       total 84992K, used 2888K [0x00000000c0000000, 0x00000000c5300000, 0x00000000eab00000)
  object space 84992K, 3% used [0x00000000c0000000,0x00000000c02d20e8,0x00000000c5300000)
 Metaspace       used 5682K, capacity 6704K, committed 6784K, reserved 1056768K
  class space    used 581K, capacity 616K, committed 640K, reserved 1048576K
}
Event: 1.049 GC heap before
{Heap before GC invocations=2 (full 0):
 PSYoungGen      total 36864K, used 36844K [0x00000000eab00000, 0x00000000ef300000, 0x0000000100000000)
  eden space 31744K, 100% used [0x00000000eab00000,0x00000000eca00000,0x00000000eca00000)
  from space 5120K, 99% used [0x00000000eca00000,0x00000000ecefb008,0x00000000ecf00000)
  to   space 5120K, 0% used [0x00000000eee00000,0x00000000eee00000,0x00000000ef300000)
 ParOldGen       total 84992K, used 2888K [0x00000000c0000000, 0x00000000c5300000, 0x00000000eab00000)
  object space 84992K, 3% used [0x00000000c0000000,0x00000000c02d20e8,0x00000000c5300000)
 Metaspace       used 6579K, capacity 7160K, committed 7424K, reserved 1056768K
  class space    used 662K, capacity 688K, committed 768K, reserved 1048576K
Event: 1.082 GC heap after
Heap after GC invocations=2 (full 0):
 PSYoungGen      total 68608K, used 5090K [0x00000000eab00000, 0x00000000ef300000, 0x0000000100000000)
  eden space 63488K, 0% used [0x00000000eab00000,0x00000000eab00000,0x00000000ee900000)
  from space 5120K, 99% used [0x00000000eee00000,0x00000000ef2f88c0,0x00000000ef300000)
  to   space 5120K, 0% used [0x00000000ee900000,0x00000000ee900000,0x00000000eee00000)
 ParOldGen       total 84992K, used 33002K [0x00000000c0000000, 0x00000000c5300000, 0x00000000eab00000)
  object space 84992K, 38% used [0x00000000c0000000,0x00000000c203aa90,0x00000000c5300000)
 Metaspace       used 6579K, capacity 7160K, committed 7424K, reserved 1056768K
  class space    used 662K, capacity 688K, committed 768K, reserved 1048576K
}
Event: 1.674 GC heap before
{Heap before GC invocations=3 (full 0):
 PSYoungGen      total 68608K, used 68578K [0x00000000eab00000, 0x00000000ef300000, 0x0000000100000000)
  eden space 63488K, 100% used [0x00000000eab00000,0x00000000ee900000,0x00000000ee900000)
  from space 5120K, 99% used [0x00000000eee00000,0x00000000ef2f88c0,0x00000000ef300000)
  to   space 5120K, 0% used [0x00000000ee900000,0x00000000ee900000,0x00000000eee00000)
 ParOldGen       total 84992K, used 33002K [0x00000000c0000000, 0x00000000c5300000, 0x00000000eab00000)
  object space 84992K, 38% used [0x00000000c0000000,0x00000000c203aa90,0x00000000c5300000)
 Metaspace       used 7102K, capacity 7672K, committed 7936K, reserved 1056768K
  class space    used 714K, capacity 752K, committed 768K, reserved 1048576K

Deoptimization events (10 events):
Event: 1.346 Thread 0x00007ffa0000a000 Uncommon trap: reason=class_check action=maybe_recompile pc=0x00007ff9f1467cc4 method=com.android.dx.merge.DexMerger$IdMerger$UnsortedValue.compareTo(Lcom/android/dx/merge/DexMerger$IdMerger$UnsortedValue;)I @ 8
Event: 1.346 Thread 0x00007ffa0000a000 Uncommon trap: reason=class_check action=maybe_recompile pc=0x00007ff9f1467cc4 method=com.android.dx.merge.DexMerger$IdMerger$UnsortedValue.compareTo(Lcom/android/dx/merge/DexMerger$IdMerger$UnsortedValue;)I @ 8
Event: 1.346 Thread 0x00007ffa0000a000 Uncommon trap: reason=class_check action=maybe_recompile pc=0x00007ff9f1467cc4 method=com.android.dx.merge.DexMerger$IdMerger$UnsortedValue.compareTo(Lcom/android/dx/merge/DexMerger$IdMerger$UnsortedValue;)I @ 8
Event: 1.346 Thread 0x00007ffa0000a000 Uncommon trap: reason=class_check action=maybe_recompile pc=0x00007ff9f1467cc4 method=com.android.dx.merge.DexMerger$IdMerger$UnsortedValue.compareTo(Lcom/android/dx/merge/DexMerger$IdMerger$UnsortedValue;)I @ 8
Event: 1.346 Thread 0x00007ffa0000a000 Uncommon trap: reason=class_check action=maybe_recompile pc=0x00007ff9f1461ae0 method=com.android.dx.merge.DexMerger$IdMerger$UnsortedValue.compareTo(Lcom/android/dx/merge/DexMerger$IdMerger$UnsortedValue;)I @ 8
Event: 1.391 Thread 0x00007ffa0000a000 Uncommon trap: reason=unstable_if action=reinterpret pc=0x00007ff9f13e6f64 method=java.util.HashMap.putVal(ILjava/lang/Object;Ljava/lang/Object;ZZ)Ljava/lang/Object; @ 162
Event: 1.410 Thread 0x00007ffa0000a000 Uncommon trap: reason=unstable_if action=reinterpret pc=0x00007ff9f1499710 method=com.android.dex.EncodedValueCodec.readUnsignedInt(Lcom/android/dex/util/ByteInput;IZ)I @ 3
Event: 1.489 Thread 0x00007ffa0000a000 Uncommon trap: reason=unstable_if action=reinterpret pc=0x00007ff9f147e494 method=com.android.dx.merge.IndexMap.adjustString(I)I @ 2
Event: 1.522 Thread 0x00007ffa0000a000 Uncommon trap: reason=unstable_if action=reinterpret pc=0x00007ff9f1364c7c method=java.util.HashMap.getNode(ILjava/lang/Object;)Ljava/util/HashMap$Node; @ 84
Event: 1.523 Thread 0x00007ffa0000a000 Uncommon trap: reason=unstable_if action=reinterpret pc=0x00007ff9f137d144 method=java.util.HashMap.getNode(ILjava/lang/Object;)Ljava/util/HashMap$Node; @ 84

Internal exceptions (2 events):
Event: 0.072 Thread 0x00007ffa0000a000 Exception <a 'java/lang/NoSuchMethodError': Method sun.misc.Unsafe.defineClass(Ljava/lang/String;[BII)Ljava/lang/Class; name or signature does not match> (0x00000000eab129e8) thrown at [/HUDSON/workspace/8-2-build-linux-amd64/jdk8u60/4407/hotspot/src/shar
Event: 0.073 Thread 0x00007ffa0000a000 Exception <a 'java/lang/NoSuchMethodError': Method sun.misc.Unsafe.prefetchRead(Ljava/lang/Object;J)V name or signature does not match> (0x00000000eab12cd0) thrown at [/HUDSON/workspace/8-2-build-linux-amd64/jdk8u60/4407/hotspot/src/share/vm/prims/jni.cpp

Events (10 events):
Event: 1.629 Thread 0x00007ffa0000a000 DEOPT UNPACKING pc=0x00007ff9f1047633 sp=0x00007ffa07cabfc0 mode 0
Event: 1.632 Thread 0x00007ffa0000a000 DEOPT PACKING pc=0x00007ff9f1432b25 sp=0x00007ffa07cac270
Event: 1.632 Thread 0x00007ffa0000a000 DEOPT UNPACKING pc=0x00007ff9f1047633 sp=0x00007ffa07cabfc0 mode 0
Event: 1.635 Thread 0x00007ffa0000a000 DEOPT PACKING pc=0x00007ff9f1432b25 sp=0x00007ffa07cac270
Event: 1.635 Thread 0x00007ffa0000a000 DEOPT UNPACKING pc=0x00007ff9f1047633 sp=0x00007ffa07cabfc0 mode 0
Event: 1.639 Thread 0x00007ffa0000a000 DEOPT PACKING pc=0x00007ff9f1432b25 sp=0x00007ffa07cac270
Event: 1.639 Thread 0x00007ffa0000a000 DEOPT UNPACKING pc=0x00007ff9f1047633 sp=0x00007ffa07cabfc0 mode 0
Event: 1.664 Thread 0x00007ffa0000a000 DEOPT PACKING pc=0x00007ff9f1432b25 sp=0x00007ffa07cac270
Event: 1.666 Thread 0x00007ffa0000a000 DEOPT UNPACKING pc=0x00007ff9f1047633 sp=0x00007ffa07cabfc0 mode 0
Event: 1.673 Executing VM operation: ParallelGCFailedAllocation


Dynamic libraries:
00400000-00401000 r-xp 00000000 08:05 272478                             /usr/lib/jvm/java-8-jdk/jre/bin/java
00600000-00601000 rw-p 00000000 08:05 272478                             /usr/lib/jvm/java-8-jdk/jre/bin/java
00aa4000-00ac5000 rw-p 00000000 00:00 0                                  [heap]
c0000000-c5300000 rw-p 00000000 00:00 0 
c5300000-eab00000 ---p 00000000 00:00 0 
eab00000-ef300000 rw-p 00000000 00:00 0 
f3100000-100000000 ---p 00000000 00:00 0 
100000000-1000c0000 rw-p 00000000 00:00 0 
1000c0000-140000000 ---p 00000000 00:00 0 
7ff99c000000-7ff99c021000 rw-p 00000000 00:00 0 
7ff99c021000-7ff9a0000000 ---p 00000000 00:00 0 
7ff9a4000000-7ff9a4028000 rw-p 00000000 00:00 0 
7ff9a4028000-7ff9a8000000 ---p 00000000 00:00 0 
7ff9a8000000-7ff9a8034000 rw-p 00000000 00:00 0 
7ff9a8034000-7ff9ac000000 ---p 00000000 00:00 0 
7ff9ac000000-7ff9ac029000 rw-p 00000000 00:00 0 
7ff9ac029000-7ff9b0000000 ---p 00000000 00:00 0 
7ff9b0000000-7ff9b0021000 rw-p 00000000 00:00 0 
7ff9b0021000-7ff9b4000000 ---p 00000000 00:00 0 
7ff9b4000000-7ff9b4021000 rw-p 00000000 00:00 0 
7ff9b4021000-7ff9b8000000 ---p 00000000 00:00 0 
7ff9b8000000-7ff9b8021000 rw-p 00000000 00:00 0 
7ff9b8021000-7ff9bc000000 ---p 00000000 00:00 0 
7ff9bc000000-7ff9bc61b000 rw-p 00000000 00:00 0 
7ff9bc61b000-7ff9c0000000 ---p 00000000 00:00 0 
7ff9c0000000-7ff9c05d5000 rw-p 00000000 00:00 0 
7ff9c05d5000-7ff9c4000000 ---p 00000000 00:00 0 
7ff9c4000000-7ff9c4021000 rw-p 00000000 00:00 0 
7ff9c4021000-7ff9c8000000 ---p 00000000 00:00 0 
7ff9c8000000-7ff9c88a9000 rw-p 00000000 00:00 0 
7ff9c88a9000-7ff9cc000000 ---p 00000000 00:00 0 
7ff9cc000000-7ff9cc021000 rw-p 00000000 00:00 0 
7ff9cc021000-7ff9d0000000 ---p 00000000 00:00 0 
7ff9d0000000-7ff9d0021000 rw-p 00000000 00:00 0 
7ff9d0021000-7ff9d4000000 ---p 00000000 00:00 0 
7ff9d4000000-7ff9d4021000 rw-p 00000000 00:00 0 
7ff9d4021000-7ff9d8000000 ---p 00000000 00:00 0 
7ff9d8000000-7ff9d828c000 rw-p 00000000 00:00 0 
7ff9d828c000-7ff9dc000000 ---p 00000000 00:00 0 
7ff9dc000000-7ff9dc021000 rw-p 00000000 00:00 0 
7ff9dc021000-7ff9e0000000 ---p 00000000 00:00 0 
7ff9e4000000-7ff9e4021000 rw-p 00000000 00:00 0 
7ff9e4021000-7ff9e8000000 ---p 00000000 00:00 0 
7ff9e8b5f000-7ff9e8b62000 ---p 00000000 00:00 0 
7ff9e8b62000-7ff9e8c60000 rw-p 00000000 00:00 0 
7ff9e8c60000-7ff9e8c63000 ---p 00000000 00:00 0 
7ff9e8c63000-7ff9e8d61000 rw-p 00000000 00:00 0 
7ff9e8d61000-7ff9e8d64000 ---p 00000000 00:00 0 
7ff9e8d64000-7ff9e8e62000 rw-p 00000000 00:00 0 
7ff9e8e62000-7ff9e8e65000 ---p 00000000 00:00 0 
7ff9e8e65000-7ff9e8f63000 rw-p 00000000 00:00 0 
7ff9e8f63000-7ff9e8f66000 ---p 00000000 00:00 0 
7ff9e8f66000-7ff9e9064000 rw-p 00000000 00:00 0 
7ff9e9064000-7ff9e9065000 ---p 00000000 00:00 0 
7ff9e9065000-7ff9e9165000 rw-p 00000000 00:00 0                          [stack:4515]
7ff9e9165000-7ff9e9168000 ---p 00000000 00:00 0 
7ff9e9168000-7ff9e9266000 rw-p 00000000 00:00 0                          [stack:4514]
7ff9e9266000-7ff9e9269000 ---p 00000000 00:00 0 
7ff9e9269000-7ff9e9367000 rw-p 00000000 00:00 0                          [stack:4513]
7ff9e9367000-7ff9e936a000 ---p 00000000 00:00 0 
7ff9e936a000-7ff9e9468000 rw-p 00000000 00:00 0                          [stack:4512]
7ff9e9468000-7ff9e946b000 ---p 00000000 00:00 0 
7ff9e946b000-7ff9e9569000 rw-p 00000000 00:00 0                          [stack:4511]
7ff9e9569000-7ff9e956c000 ---p 00000000 00:00 0 
7ff9e956c000-7ff9e966a000 rw-p 00000000 00:00 0                          [stack:4510]
7ff9e966a000-7ff9e97f8000 r--p 00000000 08:05 4739658                    /usr/lib/locale/locale-archive
7ff9e97f8000-7ff9e97fb000 ---p 00000000 00:00 0 
7ff9e97fb000-7ff9e98f9000 rw-p 00000000 00:00 0                          [stack:4509]
7ff9e98f9000-7ff9e98fc000 ---p 00000000 00:00 0 
7ff9e98fc000-7ff9e99fa000 rw-p 00000000 00:00 0                          [stack:4508]
7ff9e99fa000-7ff9e99fb000 ---p 00000000 00:00 0 
7ff9e99fb000-7ff9ec000000 rw-p 00000000 00:00 0                          [stack:4507]
7ff9ec000000-7ff9ec021000 rw-p 00000000 00:00 0 
7ff9ec021000-7ff9f0000000 ---p 00000000 00:00 0 
7ff9f00f9000-7ff9f0f00000 rw-p 00000000 00:00 0 
7ff9f0f00000-7ff9f1000000 ---p 00000000 00:00 0 
7ff9f1000000-7ff9f1550000 rwxp 00000000 00:00 0 
7ff9f1550000-7ffa00000000 ---p 00000000 00:00 0 
7ffa00000000-7ffa003c1000 rw-p 00000000 00:00 0 
7ffa003c1000-7ffa04000000 ---p 00000000 00:00 0 
7ffa04080000-7ffa04435000 rw-p 00000000 00:00 0 
7ffa04435000-7ffa0460d000 r--s 03d17000 08:05 399249                     /usr/lib/jvm/java-8-jdk/jre/lib/rt.jar
7ffa0460d000-7ffa04883000 rw-p 00000000 00:00 0 
7ffa04883000-7ffa04884000 ---p 00000000 00:00 0 
7ffa04884000-7ffa04984000 rw-p 00000000 00:00 0                          [stack:4506]
7ffa04984000-7ffa04985000 ---p 00000000 00:00 0 
7ffa04985000-7ffa04a85000 rw-p 00000000 00:00 0                          [stack:4505]
7ffa04a85000-7ffa04a86000 ---p 00000000 00:00 0 
7ffa04a86000-7ffa04b86000 rw-p 00000000 00:00 0                          [stack:4504]
7ffa04b86000-7ffa04b87000 ---p 00000000 00:00 0 
7ffa04b87000-7ffa04cb1000 rw-p 00000000 00:00 0                          [stack:4503]
7ffa04cb1000-7ffa04ddd000 ---p 00000000 00:00 0 
7ffa04ddd000-7ffa04e07000 rw-p 00000000 00:00 0 
7ffa04e07000-7ffa04f32000 ---p 00000000 00:00 0 
7ffa04f32000-7ffa04f57000 rw-p 00000000 00:00 0 
7ffa04f57000-7ffa04fdd000 ---p 00000000 00:00 0 
7ffa04fdd000-7ffa04ff4000 rw-p 00000000 00:00 0 
7ffa04ff4000-7ffa0539e000 ---p 00000000 00:00 0 
7ffa0539e000-7ffa053b8000 r-xp 00000000 08:05 540675                     /usr/lib/jvm/java-8-jdk/jre/lib/amd64/libzip.so
7ffa053b8000-7ffa055b8000 ---p 0001a000 08:05 540675                     /usr/lib/jvm/java-8-jdk/jre/lib/amd64/libzip.so
7ffa055b8000-7ffa055b9000 rw-p 0001a000 08:05 540675                     /usr/lib/jvm/java-8-jdk/jre/lib/amd64/libzip.so
7ffa055b9000-7ffa055c4000 r-xp 00000000 08:05 4721836                    /usr/lib/libnss_files-2.22.so
7ffa055c4000-7ffa057c3000 ---p 0000b000 08:05 4721836                    /usr/lib/libnss_files-2.22.so
7ffa057c3000-7ffa057c4000 r--p 0000a000 08:05 4721836                    /usr/lib/libnss_files-2.22.so
7ffa057c4000-7ffa057c5000 rw-p 0000b000 08:05 4721836                    /usr/lib/libnss_files-2.22.so
7ffa057c5000-7ffa057cb000 rw-p 00000000 00:00 0 
7ffa057cb000-7ffa057f5000 r-xp 00000000 08:05 540695                     /usr/lib/jvm/java-8-jdk/jre/lib/amd64/libjava.so
7ffa057f5000-7ffa059f5000 ---p 0002a000 08:05 540695                     /usr/lib/jvm/java-8-jdk/jre/lib/amd64/libjava.so
7ffa059f5000-7ffa059f7000 rw-p 0002a000 08:05 540695                     /usr/lib/jvm/java-8-jdk/jre/lib/amd64/libjava.so
7ffa059f7000-7ffa05a04000 r-xp 00000000 08:05 540681                     /usr/lib/jvm/java-8-jdk/jre/lib/amd64/libverify.so
7ffa05a04000-7ffa05c04000 ---p 0000d000 08:05 540681                     /usr/lib/jvm/java-8-jdk/jre/lib/amd64/libverify.so
7ffa05c04000-7ffa05c06000 rw-p 0000d000 08:05 540681                     /usr/lib/jvm/java-8-jdk/jre/lib/amd64/libverify.so
7ffa05c06000-7ffa05c0d000 r-xp 00000000 08:05 4721844                    /usr/lib/librt-2.22.so
7ffa05c0d000-7ffa05e0c000 ---p 00007000 08:05 4721844                    /usr/lib/librt-2.22.so
7ffa05e0c000-7ffa05e0d000 r--p 00006000 08:05 4721844                    /usr/lib/librt-2.22.so
7ffa05e0d000-7ffa05e0e000 rw-p 00007000 08:05 4721844                    /usr/lib/librt-2.22.so
7ffa05e0e000-7ffa05f0b000 r-xp 00000000 08:05 4721841                    /usr/lib/libm-2.22.so
7ffa05f0b000-7ffa0610a000 ---p 000fd000 08:05 4721841                    /usr/lib/libm-2.22.so
7ffa0610a000-7ffa0610b000 r--p 000fc000 08:05 4721841                    /usr/lib/libm-2.22.so
7ffa0610b000-7ffa0610c000 rw-p 000fd000 08:05 4721841                    /usr/lib/libm-2.22.so
7ffa0610c000-7ffa06dca000 r-xp 00000000 08:05 540705                     /usr/lib/jvm/java-8-jdk/jre/lib/amd64/server/libjvm.so
7ffa06dca000-7ffa06fc9000 ---p 00cbe000 08:05 540705                     /usr/lib/jvm/java-8-jdk/jre/lib/amd64/server/libjvm.so
7ffa06fc9000-7ffa070a1000 rw-p 00cbd000 08:05 540705                     /usr/lib/jvm/java-8-jdk/jre/lib/amd64/server/libjvm.so
7ffa070a1000-7ffa070e6000 rw-p 00000000 00:00 0 
7ffa070e6000-7ffa07281000 r-xp 00000000 08:05 4721791                    /usr/lib/libc-2.22.so
7ffa07281000-7ffa07480000 ---p 0019b000 08:05 4721791                    /usr/lib/libc-2.22.so
7ffa07480000-7ffa07484000 r--p 0019a000 08:05 4721791                    /usr/lib/libc-2.22.so
7ffa07484000-7ffa07486000 rw-p 0019e000 08:05 4721791                    /usr/lib/libc-2.22.so
7ffa07486000-7ffa0748a000 rw-p 00000000 00:00 0 
7ffa0748a000-7ffa0748d000 r-xp 00000000 08:05 4721840                    /usr/lib/libdl-2.22.so
7ffa0748d000-7ffa0768c000 ---p 00003000 08:05 4721840                    /usr/lib/libdl-2.22.so
7ffa0768c000-7ffa0768d000 r--p 00002000 08:05 4721840                    /usr/lib/libdl-2.22.so
7ffa0768d000-7ffa0768e000 rw-p 00003000 08:05 4721840                    /usr/lib/libdl-2.22.so
7ffa0768e000-7ffa076a3000 r-xp 00000000 08:05 799344                     /usr/lib/jvm/java-8-jdk/jre/lib/amd64/jli/libjli.so
7ffa076a3000-7ffa078a3000 ---p 00015000 08:05 799344                     /usr/lib/jvm/java-8-jdk/jre/lib/amd64/jli/libjli.so
7ffa078a3000-7ffa078a4000 rw-p 00015000 08:05 799344                     /usr/lib/jvm/java-8-jdk/jre/lib/amd64/jli/libjli.so
7ffa078a4000-7ffa078bc000 r-xp 00000000 08:05 4721772                    /usr/lib/libpthread-2.22.so
7ffa078bc000-7ffa07abb000 ---p 00018000 08:05 4721772                    /usr/lib/libpthread-2.22.so
7ffa07abb000-7ffa07abc000 r--p 00017000 08:05 4721772                    /usr/lib/libpthread-2.22.so
7ffa07abc000-7ffa07abd000 rw-p 00018000 08:05 4721772                    /usr/lib/libpthread-2.22.so
7ffa07abd000-7ffa07ac1000 rw-p 00000000 00:00 0 
7ffa07ac1000-7ffa07ae3000 r-xp 00000000 08:05 4721790                    /usr/lib/ld-2.22.so
7ffa07ae4000-7ffa07ae8000 r--s 00095000 08:05 399246                     /usr/lib/jvm/java-8-jdk/jre/lib/jsse.jar
7ffa07ae8000-7ffa07bad000 rw-p 00000000 00:00 0 
7ffa07bad000-7ffa07bb0000 ---p 00000000 00:00 0 
7ffa07bb0000-7ffa07cb2000 rw-p 00000000 00:00 0                          [stack:4502]
7ffa07cb3000-7ffa07cb4000 rw-p 00000000 00:00 0 
7ffa07cb4000-7ffa07cc3000 r--s 000df000 08:05 1868720                    /home/mzwee/Android/Sdk/build-tools/23.0.2/lib/dx.jar
7ffa07cc3000-7ffa07cd7000 rw-p 00000000 00:00 0 
7ffa07cd7000-7ffa07cdf000 rw-s 00000000 00:23 543853                     /tmp/hsperfdata_mzwee/4496
7ffa07cdf000-7ffa07ce0000 rw-p 00000000 00:00 0 
7ffa07ce0000-7ffa07ce1000 ---p 00000000 00:00 0 
7ffa07ce1000-7ffa07ce2000 rw-p 00000000 00:00 0 
7ffa07ce2000-7ffa07ce3000 r--p 00021000 08:05 4721790                    /usr/lib/ld-2.22.so
7ffa07ce3000-7ffa07ce4000 rw-p 00022000 08:05 4721790                    /usr/lib/ld-2.22.so
7ffa07ce4000-7ffa07ce5000 rw-p 00000000 00:00 0 
7ffffe4ba000-7ffffe4dc000 rw-p 00000000 00:00 0                          [stack]
7ffffe4eb000-7ffffe4ed000 r--p 00000000 00:00 0                          [vvar]
7ffffe4ed000-7ffffe4ef000 r-xp 00000000 00:00 0                          [vdso]
ffffffffff600000-ffffffffff601000 r-xp 00000000 00:00 0                  [vsyscall]

VM Arguments:
jvm_args: -Xmx1024M -Dfile.encoding=UTF-8 -Duser.country=US -Duser.language=en -Duser.variant 
java_command: com.android.dx.command.Main --dex --num-threads=4 --output /home/mzwee/AndroidStudioProjects/RandRestaurant/app/build/intermediates/dex/debug /home/mzwee/AndroidStudioProjects/RandRestaurant/app/build/intermediates/classes/debug /home/mzwee/AndroidStudioProjects/RandRestaurant/app/build/intermediates/pre-dexed/debug/support-annotations-23.1.1-9ade6a7bccf5f5538581aa709c404d099ed55915.jar /home/mzwee/AndroidStudioProjects/RandRestaurant/app/build/intermediates/pre-dexed/debug/converter-jackson-2.0.0-beta2-6f8c54137ba4cbf29e2765534b56b31a69a29d37.jar /home/mzwee/AndroidStudioProjects/RandRestaurant/app/build/intermediates/pre-dexed/debug/okhttp-signpost-1.0.0-3ec8c4f5ce687039314a11601a5b0d3dbf8a1013.jar /home/mzwee/AndroidStudioProjects/RandRestaurant/app/build/intermediates/pre-dexed/debug/jackson-annotations-2.4.0-5e0cadc013ff47f78c8d102bd387146cbda72cea.jar /home/mzwee/AndroidStudioProjects/RandRestaurant/app/build/intermediates/pre-dexed/debug/tubesock-0.0.12-5907288b131b0b2db89e605da4607fccd2b92477.jar /home/mzwee/AndroidStudioProjects/RandRestaurant/app/build/intermediates/pre-dexed/debug/firebase-client-android-2.5.1-d84cda96e5b2a24d554f94638b3f1378ace27dc6.jar /home/mzwee/AndroidStudioProjects/RandRestaurant/app/build/intermediates/pre-dexed/debug/signpost-core-1.2.1.2-f7dc6e2f17764d1656d784db8f92876a10860fc5.jar /home/mzwee/AndroidStudioProjects/RandRestaurant/app/build/intermediates/pre-dexed/debug/retrofit-2.0.0-beta2-62366445394ad339b930ef73804a52f8ce6dd28f.jar /home/mzwee/AndroidStudioProjects/RandRestaurant/app/build/intermediates/pre-dexed/debug/commons-codec-1.3-9d19f196b92cda543ad5af8cc7af2631d8516b8b.jar /home/mzwee/AndroidStudioProjects/RandRestaurant/app/build/intermediates/pre-dexed/debug/okio-1.6.0-c76f1fcf42fbb2ad0ee3ad1b8af7dcfa49d859b2.jar /home/mzwee/AndroidStudioProjects/RandRestaurant/app/build/intermediates/pre-dexed/debug/yelp-android-1.0.0-5e3397aefc602f58ed6fe5f202603d7ce2f96eb8.jar /home/mzwee/AndroidStudioProjects/RandR
java_class_path (initial): /home/mzwee/Android/Sdk/build-tools/23.0.2/lib/dx.jar
Launcher Type: SUN_STANDARD

Environment Variables:
PATH=/home/mzwee/.rvm/gems/ruby-2.2.2/bin:/home/mzwee/.rvm/gems/ruby-2.2.2@global/bin:/home/mzwee/.rvm/rubies/ruby-2.2.2/bin:/home/mzwee/local/bin:/usr/local/sbin:/usr/local/bin:/usr/bin:/usr/lib/jvm/default/bin:/usr/bin/site_perl:/usr/bin/vendor_perl:/usr/bin/core_perl:/home/mzwee/.rvm/bin
LD_LIBRARY_PATH=/opt/android-studio/bin:
SHELL=/bin/bash
DISPLAY=:0

Signal Handlers:
SIGSEGV: [libjvm.so+0xaba070], sa_mask[0]=11111111011111111101111111111110, sa_flags=SA_RESTART|SA_SIGINFO
SIGBUS: [libjvm.so+0xaba070], sa_mask[0]=11111111011111111101111111111110, sa_flags=SA_RESTART|SA_SIGINFO
SIGFPE: [libjvm.so+0x917630], sa_mask[0]=11111111011111111101111111111110, sa_flags=SA_RESTART|SA_SIGINFO
SIGPIPE: [libjvm.so+0x917630], sa_mask[0]=11111111011111111101111111111110, sa_flags=SA_RESTART|SA_SIGINFO
SIGXFSZ: [libjvm.so+0x917630], sa_mask[0]=11111111011111111101111111111110, sa_flags=SA_RESTART|SA_SIGINFO
SIGILL: [libjvm.so+0x917630], sa_mask[0]=11111111011111111101111111111110, sa_flags=SA_RESTART|SA_SIGINFO
SIGUSR1: SIG_DFL, sa_mask[0]=00000000000000000000000000000000, sa_flags=none
SIGUSR2: [libjvm.so+0x918c60], sa_mask[0]=00100000000000000000000000000000, sa_flags=SA_RESTART|SA_SIGINFO
SIGHUP: [libjvm.so+0x91a060], sa_mask[0]=11111111011111111101111111111110, sa_flags=SA_RESTART|SA_SIGINFO
SIGINT: SIG_IGN, sa_mask[0]=00000000000000000000000000000000, sa_flags=none
SIGTERM: [libjvm.so+0x91a060], sa_mask[0]=11111111011111111101111111111110, sa_flags=SA_RESTART|SA_SIGINFO
SIGQUIT: [libjvm.so+0x91a060], sa_mask[0]=11111111011111111101111111111110, sa_flags=SA_RESTART|SA_SIGINFO


---------------  S Y S T E M  ---------------

OS:NAME="Arch Linux"
ID=arch
PRETTY_NAME="Arch Linux"
ANSI_COLOR="0;36"
HOME_URL="https://www.archlinux.org/"
SUPPORT_URL="https://bbs.archlinux.org/"
BUG_REPORT_URL="https://bugs.archlinux.org/"


uname:Linux 4.3.3-3-ARCH #1 SMP PREEMPT Wed Jan 20 08:12:23 CET 2016 x86_64
libc:glibc 2.22 NPTL 2.22 
rlimit: STACK 8192k, CORE 0k, NPROC 30723, NOFILE 4096, AS infinity
load average:1.82 0.85 0.57

/proc/meminfo:
MemTotal:        8067340 kB
MemFree:           53692 kB
MemAvailable:      63640 kB
Buffers:             432 kB
Cached:          2724660 kB
SwapCached:            0 kB
Active:          5796580 kB
Inactive:        2036236 kB
Active(anon):    5792952 kB
Inactive(anon):  2032316 kB
Active(file):       3628 kB
Inactive(file):     3920 kB
Unevictable:           0 kB
Mlocked:               0 kB
SwapTotal:             0 kB
SwapFree:              0 kB
Dirty:                 0 kB
Writeback:           232 kB
AnonPages:       5108592 kB
Mapped:           477396 kB
Shmem:           2716704 kB
Slab:              63600 kB
SReclaimable:      34364 kB
SUnreclaim:        29236 kB
KernelStack:        8064 kB
PageTables:        38552 kB
NFS_Unstable:          0 kB
Bounce:                0 kB
WritebackTmp:          0 kB
CommitLimit:     4033668 kB
Committed_AS:   12111788 kB
VmallocTotal:   34359738367 kB
VmallocUsed:      382620 kB
VmallocChunk:   34358947836 kB
HardwareCorrupted:     0 kB
AnonHugePages:   3098624 kB
HugePages_Total:       0
HugePages_Free:        0
HugePages_Rsvd:        0
HugePages_Surp:        0
Hugepagesize:       2048 kB
DirectMap4k:      149036 kB
DirectMap2M:     8126464 kB
DirectMap1G:     1048576 kB


CPU:total 4 (2 cores per cpu, 2 threads per core) family 6 model 69 stepping 1, cmov, cx8, fxsr, mmx, sse, sse2, sse3, ssse3, sse4.1, sse4.2, popcnt, avx, avx2, aes, clmul, erms, lzcnt, ht, tsc, tscinvbit, bmi1, bmi2

/proc/cpuinfo:
processor	: 0
vendor_id	: GenuineIntel
cpu family	: 6
model		: 69
model name	: Intel(R) Core(TM) i5-4210U CPU @ 1.70GHz
stepping	: 1
microcode	: 0x17
cpu MHz		: 2264.812
cache size	: 3072 KB
physical id	: 0
siblings	: 4
core id		: 0
cpu cores	: 2
apicid		: 0
initial apicid	: 0
fpu		: yes
fpu_exception	: yes
cpuid level	: 13
wp		: yes
flags		: fpu vme de pse tsc msr pae mce cx8 apic sep mtrr pge mca cmov pat pse36 clflush dts acpi mmx fxsr sse sse2 ss ht tm pbe syscall nx pdpe1gb rdtscp lm constant_tsc arch_perfmon pebs bts rep_good nopl xtopology nonstop_tsc aperfmperf eagerfpu pni pclmulqdq dtes64 monitor ds_cpl vmx est tm2 ssse3 sdbg fma cx16 xtpr pdcm pcid sse4_1 sse4_2 movbe popcnt tsc_deadline_timer aes xsave avx f16c rdrand lahf_lm abm ida arat epb pln pts dtherm tpr_shadow vnmi flexpriority ept vpid fsgsbase tsc_adjust bmi1 avx2 smep bmi2 erms invpcid xsaveopt
bugs		:
bogomips	: 4791.70
clflush size	: 64
cache_alignment	: 64
address sizes	: 39 bits physical, 48 bits virtual
power management:

processor	: 1
vendor_id	: GenuineIntel
cpu family	: 6
model		: 69
model name	: Intel(R) Core(TM) i5-4210U CPU @ 1.70GHz
stepping	: 1
microcode	: 0x17
cpu MHz		: 1699.781
cache size	: 3072 KB
physical id	: 0
siblings	: 4
core id		: 1
cpu cores	: 2
apicid		: 2
initial apicid	: 2
fpu		: yes
fpu_exception	: yes
cpuid level	: 13
wp		: yes
flags		: fpu vme de pse tsc msr pae mce cx8 apic sep mtrr pge mca cmov pat pse36 clflush dts acpi mmx fxsr sse sse2 ss ht tm pbe syscall nx pdpe1gb rdtscp lm constant_tsc arch_perfmon pebs bts rep_good nopl xtopology nonstop_tsc aperfmperf eagerfpu pni pclmulqdq dtes64 monitor ds_cpl vmx est tm2 ssse3 sdbg fma cx16 xtpr pdcm pcid sse4_1 sse4_2 movbe popcnt tsc_deadline_timer aes xsave avx f16c rdrand lahf_lm abm ida arat epb pln pts dtherm tpr_shadow vnmi flexpriority ept vpid fsgsbase tsc_adjust bmi1 avx2 smep bmi2 erms invpcid xsaveopt
bugs		:
bogomips	: 4791.70
clflush size	: 64
cache_alignment	: 64
address sizes	: 39 bits physical, 48 bits virtual
power management:

processor	: 2
vendor_id	: GenuineIntel
cpu family	: 6
model		: 69
model name	: Intel(R) Core(TM) i5-4210U CPU @ 1.70GHz
stepping	: 1
microcode	: 0x17
cpu MHz		: 1887.562
cache size	: 3072 KB
physical id	: 0
siblings	: 4
core id		: 0
cpu cores	: 2
apicid		: 1
initial apicid	: 1
fpu		: yes
fpu_exception	: yes
cpuid level	: 13
wp		: yes
flags		: fpu vme de pse tsc msr pae mce cx8 apic sep mtrr pge mca cmov pat pse36 clflush dts acpi mmx fxsr sse sse2 ss ht tm pbe syscall nx pdpe1gb rdtscp lm constant_tsc arch_perfmon pebs bts rep_good nopl xtopology nonstop_tsc aperfmperf eagerfpu pni pclmulqdq dtes64 monitor ds_cpl vmx est tm2 ssse3 sdbg fma cx16 xtpr pdcm pcid sse4_1 sse4_2 movbe popcnt tsc_deadline_timer aes xsave avx f16c rdrand lahf_lm abm ida arat epb pln pts dtherm tpr_shadow vnmi flexpriority ept vpid fsgsbase tsc_adjust bmi1 avx2 smep bmi2 erms invpcid xsaveopt
bugs		:
bogomips	: 4791.70
clflush size	: 64
cache_alignment	: 64
address sizes	: 39 bits physical, 48 bits virtual
power management:

processor	: 3
vendor_id	: GenuineIntel
cpu family	: 6
model		: 69
model name	: Intel(R) Core(TM) i5-4210U CPU @ 1.70GHz
stepping	: 1
microcode	: 0x17
cpu MHz		: 2049.468
cache size	: 3072 KB
physical id	: 0
siblings	: 4
core id		: 1
cpu cores	: 2
apicid		: 3
initial apicid	: 3
fpu		: yes
fpu_exception	: yes
cpuid level	: 13
wp		: yes
flags		: fpu vme de pse tsc msr pae mce cx8 apic sep mtrr pge mca cmov pat pse36 clflush dts acpi mmx fxsr sse sse2 ss ht tm pbe syscall nx pdpe1gb rdtscp lm constant_tsc arch_perfmon pebs bts rep_good nopl xtopology nonstop_tsc aperfmperf eagerfpu pni pclmulqdq dtes64 monitor ds_cpl vmx est tm2 ssse3 sdbg fma cx16 xtpr pdcm pcid sse4_1 sse4_2 movbe popcnt tsc_deadline_timer aes xsave avx f16c rdrand lahf_lm abm ida arat epb pln pts dtherm tpr_shadow vnmi flexpriority ept vpid fsgsbase tsc_adjust bmi1 avx2 smep bmi2 erms invpcid xsaveopt
bugs		:
bogomips	: 4791.70
clflush size	: 64
cache_alignment	: 64
address sizes	: 39 bits physical, 48 bits virtual
power management:



Memory: 4k page, physical 8067340k(52852k free), swap 0k(0k free)

vm_info: Java HotSpot(TM) 64-Bit Server VM (25.60-b23) for linux-amd64 JRE (1.8.0_60-b27), built on Aug  4 2015 12:19:40 by "java_re" with gcc 4.3.0 20080428 (Red Hat 4.3.0-8)

time: Sat Feb 20 21:39:42 2016
elapsed time: 1 seconds (0d 0h 0m 1s)

