#
# There is insufficient memory for the Java Runtime Environment to continue.
# Native memory allocation (mmap) failed to map 146800640 bytes for committing reserved memory.
# Possible reasons:
#   The system is out of physical RAM or swap space
#   In 32 bit mode, the process size limit was hit
# Possible solutions:
#   Reduce memory load on the system
#   Increase physical memory or swap space
#   Check if swap backing store is full
#   Use 64 bit Java on a 64 bit OS
#   Decrease Java heap size (-Xmx/-Xms)
#   Decrease number of Java threads
#   Decrease Java thread stack sizes (-Xss)
#   Set larger code cache with -XX:ReservedCodeCacheSize=
# This output file may be truncated or incomplete.
#
#  Out of Memory Error (os_linux.cpp:2627), pid=7804, tid=140254183933696
#
# JRE version: Java(TM) SE Runtime Environment (8.0_60-b27) (build 1.8.0_60-b27)
# Java VM: Java HotSpot(TM) 64-Bit Server VM (25.60-b23 mixed mode linux-amd64 compressed oops)
# Failed to write core dump. Core dumps have been disabled. To enable core dumping, try "ulimit -c unlimited" before starting Java again
#

---------------  T H R E A D  ---------------

Current thread (0x00007f8f88076800):  VMThread [stack: 0x00007f8f78bfc000,0x00007f8f78cfd000] [id=7820]

Stack: [0x00007f8f78bfc000,0x00007f8f78cfd000],  sp=0x00007f8f78cfb320,  free space=1020k
Native frames: (J=compiled Java code, j=interpreted, Vv=VM code, C=native code)
V  [libjvm.so+0xab97ea]  VMError::report_and_die()+0x2ba
V  [libjvm.so+0x4f9dab]  report_vm_out_of_memory(char const*, int, unsigned long, VMErrorType, char const*)+0x8b
V  [libjvm.so+0x91a7c3]  os::Linux::commit_memory_impl(char*, unsigned long, bool)+0x103
V  [libjvm.so+0x91ad19]  os::pd_commit_memory(char*, unsigned long, unsigned long, bool)+0x29
V  [libjvm.so+0x91502a]  os::commit_memory(char*, unsigned long, unsigned long, bool)+0x2a
V  [libjvm.so+0x9886d3]  PSVirtualSpace::expand_by(unsigned long)+0x53
V  [libjvm.so+0x989ad8]  PSYoungGen::resize_generation(unsigned long, unsigned long)+0xf8
V  [libjvm.so+0x988c32]  PSYoungGen::resize(unsigned long, unsigned long)+0x22
V  [libjvm.so+0x985f0b]  PSScavenge::invoke_no_policy()+0xf3b
V  [libjvm.so+0x986691]  PSScavenge::invoke()+0x41
V  [libjvm.so+0x93e430]  ParallelScavengeHeap::failed_mem_allocate(unsigned long)+0x70
V  [libjvm.so+0xabb207]  VM_ParallelGCFailedAllocation::doit()+0x97
V  [libjvm.so+0xac2c35]  VM_Operation::evaluate()+0x55
V  [libjvm.so+0xac100a]  VMThread::evaluate_operation(VM_Operation*)+0xba
V  [libjvm.so+0xac138e]  VMThread::loop()+0x1ce
V  [libjvm.so+0xac1800]  VMThread::run()+0x70
V  [libjvm.so+0x91cb88]  java_start(Thread*)+0x108

VM_Operation (0x00007f8f69dfb8f0): ParallelGCFailedAllocation, mode: safepoint, requested by thread 0x00007f8f8816a800


---------------  P R O C E S S  ---------------

Java Threads: ( => current thread )
  0x00007f8f8816a800 JavaThread "pool-1-thread-4" [_thread_blocked, id=7868, stack(0x00007f8f69cfd000,0x00007f8f69dfe000)]
  0x00007f8f88169000 JavaThread "pool-1-thread-3" [_thread_blocked, id=7867, stack(0x00007f8f69dfe000,0x00007f8f69eff000)]
  0x00007f8f88167800 JavaThread "pool-1-thread-2" [_thread_blocked, id=7866, stack(0x00007f8f69eff000,0x00007f8f6a000000)]
  0x00007f8f8815c800 JavaThread "pool-2-thread-1" [_thread_blocked, id=7865, stack(0x00007f8f78064000,0x00007f8f78165000)]
  0x00007f8f8815a800 JavaThread "pool-1-thread-1" [_thread_blocked, id=7863, stack(0x00007f8f78165000,0x00007f8f78266000)]
  0x00007f8f880bf000 JavaThread "Service Thread" daemon [_thread_blocked, id=7834, stack(0x00007f8f78367000,0x00007f8f78468000)]
  0x00007f8f880ba000 JavaThread "C1 CompilerThread2" daemon [_thread_blocked, id=7833, stack(0x00007f8f78468000,0x00007f8f78569000)]
  0x00007f8f880b8000 JavaThread "C2 CompilerThread1" daemon [_thread_in_native, id=7830, stack(0x00007f8f78569000,0x00007f8f7866a000)]
  0x00007f8f880b5000 JavaThread "C2 CompilerThread0" daemon [_thread_in_native, id=7829, stack(0x00007f8f7866a000,0x00007f8f7876b000)]
  0x00007f8f880b3800 JavaThread "Signal Dispatcher" daemon [_thread_blocked, id=7827, stack(0x00007f8f7876b000,0x00007f8f7886c000)]
  0x00007f8f8807d800 JavaThread "Finalizer" daemon [_thread_blocked, id=7825, stack(0x00007f8f789fa000,0x00007f8f78afb000)]
  0x00007f8f8807b800 JavaThread "Reference Handler" daemon [_thread_blocked, id=7823, stack(0x00007f8f78afb000,0x00007f8f78bfc000)]
  0x00007f8f88008800 JavaThread "main" [_thread_blocked, id=7809, stack(0x00007f8f90cf3000,0x00007f8f90df4000)]

Other Threads:
=>0x00007f8f88076800 VMThread [stack: 0x00007f8f78bfc000,0x00007f8f78cfd000] [id=7820]
  0x00007f8f880c2000 WatcherThread [stack: 0x00007f8f78266000,0x00007f8f78367000] [id=7836]

VM state:at safepoint (normal execution)

VM Mutex/Monitor currently owned by a thread:  ([mutex/lock_event])
[0x00007f8f880063a0] Threads_lock - owner thread: 0x00007f8f88076800
[0x00007f8f880068a0] Heap_lock - owner thread: 0x00007f8f8816a800

Heap:
 PSYoungGen      total 144384K, used 19429K [0x00000000eab00000, 0x00000000f4d00000, 0x0000000100000000)
  eden space 124928K, 0% used [0x00000000eab00000,0x00000000eab00000,0x00000000f2500000)
  from space 19456K, 99% used [0x00000000f2500000,0x00000000f37f9760,0x00000000f3800000)
  to   space 17408K, 0% used [0x00000000f3800000,0x00000000f3800000,0x00000000f4900000)
 ParOldGen       total 84992K, used 39030K [0x00000000c0000000, 0x00000000c5300000, 0x00000000eab00000)
  object space 84992K, 45% used [0x00000000c0000000,0x00000000c261dbf8,0x00000000c5300000)
 Metaspace       used 6314K, capacity 7152K, committed 7296K, reserved 1056768K
  class space    used 592K, capacity 616K, committed 640K, reserved 1048576K

Card table byte_map: [0x00007f8f8df23000,0x00007f8f8e124000] byte_map_base: 0x00007f8f8d923000

Marking Bits: (ParMarkBitMap*) 0x00007f8f90200de0
 Begin Bits: [0x00007f8f6a000000, 0x00007f8f6b000000)
 End Bits:   [0x00007f8f6b000000, 0x00007f8f6c000000)

Polling page: 0x00007f8f90e26000

CodeCache: size=245760Kb used=6821Kb max_used=6821Kb free=238938Kb
 bounds [0x00007f8f79000000, 0x00007f8f796b0000, 0x00007f8f88000000]
 total_blobs=2174 nmethods=1906 adapters=182
 compilation: enabled

Compilation events (10 events):
Event: 12.455 Thread 0x00007f8f880ba000 2202       2       com.android.dx.dex.file.AnnotationUtils::makeInnerClass (65 bytes)
Event: 12.455 Thread 0x00007f8f880ba000 nmethod 2202 0x00007f8f796a5810 code [0x00007f8f796a5a00, 0x00007f8f796a5f18]
Event: 12.515 Thread 0x00007f8f880ba000 2203   !   3       com.android.dx.cf.cst.ConstantPoolParser::determineOffsets (285 bytes)
Event: 12.518 Thread 0x00007f8f880ba000 nmethod 2203 0x00007f8f796a6390 code [0x00007f8f796a6720, 0x00007f8f796a81d8]
Event: 12.524 Thread 0x00007f8f880ba000 2204 %     3       com.android.dx.ssa.InterferenceRegisterMapper::addInterfence @ 10 (62 bytes)
Event: 12.526 Thread 0x00007f8f880ba000 nmethod 2204% 0x00007f8f796a9590 code [0x00007f8f796a9860, 0x00007f8f796aabe8]
Event: 12.526 Thread 0x00007f8f880ba000 2205       3       com.android.dx.ssa.InterferenceRegisterMapper::addInterfence (62 bytes)
Event: 12.541 Thread 0x00007f8f880ba000 nmethod 2205 0x00007f8f796aba10 code [0x00007f8f796abce0, 0x00007f8f796acfc8]
Event: 12.582 Thread 0x00007f8f880ba000 2207   !   2       com.android.dx.cf.attrib.AttInnerClasses::<init> (43 bytes)
Event: 12.582 Thread 0x00007f8f880ba000 nmethod 2207 0x00007f8f796addd0 code [0x00007f8f796adf60, 0x00007f8f796ae278]

GC Heap History (10 events):
Event: 5.465 GC heap after
Heap after GC invocations=2 (full 0):
 PSYoungGen      total 36864K, used 5095K [0x00000000eab00000, 0x00000000ef300000, 0x0000000100000000)
  eden space 31744K, 0% used [0x00000000eab00000,0x00000000eab00000,0x00000000eca00000)
  from space 5120K, 99% used [0x00000000ecf00000,0x00000000ed3f9c78,0x00000000ed400000)
  to   space 5120K, 0% used [0x00000000eca00000,0x00000000eca00000,0x00000000ecf00000)
 ParOldGen       total 84992K, used 3133K [0x00000000c0000000, 0x00000000c5300000, 0x00000000eab00000)
  object space 84992K, 3% used [0x00000000c0000000,0x00000000c030f420,0x00000000c5300000)
 Metaspace       used 5925K, capacity 6896K, committed 7040K, reserved 1056768K
  class space    used 592K, capacity 616K, committed 640K, reserved 1048576K
}
Event: 7.716 GC heap before
{Heap before GC invocations=3 (full 0):
 PSYoungGen      total 36864K, used 36839K [0x00000000eab00000, 0x00000000ef300000, 0x0000000100000000)
  eden space 31744K, 100% used [0x00000000eab00000,0x00000000eca00000,0x00000000eca00000)
  from space 5120K, 99% used [0x00000000ecf00000,0x00000000ed3f9c78,0x00000000ed400000)
  to   space 5120K, 0% used [0x00000000eca00000,0x00000000eca00000,0x00000000ecf00000)
 ParOldGen       total 84992K, used 3133K [0x00000000c0000000, 0x00000000c5300000, 0x00000000eab00000)
  object space 84992K, 3% used [0x00000000c0000000,0x00000000c030f420,0x00000000c5300000)
 Metaspace       used 5974K, capacity 6960K, committed 7040K, reserved 1056768K
  class space    used 592K, capacity 616K, committed 640K, reserved 1048576K
Event: 7.875 GC heap after
Heap after GC invocations=3 (full 0):
 PSYoungGen      total 36864K, used 5104K [0x00000000eab00000, 0x00000000ef300000, 0x0000000100000000)
  eden space 31744K, 0% used [0x00000000eab00000,0x00000000eab00000,0x00000000eca00000)
  from space 5120K, 99% used [0x00000000eca00000,0x00000000ecefc3a8,0x00000000ecf00000)
  to   space 5120K, 0% used [0x00000000eee00000,0x00000000eee00000,0x00000000ef300000)
 ParOldGen       total 84992K, used 8360K [0x00000000c0000000, 0x00000000c5300000, 0x00000000eab00000)
  object space 84992K, 9% used [0x00000000c0000000,0x00000000c082a1c0,0x00000000c5300000)
 Metaspace       used 5974K, capacity 6960K, committed 7040K, reserved 1056768K
  class space    used 592K, capacity 616K, committed 640K, reserved 1048576K
}
Event: 8.541 GC heap before
{Heap before GC invocations=4 (full 0):
 PSYoungGen      total 36864K, used 36848K [0x00000000eab00000, 0x00000000ef300000, 0x0000000100000000)
  eden space 31744K, 100% used [0x00000000eab00000,0x00000000eca00000,0x00000000eca00000)
  from space 5120K, 99% used [0x00000000eca00000,0x00000000ecefc3a8,0x00000000ecf00000)
  to   space 5120K, 0% used [0x00000000eee00000,0x00000000eee00000,0x00000000ef300000)
 ParOldGen       total 84992K, used 8360K [0x00000000c0000000, 0x00000000c5300000, 0x00000000eab00000)
  object space 84992K, 9% used [0x00000000c0000000,0x00000000c082a1c0,0x00000000c5300000)
 Metaspace       used 6009K, capacity 6960K, committed 7040K, reserved 1056768K
  class space    used 592K, capacity 616K, committed 640K, reserved 1048576K
Event: 8.616 GC heap after
Heap after GC invocations=4 (full 0):
 PSYoungGen      total 68608K, used 5104K [0x00000000eab00000, 0x00000000ef300000, 0x0000000100000000)
  eden space 63488K, 0% used [0x00000000eab00000,0x00000000eab00000,0x00000000ee900000)
  from space 5120K, 99% used [0x00000000eee00000,0x00000000ef2fc388,0x00000000ef300000)
  to   space 5120K, 0% used [0x00000000ee900000,0x00000000ee900000,0x00000000eee00000)
 ParOldGen       total 84992K, used 13825K [0x00000000c0000000, 0x00000000c5300000, 0x00000000eab00000)
  object space 84992K, 16% used [0x00000000c0000000,0x00000000c0d80520,0x00000000c5300000)
 Metaspace       used 6009K, capacity 6960K, committed 7040K, reserved 1056768K
  class space    used 592K, capacity 616K, committed 640K, reserved 1048576K
}
Event: 9.463 GC heap before
{Heap before GC invocations=5 (full 0):
 PSYoungGen      total 68608K, used 68592K [0x00000000eab00000, 0x00000000ef300000, 0x0000000100000000)
  eden space 63488K, 100% used [0x00000000eab00000,0x00000000ee900000,0x00000000ee900000)
  from space 5120K, 99% used [0x00000000eee00000,0x00000000ef2fc388,0x00000000ef300000)
  to   space 5120K, 0% used [0x00000000ee900000,0x00000000ee900000,0x00000000eee00000)
 ParOldGen       total 84992K, used 13825K [0x00000000c0000000, 0x00000000c5300000, 0x00000000eab00000)
  object space 84992K, 16% used [0x00000000c0000000,0x00000000c0d80520,0x00000000c5300000)
 Metaspace       used 6076K, capacity 7024K, committed 7296K, reserved 1056768K
  class space    used 592K, capacity 616K, committed 640K, reserved 1048576K
Event: 9.583 GC heap after
Heap after GC invocations=5 (full 0):
 PSYoungGen      total 68608K, used 5096K [0x00000000eab00000, 0x00000000f4900000, 0x0000000100000000)
  eden space 63488K, 0% used [0x00000000eab00000,0x00000000eab00000,0x00000000ee900000)
  from space 5120K, 99% used [0x00000000ee900000,0x00000000eedfa2d8,0x00000000eee00000)
  to   space 17408K, 0% used [0x00000000f3800000,0x00000000f3800000,0x00000000f4900000)
 ParOldGen       total 84992K, used 24307K [0x00000000c0000000, 0x00000000c5300000, 0x00000000eab00000)
  object space 84992K, 28% used [0x00000000c0000000,0x00000000c17bcf40,0x00000000c5300000)
 Metaspace       used 6076K, capacity 7024K, committed 7296K, reserved 1056768K
  class space    used 592K, capacity 616K, committed 640K, reserved 1048576K
}
Event: 10.467 GC heap before
{Heap before GC invocations=6 (full 0):
 PSYoungGen      total 68608K, used 68584K [0x00000000eab00000, 0x00000000f4900000, 0x0000000100000000)
  eden space 63488K, 100% used [0x00000000eab00000,0x00000000ee900000,0x00000000ee900000)
  from space 5120K, 99% used [0x00000000ee900000,0x00000000eedfa2d8,0x00000000eee00000)
  to   space 17408K, 0% used [0x00000000f3800000,0x00000000f3800000,0x00000000f4900000)
 ParOldGen       total 84992K, used 24307K [0x00000000c0000000, 0x00000000c5300000, 0x00000000eab00000)
  object space 84992K, 28% used [0x00000000c0000000,0x00000000c17bcf40,0x00000000c5300000)
 Metaspace       used 6155K, capacity 7088K, committed 7296K, reserved 1056768K
  class space    used 592K, capacity 616K, committed 640K, reserved 1048576K
Event: 10.657 GC heap after
Heap after GC invocations=6 (full 0):
 PSYoungGen      total 142336K, used 15573K [0x00000000eab00000, 0x00000000f4d00000, 0x0000000100000000)
  eden space 124928K, 0% used [0x00000000eab00000,0x00000000eab00000,0x00000000f2500000)
  from space 17408K, 89% used [0x00000000f3800000,0x00000000f4735458,0x00000000f4900000)
  to   space 19456K, 0% used [0x00000000f2500000,0x00000000f2500000,0x00000000f3800000)
 ParOldGen       total 84992K, used 24307K [0x00000000c0000000, 0x00000000c5300000, 0x00000000eab00000)
  object space 84992K, 28% used [0x00000000c0000000,0x00000000c17bcf40,0x00000000c5300000)
 Metaspace       used 6155K, capacity 7088K, committed 7296K, reserved 1056768K
  class space    used 592K, capacity 616K, committed 640K, reserved 1048576K
}
Event: 12.605 GC heap before
{Heap before GC invocations=7 (full 0):
 PSYoungGen      total 142336K, used 140501K [0x00000000eab00000, 0x00000000f4d00000, 0x0000000100000000)
  eden space 124928K, 100% used [0x00000000eab00000,0x00000000f2500000,0x00000000f2500000)
  from space 17408K, 89% used [0x00000000f3800000,0x00000000f4735458,0x00000000f4900000)
  to   space 19456K, 0% used [0x00000000f2500000,0x00000000f2500000,0x00000000f3800000)
 ParOldGen       total 84992K, used 24307K [0x00000000c0000000, 0x00000000c5300000, 0x00000000eab00000)
  object space 84992K, 28% used [0x00000000c0000000,0x00000000c17bcf40,0x00000000c5300000)
 Metaspace       used 6314K, capacity 7152K, committed 7296K, reserved 1056768K
  class space    used 592K, capacity 616K, committed 640K, reserved 1048576K

Deoptimization events (10 events):
Event: 6.142 Thread 0x00007f8f8816a800 Uncommon trap: reason=unstable_if action=reinterpret pc=0x00007f8f7920c9b4 method=java.util.HashMap.getNode(ILjava/lang/Object;)Ljava/util/HashMap$Node; @ 62
Event: 6.150 Thread 0x00007f8f8815a800 Uncommon trap: reason=unstable_if action=reinterpret pc=0x00007f8f793cacb8 method=com.android.dx.ssa.SsaRenamer$BlockRenamer.addMapping(ILcom/android/dx/rop/code/RegisterSpec;)V @ 120
Event: 6.389 Thread 0x00007f8f88008800 Uncommon trap: reason=unstable_if action=reinterpret pc=0x00007f8f7925336c method=com.android.dx.rop.code.RegisterSpec.equals(ILcom/android/dx/rop/type/TypeBearer;Lcom/android/dx/rop/code/LocalItem;)Z @ 42
Event: 6.389 Thread 0x00007f8f88008800 Uncommon trap: reason=unstable_if action=reinterpret pc=0x00007f8f7924c9dc method=com.android.dx.rop.code.RegisterSpec.equals(ILcom/android/dx/rop/type/TypeBearer;Lcom/android/dx/rop/code/LocalItem;)Z @ 42
Event: 6.573 Thread 0x00007f8f8816a800 Uncommon trap: reason=null_check action=make_not_entrant pc=0x00007f8f794099f8 method=com.android.dx.ssa.SsaRenamer.getLocalForNewReg(I)Lcom/android/dx/rop/code/LocalItem; @ 19
Event: 8.423 Thread 0x00007f8f8815a800 Uncommon trap: reason=unstable_if action=reinterpret pc=0x00007f8f7930d684 method=com.android.dx.util.IntList.binarysearch(I)I @ 105
Event: 10.224 Thread 0x00007f8f8816a800 Uncommon trap: reason=bimorphic action=maybe_recompile pc=0x00007f8f792340d0 method=java.util.HashMap.getNode(ILjava/lang/Object;)Ljava/util/HashMap$Node; @ 126
Event: 10.224 Thread 0x00007f8f8816a800 Uncommon trap: reason=bimorphic action=maybe_recompile pc=0x00007f8f792340d0 method=java.util.HashMap.getNode(ILjava/lang/Object;)Ljava/util/HashMap$Node; @ 126
Event: 10.270 Thread 0x00007f8f8816a800 Uncommon trap: reason=unstable_if action=reinterpret pc=0x00007f8f7925245c method=com.android.dx.rop.cst.Constant.compareTo(Lcom/android/dx/rop/cst/Constant;)I @ 12
Event: 11.708 Thread 0x00007f8f88169000 Uncommon trap: reason=unstable_if action=reinterpret pc=0x00007f8f79234004 method=com.android.dx.rop.code.RegisterSpec.equals(ILcom/android/dx/rop/type/TypeBearer;Lcom/android/dx/rop/code/LocalItem;)Z @ 42

Internal exceptions (3 events):
Event: 0.229 Thread 0x00007f8f88008800 Exception <a 'java/lang/NoSuchMethodError': Method sun.misc.Unsafe.defineClass(Ljava/lang/String;[BII)Ljava/lang/Class; name or signature does not match> (0x00000000eab12b88) thrown at [/HUDSON/workspace/8-2-build-linux-amd64/jdk8u60/4407/hotspot/src/shar
Event: 0.229 Thread 0x00007f8f88008800 Exception <a 'java/lang/NoSuchMethodError': Method sun.misc.Unsafe.prefetchRead(Ljava/lang/Object;J)V name or signature does not match> (0x00000000eab12e70) thrown at [/HUDSON/workspace/8-2-build-linux-amd64/jdk8u60/4407/hotspot/src/share/vm/prims/jni.cpp
Event: 6.570 Thread 0x00007f8f8816a800 Implicit null exception at 0x00007f8f79407684 to 0x00007f8f794099c5

Events (10 events):
Event: 12.427 Thread 0x00007f8f88008800 DEOPT UNPACKING pc=0x00007f8f79047633 sp=0x00007f8f90df1ad0 mode 0
Event: 12.506 Thread 0x00007f8f88169000 DEOPT PACKING pc=0x00007f8f7942e1d0 sp=0x00007f8f69efcba0
Event: 12.506 Thread 0x00007f8f88169000 DEOPT UNPACKING pc=0x00007f8f79047633 sp=0x00007f8f69efc8d0 mode 0
Event: 12.515 Thread 0x00007f8f88008800 DEOPT PACKING pc=0x00007f8f795d1141 sp=0x00007f8f90df1ba0
Event: 12.515 Thread 0x00007f8f88008800 DEOPT UNPACKING pc=0x00007f8f79047633 sp=0x00007f8f90df1980 mode 0
Event: 12.519 Thread 0x00007f8f8815a800 DEOPT PACKING pc=0x00007f8f793b8a2c sp=0x00007f8f78263fe0
Event: 12.519 Thread 0x00007f8f8815a800 DEOPT UNPACKING pc=0x00007f8f79047633 sp=0x00007f8f78263ce0 mode 0
Event: 12.541 Thread 0x00007f8f8816a800 DEOPT PACKING pc=0x00007f8f793775ce sp=0x00007f8f69dfbb90
Event: 12.541 Thread 0x00007f8f8816a800 DEOPT UNPACKING pc=0x00007f8f79047633 sp=0x00007f8f69dfb988 mode 0
Event: 12.583 Executing VM operation: ParallelGCFailedAllocation


Dynamic libraries:
00400000-00401000 r-xp 00000000 08:05 272478                             /usr/lib/jvm/java-8-jdk/jre/bin/java
00600000-00601000 rw-p 00000000 08:05 272478                             /usr/lib/jvm/java-8-jdk/jre/bin/java
0081c000-0083d000 rw-p 00000000 00:00 0                                  [heap]
c0000000-c5300000 rw-p 00000000 00:00 0 
c5300000-eab00000 ---p 00000000 00:00 0 
eab00000-f4d00000 rw-p 00000000 00:00 0 
fd900000-100000000 ---p 00000000 00:00 0 
100000000-1000a0000 rw-p 00000000 00:00 0 
1000a0000-140000000 ---p 00000000 00:00 0 
7f8f28000000-7f8f28021000 rw-p 00000000 00:00 0 
7f8f28021000-7f8f2c000000 ---p 00000000 00:00 0 
7f8f30000000-7f8f30021000 rw-p 00000000 00:00 0 
7f8f30021000-7f8f34000000 ---p 00000000 00:00 0 
7f8f34000000-7f8f34021000 rw-p 00000000 00:00 0 
7f8f34021000-7f8f38000000 ---p 00000000 00:00 0 
7f8f38000000-7f8f38021000 rw-p 00000000 00:00 0 
7f8f38021000-7f8f3c000000 ---p 00000000 00:00 0 
7f8f3c000000-7f8f3c021000 rw-p 00000000 00:00 0 
7f8f3c021000-7f8f40000000 ---p 00000000 00:00 0 
7f8f40000000-7f8f40021000 rw-p 00000000 00:00 0 
7f8f40021000-7f8f44000000 ---p 00000000 00:00 0 
7f8f44000000-7f8f44021000 rw-p 00000000 00:00 0 
7f8f44021000-7f8f48000000 ---p 00000000 00:00 0 
7f8f48000000-7f8f48e37000 rw-p 00000000 00:00 0 
7f8f48e37000-7f8f4c000000 ---p 00000000 00:00 0 
7f8f4c000000-7f8f4cebe000 rw-p 00000000 00:00 0 
7f8f4cebe000-7f8f50000000 ---p 00000000 00:00 0 
7f8f50000000-7f8f50021000 rw-p 00000000 00:00 0 
7f8f50021000-7f8f54000000 ---p 00000000 00:00 0 
7f8f54000000-7f8f55171000 rw-p 00000000 00:00 0 
7f8f55171000-7f8f58000000 ---p 00000000 00:00 0 
7f8f58000000-7f8f58021000 rw-p 00000000 00:00 0 
7f8f58021000-7f8f5c000000 ---p 00000000 00:00 0 
7f8f5c000000-7f8f5c021000 rw-p 00000000 00:00 0 
7f8f5c021000-7f8f60000000 ---p 00000000 00:00 0 
7f8f60000000-7f8f60294000 rw-p 00000000 00:00 0 
7f8f60294000-7f8f64000000 ---p 00000000 00:00 0 
7f8f64000000-7f8f64021000 rw-p 00000000 00:00 0 
7f8f64021000-7f8f68000000 ---p 00000000 00:00 0 
7f8f69a92000-7f8f69cfd000 rw-p 00000000 00:00 0 
7f8f69cfd000-7f8f69d00000 ---p 00000000 00:00 0 
7f8f69d00000-7f8f69dfe000 rw-p 00000000 00:00 0                          [stack:7868]
7f8f69dfe000-7f8f69e01000 ---p 00000000 00:00 0 
7f8f69e01000-7f8f69eff000 rw-p 00000000 00:00 0                          [stack:7867]
7f8f69eff000-7f8f69f02000 ---p 00000000 00:00 0 
7f8f69f02000-7f8f6c000000 rw-p 00000000 00:00 0                          [stack:7866]
7f8f6c000000-7f8f6c021000 rw-p 00000000 00:00 0 
7f8f6c021000-7f8f70000000 ---p 00000000 00:00 0 
7f8f70000000-7f8f70021000 rw-p 00000000 00:00 0 
7f8f70021000-7f8f74000000 ---p 00000000 00:00 0 
7f8f74000000-7f8f74021000 rw-p 00000000 00:00 0 
7f8f74021000-7f8f78000000 ---p 00000000 00:00 0 
7f8f78064000-7f8f78067000 ---p 00000000 00:00 0 
7f8f78067000-7f8f78165000 rw-p 00000000 00:00 0                          [stack:7865]
7f8f78165000-7f8f78168000 ---p 00000000 00:00 0 
7f8f78168000-7f8f78266000 rw-p 00000000 00:00 0                          [stack:7863]
7f8f78266000-7f8f78267000 ---p 00000000 00:00 0 
7f8f78267000-7f8f78367000 rw-p 00000000 00:00 0                          [stack:7836]
7f8f78367000-7f8f7836a000 ---p 00000000 00:00 0 
7f8f7836a000-7f8f78468000 rw-p 00000000 00:00 0                          [stack:7834]
7f8f78468000-7f8f7846b000 ---p 00000000 00:00 0 
7f8f7846b000-7f8f78569000 rw-p 00000000 00:00 0                          [stack:7833]
7f8f78569000-7f8f7856c000 ---p 00000000 00:00 0 
7f8f7856c000-7f8f7866a000 rw-p 00000000 00:00 0                          [stack:7830]
7f8f7866a000-7f8f7866d000 ---p 00000000 00:00 0 
7f8f7866d000-7f8f7876b000 rw-p 00000000 00:00 0                          [stack:7829]
7f8f7876b000-7f8f7876e000 ---p 00000000 00:00 0 
7f8f7876e000-7f8f7886c000 rw-p 00000000 00:00 0                          [stack:7827]
7f8f7886c000-7f8f789fa000 r--p 00000000 08:05 4739658                    /usr/lib/locale/locale-archive
7f8f789fa000-7f8f789fd000 ---p 00000000 00:00 0 
7f8f789fd000-7f8f78afb000 rw-p 00000000 00:00 0                          [stack:7825]
7f8f78afb000-7f8f78afe000 ---p 00000000 00:00 0 
7f8f78afe000-7f8f78bfc000 rw-p 00000000 00:00 0                          [stack:7823]
7f8f78bfc000-7f8f78bfd000 ---p 00000000 00:00 0 
7f8f78bfd000-7f8f79000000 rw-p 00000000 00:00 0                          [stack:7820]
7f8f79000000-7f8f796b0000 rwxp 00000000 00:00 0 
7f8f796b0000-7f8f88000000 ---p 00000000 00:00 0 
7f8f88000000-7f8f88388000 rw-p 00000000 00:00 0 
7f8f88388000-7f8f8c000000 ---p 00000000 00:00 0 
7f8f8c099000-7f8f8c0bd000 r--s 001a5000 08:05 548179                     /home/mzwee/.gradle/caches/modules-2/files-2.1/com.google.auto.value/auto-value/1.1/f6951c141ea3e89c0f8b01da16834880a1ebf162/auto-value-1.1.jar
7f8f8c0bd000-7f8f8cd7b000 rw-p 00000000 00:00 0 
7f8f8cd7b000-7f8f8cf53000 r--s 03d17000 08:05 399249                     /usr/lib/jvm/java-8-jdk/jre/lib/rt.jar
7f8f8cf53000-7f8f8d649000 rw-p 00000000 00:00 0 
7f8f8d649000-7f8f8d7c9000 ---p 00000000 00:00 0 
7f8f8d7c9000-7f8f8d9c9000 rw-p 00000000 00:00 0 
7f8f8d9c9000-7f8f8d9ca000 ---p 00000000 00:00 0 
7f8f8d9ca000-7f8f8daca000 rw-p 00000000 00:00 0                          [stack:7819]
7f8f8daca000-7f8f8dacb000 ---p 00000000 00:00 0 
7f8f8dacb000-7f8f8dbcb000 rw-p 00000000 00:00 0                          [stack:7817]
7f8f8dbcb000-7f8f8dbcc000 ---p 00000000 00:00 0 
7f8f8dbcc000-7f8f8dccc000 rw-p 00000000 00:00 0                          [stack:7815]
7f8f8dccc000-7f8f8dccd000 ---p 00000000 00:00 0 
7f8f8dccd000-7f8f8ddf7000 rw-p 00000000 00:00 0                          [stack:7813]
7f8f8ddf7000-7f8f8df23000 ---p 00000000 00:00 0 
7f8f8df23000-7f8f8df4d000 rw-p 00000000 00:00 0 
7f8f8df4d000-7f8f8e078000 ---p 00000000 00:00 0 
7f8f8e078000-7f8f8e0ca000 rw-p 00000000 00:00 0 
7f8f8e0ca000-7f8f8e123000 ---p 00000000 00:00 0 
7f8f8e123000-7f8f8e13f000 rw-p 00000000 00:00 0 
7f8f8e13f000-7f8f8e4e4000 ---p 00000000 00:00 0 
7f8f8e4e4000-7f8f8e4fe000 r-xp 00000000 08:05 540675                     /usr/lib/jvm/java-8-jdk/jre/lib/amd64/libzip.so
7f8f8e4fe000-7f8f8e6fe000 ---p 0001a000 08:05 540675                     /usr/lib/jvm/java-8-jdk/jre/lib/amd64/libzip.so
7f8f8e6fe000-7f8f8e6ff000 rw-p 0001a000 08:05 540675                     /usr/lib/jvm/java-8-jdk/jre/lib/amd64/libzip.so
7f8f8e6ff000-7f8f8e70a000 r-xp 00000000 08:05 4721836                    /usr/lib/libnss_files-2.22.so
7f8f8e70a000-7f8f8e909000 ---p 0000b000 08:05 4721836                    /usr/lib/libnss_files-2.22.so
7f8f8e909000-7f8f8e90a000 r--p 0000a000 08:05 4721836                    /usr/lib/libnss_files-2.22.so
7f8f8e90a000-7f8f8e90b000 rw-p 0000b000 08:05 4721836                    /usr/lib/libnss_files-2.22.so
7f8f8e90b000-7f8f8e911000 rw-p 00000000 00:00 0 
7f8f8e911000-7f8f8e93b000 r-xp 00000000 08:05 540695                     /usr/lib/jvm/java-8-jdk/jre/lib/amd64/libjava.so
7f8f8e93b000-7f8f8eb3b000 ---p 0002a000 08:05 540695                     /usr/lib/jvm/java-8-jdk/jre/lib/amd64/libjava.so
7f8f8eb3b000-7f8f8eb3d000 rw-p 0002a000 08:05 540695                     /usr/lib/jvm/java-8-jdk/jre/lib/amd64/libjava.so
7f8f8eb3d000-7f8f8eb4a000 r-xp 00000000 08:05 540681                     /usr/lib/jvm/java-8-jdk/jre/lib/amd64/libverify.so
7f8f8eb4a000-7f8f8ed4a000 ---p 0000d000 08:05 540681                     /usr/lib/jvm/java-8-jdk/jre/lib/amd64/libverify.so
7f8f8ed4a000-7f8f8ed4c000 rw-p 0000d000 08:05 540681                     /usr/lib/jvm/java-8-jdk/jre/lib/amd64/libverify.so
7f8f8ed4c000-7f8f8ed53000 r-xp 00000000 08:05 4721844                    /usr/lib/librt-2.22.so
7f8f8ed53000-7f8f8ef52000 ---p 00007000 08:05 4721844                    /usr/lib/librt-2.22.so
7f8f8ef52000-7f8f8ef53000 r--p 00006000 08:05 4721844                    /usr/lib/librt-2.22.so
7f8f8ef53000-7f8f8ef54000 rw-p 00007000 08:05 4721844                    /usr/lib/librt-2.22.so
7f8f8ef54000-7f8f8f051000 r-xp 00000000 08:05 4721841                    /usr/lib/libm-2.22.so
7f8f8f051000-7f8f8f250000 ---p 000fd000 08:05 4721841                    /usr/lib/libm-2.22.so
7f8f8f250000-7f8f8f251000 r--p 000fc000 08:05 4721841                    /usr/lib/libm-2.22.so
7f8f8f251000-7f8f8f252000 rw-p 000fd000 08:05 4721841                    /usr/lib/libm-2.22.so
7f8f8f252000-7f8f8ff10000 r-xp 00000000 08:05 540705                     /usr/lib/jvm/java-8-jdk/jre/lib/amd64/server/libjvm.so
7f8f8ff10000-7f8f9010f000 ---p 00cbe000 08:05 540705                     /usr/lib/jvm/java-8-jdk/jre/lib/amd64/server/libjvm.so
7f8f9010f000-7f8f901e7000 rw-p 00cbd000 08:05 540705                     /usr/lib/jvm/java-8-jdk/jre/lib/amd64/server/libjvm.so
7f8f901e7000-7f8f9022c000 rw-p 00000000 00:00 0 
7f8f9022c000-7f8f903c7000 r-xp 00000000 08:05 4721791                    /usr/lib/libc-2.22.so
7f8f903c7000-7f8f905c6000 ---p 0019b000 08:05 4721791                    /usr/lib/libc-2.22.so
7f8f905c6000-7f8f905ca000 r--p 0019a000 08:05 4721791                    /usr/lib/libc-2.22.so
7f8f905ca000-7f8f905cc000 rw-p 0019e000 08:05 4721791                    /usr/lib/libc-2.22.so
7f8f905cc000-7f8f905d0000 rw-p 00000000 00:00 0 
7f8f905d0000-7f8f905d3000 r-xp 00000000 08:05 4721840                    /usr/lib/libdl-2.22.so
7f8f905d3000-7f8f907d2000 ---p 00003000 08:05 4721840                    /usr/lib/libdl-2.22.so
7f8f907d2000-7f8f907d3000 r--p 00002000 08:05 4721840                    /usr/lib/libdl-2.22.so
7f8f907d3000-7f8f907d4000 rw-p 00003000 08:05 4721840                    /usr/lib/libdl-2.22.so
7f8f907d4000-7f8f907e9000 r-xp 00000000 08:05 799344                     /usr/lib/jvm/java-8-jdk/jre/lib/amd64/jli/libjli.so
7f8f907e9000-7f8f909e9000 ---p 00015000 08:05 799344                     /usr/lib/jvm/java-8-jdk/jre/lib/amd64/jli/libjli.so
7f8f909e9000-7f8f909ea000 rw-p 00015000 08:05 799344                     /usr/lib/jvm/java-8-jdk/jre/lib/amd64/jli/libjli.so
7f8f909ea000-7f8f90a02000 r-xp 00000000 08:05 4721772                    /usr/lib/libpthread-2.22.so
7f8f90a02000-7f8f90c01000 ---p 00018000 08:05 4721772                    /usr/lib/libpthread-2.22.so
7f8f90c01000-7f8f90c02000 r--p 00017000 08:05 4721772                    /usr/lib/libpthread-2.22.so
7f8f90c02000-7f8f90c03000 rw-p 00018000 08:05 4721772                    /usr/lib/libpthread-2.22.so
7f8f90c03000-7f8f90c07000 rw-p 00000000 00:00 0 
7f8f90c07000-7f8f90c29000 r-xp 00000000 08:05 4721790                    /usr/lib/ld-2.22.so
7f8f90c2e000-7f8f90cf3000 rw-p 00000000 00:00 0 
7f8f90cf3000-7f8f90cf6000 ---p 00000000 00:00 0 
7f8f90cf6000-7f8f90df8000 rw-p 00000000 00:00 0                          [stack:7809]
7f8f90df9000-7f8f90dfa000 rw-p 00000000 00:00 0 
7f8f90dfa000-7f8f90e09000 r--s 000df000 08:05 1868720                    /home/mzwee/Android/Sdk/build-tools/23.0.2/lib/dx.jar
7f8f90e09000-7f8f90e1d000 rw-p 00000000 00:00 0 
7f8f90e1d000-7f8f90e25000 rw-s 00000000 00:21 566780                     /tmp/hsperfdata_mzwee/7804
7f8f90e25000-7f8f90e26000 rw-p 00000000 00:00 0 
7f8f90e26000-7f8f90e27000 ---p 00000000 00:00 0 
7f8f90e27000-7f8f90e28000 rw-p 00000000 00:00 0 
7f8f90e28000-7f8f90e29000 r--p 00021000 08:05 4721790                    /usr/lib/ld-2.22.so
7f8f90e29000-7f8f90e2a000 rw-p 00022000 08:05 4721790                    /usr/lib/ld-2.22.so
7f8f90e2a000-7f8f90e2b000 rw-p 00000000 00:00 0 
7fff84afb000-7fff84b1c000 rw-p 00000000 00:00 0                          [stack]
7fff84beb000-7fff84bed000 r--p 00000000 00:00 0                          [vvar]
7fff84bed000-7fff84bef000 r-xp 00000000 00:00 0                          [vdso]
ffffffffff600000-ffffffffff601000 r-xp 00000000 00:00 0                  [vsyscall]

VM Arguments:
jvm_args: -Xmx1024M -Dfile.encoding=UTF-8 -Duser.country=US -Duser.language=en -Duser.variant 
java_command: com.android.dx.command.Main --dex --num-threads=4 --output /home/mzwee/AndroidStudioProjects/RandRestaurant/app/build/intermediates/pre-dexed/debug/auto-value-1.1-09d06b0a90b0fc0a5913f1d4bbe7293f2f5ad781.jar /home/mzwee/.gradle/caches/modules-2/files-2.1/com.google.auto.value/auto-value/1.1/f6951c141ea3e89c0f8b01da16834880a1ebf162/auto-value-1.1.jar
java_class_path (initial): /home/mzwee/Android/Sdk/build-tools/23.0.2/lib/dx.jar
Launcher Type: SUN_STANDARD

Environment Variables:
PATH=/home/mzwee/.rvm/gems/ruby-2.2.2/bin:/home/mzwee/.rvm/gems/ruby-2.2.2@global/bin:/home/mzwee/.rvm/rubies/ruby-2.2.2/bin:/home/mzwee/local/bin:/usr/local/sbin:/usr/local/bin:/usr/bin:/usr/lib/jvm/default/bin:/usr/bin/site_perl:/usr/bin/vendor_perl:/usr/bin/core_perl:/home/mzwee/.rvm/bin
LD_LIBRARY_PATH=/opt/android-studio/bin:
SHELL=/bin/bash
DISPLAY=:0

Signal Handlers:
SIGSEGV: [libjvm.so+0xaba070], sa_mask[0]=11111111011111111101111111111110, sa_flags=SA_RESTART|SA_SIGINFO
SIGBUS: [libjvm.so+0xaba070], sa_mask[0]=11111111011111111101111111111110, sa_flags=SA_RESTART|SA_SIGINFO
SIGFPE: [libjvm.so+0x917630], sa_mask[0]=11111111011111111101111111111110, sa_flags=SA_RESTART|SA_SIGINFO
SIGPIPE: [libjvm.so+0x917630], sa_mask[0]=11111111011111111101111111111110, sa_flags=SA_RESTART|SA_SIGINFO
SIGXFSZ: [libjvm.so+0x917630], sa_mask[0]=11111111011111111101111111111110, sa_flags=SA_RESTART|SA_SIGINFO
SIGILL: [libjvm.so+0x917630], sa_mask[0]=11111111011111111101111111111110, sa_flags=SA_RESTART|SA_SIGINFO
SIGUSR1: SIG_DFL, sa_mask[0]=00000000000000000000000000000000, sa_flags=none
SIGUSR2: [libjvm.so+0x918c60], sa_mask[0]=00100000000000000000000000000000, sa_flags=SA_RESTART|SA_SIGINFO
SIGHUP: [libjvm.so+0x91a060], sa_mask[0]=11111111011111111101111111111110, sa_flags=SA_RESTART|SA_SIGINFO
SIGINT: SIG_IGN, sa_mask[0]=00000000000000000000000000000000, sa_flags=none
SIGTERM: [libjvm.so+0x91a060], sa_mask[0]=11111111011111111101111111111110, sa_flags=SA_RESTART|SA_SIGINFO
SIGQUIT: [libjvm.so+0x91a060], sa_mask[0]=11111111011111111101111111111110, sa_flags=SA_RESTART|SA_SIGINFO


---------------  S Y S T E M  ---------------

OS:NAME="Arch Linux"
ID=arch
PRETTY_NAME="Arch Linux"
ANSI_COLOR="0;36"
HOME_URL="https://www.archlinux.org/"
SUPPORT_URL="https://bbs.archlinux.org/"
BUG_REPORT_URL="https://bugs.archlinux.org/"


uname:Linux 4.3.3-3-ARCH #1 SMP PREEMPT Wed Jan 20 08:12:23 CET 2016 x86_64
libc:glibc 2.22 NPTL 2.22 
rlimit: STACK 8192k, CORE 0k, NPROC 30723, NOFILE 4096, AS infinity
load average:21.89 10.20 4.76

/proc/meminfo:
MemTotal:        8067340 kB
MemFree:           47840 kB
MemAvailable:      65592 kB
Buffers:             672 kB
Cached:          1992716 kB
SwapCached:            0 kB
Active:          6441360 kB
Inactive:        1386320 kB
Active(anon):    6427360 kB
Inactive(anon):  1377764 kB
Active(file):      14000 kB
Inactive(file):     8556 kB
Unevictable:           0 kB
Mlocked:               0 kB
SwapTotal:             0 kB
SwapFree:              0 kB
Dirty:               856 kB
Writeback:             0 kB
AnonPages:       5834608 kB
Mapped:           295668 kB
Shmem:           1970272 kB
Slab:              66936 kB
SReclaimable:      34664 kB
SUnreclaim:        32272 kB
KernelStack:        9120 kB
PageTables:        44536 kB
NFS_Unstable:          0 kB
Bounce:                0 kB
WritebackTmp:          0 kB
CommitLimit:     4033668 kB
Committed_AS:   13596064 kB
VmallocTotal:   34359738367 kB
VmallocUsed:      382668 kB
VmallocChunk:   34358947836 kB
HardwareCorrupted:     0 kB
AnonHugePages:   2922496 kB
HugePages_Total:       0
HugePages_Free:        0
HugePages_Rsvd:        0
HugePages_Surp:        0
Hugepagesize:       2048 kB
DirectMap4k:      171564 kB
DirectMap2M:     7055360 kB
DirectMap1G:     2097152 kB


CPU:total 4 (2 cores per cpu, 2 threads per core) family 6 model 69 stepping 1, cmov, cx8, fxsr, mmx, sse, sse2, sse3, ssse3, sse4.1, sse4.2, popcnt, avx, avx2, aes, clmul, erms, lzcnt, ht, tsc, tscinvbit, bmi1, bmi2

/proc/cpuinfo:
processor	: 0
vendor_id	: GenuineIntel
cpu family	: 6
model		: 69
model name	: Intel(R) Core(TM) i5-4210U CPU @ 1.70GHz
stepping	: 1
microcode	: 0x17
cpu MHz		: 2399.906
cache size	: 3072 KB
physical id	: 0
siblings	: 4
core id		: 0
cpu cores	: 2
apicid		: 0
initial apicid	: 0
fpu		: yes
fpu_exception	: yes
cpuid level	: 13
wp		: yes
flags		: fpu vme de pse tsc msr pae mce cx8 apic sep mtrr pge mca cmov pat pse36 clflush dts acpi mmx fxsr sse sse2 ss ht tm pbe syscall nx pdpe1gb rdtscp lm constant_tsc arch_perfmon pebs bts rep_good nopl xtopology nonstop_tsc aperfmperf eagerfpu pni pclmulqdq dtes64 monitor ds_cpl vmx est tm2 ssse3 sdbg fma cx16 xtpr pdcm pcid sse4_1 sse4_2 movbe popcnt tsc_deadline_timer aes xsave avx f16c rdrand lahf_lm abm ida arat epb pln pts dtherm tpr_shadow vnmi flexpriority ept vpid fsgsbase tsc_adjust bmi1 avx2 smep bmi2 erms invpcid xsaveopt
bugs		:
bogomips	: 4790.37
clflush size	: 64
cache_alignment	: 64
address sizes	: 39 bits physical, 48 bits virtual
power management:

processor	: 1
vendor_id	: GenuineIntel
cpu family	: 6
model		: 69
model name	: Intel(R) Core(TM) i5-4210U CPU @ 1.70GHz
stepping	: 1
microcode	: 0x17
cpu MHz		: 2399.906
cache size	: 3072 KB
physical id	: 0
siblings	: 4
core id		: 1
cpu cores	: 2
apicid		: 2
initial apicid	: 2
fpu		: yes
fpu_exception	: yes
cpuid level	: 13
wp		: yes
flags		: fpu vme de pse tsc msr pae mce cx8 apic sep mtrr pge mca cmov pat pse36 clflush dts acpi mmx fxsr sse sse2 ss ht tm pbe syscall nx pdpe1gb rdtscp lm constant_tsc arch_perfmon pebs bts rep_good nopl xtopology nonstop_tsc aperfmperf eagerfpu pni pclmulqdq dtes64 monitor ds_cpl vmx est tm2 ssse3 sdbg fma cx16 xtpr pdcm pcid sse4_1 sse4_2 movbe popcnt tsc_deadline_timer aes xsave avx f16c rdrand lahf_lm abm ida arat epb pln pts dtherm tpr_shadow vnmi flexpriority ept vpid fsgsbase tsc_adjust bmi1 avx2 smep bmi2 erms invpcid xsaveopt
bugs		:
bogomips	: 4790.37
clflush size	: 64
cache_alignment	: 64
address sizes	: 39 bits physical, 48 bits virtual
power management:

processor	: 2
vendor_id	: GenuineIntel
cpu family	: 6
model		: 69
model name	: Intel(R) Core(TM) i5-4210U CPU @ 1.70GHz
stepping	: 1
microcode	: 0x17
cpu MHz		: 2399.906
cache size	: 3072 KB
physical id	: 0
siblings	: 4
core id		: 0
cpu cores	: 2
apicid		: 1
initial apicid	: 1
fpu		: yes
fpu_exception	: yes
cpuid level	: 13
wp		: yes
flags		: fpu vme de pse tsc msr pae mce cx8 apic sep mtrr pge mca cmov pat pse36 clflush dts acpi mmx fxsr sse sse2 ss ht tm pbe syscall nx pdpe1gb rdtscp lm constant_tsc arch_perfmon pebs bts rep_good nopl xtopology nonstop_tsc aperfmperf eagerfpu pni pclmulqdq dtes64 monitor ds_cpl vmx est tm2 ssse3 sdbg fma cx16 xtpr pdcm pcid sse4_1 sse4_2 movbe popcnt tsc_deadline_timer aes xsave avx f16c rdrand lahf_lm abm ida arat epb pln pts dtherm tpr_shadow vnmi flexpriority ept vpid fsgsbase tsc_adjust bmi1 avx2 smep bmi2 erms invpcid xsaveopt
bugs		:
bogomips	: 4790.37
clflush size	: 64
cache_alignment	: 64
address sizes	: 39 bits physical, 48 bits virtual
power management:

processor	: 3
vendor_id	: GenuineIntel
cpu family	: 6
model		: 69
model name	: Intel(R) Core(TM) i5-4210U CPU @ 1.70GHz
stepping	: 1
microcode	: 0x17
cpu MHz		: 2399.906
cache size	: 3072 KB
physical id	: 0
siblings	: 4
core id		: 1
cpu cores	: 2
apicid		: 3
initial apicid	: 3
fpu		: yes
fpu_exception	: yes
cpuid level	: 13
wp		: yes
flags		: fpu vme de pse tsc msr pae mce cx8 apic sep mtrr pge mca cmov pat pse36 clflush dts acpi mmx fxsr sse sse2 ss ht tm pbe syscall nx pdpe1gb rdtscp lm constant_tsc arch_perfmon pebs bts rep_good nopl xtopology nonstop_tsc aperfmperf eagerfpu pni pclmulqdq dtes64 monitor ds_cpl vmx est tm2 ssse3 sdbg fma cx16 xtpr pdcm pcid sse4_1 sse4_2 movbe popcnt tsc_deadline_timer aes xsave avx f16c rdrand lahf_lm abm ida arat epb pln pts dtherm tpr_shadow vnmi flexpriority ept vpid fsgsbase tsc_adjust bmi1 avx2 smep bmi2 erms invpcid xsaveopt
bugs		:
bogomips	: 4790.37
clflush size	: 64
cache_alignment	: 64
address sizes	: 39 bits physical, 48 bits virtual
power management:



Memory: 4k page, physical 8067340k(47840k free), swap 0k(0k free)

vm_info: Java HotSpot(TM) 64-Bit Server VM (25.60-b23) for linux-amd64 JRE (1.8.0_60-b27), built on Aug  4 2015 12:19:40 by "java_re" with gcc 4.3.0 20080428 (Red Hat 4.3.0-8)

time: Sun Feb 21 04:01:40 2016
elapsed time: 13 seconds (0d 0h 0m 13s)

