#
# There is insufficient memory for the Java Runtime Environment to continue.
# Native memory allocation (mmap) failed to map 164102144 bytes for committing reserved memory.
# Possible reasons:
#   The system is out of physical RAM or swap space
#   In 32 bit mode, the process size limit was hit
# Possible solutions:
#   Reduce memory load on the system
#   Increase physical memory or swap space
#   Check if swap backing store is full
#   Use 64 bit Java on a 64 bit OS
#   Decrease Java heap size (-Xmx/-Xms)
#   Decrease number of Java threads
#   Decrease Java thread stack sizes (-Xss)
#   Set larger code cache with -XX:ReservedCodeCacheSize=
# This output file may be truncated or incomplete.
#
#  Out of Memory Error (os_linux.cpp:2627), pid=6291, tid=140198444758784
#
# JRE version: Java(TM) SE Runtime Environment (8.0_60-b27) (build 1.8.0_60-b27)
# Java VM: Java HotSpot(TM) 64-Bit Server VM (25.60-b23 mixed mode linux-amd64 compressed oops)
# Failed to write core dump. Core dumps have been disabled. To enable core dumping, try "ulimit -c unlimited" before starting Java again
#

---------------  T H R E A D  ---------------

Current thread (0x00007f8290076800):  VMThread [stack: 0x00007f827e6f7000,0x00007f827e7f8000] [id=6307]

Stack: [0x00007f827e6f7000,0x00007f827e7f8000],  sp=0x00007f827e7f6020,  free space=1020k
Native frames: (J=compiled Java code, j=interpreted, Vv=VM code, C=native code)
V  [libjvm.so+0xab97ea]  VMError::report_and_die()+0x2ba
V  [libjvm.so+0x4f9dab]  report_vm_out_of_memory(char const*, int, unsigned long, VMErrorType, char const*)+0x8b
V  [libjvm.so+0x91a7c3]  os::Linux::commit_memory_impl(char*, unsigned long, bool)+0x103
V  [libjvm.so+0x91ad19]  os::pd_commit_memory(char*, unsigned long, unsigned long, bool)+0x29
V  [libjvm.so+0x91502a]  os::commit_memory(char*, unsigned long, unsigned long, bool)+0x2a
V  [libjvm.so+0x9886d3]  PSVirtualSpace::expand_by(unsigned long)+0x53
V  [libjvm.so+0x978fc0]  PSOldGen::expand(unsigned long)+0x170
V  [libjvm.so+0x9791cb]  PSOldGen::resize(unsigned long)+0x1cb
V  [libjvm.so+0x980ea1]  PSParallelCompact::invoke_no_policy(bool)+0x991
V  [libjvm.so+0x9867fd]  PSScavenge::invoke()+0x1ad
V  [libjvm.so+0x93e430]  ParallelScavengeHeap::failed_mem_allocate(unsigned long)+0x70
V  [libjvm.so+0xabb207]  VM_ParallelGCFailedAllocation::doit()+0x97
V  [libjvm.so+0xac2c35]  VM_Operation::evaluate()+0x55
V  [libjvm.so+0xac100a]  VMThread::evaluate_operation(VM_Operation*)+0xba
V  [libjvm.so+0xac138e]  VMThread::loop()+0x1ce
V  [libjvm.so+0xac1800]  VMThread::run()+0x70
V  [libjvm.so+0x91cb88]  java_start(Thread*)+0x108

VM_Operation (0x00007f827d95ac60): ParallelGCFailedAllocation, mode: safepoint, requested by thread 0x00007f8290149000


---------------  P R O C E S S  ---------------

Java Threads: ( => current thread )
  0x00007f8290149000 JavaThread "pool-1-thread-4" [_thread_blocked, id=6336, stack(0x00007f827d85c000,0x00007f827d95d000)]
  0x00007f8290146800 JavaThread "pool-1-thread-3" [_thread_blocked, id=6335, stack(0x00007f827d95d000,0x00007f827da5e000)]
  0x00007f8290145800 JavaThread "pool-1-thread-2" [_thread_blocked, id=6334, stack(0x00007f827da5e000,0x00007f827db5f000)]
  0x00007f8290142000 JavaThread "pool-2-thread-1" [_thread_blocked, id=6333, stack(0x00007f827db5f000,0x00007f827dc60000)]
  0x00007f8290140000 JavaThread "pool-1-thread-1" [_thread_blocked, id=6332, stack(0x00007f827dc60000,0x00007f827dd61000)]
  0x00007f82900c0800 JavaThread "Service Thread" daemon [_thread_blocked, id=6317, stack(0x00007f827de62000,0x00007f827df63000)]
  0x00007f82900bc000 JavaThread "C1 CompilerThread2" daemon [_thread_blocked, id=6316, stack(0x00007f827df63000,0x00007f827e064000)]
  0x00007f82900ba000 JavaThread "C2 CompilerThread1" daemon [_thread_blocked, id=6315, stack(0x00007f827e064000,0x00007f827e165000)]
  0x00007f82900b7000 JavaThread "C2 CompilerThread0" daemon [_thread_blocked, id=6314, stack(0x00007f827e165000,0x00007f827e266000)]
  0x00007f82900b5800 JavaThread "Signal Dispatcher" daemon [_thread_blocked, id=6313, stack(0x00007f827e266000,0x00007f827e367000)]
  0x00007f829007d800 JavaThread "Finalizer" daemon [_thread_blocked, id=6309, stack(0x00007f827e4f5000,0x00007f827e5f6000)]
  0x00007f829007b800 JavaThread "Reference Handler" daemon [_thread_blocked, id=6308, stack(0x00007f827e5f6000,0x00007f827e6f7000)]
  0x00007f8290008800 JavaThread "main" [_thread_blocked, id=6296, stack(0x00007f829876c000,0x00007f829886d000)]

Other Threads:
=>0x00007f8290076800 VMThread [stack: 0x00007f827e6f7000,0x00007f827e7f8000] [id=6307]
  0x00007f82900c3800 WatcherThread [stack: 0x00007f827dd61000,0x00007f827de62000] [id=6319]

VM state:at safepoint (normal execution)

VM Mutex/Monitor currently owned by a thread:  ([mutex/lock_event])
[0x00007f8290005d20] ExpandHeap_lock - owner thread: 0x00007f8290076800
[0x00007f82900063a0] Threads_lock - owner thread: 0x00007f8290076800
[0x00007f82900068a0] Heap_lock - owner thread: 0x00007f8290149000

Heap:
 PSYoungGen      total 286720K, used 31985K [0x00000000eab00000, 0x0000000100000000, 0x0000000100000000)
  eden space 235520K, 0% used [0x00000000eab00000,0x00000000eab00000,0x00000000f9100000)
  from space 51200K, 62% used [0x00000000f9100000,0x00000000fb03c7f8,0x00000000fc300000)
  to   space 62464K, 0% used [0x00000000fc300000,0x00000000fc300000,0x0000000100000000)
 ParOldGen       total 167936K, used 167878K [0x00000000c0000000, 0x00000000ca400000, 0x00000000eab00000)
  object space 167936K, 99% used [0x00000000c0000000,0x00000000ca3f1ae0,0x00000000ca400000)
 Metaspace       used 6430K, capacity 7256K, committed 7424K, reserved 1056768K
  class space    used 613K, capacity 656K, committed 768K, reserved 1048576K

Card table byte_map: [0x00007f829599c000,0x00007f8295b9d000] byte_map_base: 0x00007f829539c000

Marking Bits: (ParMarkBitMap*) 0x00007f8297c79de0
 Begin Bits: [0x00007f827f000000, 0x00007f8280000000)
 End Bits:   [0x00007f8280000000, 0x00007f8281000000)

Polling page: 0x00007f829889f000

CodeCache: size=245760Kb used=7710Kb max_used=7710Kb free=238049Kb
 bounds [0x00007f8281000000, 0x00007f8281790000, 0x00007f8290000000]
 total_blobs=2260 nmethods=1989 adapters=182
 compilation: enabled

Compilation events (10 events):
Event: 15.837 Thread 0x00007f82900bc000 2353   !   2       java.util.zip.ZipFile::getInflater (56 bytes)
Event: 15.838 Thread 0x00007f82900bc000 nmethod 2353 0x00007f828177f710 code [0x00007f828177f8c0, 0x00007f8281780018]
Event: 15.838 Thread 0x00007f82900bc000 2354       2       java.util.ArrayDeque::pollFirst (42 bytes)
Event: 15.838 Thread 0x00007f82900bc000 nmethod 2354 0x00007f8281780450 code [0x00007f82817805c0, 0x00007f8281780790]
Event: 15.838 Thread 0x00007f82900bc000 2355       2       java.util.zip.InflaterInputStream::<init> (79 bytes)
Event: 15.839 Thread 0x00007f82900bc000 nmethod 2355 0x00007f8281780890 code [0x00007f8281780a20, 0x00007f8281780f18]
Event: 15.839 Thread 0x00007f82900bc000 2356       2       java.util.ArrayDeque::addLast (53 bytes)
Event: 15.839 Thread 0x00007f82900bc000 nmethod 2356 0x00007f8281781110 code [0x00007f82817812a0, 0x00007f8281781558]
Event: 15.855 Thread 0x00007f82900bc000 2357       2       com.android.dx.dex.file.AnnotationsDirectoryItem::addFieldAnnotations (44 bytes)
Event: 15.856 Thread 0x00007f82900bc000 nmethod 2357 0x00007f828178b2d0 code [0x00007f828178b480, 0x00007f828178b8c8]

GC Heap History (10 events):
Event: 5.409 GC heap after
Heap after GC invocations=4 (full 0):
 PSYoungGen      total 132096K, used 5104K [0x00000000eab00000, 0x00000000f3100000, 0x0000000100000000)
  eden space 126976K, 0% used [0x00000000eab00000,0x00000000eab00000,0x00000000f2700000)
  from space 5120K, 99% used [0x00000000f2c00000,0x00000000f30fc020,0x00000000f3100000)
  to   space 5120K, 0% used [0x00000000f2700000,0x00000000f2700000,0x00000000f2c00000)
 ParOldGen       total 84992K, used 19484K [0x00000000c0000000, 0x00000000c5300000, 0x00000000eab00000)
  object space 84992K, 22% used [0x00000000c0000000,0x00000000c1307340,0x00000000c5300000)
 Metaspace       used 6022K, capacity 6936K, committed 7168K, reserved 1056768K
  class space    used 612K, capacity 656K, committed 768K, reserved 1048576K
}
Event: 7.880 GC heap before
{Heap before GC invocations=5 (full 0):
 PSYoungGen      total 132096K, used 132080K [0x00000000eab00000, 0x00000000f3100000, 0x0000000100000000)
  eden space 126976K, 100% used [0x00000000eab00000,0x00000000f2700000,0x00000000f2700000)
  from space 5120K, 99% used [0x00000000f2c00000,0x00000000f30fc020,0x00000000f3100000)
  to   space 5120K, 0% used [0x00000000f2700000,0x00000000f2700000,0x00000000f2c00000)
 ParOldGen       total 84992K, used 19484K [0x00000000c0000000, 0x00000000c5300000, 0x00000000eab00000)
  object space 84992K, 22% used [0x00000000c0000000,0x00000000c1307340,0x00000000c5300000)
 Metaspace       used 6243K, capacity 7128K, committed 7424K, reserved 1056768K
  class space    used 612K, capacity 656K, committed 768K, reserved 1048576K
Event: 8.036 GC heap after
Heap after GC invocations=5 (full 0):
 PSYoungGen      total 132096K, used 5114K [0x00000000eab00000, 0x00000000fe300000, 0x0000000100000000)
  eden space 126976K, 0% used [0x00000000eab00000,0x00000000eab00000,0x00000000f2700000)
  from space 5120K, 99% used [0x00000000f2700000,0x00000000f2bfeb70,0x00000000f2c00000)
  to   space 32768K, 0% used [0x00000000fc300000,0x00000000fc300000,0x00000000fe300000)
 ParOldGen       total 84992K, used 47419K [0x00000000c0000000, 0x00000000c5300000, 0x00000000eab00000)
  object space 84992K, 55% used [0x00000000c0000000,0x00000000c2e4ed38,0x00000000c5300000)
 Metaspace       used 6243K, capacity 7128K, committed 7424K, reserved 1056768K
  class space    used 612K, capacity 656K, committed 768K, reserved 1048576K
}
Event: 11.880 GC heap before
{Heap before GC invocations=6 (full 0):
 PSYoungGen      total 132096K, used 132090K [0x00000000eab00000, 0x00000000fe300000, 0x0000000100000000)
  eden space 126976K, 100% used [0x00000000eab00000,0x00000000f2700000,0x00000000f2700000)
  from space 5120K, 99% used [0x00000000f2700000,0x00000000f2bfeb70,0x00000000f2c00000)
  to   space 32768K, 0% used [0x00000000fc300000,0x00000000fc300000,0x00000000fe300000)
 ParOldGen       total 84992K, used 47419K [0x00000000c0000000, 0x00000000c5300000, 0x00000000eab00000)
  object space 84992K, 55% used [0x00000000c0000000,0x00000000c2e4ed38,0x00000000c5300000)
 Metaspace       used 6396K, capacity 7192K, committed 7424K, reserved 1056768K
  class space    used 612K, capacity 656K, committed 768K, reserved 1048576K
Event: 12.336 GC heap after
Heap after GC invocations=6 (full 0):
 PSYoungGen      total 268288K, used 32740K [0x00000000eab00000, 0x0000000100000000, 0x0000000100000000)
  eden space 235520K, 0% used [0x00000000eab00000,0x00000000eab00000,0x00000000f9100000)
  from space 32768K, 99% used [0x00000000fc300000,0x00000000fe2f9030,0x00000000fe300000)
  to   space 51200K, 0% used [0x00000000f9100000,0x00000000f9100000,0x00000000fc300000)
 ParOldGen       total 84992K, used 67070K [0x00000000c0000000, 0x00000000c5300000, 0x00000000eab00000)
  object space 84992K, 78% used [0x00000000c0000000,0x00000000c417f9e8,0x00000000c5300000)
 Metaspace       used 6396K, capacity 7192K, committed 7424K, reserved 1056768K
  class space    used 612K, capacity 656K, committed 768K, reserved 1048576K
}
Event: 12.337 GC heap before
{Heap before GC invocations=7 (full 1):
 PSYoungGen      total 268288K, used 32740K [0x00000000eab00000, 0x0000000100000000, 0x0000000100000000)
  eden space 235520K, 0% used [0x00000000eab00000,0x00000000eab00000,0x00000000f9100000)
  from space 32768K, 99% used [0x00000000fc300000,0x00000000fe2f9030,0x00000000fe300000)
  to   space 51200K, 0% used [0x00000000f9100000,0x00000000f9100000,0x00000000fc300000)
 ParOldGen       total 84992K, used 67070K [0x00000000c0000000, 0x00000000c5300000, 0x00000000eab00000)
  object space 84992K, 78% used [0x00000000c0000000,0x00000000c417f9e8,0x00000000c5300000)
 Metaspace       used 6396K, capacity 7192K, committed 7424K, reserved 1056768K
  class space    used 612K, capacity 656K, committed 768K, reserved 1048576K
Event: 14.324 GC heap after
Heap after GC invocations=7 (full 1):
 PSYoungGen      total 268288K, used 10219K [0x00000000eab00000, 0x0000000100000000, 0x0000000100000000)
  eden space 235520K, 0% used [0x00000000eab00000,0x00000000eab00000,0x00000000f9100000)
  from space 32768K, 31% used [0x00000000fc300000,0x00000000fccfac40,0x00000000fe300000)
  to   space 51200K, 0% used [0x00000000f9100000,0x00000000f9100000,0x00000000fc300000)
 ParOldGen       total 167936K, used 84505K [0x00000000c0000000, 0x00000000ca400000, 0x00000000eab00000)
  object space 167936K, 50% used [0x00000000c0000000,0x00000000c5286418,0x00000000ca400000)
 Metaspace       used 6396K, capacity 7192K, committed 7424K, reserved 1056768K
  class space    used 612K, capacity 656K, committed 768K, reserved 1048576K
}
Event: 15.894 GC heap before
{Heap before GC invocations=8 (full 1):
 PSYoungGen      total 268288K, used 245739K [0x00000000eab00000, 0x0000000100000000, 0x0000000100000000)
  eden space 235520K, 100% used [0x00000000eab00000,0x00000000f9100000,0x00000000f9100000)
  from space 32768K, 31% used [0x00000000fc300000,0x00000000fccfac40,0x00000000fe300000)
  to   space 51200K, 0% used [0x00000000f9100000,0x00000000f9100000,0x00000000fc300000)
 ParOldGen       total 167936K, used 84505K [0x00000000c0000000, 0x00000000ca400000, 0x00000000eab00000)
  object space 167936K, 50% used [0x00000000c0000000,0x00000000c5286418,0x00000000ca400000)
 Metaspace       used 6430K, capacity 7256K, committed 7424K, reserved 1056768K
  class space    used 613K, capacity 656K, committed 768K, reserved 1048576K
Event: 16.332 GC heap after
Heap after GC invocations=8 (full 1):
 PSYoungGen      total 286720K, used 51177K [0x00000000eab00000, 0x0000000100000000, 0x0000000100000000)
  eden space 235520K, 0% used [0x00000000eab00000,0x00000000eab00000,0x00000000f9100000)
  from space 51200K, 99% used [0x00000000f9100000,0x00000000fc2fa508,0x00000000fc300000)
  to   space 62464K, 0% used [0x00000000fc300000,0x00000000fc300000,0x0000000100000000)
 ParOldGen       total 167936K, used 160336K [0x00000000c0000000, 0x00000000ca400000, 0x00000000eab00000)
  object space 167936K, 95% used [0x00000000c0000000,0x00000000c9c94158,0x00000000ca400000)
 Metaspace       used 6430K, capacity 7256K, committed 7424K, reserved 1056768K
  class space    used 613K, capacity 656K, committed 768K, reserved 1048576K
}
Event: 16.332 GC heap before
{Heap before GC invocations=9 (full 2):
 PSYoungGen      total 286720K, used 51177K [0x00000000eab00000, 0x0000000100000000, 0x0000000100000000)
  eden space 235520K, 0% used [0x00000000eab00000,0x00000000eab00000,0x00000000f9100000)
  from space 51200K, 99% used [0x00000000f9100000,0x00000000fc2fa508,0x00000000fc300000)
  to   space 62464K, 0% used [0x00000000fc300000,0x00000000fc300000,0x0000000100000000)
 ParOldGen       total 167936K, used 160336K [0x00000000c0000000, 0x00000000ca400000, 0x00000000eab00000)
  object space 167936K, 95% used [0x00000000c0000000,0x00000000c9c94158,0x00000000ca400000)
 Metaspace       used 6430K, capacity 7256K, committed 7424K, reserved 1056768K
  class space    used 613K, capacity 656K, committed 768K, reserved 1048576K

Deoptimization events (10 events):
Event: 4.256 Thread 0x00007f8290149000 Uncommon trap: reason=unstable_if action=reinterpret pc=0x00007f82812fa96c method=java.util.HashMap.putVal(ILjava/lang/Object;Ljava/lang/Object;ZZ)Ljava/lang/Object; @ 162
Event: 4.299 Thread 0x00007f8290145800 Uncommon trap: reason=unstable_if action=reinterpret pc=0x00007f828121bbf8 method=java.util.HashMap.getNode(ILjava/lang/Object;)Ljava/util/HashMap$Node; @ 84
Event: 4.299 Thread 0x00007f8290145800 Uncommon trap: reason=unstable_if action=reinterpret pc=0x00007f8281234f6c method=java.util.HashMap.getNode(ILjava/lang/Object;)Ljava/util/HashMap$Node; @ 84
Event: 8.763 Thread 0x00007f8290008800 Uncommon trap: reason=bimorphic action=maybe_recompile pc=0x00007f8281620b90 method=com.android.dx.cf.code.BytecodeArray.parseInstruction(ILcom/android/dx/cf/code/BytecodeArray$Visitor;)I @ 2281
Event: 8.763 Thread 0x00007f8290008800 Uncommon trap: reason=bimorphic action=maybe_recompile pc=0x00007f8281620b90 method=com.android.dx.cf.code.BytecodeArray.parseInstruction(ILcom/android/dx/cf/code/BytecodeArray$Visitor;)I @ 2281
Event: 8.765 Thread 0x00007f8290008800 Uncommon trap: reason=bimorphic action=maybe_recompile pc=0x00007f8281620b90 method=com.android.dx.cf.code.BytecodeArray.parseInstruction(ILcom/android/dx/cf/code/BytecodeArray$Visitor;)I @ 2281
Event: 8.765 Thread 0x00007f8290008800 Uncommon trap: reason=bimorphic action=maybe_recompile pc=0x00007f8281620b90 method=com.android.dx.cf.code.BytecodeArray.parseInstruction(ILcom/android/dx/cf/code/BytecodeArray$Visitor;)I @ 2281
Event: 8.807 Thread 0x00007f8290008800 Uncommon trap: reason=unstable_if action=reinterpret pc=0x00007f82815612c0 method=com.android.dx.ssa.SCCP.simulateStmt(Lcom/android/dx/ssa/SsaInsn;)V @ 59
Event: 10.403 Thread 0x00007f8290008800 Uncommon trap: reason=unstable_if action=reinterpret pc=0x00007f82815b2634 method=java.util.HashMap.putVal(ILjava/lang/Object;Ljava/lang/Object;ZZ)Ljava/lang/Object; @ 109
Event: 15.682 Thread 0x00007f8290146800 Uncommon trap: reason=unstable_if action=reinterpret pc=0x00007f82813b1d28 method=com.android.dx.ssa.SetFactory.makeLivenessSet(I)Lcom/android/dx/util/IntSet; @ 4

Internal exceptions (6 events):
Event: 0.049 Thread 0x00007f8290008800 Exception <a 'java/lang/NoSuchMethodError': Method sun.misc.Unsafe.defineClass(Ljava/lang/String;[BII)Ljava/lang/Class; name or signature does not match> (0x00000000eab12b88) thrown at [/HUDSON/workspace/8-2-build-linux-amd64/jdk8u60/4407/hotspot/src/shar
Event: 0.049 Thread 0x00007f8290008800 Exception <a 'java/lang/NoSuchMethodError': Method sun.misc.Unsafe.prefetchRead(Ljava/lang/Object;J)V name or signature does not match> (0x00000000eab12e70) thrown at [/HUDSON/workspace/8-2-build-linux-amd64/jdk8u60/4407/hotspot/src/share/vm/prims/jni.cpp
Event: 1.886 Thread 0x00007f8290008800 Implicit null exception at 0x00007f8281272422 to 0x00007f828127251b
Event: 4.263 Thread 0x00007f8290149000 Exception <a 'java/lang/ArrayIndexOutOfBoundsException': 18> (0x00000000eb284fa0) thrown at [/HUDSON/workspace/8-2-build-linux-amd64/jdk8u60/4407/hotspot/src/share/vm/interpreter/interpreterRuntime.cpp, line 366]
Event: 4.263 Thread 0x00007f8290149000 Exception <a 'java/lang/ArrayIndexOutOfBoundsException': 145> (0x00000000eb286b20) thrown at [/HUDSON/workspace/8-2-build-linux-amd64/jdk8u60/4407/hotspot/src/share/vm/interpreter/interpreterRuntime.cpp, line 366]
Event: 4.264 Thread 0x00007f8290149000 Exception <a 'java/lang/ArrayIndexOutOfBoundsException': 40> (0x00000000eb287e08) thrown at [/HUDSON/workspace/8-2-build-linux-amd64/jdk8u60/4407/hotspot/src/share/vm/interpreter/interpreterRuntime.cpp, line 366]

Events (10 events):
Event: 14.793 Thread 0x00007f8290146800 DEOPT PACKING pc=0x00007f8281755f54 sp=0x00007f827da5bda0
Event: 14.793 Thread 0x00007f8290146800 DEOPT UNPACKING pc=0x00007f8281047633 sp=0x00007f827da5bc80 mode 0
Event: 15.034 Thread 0x00007f8290008800 DEOPT PACKING pc=0x00007f828137e25b sp=0x00007f8298869d20
Event: 15.034 Thread 0x00007f8290008800 DEOPT UNPACKING pc=0x00007f8281047633 sp=0x00007f8298869ae8 mode 0
Event: 15.679 Thread 0x00007f8290146800 Uncommon trap: trap_request=0xffffff65 fr.pc=0x00007f82813b1d28
Event: 15.682 Thread 0x00007f8290146800 DEOPT PACKING pc=0x00007f82813b1d28 sp=0x00007f827da5bee0
Event: 15.683 Thread 0x00007f8290146800 DEOPT UNPACKING pc=0x00007f8281005229 sp=0x00007f827da5bde8 mode 2
Event: 15.754 Thread 0x00007f8290146800 DEOPT PACKING pc=0x00007f828177a38b sp=0x00007f827da5bf30
Event: 15.754 Thread 0x00007f8290146800 DEOPT UNPACKING pc=0x00007f8281047633 sp=0x00007f827da5bc88 mode 0
Event: 15.877 Executing VM operation: ParallelGCFailedAllocation


Dynamic libraries:
00400000-00401000 r-xp 00000000 08:05 272478                             /usr/lib/jvm/java-8-jdk/jre/bin/java
00600000-00601000 rw-p 00000000 08:05 272478                             /usr/lib/jvm/java-8-jdk/jre/bin/java
0132f000-01350000 rw-p 00000000 00:00 0                                  [heap]
c0000000-ca400000 rw-p 00000000 00:00 0 
d4080000-eab00000 ---p 00000000 00:00 0 
eab00000-100000000 rw-p 00000000 00:00 0 
100000000-1000c0000 rw-p 00000000 00:00 0 
1000c0000-140000000 ---p 00000000 00:00 0 
7f8230000000-7f823002d000 rw-p 00000000 00:00 0 
7f823002d000-7f8234000000 ---p 00000000 00:00 0 
7f8238000000-7f8238024000 rw-p 00000000 00:00 0 
7f8238024000-7f823c000000 ---p 00000000 00:00 0 
7f823c000000-7f823c035000 rw-p 00000000 00:00 0 
7f823c035000-7f8240000000 ---p 00000000 00:00 0 
7f8240000000-7f8240031000 rw-p 00000000 00:00 0 
7f8240031000-7f8244000000 ---p 00000000 00:00 0 
7f8244000000-7f8244021000 rw-p 00000000 00:00 0 
7f8244021000-7f8248000000 ---p 00000000 00:00 0 
7f8248000000-7f8248021000 rw-p 00000000 00:00 0 
7f8248021000-7f824c000000 ---p 00000000 00:00 0 
7f824c000000-7f824c021000 rw-p 00000000 00:00 0 
7f824c021000-7f8250000000 ---p 00000000 00:00 0 
7f8250000000-7f8250e01000 rw-p 00000000 00:00 0 
7f8250e01000-7f8254000000 ---p 00000000 00:00 0 
7f8254000000-7f8254a92000 rw-p 00000000 00:00 0 
7f8254a92000-7f8258000000 ---p 00000000 00:00 0 
7f8258000000-7f8258021000 rw-p 00000000 00:00 0 
7f8258021000-7f825c000000 ---p 00000000 00:00 0 
7f825c000000-7f825d106000 rw-p 00000000 00:00 0 
7f825d106000-7f8260000000 ---p 00000000 00:00 0 
7f8260000000-7f8260021000 rw-p 00000000 00:00 0 
7f8260021000-7f8264000000 ---p 00000000 00:00 0 
7f8264000000-7f8264021000 rw-p 00000000 00:00 0 
7f8264021000-7f8268000000 ---p 00000000 00:00 0 
7f8268000000-7f8268021000 rw-p 00000000 00:00 0 
7f8268021000-7f826c000000 ---p 00000000 00:00 0 
7f826c000000-7f826c28d000 rw-p 00000000 00:00 0 
7f826c28d000-7f8270000000 ---p 00000000 00:00 0 
7f8270000000-7f8270021000 rw-p 00000000 00:00 0 
7f8270021000-7f8274000000 ---p 00000000 00:00 0 
7f8274000000-7f8274021000 rw-p 00000000 00:00 0 
7f8274021000-7f8278000000 ---p 00000000 00:00 0 
7f8278000000-7f8278021000 rw-p 00000000 00:00 0 
7f8278021000-7f827c000000 ---p 00000000 00:00 0 
7f827d85c000-7f827d85f000 ---p 00000000 00:00 0 
7f827d85f000-7f827d95d000 rw-p 00000000 00:00 0                          [stack:6336]
7f827d95d000-7f827d960000 ---p 00000000 00:00 0 
7f827d960000-7f827da5e000 rw-p 00000000 00:00 0                          [stack:6335]
7f827da5e000-7f827da61000 ---p 00000000 00:00 0 
7f827da61000-7f827db5f000 rw-p 00000000 00:00 0                          [stack:6334]
7f827db5f000-7f827db62000 ---p 00000000 00:00 0 
7f827db62000-7f827dc60000 rw-p 00000000 00:00 0                          [stack:6333]
7f827dc60000-7f827dc63000 ---p 00000000 00:00 0 
7f827dc63000-7f827dd61000 rw-p 00000000 00:00 0                          [stack:6332]
7f827dd61000-7f827dd62000 ---p 00000000 00:00 0 
7f827dd62000-7f827de62000 rw-p 00000000 00:00 0                          [stack:6319]
7f827de62000-7f827de65000 ---p 00000000 00:00 0 
7f827de65000-7f827df63000 rw-p 00000000 00:00 0                          [stack:6317]
7f827df63000-7f827df66000 ---p 00000000 00:00 0 
7f827df66000-7f827e064000 rw-p 00000000 00:00 0                          [stack:6316]
7f827e064000-7f827e067000 ---p 00000000 00:00 0 
7f827e067000-7f827e165000 rw-p 00000000 00:00 0                          [stack:6315]
7f827e165000-7f827e168000 ---p 00000000 00:00 0 
7f827e168000-7f827e266000 rw-p 00000000 00:00 0                          [stack:6314]
7f827e266000-7f827e269000 ---p 00000000 00:00 0 
7f827e269000-7f827e367000 rw-p 00000000 00:00 0                          [stack:6313]
7f827e367000-7f827e4f5000 r--p 00000000 08:05 4739658                    /usr/lib/locale/locale-archive
7f827e4f5000-7f827e4f8000 ---p 00000000 00:00 0 
7f827e4f8000-7f827e5f6000 rw-p 00000000 00:00 0                          [stack:6309]
7f827e5f6000-7f827e5f9000 ---p 00000000 00:00 0 
7f827e5f9000-7f827e6f7000 rw-p 00000000 00:00 0                          [stack:6308]
7f827e6f7000-7f827e6f8000 ---p 00000000 00:00 0 
7f827e6f8000-7f8281000000 rw-p 00000000 00:00 0                          [stack:6307]
7f8281000000-7f8281790000 rwxp 00000000 00:00 0 
7f8281790000-7f8290000000 ---p 00000000 00:00 0 
7f8290000000-7f8290391000 rw-p 00000000 00:00 0 
7f8290391000-7f8294000000 ---p 00000000 00:00 0 
7f8294023000-7f829403b000 r--s 000f5000 08:05 548468                     /home/mzwee/AndroidStudioProjects/RandRestaurant/app/build/intermediates/exploded-aar/com.google.android.gms/play-services-ads/8.4.0/jars/classes.jar
7f829403b000-7f82947f4000 rw-p 00000000 00:00 0 
7f82947f4000-7f82949cc000 r--s 03d17000 08:05 399249                     /usr/lib/jvm/java-8-jdk/jre/lib/rt.jar
7f82949cc000-7f82950c2000 rw-p 00000000 00:00 0 
7f82950c2000-7f8295242000 ---p 00000000 00:00 0 
7f8295242000-7f8295442000 rw-p 00000000 00:00 0 
7f8295442000-7f8295443000 ---p 00000000 00:00 0 
7f8295443000-7f8295543000 rw-p 00000000 00:00 0                          [stack:6305]
7f8295543000-7f8295544000 ---p 00000000 00:00 0 
7f8295544000-7f8295644000 rw-p 00000000 00:00 0                          [stack:6304]
7f8295644000-7f8295645000 ---p 00000000 00:00 0 
7f8295645000-7f8295745000 rw-p 00000000 00:00 0                          [stack:6303]
7f8295745000-7f8295746000 ---p 00000000 00:00 0 
7f8295746000-7f8295898000 rw-p 00000000 00:00 0                          [stack:6302]
7f8295898000-7f829599c000 ---p 00000000 00:00 0 
7f829599c000-7f82959ee000 rw-p 00000000 00:00 0 
7f82959ee000-7f8295af1000 ---p 00000000 00:00 0 
7f8295af1000-7f8295b9c000 rw-p 00000000 00:00 0 
7f8295b9c000-7f8295bbc000 rw-p 00000000 00:00 0 
7f8295bbc000-7f8295f5d000 ---p 00000000 00:00 0 
7f8295f5d000-7f8295f77000 r-xp 00000000 08:05 540675                     /usr/lib/jvm/java-8-jdk/jre/lib/amd64/libzip.so
7f8295f77000-7f8296177000 ---p 0001a000 08:05 540675                     /usr/lib/jvm/java-8-jdk/jre/lib/amd64/libzip.so
7f8296177000-7f8296178000 rw-p 0001a000 08:05 540675                     /usr/lib/jvm/java-8-jdk/jre/lib/amd64/libzip.so
7f8296178000-7f8296183000 r-xp 00000000 08:05 4721836                    /usr/lib/libnss_files-2.22.so
7f8296183000-7f8296382000 ---p 0000b000 08:05 4721836                    /usr/lib/libnss_files-2.22.so
7f8296382000-7f8296383000 r--p 0000a000 08:05 4721836                    /usr/lib/libnss_files-2.22.so
7f8296383000-7f8296384000 rw-p 0000b000 08:05 4721836                    /usr/lib/libnss_files-2.22.so
7f8296384000-7f829638a000 rw-p 00000000 00:00 0 
7f829638a000-7f82963b4000 r-xp 00000000 08:05 540695                     /usr/lib/jvm/java-8-jdk/jre/lib/amd64/libjava.so
7f82963b4000-7f82965b4000 ---p 0002a000 08:05 540695                     /usr/lib/jvm/java-8-jdk/jre/lib/amd64/libjava.so
7f82965b4000-7f82965b6000 rw-p 0002a000 08:05 540695                     /usr/lib/jvm/java-8-jdk/jre/lib/amd64/libjava.so
7f82965b6000-7f82965c3000 r-xp 00000000 08:05 540681                     /usr/lib/jvm/java-8-jdk/jre/lib/amd64/libverify.so
7f82965c3000-7f82967c3000 ---p 0000d000 08:05 540681                     /usr/lib/jvm/java-8-jdk/jre/lib/amd64/libverify.so
7f82967c3000-7f82967c5000 rw-p 0000d000 08:05 540681                     /usr/lib/jvm/java-8-jdk/jre/lib/amd64/libverify.so
7f82967c5000-7f82967cc000 r-xp 00000000 08:05 4721844                    /usr/lib/librt-2.22.so
7f82967cc000-7f82969cb000 ---p 00007000 08:05 4721844                    /usr/lib/librt-2.22.so
7f82969cb000-7f82969cc000 r--p 00006000 08:05 4721844                    /usr/lib/librt-2.22.so
7f82969cc000-7f82969cd000 rw-p 00007000 08:05 4721844                    /usr/lib/librt-2.22.so
7f82969cd000-7f8296aca000 r-xp 00000000 08:05 4721841                    /usr/lib/libm-2.22.so
7f8296aca000-7f8296cc9000 ---p 000fd000 08:05 4721841                    /usr/lib/libm-2.22.so
7f8296cc9000-7f8296cca000 r--p 000fc000 08:05 4721841                    /usr/lib/libm-2.22.so
7f8296cca000-7f8296ccb000 rw-p 000fd000 08:05 4721841                    /usr/lib/libm-2.22.so
7f8296ccb000-7f8297989000 r-xp 00000000 08:05 540705                     /usr/lib/jvm/java-8-jdk/jre/lib/amd64/server/libjvm.so
7f8297989000-7f8297b88000 ---p 00cbe000 08:05 540705                     /usr/lib/jvm/java-8-jdk/jre/lib/amd64/server/libjvm.so
7f8297b88000-7f8297c60000 rw-p 00cbd000 08:05 540705                     /usr/lib/jvm/java-8-jdk/jre/lib/amd64/server/libjvm.so
7f8297c60000-7f8297ca5000 rw-p 00000000 00:00 0 
7f8297ca5000-7f8297e40000 r-xp 00000000 08:05 4721791                    /usr/lib/libc-2.22.so
7f8297e40000-7f829803f000 ---p 0019b000 08:05 4721791                    /usr/lib/libc-2.22.so
7f829803f000-7f8298043000 r--p 0019a000 08:05 4721791                    /usr/lib/libc-2.22.so
7f8298043000-7f8298045000 rw-p 0019e000 08:05 4721791                    /usr/lib/libc-2.22.so
7f8298045000-7f8298049000 rw-p 00000000 00:00 0 
7f8298049000-7f829804c000 r-xp 00000000 08:05 4721840                    /usr/lib/libdl-2.22.so
7f829804c000-7f829824b000 ---p 00003000 08:05 4721840                    /usr/lib/libdl-2.22.so
7f829824b000-7f829824c000 r--p 00002000 08:05 4721840                    /usr/lib/libdl-2.22.so
7f829824c000-7f829824d000 rw-p 00003000 08:05 4721840                    /usr/lib/libdl-2.22.so
7f829824d000-7f8298262000 r-xp 00000000 08:05 799344                     /usr/lib/jvm/java-8-jdk/jre/lib/amd64/jli/libjli.so
7f8298262000-7f8298462000 ---p 00015000 08:05 799344                     /usr/lib/jvm/java-8-jdk/jre/lib/amd64/jli/libjli.so
7f8298462000-7f8298463000 rw-p 00015000 08:05 799344                     /usr/lib/jvm/java-8-jdk/jre/lib/amd64/jli/libjli.so
7f8298463000-7f829847b000 r-xp 00000000 08:05 4721772                    /usr/lib/libpthread-2.22.so
7f829847b000-7f829867a000 ---p 00018000 08:05 4721772                    /usr/lib/libpthread-2.22.so
7f829867a000-7f829867b000 r--p 00017000 08:05 4721772                    /usr/lib/libpthread-2.22.so
7f829867b000-7f829867c000 rw-p 00018000 08:05 4721772                    /usr/lib/libpthread-2.22.so
7f829867c000-7f8298680000 rw-p 00000000 00:00 0 
7f8298680000-7f82986a2000 r-xp 00000000 08:05 4721790                    /usr/lib/ld-2.22.so
7f82986a7000-7f829876c000 rw-p 00000000 00:00 0 
7f829876c000-7f829876f000 ---p 00000000 00:00 0 
7f829876f000-7f8298871000 rw-p 00000000 00:00 0                          [stack:6296]
7f8298872000-7f8298873000 rw-p 00000000 00:00 0 
7f8298873000-7f8298882000 r--s 000df000 08:05 1868720                    /home/mzwee/Android/Sdk/build-tools/23.0.2/lib/dx.jar
7f8298882000-7f8298896000 rw-p 00000000 00:00 0 
7f8298896000-7f829889e000 rw-s 00000000 00:21 527733                     /tmp/hsperfdata_mzwee/6291
7f829889e000-7f829889f000 rw-p 00000000 00:00 0 
7f829889f000-7f82988a0000 ---p 00000000 00:00 0 
7f82988a0000-7f82988a1000 rw-p 00000000 00:00 0 
7f82988a1000-7f82988a2000 r--p 00021000 08:05 4721790                    /usr/lib/ld-2.22.so
7f82988a2000-7f82988a3000 rw-p 00022000 08:05 4721790                    /usr/lib/ld-2.22.so
7f82988a3000-7f82988a4000 rw-p 00000000 00:00 0 
7ffc79dbe000-7ffc79ddf000 rw-p 00000000 00:00 0                          [stack]
7ffc79ded000-7ffc79def000 r--p 00000000 00:00 0                          [vvar]
7ffc79def000-7ffc79df1000 r-xp 00000000 00:00 0                          [vdso]
ffffffffff600000-ffffffffff601000 r-xp 00000000 00:00 0                  [vsyscall]

VM Arguments:
jvm_args: -Xmx1024M -Dfile.encoding=UTF-8 -Duser.country=US -Duser.language=en -Duser.variant 
java_command: com.android.dx.command.Main --dex --num-threads=4 --output /home/mzwee/AndroidStudioProjects/RandRestaurant/app/build/intermediates/pre-dexed/debug/classes-cad2532b8493afc083c458c363d65580985b0b9a.jar /home/mzwee/AndroidStudioProjects/RandRestaurant/app/build/intermediates/exploded-aar/com.google.android.gms/play-services-ads/8.4.0/jars/classes.jar
java_class_path (initial): /home/mzwee/Android/Sdk/build-tools/23.0.2/lib/dx.jar
Launcher Type: SUN_STANDARD

Environment Variables:
PATH=/home/mzwee/.rvm/gems/ruby-2.2.2/bin:/home/mzwee/.rvm/gems/ruby-2.2.2@global/bin:/home/mzwee/.rvm/rubies/ruby-2.2.2/bin:/home/mzwee/local/bin:/usr/local/sbin:/usr/local/bin:/usr/bin:/usr/lib/jvm/default/bin:/usr/bin/site_perl:/usr/bin/vendor_perl:/usr/bin/core_perl:/home/mzwee/.rvm/bin
LD_LIBRARY_PATH=/opt/android-studio/bin:
SHELL=/bin/bash
DISPLAY=:0

Signal Handlers:
SIGSEGV: [libjvm.so+0xaba070], sa_mask[0]=11111111011111111101111111111110, sa_flags=SA_RESTART|SA_SIGINFO
SIGBUS: [libjvm.so+0xaba070], sa_mask[0]=11111111011111111101111111111110, sa_flags=SA_RESTART|SA_SIGINFO
SIGFPE: [libjvm.so+0x917630], sa_mask[0]=11111111011111111101111111111110, sa_flags=SA_RESTART|SA_SIGINFO
SIGPIPE: [libjvm.so+0x917630], sa_mask[0]=11111111011111111101111111111110, sa_flags=SA_RESTART|SA_SIGINFO
SIGXFSZ: [libjvm.so+0x917630], sa_mask[0]=11111111011111111101111111111110, sa_flags=SA_RESTART|SA_SIGINFO
SIGILL: [libjvm.so+0x917630], sa_mask[0]=11111111011111111101111111111110, sa_flags=SA_RESTART|SA_SIGINFO
SIGUSR1: SIG_DFL, sa_mask[0]=00000000000000000000000000000000, sa_flags=none
SIGUSR2: [libjvm.so+0x918c60], sa_mask[0]=00100000000000000000000000000000, sa_flags=SA_RESTART|SA_SIGINFO
SIGHUP: [libjvm.so+0x91a060], sa_mask[0]=11111111011111111101111111111110, sa_flags=SA_RESTART|SA_SIGINFO
SIGINT: SIG_IGN, sa_mask[0]=00000000000000000000000000000000, sa_flags=none
SIGTERM: [libjvm.so+0x91a060], sa_mask[0]=11111111011111111101111111111110, sa_flags=SA_RESTART|SA_SIGINFO
SIGQUIT: [libjvm.so+0x91a060], sa_mask[0]=11111111011111111101111111111110, sa_flags=SA_RESTART|SA_SIGINFO


---------------  S Y S T E M  ---------------

OS:NAME="Arch Linux"
ID=arch
PRETTY_NAME="Arch Linux"
ANSI_COLOR="0;36"
HOME_URL="https://www.archlinux.org/"
SUPPORT_URL="https://bbs.archlinux.org/"
BUG_REPORT_URL="https://bugs.archlinux.org/"


uname:Linux 4.3.3-3-ARCH #1 SMP PREEMPT Wed Jan 20 08:12:23 CET 2016 x86_64
libc:glibc 2.22 NPTL 2.22 
rlimit: STACK 8192k, CORE 0k, NPROC 30723, NOFILE 4096, AS infinity
load average:21.75 6.75 3.00

/proc/meminfo:
MemTotal:        8067340 kB
MemFree:           55348 kB
MemAvailable:     112308 kB
Buffers:             416 kB
Cached:          2028284 kB
SwapCached:            0 kB
Active:          6402076 kB
Inactive:        1408500 kB
Active(anon):    6369412 kB
Inactive(anon):  1377060 kB
Active(file):      32664 kB
Inactive(file):    31440 kB
Unevictable:           0 kB
Mlocked:               0 kB
SwapTotal:             0 kB
SwapFree:              0 kB
Dirty:               956 kB
Writeback:           104 kB
AnonPages:       5782840 kB
Mapped:           330468 kB
Shmem:           1963492 kB
Slab:              68236 kB
SReclaimable:      35144 kB
SUnreclaim:        33092 kB
KernelStack:       10288 kB
PageTables:        49736 kB
NFS_Unstable:          0 kB
Bounce:                0 kB
WritebackTmp:          0 kB
CommitLimit:     4033668 kB
Committed_AS:   14321576 kB
VmallocTotal:   34359738367 kB
VmallocUsed:      382728 kB
VmallocChunk:   34358947836 kB
HardwareCorrupted:     0 kB
AnonHugePages:   2756608 kB
HugePages_Total:       0
HugePages_Free:        0
HugePages_Rsvd:        0
HugePages_Surp:        0
Hugepagesize:       2048 kB
DirectMap4k:      171564 kB
DirectMap2M:     7055360 kB
DirectMap1G:     2097152 kB


CPU:total 4 (2 cores per cpu, 2 threads per core) family 6 model 69 stepping 1, cmov, cx8, fxsr, mmx, sse, sse2, sse3, ssse3, sse4.1, sse4.2, popcnt, avx, avx2, aes, clmul, erms, lzcnt, ht, tsc, tscinvbit, bmi1, bmi2

/proc/cpuinfo:
processor	: 0
vendor_id	: GenuineIntel
cpu family	: 6
model		: 69
model name	: Intel(R) Core(TM) i5-4210U CPU @ 1.70GHz
stepping	: 1
microcode	: 0x17
cpu MHz		: 2399.906
cache size	: 3072 KB
physical id	: 0
siblings	: 4
core id		: 0
cpu cores	: 2
apicid		: 0
initial apicid	: 0
fpu		: yes
fpu_exception	: yes
cpuid level	: 13
wp		: yes
flags		: fpu vme de pse tsc msr pae mce cx8 apic sep mtrr pge mca cmov pat pse36 clflush dts acpi mmx fxsr sse sse2 ss ht tm pbe syscall nx pdpe1gb rdtscp lm constant_tsc arch_perfmon pebs bts rep_good nopl xtopology nonstop_tsc aperfmperf eagerfpu pni pclmulqdq dtes64 monitor ds_cpl vmx est tm2 ssse3 sdbg fma cx16 xtpr pdcm pcid sse4_1 sse4_2 movbe popcnt tsc_deadline_timer aes xsave avx f16c rdrand lahf_lm abm ida arat epb pln pts dtherm tpr_shadow vnmi flexpriority ept vpid fsgsbase tsc_adjust bmi1 avx2 smep bmi2 erms invpcid xsaveopt
bugs		:
bogomips	: 4790.37
clflush size	: 64
cache_alignment	: 64
address sizes	: 39 bits physical, 48 bits virtual
power management:

processor	: 1
vendor_id	: GenuineIntel
cpu family	: 6
model		: 69
model name	: Intel(R) Core(TM) i5-4210U CPU @ 1.70GHz
stepping	: 1
microcode	: 0x17
cpu MHz		: 2400.000
cache size	: 3072 KB
physical id	: 0
siblings	: 4
core id		: 1
cpu cores	: 2
apicid		: 2
initial apicid	: 2
fpu		: yes
fpu_exception	: yes
cpuid level	: 13
wp		: yes
flags		: fpu vme de pse tsc msr pae mce cx8 apic sep mtrr pge mca cmov pat pse36 clflush dts acpi mmx fxsr sse sse2 ss ht tm pbe syscall nx pdpe1gb rdtscp lm constant_tsc arch_perfmon pebs bts rep_good nopl xtopology nonstop_tsc aperfmperf eagerfpu pni pclmulqdq dtes64 monitor ds_cpl vmx est tm2 ssse3 sdbg fma cx16 xtpr pdcm pcid sse4_1 sse4_2 movbe popcnt tsc_deadline_timer aes xsave avx f16c rdrand lahf_lm abm ida arat epb pln pts dtherm tpr_shadow vnmi flexpriority ept vpid fsgsbase tsc_adjust bmi1 avx2 smep bmi2 erms invpcid xsaveopt
bugs		:
bogomips	: 4790.37
clflush size	: 64
cache_alignment	: 64
address sizes	: 39 bits physical, 48 bits virtual
power management:

processor	: 2
vendor_id	: GenuineIntel
cpu family	: 6
model		: 69
model name	: Intel(R) Core(TM) i5-4210U CPU @ 1.70GHz
stepping	: 1
microcode	: 0x17
cpu MHz		: 2399.906
cache size	: 3072 KB
physical id	: 0
siblings	: 4
core id		: 0
cpu cores	: 2
apicid		: 1
initial apicid	: 1
fpu		: yes
fpu_exception	: yes
cpuid level	: 13
wp		: yes
flags		: fpu vme de pse tsc msr pae mce cx8 apic sep mtrr pge mca cmov pat pse36 clflush dts acpi mmx fxsr sse sse2 ss ht tm pbe syscall nx pdpe1gb rdtscp lm constant_tsc arch_perfmon pebs bts rep_good nopl xtopology nonstop_tsc aperfmperf eagerfpu pni pclmulqdq dtes64 monitor ds_cpl vmx est tm2 ssse3 sdbg fma cx16 xtpr pdcm pcid sse4_1 sse4_2 movbe popcnt tsc_deadline_timer aes xsave avx f16c rdrand lahf_lm abm ida arat epb pln pts dtherm tpr_shadow vnmi flexpriority ept vpid fsgsbase tsc_adjust bmi1 avx2 smep bmi2 erms invpcid xsaveopt
bugs		:
bogomips	: 4790.37
clflush size	: 64
cache_alignment	: 64
address sizes	: 39 bits physical, 48 bits virtual
power management:

processor	: 3
vendor_id	: GenuineIntel
cpu family	: 6
model		: 69
model name	: Intel(R) Core(TM) i5-4210U CPU @ 1.70GHz
stepping	: 1
microcode	: 0x17
cpu MHz		: 2400.000
cache size	: 3072 KB
physical id	: 0
siblings	: 4
core id		: 1
cpu cores	: 2
apicid		: 3
initial apicid	: 3
fpu		: yes
fpu_exception	: yes
cpuid level	: 13
wp		: yes
flags		: fpu vme de pse tsc msr pae mce cx8 apic sep mtrr pge mca cmov pat pse36 clflush dts acpi mmx fxsr sse sse2 ss ht tm pbe syscall nx pdpe1gb rdtscp lm constant_tsc arch_perfmon pebs bts rep_good nopl xtopology nonstop_tsc aperfmperf eagerfpu pni pclmulqdq dtes64 monitor ds_cpl vmx est tm2 ssse3 sdbg fma cx16 xtpr pdcm pcid sse4_1 sse4_2 movbe popcnt tsc_deadline_timer aes xsave avx f16c rdrand lahf_lm abm ida arat epb pln pts dtherm tpr_shadow vnmi flexpriority ept vpid fsgsbase tsc_adjust bmi1 avx2 smep bmi2 erms invpcid xsaveopt
bugs		:
bogomips	: 4790.37
clflush size	: 64
cache_alignment	: 64
address sizes	: 39 bits physical, 48 bits virtual
power management:



Memory: 4k page, physical 8067340k(53612k free), swap 0k(0k free)

vm_info: Java HotSpot(TM) 64-Bit Server VM (25.60-b23) for linux-amd64 JRE (1.8.0_60-b27), built on Aug  4 2015 12:19:40 by "java_re" with gcc 4.3.0 20080428 (Red Hat 4.3.0-8)

time: Sun Feb 21 03:58:41 2016
elapsed time: 26 seconds (0d 0h 0m 26s)

