#
# There is insufficient memory for the Java Runtime Environment to continue.
# Native memory allocation (mmap) failed to map 65011712 bytes for committing reserved memory.
# Possible reasons:
#   The system is out of physical RAM or swap space
#   In 32 bit mode, the process size limit was hit
# Possible solutions:
#   Reduce memory load on the system
#   Increase physical memory or swap space
#   Check if swap backing store is full
#   Use 64 bit Java on a 64 bit OS
#   Decrease Java heap size (-Xmx/-Xms)
#   Decrease number of Java threads
#   Decrease Java thread stack sizes (-Xss)
#   Set larger code cache with -XX:ReservedCodeCacheSize=
# This output file may be truncated or incomplete.
#
#  Out of Memory Error (os_linux.cpp:2627), pid=10301, tid=140473544980224
#
# JRE version: Java(TM) SE Runtime Environment (8.0_60-b27) (build 1.8.0_60-b27)
# Java VM: Java HotSpot(TM) 64-Bit Server VM (25.60-b23 mixed mode linux-amd64 compressed oops)
# Failed to write core dump. Core dumps have been disabled. To enable core dumping, try "ulimit -c unlimited" before starting Java again
#

---------------  T H R E A D  ---------------

Current thread (0x00007fc2a8078000):  VMThread [stack: 0x00007fc28bafb000,0x00007fc28bbfc000] [id=10311]

Stack: [0x00007fc28bafb000,0x00007fc28bbfc000],  sp=0x00007fc28bbfa2a0,  free space=1020k
Native frames: (J=compiled Java code, j=interpreted, Vv=VM code, C=native code)
V  [libjvm.so+0xab97ea]  VMError::report_and_die()+0x2ba
V  [libjvm.so+0x4f9dab]  report_vm_out_of_memory(char const*, int, unsigned long, VMErrorType, char const*)+0x8b
V  [libjvm.so+0x91a7c3]  os::Linux::commit_memory_impl(char*, unsigned long, bool)+0x103
V  [libjvm.so+0x91ad19]  os::pd_commit_memory(char*, unsigned long, unsigned long, bool)+0x29
V  [libjvm.so+0x91502a]  os::commit_memory(char*, unsigned long, unsigned long, bool)+0x2a
V  [libjvm.so+0x9886d3]  PSVirtualSpace::expand_by(unsigned long)+0x53
V  [libjvm.so+0x989ad8]  PSYoungGen::resize_generation(unsigned long, unsigned long)+0xf8
V  [libjvm.so+0x988c32]  PSYoungGen::resize(unsigned long, unsigned long)+0x22
V  [libjvm.so+0x985f0b]  PSScavenge::invoke_no_policy()+0xf3b
V  [libjvm.so+0x986691]  PSScavenge::invoke()+0x41
V  [libjvm.so+0x93e430]  ParallelScavengeHeap::failed_mem_allocate(unsigned long)+0x70
V  [libjvm.so+0xabb207]  VM_ParallelGCFailedAllocation::doit()+0x97
V  [libjvm.so+0xac2c35]  VM_Operation::evaluate()+0x55
V  [libjvm.so+0xac100a]  VMThread::evaluate_operation(VM_Operation*)+0xba
V  [libjvm.so+0xac138e]  VMThread::loop()+0x1ce
V  [libjvm.so+0xac1800]  VMThread::run()+0x70
V  [libjvm.so+0x91cb88]  java_start(Thread*)+0x108

VM_Operation (0x00007fc2b1d57da0): ParallelGCFailedAllocation, mode: safepoint, requested by thread 0x00007fc2a800a000


---------------  P R O C E S S  ---------------

Java Threads: ( => current thread )
  0x00007fc2a80d8800 JavaThread "Service Thread" daemon [_thread_blocked, id=10318, stack(0x00007fc28b266000,0x00007fc28b367000)]
  0x00007fc2a80bb000 JavaThread "C1 CompilerThread2" daemon [_thread_blocked, id=10317, stack(0x00007fc28b367000,0x00007fc28b468000)]
  0x00007fc2a80b9800 JavaThread "C2 CompilerThread1" daemon [_thread_blocked, id=10316, stack(0x00007fc28b468000,0x00007fc28b569000)]
  0x00007fc2a80b6800 JavaThread "C2 CompilerThread0" daemon [_thread_blocked, id=10315, stack(0x00007fc28b569000,0x00007fc28b66a000)]
  0x00007fc2a80b5000 JavaThread "Signal Dispatcher" daemon [_thread_blocked, id=10314, stack(0x00007fc28b66a000,0x00007fc28b76b000)]
  0x00007fc2a807f000 JavaThread "Finalizer" daemon [_thread_blocked, id=10313, stack(0x00007fc28b8f9000,0x00007fc28b9fa000)]
  0x00007fc2a807d000 JavaThread "Reference Handler" daemon [_thread_blocked, id=10312, stack(0x00007fc28b9fa000,0x00007fc28bafb000)]
  0x00007fc2a800a000 JavaThread "main" [_thread_blocked, id=10306, stack(0x00007fc2b1c59000,0x00007fc2b1d5a000)]

Other Threads:
=>0x00007fc2a8078000 VMThread [stack: 0x00007fc28bafb000,0x00007fc28bbfc000] [id=10311]
  0x00007fc2a80db000 WatcherThread [stack: 0x00007fc28b165000,0x00007fc28b266000] [id=10319]

VM state:at safepoint (normal execution)

VM Mutex/Monitor currently owned by a thread:  ([mutex/lock_event])
[0x00007fc2a8007bc0] Threads_lock - owner thread: 0x00007fc2a8078000
[0x00007fc2a80080c0] Heap_lock - owner thread: 0x00007fc2a800a000

Heap:
 PSYoungGen      total 68608K, used 5112K [0x00000000eab00000, 0x00000000ef300000, 0x0000000100000000)
  eden space 63488K, 0% used [0x00000000eab00000,0x00000000eab00000,0x00000000ee900000)
  from space 5120K, 99% used [0x00000000ee900000,0x00000000eedfe3f8,0x00000000eee00000)
  to   space 5120K, 0% used [0x00000000eee00000,0x00000000eee00000,0x00000000ef300000)
 ParOldGen       total 84992K, used 38087K [0x00000000c0000000, 0x00000000c5300000, 0x00000000eab00000)
  object space 84992K, 44% used [0x00000000c0000000,0x00000000c2531c30,0x00000000c5300000)
 Metaspace       used 7062K, capacity 7608K, committed 7680K, reserved 1056768K
  class space    used 714K, capacity 752K, committed 768K, reserved 1048576K

Card table byte_map: [0x00007fc2aee89000,0x00007fc2af08a000] byte_map_base: 0x00007fc2ae889000

Marking Bits: (ParMarkBitMap*) 0x00007fc2b1166de0
 Begin Bits: [0x00007fc2ac92f000, 0x00007fc2ad92f000)
 End Bits:   [0x00007fc2ad92f000, 0x00007fc2ae92f000)

Polling page: 0x00007fc2b1d8c000

CodeCache: size=245760Kb used=5618Kb max_used=5618Kb free=240141Kb
 bounds [0x00007fc299000000, 0x00007fc299590000, 0x00007fc2a8000000]
 total_blobs=2118 nmethods=1828 adapters=204
 compilation: enabled

Compilation events (10 events):
Event: 1.956 Thread 0x00007fc2a80bb000 1838       3       com.android.dx.io.instructions.InstructionCodec$3::decode (35 bytes)
Event: 1.956 Thread 0x00007fc2a80bb000 nmethod 1838 0x00007fc29957e7d0 code [0x00007fc29957e980, 0x00007fc29957ee68]
Event: 1.956 Thread 0x00007fc2a80bb000 1837       3       com.android.dex.Dex$Section::readCatchHandlers (56 bytes)
Event: 1.957 Thread 0x00007fc2a80bb000 nmethod 1837 0x00007fc29957f110 code [0x00007fc29957f2c0, 0x00007fc29957f938]
Event: 1.957 Thread 0x00007fc2a80bb000 1839       3       com.android.dex.Dex$Section::readTries (66 bytes)
Event: 1.958 Thread 0x00007fc2a80bb000 nmethod 1839 0x00007fc29957fb90 code [0x00007fc29957fd80, 0x00007fc299580998]
Event: 1.958 Thread 0x00007fc2a80bb000 1840       3       com.android.dx.io.instructions.InstructionCodec$7::decode (50 bytes)
Event: 1.958 Thread 0x00007fc2a80bb000 nmethod 1840 0x00007fc299580f50 code [0x00007fc299581120, 0x00007fc299581978]
Event: 1.958 Thread 0x00007fc2a80bb000 1841       3       com.android.dx.io.instructions.InstructionCodec$7::encode (23 bytes)
Event: 1.959 Thread 0x00007fc2a80bb000 nmethod 1841 0x00007fc299581ed0 code [0x00007fc299582080, 0x00007fc2995829e8]

GC Heap History (5 events):
Event: 0.960 GC heap before
{Heap before GC invocations=1 (full 0):
 PSYoungGen      total 36864K, used 31646K [0x00000000eab00000, 0x00000000ed400000, 0x0000000100000000)
  eden space 31744K, 99% used [0x00000000eab00000,0x00000000ec9e7b08,0x00000000eca00000)
  from space 5120K, 0% used [0x00000000ecf00000,0x00000000ecf00000,0x00000000ed400000)
  to   space 5120K, 0% used [0x00000000eca00000,0x00000000eca00000,0x00000000ecf00000)
 ParOldGen       total 84992K, used 0K [0x00000000c0000000, 0x00000000c5300000, 0x00000000eab00000)
  object space 84992K, 0% used [0x00000000c0000000,0x00000000c0000000,0x00000000c5300000)
 Metaspace       used 5666K, capacity 6704K, committed 6784K, reserved 1056768K
  class space    used 581K, capacity 616K, committed 640K, reserved 1048576K
Event: 0.974 GC heap after
Heap after GC invocations=1 (full 0):
 PSYoungGen      total 36864K, used 5089K [0x00000000eab00000, 0x00000000ef300000, 0x0000000100000000)
  eden space 31744K, 0% used [0x00000000eab00000,0x00000000eab00000,0x00000000eca00000)
  from space 5120K, 99% used [0x00000000eca00000,0x00000000ecef8560,0x00000000ecf00000)
  to   space 5120K, 0% used [0x00000000eee00000,0x00000000eee00000,0x00000000ef300000)
 ParOldGen       total 84992K, used 3026K [0x00000000c0000000, 0x00000000c5300000, 0x00000000eab00000)
  object space 84992K, 3% used [0x00000000c0000000,0x00000000c02f4a00,0x00000000c5300000)
 Metaspace       used 5666K, capacity 6704K, committed 6784K, reserved 1056768K
  class space    used 581K, capacity 616K, committed 640K, reserved 1048576K
}
Event: 1.341 GC heap before
{Heap before GC invocations=2 (full 0):
 PSYoungGen      total 36864K, used 36833K [0x00000000eab00000, 0x00000000ef300000, 0x0000000100000000)
  eden space 31744K, 100% used [0x00000000eab00000,0x00000000eca00000,0x00000000eca00000)
  from space 5120K, 99% used [0x00000000eca00000,0x00000000ecef8560,0x00000000ecf00000)
  to   space 5120K, 0% used [0x00000000eee00000,0x00000000eee00000,0x00000000ef300000)
 ParOldGen       total 84992K, used 3026K [0x00000000c0000000, 0x00000000c5300000, 0x00000000eab00000)
  object space 84992K, 3% used [0x00000000c0000000,0x00000000c02f4a00,0x00000000c5300000)
 Metaspace       used 6552K, capacity 7160K, committed 7424K, reserved 1056768K
  class space    used 662K, capacity 688K, committed 768K, reserved 1048576K
Event: 1.364 GC heap after
Heap after GC invocations=2 (full 0):
 PSYoungGen      total 68608K, used 5114K [0x00000000eab00000, 0x00000000ef300000, 0x0000000100000000)
  eden space 63488K, 0% used [0x00000000eab00000,0x00000000eab00000,0x00000000ee900000)
  from space 5120K, 99% used [0x00000000eee00000,0x00000000ef2fe8e8,0x00000000ef300000)
  to   space 5120K, 0% used [0x00000000ee900000,0x00000000ee900000,0x00000000eee00000)
 ParOldGen       total 84992K, used 32975K [0x00000000c0000000, 0x00000000c5300000, 0x00000000eab00000)
  object space 84992K, 38% used [0x00000000c0000000,0x00000000c2033e28,0x00000000c5300000)
 Metaspace       used 6552K, capacity 7160K, committed 7424K, reserved 1056768K
  class space    used 662K, capacity 688K, committed 768K, reserved 1048576K
}
Event: 1.969 GC heap before
{Heap before GC invocations=3 (full 0):
 PSYoungGen      total 68608K, used 68602K [0x00000000eab00000, 0x00000000ef300000, 0x0000000100000000)
  eden space 63488K, 100% used [0x00000000eab00000,0x00000000ee900000,0x00000000ee900000)
  from space 5120K, 99% used [0x00000000eee00000,0x00000000ef2fe8e8,0x00000000ef300000)
  to   space 5120K, 0% used [0x00000000ee900000,0x00000000ee900000,0x00000000eee00000)
 ParOldGen       total 84992K, used 32975K [0x00000000c0000000, 0x00000000c5300000, 0x00000000eab00000)
  object space 84992K, 38% used [0x00000000c0000000,0x00000000c2033e28,0x00000000c5300000)
 Metaspace       used 7062K, capacity 7608K, committed 7680K, reserved 1056768K
  class space    used 714K, capacity 752K, committed 768K, reserved 1048576K

Deoptimization events (10 events):
Event: 1.622 Thread 0x00007fc2a800a000 Uncommon trap: reason=class_check action=maybe_recompile pc=0x00007fc299445904 method=com.android.dx.merge.DexMerger$IdMerger$UnsortedValue.compareTo(Lcom/android/dx/merge/DexMerger$IdMerger$UnsortedValue;)I @ 8
Event: 1.622 Thread 0x00007fc2a800a000 Uncommon trap: reason=class_check action=maybe_recompile pc=0x00007fc299445904 method=com.android.dx.merge.DexMerger$IdMerger$UnsortedValue.compareTo(Lcom/android/dx/merge/DexMerger$IdMerger$UnsortedValue;)I @ 8
Event: 1.622 Thread 0x00007fc2a800a000 Uncommon trap: reason=class_check action=maybe_recompile pc=0x00007fc299445904 method=com.android.dx.merge.DexMerger$IdMerger$UnsortedValue.compareTo(Lcom/android/dx/merge/DexMerger$IdMerger$UnsortedValue;)I @ 8
Event: 1.622 Thread 0x00007fc2a800a000 Uncommon trap: reason=class_check action=maybe_recompile pc=0x00007fc299445904 method=com.android.dx.merge.DexMerger$IdMerger$UnsortedValue.compareTo(Lcom/android/dx/merge/DexMerger$IdMerger$UnsortedValue;)I @ 8
Event: 1.622 Thread 0x00007fc2a800a000 Uncommon trap: reason=class_check action=maybe_recompile pc=0x00007fc2994620a8 method=com.android.dx.merge.DexMerger$IdMerger$UnsortedValue.compareTo(Lcom/android/dx/merge/DexMerger$IdMerger$UnsortedValue;)I @ 8
Event: 1.674 Thread 0x00007fc2a800a000 Uncommon trap: reason=unstable_if action=reinterpret pc=0x00007fc2994613c8 method=java.util.HashMap.putVal(ILjava/lang/Object;Ljava/lang/Object;ZZ)Ljava/lang/Object; @ 109
Event: 1.691 Thread 0x00007fc2a800a000 Uncommon trap: reason=unstable_if action=reinterpret pc=0x00007fc299496810 method=com.android.dex.EncodedValueCodec.readUnsignedInt(Lcom/android/dex/util/ByteInput;IZ)I @ 3
Event: 1.763 Thread 0x00007fc2a800a000 Uncommon trap: reason=unstable_if action=reinterpret pc=0x00007fc29945dd14 method=com.android.dx.merge.IndexMap.adjustString(I)I @ 2
Event: 1.817 Thread 0x00007fc2a800a000 Uncommon trap: reason=unstable_if action=reinterpret pc=0x00007fc299366578 method=java.util.HashMap.getNode(ILjava/lang/Object;)Ljava/util/HashMap$Node; @ 84
Event: 1.817 Thread 0x00007fc2a800a000 Uncommon trap: reason=unstable_if action=reinterpret pc=0x00007fc299372d44 method=java.util.HashMap.getNode(ILjava/lang/Object;)Ljava/util/HashMap$Node; @ 84

Internal exceptions (2 events):
Event: 0.124 Thread 0x00007fc2a800a000 Exception <a 'java/lang/NoSuchMethodError': Method sun.misc.Unsafe.defineClass(Ljava/lang/String;[BII)Ljava/lang/Class; name or signature does not match> (0x00000000eab12a50) thrown at [/HUDSON/workspace/8-2-build-linux-amd64/jdk8u60/4407/hotspot/src/shar
Event: 0.124 Thread 0x00007fc2a800a000 Exception <a 'java/lang/NoSuchMethodError': Method sun.misc.Unsafe.prefetchRead(Ljava/lang/Object;J)V name or signature does not match> (0x00000000eab12d38) thrown at [/HUDSON/workspace/8-2-build-linux-amd64/jdk8u60/4407/hotspot/src/share/vm/prims/jni.cpp

Events (10 events):
Event: 1.860 Thread 0x00007fc2a800a000 DEOPT UNPACKING pc=0x00007fc299047633 sp=0x00007fc2b1d57f90 mode 0
Event: 1.865 Thread 0x00007fc2a800a000 DEOPT PACKING pc=0x00007fc2994392a5 sp=0x00007fc2b1d58240
Event: 1.865 Thread 0x00007fc2a800a000 DEOPT UNPACKING pc=0x00007fc299047633 sp=0x00007fc2b1d57f90 mode 0
Event: 1.870 Thread 0x00007fc2a800a000 DEOPT PACKING pc=0x00007fc2994392a5 sp=0x00007fc2b1d58240
Event: 1.870 Thread 0x00007fc2a800a000 DEOPT UNPACKING pc=0x00007fc299047633 sp=0x00007fc2b1d57f90 mode 0
Event: 1.917 Thread 0x00007fc2a800a000 DEOPT PACKING pc=0x00007fc29950ed81 sp=0x00007fc2b1d582d0
Event: 1.918 Thread 0x00007fc2a800a000 DEOPT UNPACKING pc=0x00007fc299047633 sp=0x00007fc2b1d57fe8 mode 0
Event: 1.920 Thread 0x00007fc2a800a000 DEOPT PACKING pc=0x00007fc2994e6120 sp=0x00007fc2b1d58280
Event: 1.920 Thread 0x00007fc2a800a000 DEOPT UNPACKING pc=0x00007fc299047633 sp=0x00007fc2b1d57fc0 mode 0
Event: 1.968 Executing VM operation: ParallelGCFailedAllocation


Dynamic libraries:
00400000-00401000 r-xp 00000000 08:05 272478                             /usr/lib/jvm/java-8-jdk/jre/bin/java
00600000-00601000 rw-p 00000000 08:05 272478                             /usr/lib/jvm/java-8-jdk/jre/bin/java
01b18000-01b39000 rw-p 00000000 00:00 0                                  [heap]
c0000000-c5300000 rw-p 00000000 00:00 0 
c5300000-eab00000 ---p 00000000 00:00 0 
eab00000-ef300000 rw-p 00000000 00:00 0 
f3100000-100000000 ---p 00000000 00:00 0 
100000000-1000c0000 rw-p 00000000 00:00 0 
1000c0000-140000000 ---p 00000000 00:00 0 
7fc248000000-7fc248026000 rw-p 00000000 00:00 0 
7fc248026000-7fc24c000000 ---p 00000000 00:00 0 
7fc250000000-7fc250037000 rw-p 00000000 00:00 0 
7fc250037000-7fc254000000 ---p 00000000 00:00 0 
7fc254000000-7fc254021000 rw-p 00000000 00:00 0 
7fc254021000-7fc258000000 ---p 00000000 00:00 0 
7fc258000000-7fc258030000 rw-p 00000000 00:00 0 
7fc258030000-7fc25c000000 ---p 00000000 00:00 0 
7fc25c000000-7fc25c021000 rw-p 00000000 00:00 0 
7fc25c021000-7fc260000000 ---p 00000000 00:00 0 
7fc260000000-7fc260021000 rw-p 00000000 00:00 0 
7fc260021000-7fc264000000 ---p 00000000 00:00 0 
7fc264000000-7fc264021000 rw-p 00000000 00:00 0 
7fc264021000-7fc268000000 ---p 00000000 00:00 0 
7fc268000000-7fc2685cb000 rw-p 00000000 00:00 0 
7fc2685cb000-7fc26c000000 ---p 00000000 00:00 0 
7fc26c000000-7fc26c4b8000 rw-p 00000000 00:00 0 
7fc26c4b8000-7fc270000000 ---p 00000000 00:00 0 
7fc270000000-7fc270021000 rw-p 00000000 00:00 0 
7fc270021000-7fc274000000 ---p 00000000 00:00 0 
7fc274000000-7fc2746d7000 rw-p 00000000 00:00 0 
7fc2746d7000-7fc278000000 ---p 00000000 00:00 0 
7fc278000000-7fc278021000 rw-p 00000000 00:00 0 
7fc278021000-7fc27c000000 ---p 00000000 00:00 0 
7fc27c000000-7fc27c021000 rw-p 00000000 00:00 0 
7fc27c021000-7fc280000000 ---p 00000000 00:00 0 
7fc280000000-7fc28028c000 rw-p 00000000 00:00 0 
7fc28028c000-7fc284000000 ---p 00000000 00:00 0 
7fc284000000-7fc284021000 rw-p 00000000 00:00 0 
7fc284021000-7fc288000000 ---p 00000000 00:00 0 
7fc28ac60000-7fc28ac63000 ---p 00000000 00:00 0 
7fc28ac63000-7fc28ad61000 rw-p 00000000 00:00 0 
7fc28ad61000-7fc28ad64000 ---p 00000000 00:00 0 
7fc28ad64000-7fc28ae62000 rw-p 00000000 00:00 0 
7fc28ae62000-7fc28ae65000 ---p 00000000 00:00 0 
7fc28ae65000-7fc28af63000 rw-p 00000000 00:00 0 
7fc28af63000-7fc28af66000 ---p 00000000 00:00 0 
7fc28af66000-7fc28b064000 rw-p 00000000 00:00 0 
7fc28b064000-7fc28b067000 ---p 00000000 00:00 0 
7fc28b067000-7fc28b165000 rw-p 00000000 00:00 0 
7fc28b165000-7fc28b166000 ---p 00000000 00:00 0 
7fc28b166000-7fc28b266000 rw-p 00000000 00:00 0                          [stack:10319]
7fc28b266000-7fc28b269000 ---p 00000000 00:00 0 
7fc28b269000-7fc28b367000 rw-p 00000000 00:00 0                          [stack:10318]
7fc28b367000-7fc28b36a000 ---p 00000000 00:00 0 
7fc28b36a000-7fc28b468000 rw-p 00000000 00:00 0                          [stack:10317]
7fc28b468000-7fc28b46b000 ---p 00000000 00:00 0 
7fc28b46b000-7fc28b569000 rw-p 00000000 00:00 0                          [stack:10316]
7fc28b569000-7fc28b56c000 ---p 00000000 00:00 0 
7fc28b56c000-7fc28b66a000 rw-p 00000000 00:00 0                          [stack:10315]
7fc28b66a000-7fc28b66d000 ---p 00000000 00:00 0 
7fc28b66d000-7fc28b76b000 rw-p 00000000 00:00 0                          [stack:10314]
7fc28b76b000-7fc28b8f9000 r--p 00000000 08:05 4739658                    /usr/lib/locale/locale-archive
7fc28b8f9000-7fc28b8fc000 ---p 00000000 00:00 0 
7fc28b8fc000-7fc28b9fa000 rw-p 00000000 00:00 0                          [stack:10313]
7fc28b9fa000-7fc28b9fd000 ---p 00000000 00:00 0 
7fc28b9fd000-7fc28bafb000 rw-p 00000000 00:00 0                          [stack:10312]
7fc28bafb000-7fc28bafc000 ---p 00000000 00:00 0 
7fc28bafc000-7fc28c000000 rw-p 00000000 00:00 0                          [stack:10311]
7fc28c000000-7fc28c021000 rw-p 00000000 00:00 0 
7fc28c021000-7fc290000000 ---p 00000000 00:00 0 
7fc290000000-7fc290021000 rw-p 00000000 00:00 0 
7fc290021000-7fc294000000 ---p 00000000 00:00 0 
7fc294000000-7fc294021000 rw-p 00000000 00:00 0 
7fc294021000-7fc298000000 ---p 00000000 00:00 0 
7fc2980f9000-7fc298ec0000 rw-p 00000000 00:00 0 
7fc298ec0000-7fc299000000 ---p 00000000 00:00 0 
7fc299000000-7fc299590000 rwxp 00000000 00:00 0 
7fc299590000-7fc2a8000000 ---p 00000000 00:00 0 
7fc2a8000000-7fc2a83e7000 rw-p 00000000 00:00 0 
7fc2a83e7000-7fc2ac000000 ---p 00000000 00:00 0 
7fc2ac02b000-7fc2ac4e1000 rw-p 00000000 00:00 0 
7fc2ac4e1000-7fc2ac6b9000 r--s 03d17000 08:05 399249                     /usr/lib/jvm/java-8-jdk/jre/lib/rt.jar
7fc2ac6b9000-7fc2ae92f000 rw-p 00000000 00:00 0 
7fc2ae92f000-7fc2ae930000 ---p 00000000 00:00 0 
7fc2ae930000-7fc2aea30000 rw-p 00000000 00:00 0                          [stack:10310]
7fc2aea30000-7fc2aea31000 ---p 00000000 00:00 0 
7fc2aea31000-7fc2aeb31000 rw-p 00000000 00:00 0                          [stack:10309]
7fc2aeb31000-7fc2aeb32000 ---p 00000000 00:00 0 
7fc2aeb32000-7fc2aec32000 rw-p 00000000 00:00 0                          [stack:10308]
7fc2aec32000-7fc2aec33000 ---p 00000000 00:00 0 
7fc2aec33000-7fc2aed5d000 rw-p 00000000 00:00 0                          [stack:10307]
7fc2aed5d000-7fc2aee89000 ---p 00000000 00:00 0 
7fc2aee89000-7fc2aeeb3000 rw-p 00000000 00:00 0 
7fc2aeeb3000-7fc2aefde000 ---p 00000000 00:00 0 
7fc2aefde000-7fc2af003000 rw-p 00000000 00:00 0 
7fc2af003000-7fc2af089000 ---p 00000000 00:00 0 
7fc2af089000-7fc2af0a1000 rw-p 00000000 00:00 0 
7fc2af0a1000-7fc2af44a000 ---p 00000000 00:00 0 
7fc2af44a000-7fc2af464000 r-xp 00000000 08:05 540675                     /usr/lib/jvm/java-8-jdk/jre/lib/amd64/libzip.so
7fc2af464000-7fc2af664000 ---p 0001a000 08:05 540675                     /usr/lib/jvm/java-8-jdk/jre/lib/amd64/libzip.so
7fc2af664000-7fc2af665000 rw-p 0001a000 08:05 540675                     /usr/lib/jvm/java-8-jdk/jre/lib/amd64/libzip.so
7fc2af665000-7fc2af670000 r-xp 00000000 08:05 4721836                    /usr/lib/libnss_files-2.22.so
7fc2af670000-7fc2af86f000 ---p 0000b000 08:05 4721836                    /usr/lib/libnss_files-2.22.so
7fc2af86f000-7fc2af870000 r--p 0000a000 08:05 4721836                    /usr/lib/libnss_files-2.22.so
7fc2af870000-7fc2af871000 rw-p 0000b000 08:05 4721836                    /usr/lib/libnss_files-2.22.so
7fc2af871000-7fc2af877000 rw-p 00000000 00:00 0 
7fc2af877000-7fc2af8a1000 r-xp 00000000 08:05 540695                     /usr/lib/jvm/java-8-jdk/jre/lib/amd64/libjava.so
7fc2af8a1000-7fc2afaa1000 ---p 0002a000 08:05 540695                     /usr/lib/jvm/java-8-jdk/jre/lib/amd64/libjava.so
7fc2afaa1000-7fc2afaa3000 rw-p 0002a000 08:05 540695                     /usr/lib/jvm/java-8-jdk/jre/lib/amd64/libjava.so
7fc2afaa3000-7fc2afab0000 r-xp 00000000 08:05 540681                     /usr/lib/jvm/java-8-jdk/jre/lib/amd64/libverify.so
7fc2afab0000-7fc2afcb0000 ---p 0000d000 08:05 540681                     /usr/lib/jvm/java-8-jdk/jre/lib/amd64/libverify.so
7fc2afcb0000-7fc2afcb2000 rw-p 0000d000 08:05 540681                     /usr/lib/jvm/java-8-jdk/jre/lib/amd64/libverify.so
7fc2afcb2000-7fc2afcb9000 r-xp 00000000 08:05 4721844                    /usr/lib/librt-2.22.so
7fc2afcb9000-7fc2afeb8000 ---p 00007000 08:05 4721844                    /usr/lib/librt-2.22.so
7fc2afeb8000-7fc2afeb9000 r--p 00006000 08:05 4721844                    /usr/lib/librt-2.22.so
7fc2afeb9000-7fc2afeba000 rw-p 00007000 08:05 4721844                    /usr/lib/librt-2.22.so
7fc2afeba000-7fc2affb7000 r-xp 00000000 08:05 4721841                    /usr/lib/libm-2.22.so
7fc2affb7000-7fc2b01b6000 ---p 000fd000 08:05 4721841                    /usr/lib/libm-2.22.so
7fc2b01b6000-7fc2b01b7000 r--p 000fc000 08:05 4721841                    /usr/lib/libm-2.22.so
7fc2b01b7000-7fc2b01b8000 rw-p 000fd000 08:05 4721841                    /usr/lib/libm-2.22.so
7fc2b01b8000-7fc2b0e76000 r-xp 00000000 08:05 540705                     /usr/lib/jvm/java-8-jdk/jre/lib/amd64/server/libjvm.so
7fc2b0e76000-7fc2b1075000 ---p 00cbe000 08:05 540705                     /usr/lib/jvm/java-8-jdk/jre/lib/amd64/server/libjvm.so
7fc2b1075000-7fc2b114d000 rw-p 00cbd000 08:05 540705                     /usr/lib/jvm/java-8-jdk/jre/lib/amd64/server/libjvm.so
7fc2b114d000-7fc2b1192000 rw-p 00000000 00:00 0 
7fc2b1192000-7fc2b132d000 r-xp 00000000 08:05 4721791                    /usr/lib/libc-2.22.so
7fc2b132d000-7fc2b152c000 ---p 0019b000 08:05 4721791                    /usr/lib/libc-2.22.so
7fc2b152c000-7fc2b1530000 r--p 0019a000 08:05 4721791                    /usr/lib/libc-2.22.so
7fc2b1530000-7fc2b1532000 rw-p 0019e000 08:05 4721791                    /usr/lib/libc-2.22.so
7fc2b1532000-7fc2b1536000 rw-p 00000000 00:00 0 
7fc2b1536000-7fc2b1539000 r-xp 00000000 08:05 4721840                    /usr/lib/libdl-2.22.so
7fc2b1539000-7fc2b1738000 ---p 00003000 08:05 4721840                    /usr/lib/libdl-2.22.so
7fc2b1738000-7fc2b1739000 r--p 00002000 08:05 4721840                    /usr/lib/libdl-2.22.so
7fc2b1739000-7fc2b173a000 rw-p 00003000 08:05 4721840                    /usr/lib/libdl-2.22.so
7fc2b173a000-7fc2b174f000 r-xp 00000000 08:05 799344                     /usr/lib/jvm/java-8-jdk/jre/lib/amd64/jli/libjli.so
7fc2b174f000-7fc2b194f000 ---p 00015000 08:05 799344                     /usr/lib/jvm/java-8-jdk/jre/lib/amd64/jli/libjli.so
7fc2b194f000-7fc2b1950000 rw-p 00015000 08:05 799344                     /usr/lib/jvm/java-8-jdk/jre/lib/amd64/jli/libjli.so
7fc2b1950000-7fc2b1968000 r-xp 00000000 08:05 4721772                    /usr/lib/libpthread-2.22.so
7fc2b1968000-7fc2b1b67000 ---p 00018000 08:05 4721772                    /usr/lib/libpthread-2.22.so
7fc2b1b67000-7fc2b1b68000 r--p 00017000 08:05 4721772                    /usr/lib/libpthread-2.22.so
7fc2b1b68000-7fc2b1b69000 rw-p 00018000 08:05 4721772                    /usr/lib/libpthread-2.22.so
7fc2b1b69000-7fc2b1b6d000 rw-p 00000000 00:00 0 
7fc2b1b6d000-7fc2b1b8f000 r-xp 00000000 08:05 4721790                    /usr/lib/ld-2.22.so
7fc2b1b90000-7fc2b1b94000 r--s 00095000 08:05 399246                     /usr/lib/jvm/java-8-jdk/jre/lib/jsse.jar
7fc2b1b94000-7fc2b1c59000 rw-p 00000000 00:00 0 
7fc2b1c59000-7fc2b1c5c000 ---p 00000000 00:00 0 
7fc2b1c5c000-7fc2b1d5e000 rw-p 00000000 00:00 0                          [stack:10306]
7fc2b1d5f000-7fc2b1d60000 rw-p 00000000 00:00 0 
7fc2b1d60000-7fc2b1d6f000 r--s 000df000 08:05 1868720                    /home/mzwee/Android/Sdk/build-tools/23.0.2/lib/dx.jar
7fc2b1d6f000-7fc2b1d83000 rw-p 00000000 00:00 0 
7fc2b1d83000-7fc2b1d8b000 rw-s 00000000 00:21 1107852                    /tmp/hsperfdata_mzwee/10301
7fc2b1d8b000-7fc2b1d8c000 rw-p 00000000 00:00 0 
7fc2b1d8c000-7fc2b1d8d000 ---p 00000000 00:00 0 
7fc2b1d8d000-7fc2b1d8e000 rw-p 00000000 00:00 0 
7fc2b1d8e000-7fc2b1d8f000 r--p 00021000 08:05 4721790                    /usr/lib/ld-2.22.so
7fc2b1d8f000-7fc2b1d90000 rw-p 00022000 08:05 4721790                    /usr/lib/ld-2.22.so
7fc2b1d90000-7fc2b1d91000 rw-p 00000000 00:00 0 
7ffd637dd000-7ffd637ff000 rw-p 00000000 00:00 0                          [stack]
7ffd63900000-7ffd63902000 r--p 00000000 00:00 0                          [vvar]
7ffd63902000-7ffd63904000 r-xp 00000000 00:00 0                          [vdso]
ffffffffff600000-ffffffffff601000 r-xp 00000000 00:00 0                  [vsyscall]

VM Arguments:
jvm_args: -Xmx1024M -Dfile.encoding=UTF-8 -Duser.country=US -Duser.language=en -Duser.variant 
java_command: com.android.dx.command.Main --dex --num-threads=4 --output /home/mzwee/AndroidStudioProjects/RandRestaurant/app/build/intermediates/dex/debug /home/mzwee/AndroidStudioProjects/RandRestaurant/app/build/intermediates/classes/debug /home/mzwee/AndroidStudioProjects/RandRestaurant/app/build/intermediates/pre-dexed/debug/support-annotations-23.1.1-9ade6a7bccf5f5538581aa709c404d099ed55915.jar /home/mzwee/AndroidStudioProjects/RandRestaurant/app/build/intermediates/pre-dexed/debug/converter-jackson-2.0.0-beta2-6f8c54137ba4cbf29e2765534b56b31a69a29d37.jar /home/mzwee/AndroidStudioProjects/RandRestaurant/app/build/intermediates/pre-dexed/debug/okhttp-signpost-1.0.0-3ec8c4f5ce687039314a11601a5b0d3dbf8a1013.jar /home/mzwee/AndroidStudioProjects/RandRestaurant/app/build/intermediates/pre-dexed/debug/jackson-annotations-2.4.0-5e0cadc013ff47f78c8d102bd387146cbda72cea.jar /home/mzwee/AndroidStudioProjects/RandRestaurant/app/build/intermediates/pre-dexed/debug/tubesock-0.0.12-5907288b131b0b2db89e605da4607fccd2b92477.jar /home/mzwee/AndroidStudioProjects/RandRestaurant/app/build/intermediates/pre-dexed/debug/firebase-client-android-2.5.1-d84cda96e5b2a24d554f94638b3f1378ace27dc6.jar /home/mzwee/AndroidStudioProjects/RandRestaurant/app/build/intermediates/pre-dexed/debug/signpost-core-1.2.1.2-f7dc6e2f17764d1656d784db8f92876a10860fc5.jar /home/mzwee/AndroidStudioProjects/RandRestaurant/app/build/intermediates/pre-dexed/debug/retrofit-2.0.0-beta2-62366445394ad339b930ef73804a52f8ce6dd28f.jar /home/mzwee/AndroidStudioProjects/RandRestaurant/app/build/intermediates/pre-dexed/debug/commons-codec-1.3-9d19f196b92cda543ad5af8cc7af2631d8516b8b.jar /home/mzwee/AndroidStudioProjects/RandRestaurant/app/build/intermediates/pre-dexed/debug/okio-1.6.0-c76f1fcf42fbb2ad0ee3ad1b8af7dcfa49d859b2.jar /home/mzwee/AndroidStudioProjects/RandRestaurant/app/build/intermediates/pre-dexed/debug/yelp-android-1.0.0-5e3397aefc602f58ed6fe5f202603d7ce2f96eb8.jar /home/mzwee/AndroidStudioProjects/RandR
java_class_path (initial): /home/mzwee/Android/Sdk/build-tools/23.0.2/lib/dx.jar
Launcher Type: SUN_STANDARD

Environment Variables:
PATH=/home/mzwee/.rvm/gems/ruby-2.2.2/bin:/home/mzwee/.rvm/gems/ruby-2.2.2@global/bin:/home/mzwee/.rvm/rubies/ruby-2.2.2/bin:/home/mzwee/local/bin:/usr/local/sbin:/usr/local/bin:/usr/bin:/usr/lib/jvm/default/bin:/usr/bin/site_perl:/usr/bin/vendor_perl:/usr/bin/core_perl:/home/mzwee/.rvm/bin
LD_LIBRARY_PATH=/opt/android-studio/bin:
SHELL=/bin/bash
DISPLAY=:0

Signal Handlers:
SIGSEGV: [libjvm.so+0xaba070], sa_mask[0]=11111111011111111101111111111110, sa_flags=SA_RESTART|SA_SIGINFO
SIGBUS: [libjvm.so+0xaba070], sa_mask[0]=11111111011111111101111111111110, sa_flags=SA_RESTART|SA_SIGINFO
SIGFPE: [libjvm.so+0x917630], sa_mask[0]=11111111011111111101111111111110, sa_flags=SA_RESTART|SA_SIGINFO
SIGPIPE: [libjvm.so+0x917630], sa_mask[0]=11111111011111111101111111111110, sa_flags=SA_RESTART|SA_SIGINFO
SIGXFSZ: [libjvm.so+0x917630], sa_mask[0]=11111111011111111101111111111110, sa_flags=SA_RESTART|SA_SIGINFO
SIGILL: [libjvm.so+0x917630], sa_mask[0]=11111111011111111101111111111110, sa_flags=SA_RESTART|SA_SIGINFO
SIGUSR1: SIG_DFL, sa_mask[0]=00000000000000000000000000000000, sa_flags=none
SIGUSR2: [libjvm.so+0x918c60], sa_mask[0]=00100000000000000000000000000000, sa_flags=SA_RESTART|SA_SIGINFO
SIGHUP: [libjvm.so+0x91a060], sa_mask[0]=11111111011111111101111111111110, sa_flags=SA_RESTART|SA_SIGINFO
SIGINT: SIG_IGN, sa_mask[0]=00000000000000000000000000000000, sa_flags=none
SIGTERM: [libjvm.so+0x91a060], sa_mask[0]=11111111011111111101111111111110, sa_flags=SA_RESTART|SA_SIGINFO
SIGQUIT: [libjvm.so+0x91a060], sa_mask[0]=11111111011111111101111111111110, sa_flags=SA_RESTART|SA_SIGINFO


---------------  S Y S T E M  ---------------

OS:NAME="Arch Linux"
ID=arch
PRETTY_NAME="Arch Linux"
ANSI_COLOR="0;36"
HOME_URL="https://www.archlinux.org/"
SUPPORT_URL="https://bbs.archlinux.org/"
BUG_REPORT_URL="https://bugs.archlinux.org/"


uname:Linux 4.3.3-3-ARCH #1 SMP PREEMPT Wed Jan 20 08:12:23 CET 2016 x86_64
libc:glibc 2.22 NPTL 2.22 
rlimit: STACK 8192k, CORE 0k, NPROC 30723, NOFILE 4096, AS infinity
load average:1.46 2.28 1.73

/proc/meminfo:
MemTotal:        8067340 kB
MemFree:          112248 kB
MemAvailable:     143524 kB
Buffers:            1040 kB
Cached:          2702288 kB
SwapCached:            0 kB
Active:          5725012 kB
Inactive:        2045268 kB
Active(anon):    5721224 kB
Inactive(anon):  2009764 kB
Active(file):       3788 kB
Inactive(file):    35504 kB
Unevictable:           0 kB
Mlocked:               0 kB
SwapTotal:             0 kB
SwapFree:              0 kB
Dirty:                 0 kB
Writeback:             4 kB
AnonPages:       5067740 kB
Mapped:           522032 kB
Shmem:           2663248 kB
Slab:              65868 kB
SReclaimable:      34272 kB
SUnreclaim:        31596 kB
KernelStack:        8320 kB
PageTables:        40048 kB
NFS_Unstable:          0 kB
Bounce:                0 kB
WritebackTmp:          0 kB
CommitLimit:     4033668 kB
Committed_AS:   12293628 kB
VmallocTotal:   34359738367 kB
VmallocUsed:      382656 kB
VmallocChunk:   34358947836 kB
HardwareCorrupted:     0 kB
AnonHugePages:   3078144 kB
HugePages_Total:       0
HugePages_Free:        0
HugePages_Rsvd:        0
HugePages_Surp:        0
Hugepagesize:       2048 kB
DirectMap4k:      171564 kB
DirectMap2M:     8103936 kB
DirectMap1G:     1048576 kB


CPU:total 4 (2 cores per cpu, 2 threads per core) family 6 model 69 stepping 1, cmov, cx8, fxsr, mmx, sse, sse2, sse3, ssse3, sse4.1, sse4.2, popcnt, avx, avx2, aes, clmul, erms, lzcnt, ht, tsc, tscinvbit, bmi1, bmi2

/proc/cpuinfo:
processor	: 0
vendor_id	: GenuineIntel
cpu family	: 6
model		: 69
model name	: Intel(R) Core(TM) i5-4210U CPU @ 1.70GHz
stepping	: 1
microcode	: 0x17
cpu MHz		: 2383.875
cache size	: 3072 KB
physical id	: 0
siblings	: 4
core id		: 0
cpu cores	: 2
apicid		: 0
initial apicid	: 0
fpu		: yes
fpu_exception	: yes
cpuid level	: 13
wp		: yes
flags		: fpu vme de pse tsc msr pae mce cx8 apic sep mtrr pge mca cmov pat pse36 clflush dts acpi mmx fxsr sse sse2 ss ht tm pbe syscall nx pdpe1gb rdtscp lm constant_tsc arch_perfmon pebs bts rep_good nopl xtopology nonstop_tsc aperfmperf eagerfpu pni pclmulqdq dtes64 monitor ds_cpl vmx est tm2 ssse3 sdbg fma cx16 xtpr pdcm pcid sse4_1 sse4_2 movbe popcnt tsc_deadline_timer aes xsave avx f16c rdrand lahf_lm abm ida arat epb pln pts dtherm tpr_shadow vnmi flexpriority ept vpid fsgsbase tsc_adjust bmi1 avx2 smep bmi2 erms invpcid xsaveopt
bugs		:
bogomips	: 4791.67
clflush size	: 64
cache_alignment	: 64
address sizes	: 39 bits physical, 48 bits virtual
power management:

processor	: 1
vendor_id	: GenuineIntel
cpu family	: 6
model		: 69
model name	: Intel(R) Core(TM) i5-4210U CPU @ 1.70GHz
stepping	: 1
microcode	: 0x17
cpu MHz		: 2099.156
cache size	: 3072 KB
physical id	: 0
siblings	: 4
core id		: 1
cpu cores	: 2
apicid		: 2
initial apicid	: 2
fpu		: yes
fpu_exception	: yes
cpuid level	: 13
wp		: yes
flags		: fpu vme de pse tsc msr pae mce cx8 apic sep mtrr pge mca cmov pat pse36 clflush dts acpi mmx fxsr sse sse2 ss ht tm pbe syscall nx pdpe1gb rdtscp lm constant_tsc arch_perfmon pebs bts rep_good nopl xtopology nonstop_tsc aperfmperf eagerfpu pni pclmulqdq dtes64 monitor ds_cpl vmx est tm2 ssse3 sdbg fma cx16 xtpr pdcm pcid sse4_1 sse4_2 movbe popcnt tsc_deadline_timer aes xsave avx f16c rdrand lahf_lm abm ida arat epb pln pts dtherm tpr_shadow vnmi flexpriority ept vpid fsgsbase tsc_adjust bmi1 avx2 smep bmi2 erms invpcid xsaveopt
bugs		:
bogomips	: 4791.67
clflush size	: 64
cache_alignment	: 64
address sizes	: 39 bits physical, 48 bits virtual
power management:

processor	: 2
vendor_id	: GenuineIntel
cpu family	: 6
model		: 69
model name	: Intel(R) Core(TM) i5-4210U CPU @ 1.70GHz
stepping	: 1
microcode	: 0x17
cpu MHz		: 2169.375
cache size	: 3072 KB
physical id	: 0
siblings	: 4
core id		: 0
cpu cores	: 2
apicid		: 1
initial apicid	: 1
fpu		: yes
fpu_exception	: yes
cpuid level	: 13
wp		: yes
flags		: fpu vme de pse tsc msr pae mce cx8 apic sep mtrr pge mca cmov pat pse36 clflush dts acpi mmx fxsr sse sse2 ss ht tm pbe syscall nx pdpe1gb rdtscp lm constant_tsc arch_perfmon pebs bts rep_good nopl xtopology nonstop_tsc aperfmperf eagerfpu pni pclmulqdq dtes64 monitor ds_cpl vmx est tm2 ssse3 sdbg fma cx16 xtpr pdcm pcid sse4_1 sse4_2 movbe popcnt tsc_deadline_timer aes xsave avx f16c rdrand lahf_lm abm ida arat epb pln pts dtherm tpr_shadow vnmi flexpriority ept vpid fsgsbase tsc_adjust bmi1 avx2 smep bmi2 erms invpcid xsaveopt
bugs		:
bogomips	: 4791.67
clflush size	: 64
cache_alignment	: 64
address sizes	: 39 bits physical, 48 bits virtual
power management:

processor	: 3
vendor_id	: GenuineIntel
cpu family	: 6
model		: 69
model name	: Intel(R) Core(TM) i5-4210U CPU @ 1.70GHz
stepping	: 1
microcode	: 0x17
cpu MHz		: 2221.500
cache size	: 3072 KB
physical id	: 0
siblings	: 4
core id		: 1
cpu cores	: 2
apicid		: 3
initial apicid	: 3
fpu		: yes
fpu_exception	: yes
cpuid level	: 13
wp		: yes
flags		: fpu vme de pse tsc msr pae mce cx8 apic sep mtrr pge mca cmov pat pse36 clflush dts acpi mmx fxsr sse sse2 ss ht tm pbe syscall nx pdpe1gb rdtscp lm constant_tsc arch_perfmon pebs bts rep_good nopl xtopology nonstop_tsc aperfmperf eagerfpu pni pclmulqdq dtes64 monitor ds_cpl vmx est tm2 ssse3 sdbg fma cx16 xtpr pdcm pcid sse4_1 sse4_2 movbe popcnt tsc_deadline_timer aes xsave avx f16c rdrand lahf_lm abm ida arat epb pln pts dtherm tpr_shadow vnmi flexpriority ept vpid fsgsbase tsc_adjust bmi1 avx2 smep bmi2 erms invpcid xsaveopt
bugs		:
bogomips	: 4791.67
clflush size	: 64
cache_alignment	: 64
address sizes	: 39 bits physical, 48 bits virtual
power management:



Memory: 4k page, physical 8067340k(111148k free), swap 0k(0k free)

vm_info: Java HotSpot(TM) 64-Bit Server VM (25.60-b23) for linux-amd64 JRE (1.8.0_60-b27), built on Aug  4 2015 12:19:40 by "java_re" with gcc 4.3.0 20080428 (Red Hat 4.3.0-8)

time: Sat Feb 20 19:46:23 2016
elapsed time: 3 seconds (0d 0h 0m 3s)

