#
# There is insufficient memory for the Java Runtime Environment to continue.
# Native memory allocation (mmap) failed to map 173015040 bytes for committing reserved memory.
# Possible reasons:
#   The system is out of physical RAM or swap space
#   In 32 bit mode, the process size limit was hit
# Possible solutions:
#   Reduce memory load on the system
#   Increase physical memory or swap space
#   Check if swap backing store is full
#   Use 64 bit Java on a 64 bit OS
#   Decrease Java heap size (-Xmx/-Xms)
#   Decrease number of Java threads
#   Decrease Java thread stack sizes (-Xss)
#   Set larger code cache with -XX:ReservedCodeCacheSize=
# This output file may be truncated or incomplete.
#
#  Out of Memory Error (os_linux.cpp:2627), pid=15499, tid=140167347549952
#
# JRE version: Java(TM) SE Runtime Environment (8.0_60-b27) (build 1.8.0_60-b27)
# Java VM: Java HotSpot(TM) 64-Bit Server VM (25.60-b23 mixed mode linux-amd64 compressed oops)
# Failed to write core dump. Core dumps have been disabled. To enable core dumping, try "ulimit -c unlimited" before starting Java again
#

---------------  T H R E A D  ---------------

Current thread (0x00007f7b54076800):  VMThread [stack: 0x00007f7b40e5b000,0x00007f7b40f5c000] [id=15517]

Stack: [0x00007f7b40e5b000,0x00007f7b40f5c000],  sp=0x00007f7b40f59fa0,  free space=1019k
Native frames: (J=compiled Java code, j=interpreted, Vv=VM code, C=native code)
V  [libjvm.so+0xab97ea]  VMError::report_and_die()+0x2ba
V  [libjvm.so+0x4f9dab]  report_vm_out_of_memory(char const*, int, unsigned long, VMErrorType, char const*)+0x8b
V  [libjvm.so+0x91a7c3]  os::Linux::commit_memory_impl(char*, unsigned long, bool)+0x103
V  [libjvm.so+0x91ad19]  os::pd_commit_memory(char*, unsigned long, unsigned long, bool)+0x29
V  [libjvm.so+0x91502a]  os::commit_memory(char*, unsigned long, unsigned long, bool)+0x2a
V  [libjvm.so+0x9886d3]  PSVirtualSpace::expand_by(unsigned long)+0x53
V  [libjvm.so+0x989ad8]  PSYoungGen::resize_generation(unsigned long, unsigned long)+0xf8
V  [libjvm.so+0x988c32]  PSYoungGen::resize(unsigned long, unsigned long)+0x22
V  [libjvm.so+0x985f0b]  PSScavenge::invoke_no_policy()+0xf3b
V  [libjvm.so+0x986691]  PSScavenge::invoke()+0x41
V  [libjvm.so+0x93e430]  ParallelScavengeHeap::failed_mem_allocate(unsigned long)+0x70
V  [libjvm.so+0xabb207]  VM_ParallelGCFailedAllocation::doit()+0x97
V  [libjvm.so+0xac2c35]  VM_Operation::evaluate()+0x55
V  [libjvm.so+0xac100a]  VMThread::evaluate_operation(VM_Operation*)+0xba
V  [libjvm.so+0xac138e]  VMThread::loop()+0x1ce
V  [libjvm.so+0xac1800]  VMThread::run()+0x70
V  [libjvm.so+0x91cb88]  java_start(Thread*)+0x108

VM_Operation (0x00007f7b404c2860): ParallelGCFailedAllocation, mode: safepoint, requested by thread 0x00007f7b54144800


---------------  P R O C E S S  ---------------

Java Threads: ( => current thread )
  0x00007f7b5414f800 JavaThread "pool-1-thread-4" [_thread_blocked, id=15544, stack(0x00007f7afbeff000,0x00007f7afc000000)]
  0x00007f7b5414b000 JavaThread "pool-1-thread-3" [_thread_blocked, id=15542, stack(0x00007f7b400c1000,0x00007f7b401c2000)]
  0x00007f7b54149000 JavaThread "pool-1-thread-2" [_thread_blocked, id=15541, stack(0x00007f7b401c2000,0x00007f7b402c3000)]
  0x00007f7b54147000 JavaThread "pool-2-thread-1" [_thread_blocked, id=15539, stack(0x00007f7b402c3000,0x00007f7b403c4000)]
  0x00007f7b54144800 JavaThread "pool-1-thread-1" [_thread_blocked, id=15537, stack(0x00007f7b403c4000,0x00007f7b404c5000)]
  0x00007f7b540be800 JavaThread "Service Thread" daemon [_thread_blocked, id=15529, stack(0x00007f7b405c6000,0x00007f7b406c7000)]
  0x00007f7b540b9800 JavaThread "C1 CompilerThread2" daemon [_thread_blocked, id=15527, stack(0x00007f7b406c7000,0x00007f7b407c8000)]
  0x00007f7b540b8000 JavaThread "C2 CompilerThread1" daemon [_thread_blocked, id=15525, stack(0x00007f7b407c8000,0x00007f7b408c9000)]
  0x00007f7b540b5000 JavaThread "C2 CompilerThread0" daemon [_thread_blocked, id=15524, stack(0x00007f7b408c9000,0x00007f7b409ca000)]
  0x00007f7b540b3800 JavaThread "Signal Dispatcher" daemon [_thread_blocked, id=15523, stack(0x00007f7b409ca000,0x00007f7b40acb000)]
  0x00007f7b5407d800 JavaThread "Finalizer" daemon [_thread_blocked, id=15519, stack(0x00007f7b40c59000,0x00007f7b40d5a000)]
  0x00007f7b5407b800 JavaThread "Reference Handler" daemon [_thread_blocked, id=15518, stack(0x00007f7b40d5a000,0x00007f7b40e5b000)]
  0x00007f7b54008800 JavaThread "main" [_thread_blocked, id=15504, stack(0x00007f7b5aeb4000,0x00007f7b5afb5000)]

Other Threads:
=>0x00007f7b54076800 VMThread [stack: 0x00007f7b40e5b000,0x00007f7b40f5c000] [id=15517]
  0x00007f7b540c1800 WatcherThread [stack: 0x00007f7b404c5000,0x00007f7b405c6000] [id=15530]

VM state:at safepoint (normal execution)

VM Mutex/Monitor currently owned by a thread:  ([mutex/lock_event])
[0x00007f7b540063e0] Threads_lock - owner thread: 0x00007f7b54076800
[0x00007f7b540068e0] Heap_lock - owner thread: 0x00007f7b54144800

Heap:
 PSYoungGen      total 132096K, used 5094K [0x00000000eab00000, 0x00000000f3100000, 0x0000000100000000)
  eden space 126976K, 0% used [0x00000000eab00000,0x00000000eab00000,0x00000000f2700000)
  from space 5120K, 99% used [0x00000000f2700000,0x00000000f2bf9900,0x00000000f2c00000)
  to   space 5120K, 0% used [0x00000000f2c00000,0x00000000f2c00000,0x00000000f3100000)
 ParOldGen       total 84992K, used 45599K [0x00000000c0000000, 0x00000000c5300000, 0x00000000eab00000)
  object space 84992K, 53% used [0x00000000c0000000,0x00000000c2c87e18,0x00000000c5300000)
 Metaspace       used 5944K, capacity 7024K, committed 7296K, reserved 1056768K
  class space    used 582K, capacity 616K, committed 640K, reserved 1048576K

Card table byte_map: [0x00007f7b580e4000,0x00007f7b582e5000] byte_map_base: 0x00007f7b57ae4000

Marking Bits: (ParMarkBitMap*) 0x00007f7b5a3c1de0
 Begin Bits: [0x00007f7b42aa6000, 0x00007f7b43aa6000)
 End Bits:   [0x00007f7b43aa6000, 0x00007f7b44aa6000)

Polling page: 0x00007f7b5afe7000

CodeCache: size=245760Kb used=6088Kb max_used=6088Kb free=239671Kb
 bounds [0x00007f7b45000000, 0x00007f7b45600000, 0x00007f7b54000000]
 total_blobs=1744 nmethods=1475 adapters=182
 compilation: enabled

Compilation events (10 events):
Event: 8.867 Thread 0x00007f7b540b9800 nmethod 1823 0x00007f7b455f3ed0 code [0x00007f7b455f4020, 0x00007f7b455f4170]
Event: 8.867 Thread 0x00007f7b540b9800 1824       2       com.android.dx.rop.code.AccessFlags::isAbstract (14 bytes)
Event: 8.867 Thread 0x00007f7b540b9800 nmethod 1824 0x00007f7b455f4210 code [0x00007f7b455f4360, 0x00007f7b455f44b0]
Event: 8.867 Thread 0x00007f7b540b9800 1825       2       com.android.dx.dex.file.EncodedMethod::<init> (68 bytes)
Event: 8.867 Thread 0x00007f7b540b9800 nmethod 1825 0x00007f7b455f4550 code [0x00007f7b455f46e0, 0x00007f7b455f49f8]
Event: 8.867 Thread 0x00007f7b540b9800 1826       2       com.android.dx.rop.code.AccessFlags::isSynchronized (13 bytes)
Event: 8.867 Thread 0x00007f7b540b9800 nmethod 1826 0x00007f7b455f4b50 code [0x00007f7b455f4ca0, 0x00007f7b455f4df0]
Event: 8.867 Thread 0x00007f7b540b9800 1827       2       com.android.dx.dex.cf.AttributeTranslator::getMethodAnnotations (37 bytes)
Event: 8.904 Thread 0x00007f7b540b9800 nmethod 1827 0x00007f7b455f4e90 code [0x00007f7b455f50c0, 0x00007f7b455f5718]
Event: 8.904 Thread 0x00007f7b540b9800 1859       3       com.android.dx.ssa.back.LivenessAnalyzer::coInterferePhis (128 bytes)

GC Heap History (9 events):
Event: 2.733 GC heap before
{Heap before GC invocations=1 (full 0):
 PSYoungGen      total 36864K, used 31744K [0x00000000eab00000, 0x00000000ed400000, 0x0000000100000000)
  eden space 31744K, 100% used [0x00000000eab00000,0x00000000eca00000,0x00000000eca00000)
  from space 5120K, 0% used [0x00000000ecf00000,0x00000000ecf00000,0x00000000ed400000)
  to   space 5120K, 0% used [0x00000000eca00000,0x00000000eca00000,0x00000000ecf00000)
 ParOldGen       total 84992K, used 0K [0x00000000c0000000, 0x00000000c5300000, 0x00000000eab00000)
  object space 84992K, 0% used [0x00000000c0000000,0x00000000c0000000,0x00000000c5300000)
 Metaspace       used 5624K, capacity 6768K, committed 7040K, reserved 1056768K
  class space    used 580K, capacity 616K, committed 640K, reserved 1048576K
Event: 2.805 GC heap after
Heap after GC invocations=1 (full 0):
 PSYoungGen      total 36864K, used 5104K [0x00000000eab00000, 0x00000000ef300000, 0x0000000100000000)
  eden space 31744K, 0% used [0x00000000eab00000,0x00000000eab00000,0x00000000eca00000)
  from space 5120K, 99% used [0x00000000eca00000,0x00000000ecefc2a0,0x00000000ecf00000)
  to   space 5120K, 0% used [0x00000000eee00000,0x00000000eee00000,0x00000000ef300000)
 ParOldGen       total 84992K, used 1816K [0x00000000c0000000, 0x00000000c5300000, 0x00000000eab00000)
  object space 84992K, 2% used [0x00000000c0000000,0x00000000c01c6140,0x00000000c5300000)
 Metaspace       used 5624K, capacity 6768K, committed 7040K, reserved 1056768K
  class space    used 580K, capacity 616K, committed 640K, reserved 1048576K
}
Event: 3.913 GC heap before
{Heap before GC invocations=2 (full 0):
 PSYoungGen      total 36864K, used 36848K [0x00000000eab00000, 0x00000000ef300000, 0x0000000100000000)
  eden space 31744K, 100% used [0x00000000eab00000,0x00000000eca00000,0x00000000eca00000)
  from space 5120K, 99% used [0x00000000eca00000,0x00000000ecefc2a0,0x00000000ecf00000)
  to   space 5120K, 0% used [0x00000000eee00000,0x00000000eee00000,0x00000000ef300000)
 ParOldGen       total 84992K, used 1816K [0x00000000c0000000, 0x00000000c5300000, 0x00000000eab00000)
  object space 84992K, 2% used [0x00000000c0000000,0x00000000c01c6140,0x00000000c5300000)
 Metaspace       used 5686K, capacity 6832K, committed 7040K, reserved 1056768K
  class space    used 581K, capacity 616K, committed 640K, reserved 1048576K
Event: 3.967 GC heap after
Heap after GC invocations=2 (full 0):
 PSYoungGen      total 68608K, used 5094K [0x00000000eab00000, 0x00000000ef300000, 0x0000000100000000)
  eden space 63488K, 0% used [0x00000000eab00000,0x00000000eab00000,0x00000000ee900000)
  from space 5120K, 99% used [0x00000000eee00000,0x00000000ef2f9ad8,0x00000000ef300000)
  to   space 5120K, 0% used [0x00000000ee900000,0x00000000ee900000,0x00000000eee00000)
 ParOldGen       total 84992K, used 6789K [0x00000000c0000000, 0x00000000c5300000, 0x00000000eab00000)
  object space 84992K, 7% used [0x00000000c0000000,0x00000000c06a1528,0x00000000c5300000)
 Metaspace       used 5686K, capacity 6832K, committed 7040K, reserved 1056768K
  class space    used 581K, capacity 616K, committed 640K, reserved 1048576K
}
Event: 5.436 GC heap before
{Heap before GC invocations=3 (full 0):
 PSYoungGen      total 68608K, used 68582K [0x00000000eab00000, 0x00000000ef300000, 0x0000000100000000)
  eden space 63488K, 100% used [0x00000000eab00000,0x00000000ee900000,0x00000000ee900000)
  from space 5120K, 99% used [0x00000000eee00000,0x00000000ef2f9ad8,0x00000000ef300000)
  to   space 5120K, 0% used [0x00000000ee900000,0x00000000ee900000,0x00000000eee00000)
 ParOldGen       total 84992K, used 6789K [0x00000000c0000000, 0x00000000c5300000, 0x00000000eab00000)
  object space 84992K, 7% used [0x00000000c0000000,0x00000000c06a1528,0x00000000c5300000)
 Metaspace       used 5744K, capacity 6832K, committed 7040K, reserved 1056768K
  class space    used 582K, capacity 616K, committed 640K, reserved 1048576K
Event: 5.519 GC heap after
Heap after GC invocations=3 (full 0):
 PSYoungGen      total 68608K, used 5101K [0x00000000eab00000, 0x00000000f3100000, 0x0000000100000000)
  eden space 63488K, 0% used [0x00000000eab00000,0x00000000eab00000,0x00000000ee900000)
  from space 5120K, 99% used [0x00000000ee900000,0x00000000eedfb608,0x00000000eee00000)
  to   space 5120K, 0% used [0x00000000f2c00000,0x00000000f2c00000,0x00000000f3100000)
 ParOldGen       total 84992K, used 16485K [0x00000000c0000000, 0x00000000c5300000, 0x00000000eab00000)
  object space 84992K, 19% used [0x00000000c0000000,0x00000000c1019710,0x00000000c5300000)
 Metaspace       used 5744K, capacity 6832K, committed 7040K, reserved 1056768K
  class space    used 582K, capacity 616K, committed 640K, reserved 1048576K
}
Event: 6.663 GC heap before
{Heap before GC invocations=4 (full 0):
 PSYoungGen      total 68608K, used 68589K [0x00000000eab00000, 0x00000000f3100000, 0x0000000100000000)
  eden space 63488K, 100% used [0x00000000eab00000,0x00000000ee900000,0x00000000ee900000)
  from space 5120K, 99% used [0x00000000ee900000,0x00000000eedfb608,0x00000000eee00000)
  to   space 5120K, 0% used [0x00000000f2c00000,0x00000000f2c00000,0x00000000f3100000)
 ParOldGen       total 84992K, used 16485K [0x00000000c0000000, 0x00000000c5300000, 0x00000000eab00000)
  object space 84992K, 19% used [0x00000000c0000000,0x00000000c1019710,0x00000000c5300000)
 Metaspace       used 5796K, capacity 6896K, committed 7040K, reserved 1056768K
  class space    used 582K, capacity 616K, committed 640K, reserved 1048576K
Event: 6.885 GC heap after
Heap after GC invocations=4 (full 0):
 PSYoungGen      total 132096K, used 5111K [0x00000000eab00000, 0x00000000f3100000, 0x0000000100000000)
  eden space 126976K, 0% used [0x00000000eab00000,0x00000000eab00000,0x00000000f2700000)
  from space 5120K, 99% used [0x00000000f2c00000,0x00000000f30fdc00,0x00000000f3100000)
  to   space 5120K, 0% used [0x00000000f2700000,0x00000000f2700000,0x00000000f2c00000)
 ParOldGen       total 84992K, used 25474K [0x00000000c0000000, 0x00000000c5300000, 0x00000000eab00000)
  object space 84992K, 29% used [0x00000000c0000000,0x00000000c18e0958,0x00000000c5300000)
 Metaspace       used 5796K, capacity 6896K, committed 7040K, reserved 1056768K
  class space    used 582K, capacity 616K, committed 640K, reserved 1048576K
}
Event: 8.918 GC heap before
{Heap before GC invocations=5 (full 0):
 PSYoungGen      total 132096K, used 132087K [0x00000000eab00000, 0x00000000f3100000, 0x0000000100000000)
  eden space 126976K, 100% used [0x00000000eab00000,0x00000000f2700000,0x00000000f2700000)
  from space 5120K, 99% used [0x00000000f2c00000,0x00000000f30fdc00,0x00000000f3100000)
  to   space 5120K, 0% used [0x00000000f2700000,0x00000000f2700000,0x00000000f2c00000)
 ParOldGen       total 84992K, used 25474K [0x00000000c0000000, 0x00000000c5300000, 0x00000000eab00000)
  object space 84992K, 29% used [0x00000000c0000000,0x00000000c18e0958,0x00000000c5300000)
 Metaspace       used 5944K, capacity 7024K, committed 7296K, reserved 1056768K
  class space    used 582K, capacity 616K, committed 640K, reserved 1048576K

Deoptimization events (10 events):
Event: 5.698 Thread 0x00007f7b54149000 Uncommon trap: reason=unstable_if action=reinterpret pc=0x00007f7b452cf21c method=com.android.dx.rop.code.RegisterSpec.equals(ILcom/android/dx/rop/type/TypeBearer;Lcom/android/dx/rop/code/LocalItem;)Z @ 42
Event: 7.537 Thread 0x00007f7b5414b000 Uncommon trap: reason=bimorphic action=maybe_recompile pc=0x00007f7b452d204c method=java.util.HashMap.getNode(ILjava/lang/Object;)Ljava/util/HashMap$Node; @ 126
Event: 7.537 Thread 0x00007f7b5414b000 Uncommon trap: reason=class_check action=maybe_recompile pc=0x00007f7b454d4a50 method=java.util.HashMap.putVal(ILjava/lang/Object;Ljava/lang/Object;ZZ)Ljava/lang/Object; @ 203
Event: 7.695 Thread 0x00007f7b5414b000 Uncommon trap: reason=unstable_if action=reinterpret pc=0x00007f7b454c77fc method=com.android.dx.rop.code.LocalItem.compareHandlesNulls(Lcom/android/dx/rop/cst/CstString;Lcom/android/dx/rop/cst/CstString;)I @ 14
Event: 7.769 Thread 0x00007f7b54149000 Uncommon trap: reason=bimorphic action=maybe_recompile pc=0x00007f7b452d204c method=java.util.HashMap.getNode(ILjava/lang/Object;)Ljava/util/HashMap$Node; @ 126
Event: 7.769 Thread 0x00007f7b54149000 Uncommon trap: reason=class_check action=maybe_recompile pc=0x00007f7b454d4a50 method=java.util.HashMap.putVal(ILjava/lang/Object;Ljava/lang/Object;ZZ)Ljava/lang/Object; @ 203
Event: 7.769 Thread 0x00007f7b54149000 Uncommon trap: reason=bimorphic action=maybe_recompile pc=0x00007f7b452d204c method=java.util.HashMap.getNode(ILjava/lang/Object;)Ljava/util/HashMap$Node; @ 126
Event: 7.769 Thread 0x00007f7b54149000 Uncommon trap: reason=class_check action=maybe_recompile pc=0x00007f7b454d4a50 method=java.util.HashMap.putVal(ILjava/lang/Object;Ljava/lang/Object;ZZ)Ljava/lang/Object; @ 203
Event: 7.774 Thread 0x00007f7b54149000 Uncommon trap: reason=bimorphic action=maybe_recompile pc=0x00007f7b452d204c method=java.util.HashMap.getNode(ILjava/lang/Object;)Ljava/util/HashMap$Node; @ 126
Event: 7.774 Thread 0x00007f7b54149000 Uncommon trap: reason=class_check action=maybe_recompile pc=0x00007f7b454d4a50 method=java.util.HashMap.putVal(ILjava/lang/Object;Ljava/lang/Object;ZZ)Ljava/lang/Object; @ 203

Internal exceptions (6 events):
Event: 0.150 Thread 0x00007f7b54008800 Exception <a 'java/lang/NoSuchMethodError': Method sun.misc.Unsafe.defineClass(Ljava/lang/String;[BII)Ljava/lang/Class; name or signature does not match> (0x00000000eab12b88) thrown at [/HUDSON/workspace/8-2-build-linux-amd64/jdk8u60/4407/hotspot/src/shar
Event: 0.150 Thread 0x00007f7b54008800 Exception <a 'java/lang/NoSuchMethodError': Method sun.misc.Unsafe.prefetchRead(Ljava/lang/Object;J)V name or signature does not match> (0x00000000eab12e70) thrown at [/HUDSON/workspace/8-2-build-linux-amd64/jdk8u60/4407/hotspot/src/share/vm/prims/jni.cpp
Event: 4.014 Thread 0x00007f7b5414f800 Implicit null exception at 0x00007f7b452c3eb1 to 0x00007f7b452c6fad
Event: 4.014 Thread 0x00007f7b5414f800 Implicit null exception at 0x00007f7b452b9a48 to 0x00007f7b452bc671
Event: 4.139 Thread 0x00007f7b54144800 Implicit null exception at 0x00007f7b4535c762 to 0x00007f7b4535c85b
Event: 7.695 Thread 0x00007f7b5414b000 Implicit null exception at 0x00007f7b454c760d to 0x00007f7b454c77e9

Events (10 events):
Event: 8.404 Thread 0x00007f7b5414b000 DEOPT UNPACKING pc=0x00007f7b45047633 sp=0x00007f7b401bfd20 mode 0
Event: 8.550 Thread 0x00007f7b54149000 DEOPT PACKING pc=0x00007f7b4527b69a sp=0x00007f7b402c0e30
Event: 8.550 Thread 0x00007f7b54149000 DEOPT UNPACKING pc=0x00007f7b45047633 sp=0x00007f7b402c0c30 mode 0
Event: 8.637 Thread 0x00007f7b5414f800 DEOPT PACKING pc=0x00007f7b45221239 sp=0x00007f7afbffe090
Event: 8.637 Thread 0x00007f7b5414f800 DEOPT UNPACKING pc=0x00007f7b45047633 sp=0x00007f7afbffdde0 mode 0
Event: 8.697 Thread 0x00007f7b5414b000 DEOPT PACKING pc=0x00007f7b4538a32c sp=0x00007f7b401c0020
Event: 8.697 Thread 0x00007f7b5414b000 DEOPT UNPACKING pc=0x00007f7b45047633 sp=0x00007f7b401bfd20 mode 0
Event: 8.890 Thread 0x00007f7b54008800 DEOPT PACKING pc=0x00007f7b454b22bc sp=0x00007f7b5afb28e0
Event: 8.890 Thread 0x00007f7b54008800 DEOPT UNPACKING pc=0x00007f7b45047633 sp=0x00007f7b5afb2690 mode 0
Event: 8.906 Executing VM operation: ParallelGCFailedAllocation


Dynamic libraries:
00400000-00401000 r-xp 00000000 08:05 272478                             /usr/lib/jvm/java-8-jdk/jre/bin/java
00600000-00601000 rw-p 00000000 08:05 272478                             /usr/lib/jvm/java-8-jdk/jre/bin/java
00d3e000-00d5f000 rw-p 00000000 00:00 0                                  [heap]
c0000000-c5300000 rw-p 00000000 00:00 0 
c5300000-eab00000 ---p 00000000 00:00 0 
eab00000-f3100000 rw-p 00000000 00:00 0 
fd600000-100000000 ---p 00000000 00:00 0 
100000000-1000a0000 rw-p 00000000 00:00 0 
1000a0000-140000000 ---p 00000000 00:00 0 
7f7af4000000-7f7af4021000 rw-p 00000000 00:00 0 
7f7af4021000-7f7af8000000 ---p 00000000 00:00 0 
7f7afbeff000-7f7afbf02000 ---p 00000000 00:00 0 
7f7afbf02000-7f7afc000000 rw-p 00000000 00:00 0                          [stack:15544]
7f7afc000000-7f7afc028000 rw-p 00000000 00:00 0 
7f7afc028000-7f7b00000000 ---p 00000000 00:00 0 
7f7b00000000-7f7b00021000 rw-p 00000000 00:00 0 
7f7b00021000-7f7b04000000 ---p 00000000 00:00 0 
7f7b04000000-7f7b04037000 rw-p 00000000 00:00 0 
7f7b04037000-7f7b08000000 ---p 00000000 00:00 0 
7f7b08000000-7f7b08021000 rw-p 00000000 00:00 0 
7f7b08021000-7f7b0c000000 ---p 00000000 00:00 0 
7f7b0c000000-7f7b0c021000 rw-p 00000000 00:00 0 
7f7b0c021000-7f7b10000000 ---p 00000000 00:00 0 
7f7b10000000-7f7b10021000 rw-p 00000000 00:00 0 
7f7b10021000-7f7b14000000 ---p 00000000 00:00 0 
7f7b14000000-7f7b14799000 rw-p 00000000 00:00 0 
7f7b14799000-7f7b18000000 ---p 00000000 00:00 0 
7f7b18000000-7f7b18828000 rw-p 00000000 00:00 0 
7f7b18828000-7f7b1c000000 ---p 00000000 00:00 0 
7f7b1c000000-7f7b1c021000 rw-p 00000000 00:00 0 
7f7b1c021000-7f7b20000000 ---p 00000000 00:00 0 
7f7b20000000-7f7b209d2000 rw-p 00000000 00:00 0 
7f7b209d2000-7f7b24000000 ---p 00000000 00:00 0 
7f7b24000000-7f7b24021000 rw-p 00000000 00:00 0 
7f7b24021000-7f7b28000000 ---p 00000000 00:00 0 
7f7b28000000-7f7b28021000 rw-p 00000000 00:00 0 
7f7b28021000-7f7b2c000000 ---p 00000000 00:00 0 
7f7b2c000000-7f7b2c021000 rw-p 00000000 00:00 0 
7f7b2c021000-7f7b30000000 ---p 00000000 00:00 0 
7f7b30000000-7f7b3028c000 rw-p 00000000 00:00 0 
7f7b3028c000-7f7b34000000 ---p 00000000 00:00 0 
7f7b34000000-7f7b34021000 rw-p 00000000 00:00 0 
7f7b34021000-7f7b38000000 ---p 00000000 00:00 0 
7f7b38000000-7f7b38021000 rw-p 00000000 00:00 0 
7f7b38021000-7f7b3c000000 ---p 00000000 00:00 0 
7f7b3c000000-7f7b3c021000 rw-p 00000000 00:00 0 
7f7b3c021000-7f7b40000000 ---p 00000000 00:00 0 
7f7b400c1000-7f7b400c4000 ---p 00000000 00:00 0 
7f7b400c4000-7f7b401c2000 rw-p 00000000 00:00 0                          [stack:15542]
7f7b401c2000-7f7b401c5000 ---p 00000000 00:00 0 
7f7b401c5000-7f7b402c3000 rw-p 00000000 00:00 0                          [stack:15541]
7f7b402c3000-7f7b402c6000 ---p 00000000 00:00 0 
7f7b402c6000-7f7b403c4000 rw-p 00000000 00:00 0                          [stack:15539]
7f7b403c4000-7f7b403c7000 ---p 00000000 00:00 0 
7f7b403c7000-7f7b404c5000 rw-p 00000000 00:00 0                          [stack:15537]
7f7b404c5000-7f7b404c6000 ---p 00000000 00:00 0 
7f7b404c6000-7f7b405c6000 rw-p 00000000 00:00 0                          [stack:15530]
7f7b405c6000-7f7b405c9000 ---p 00000000 00:00 0 
7f7b405c9000-7f7b406c7000 rw-p 00000000 00:00 0                          [stack:15529]
7f7b406c7000-7f7b406ca000 ---p 00000000 00:00 0 
7f7b406ca000-7f7b407c8000 rw-p 00000000 00:00 0                          [stack:15527]
7f7b407c8000-7f7b407cb000 ---p 00000000 00:00 0 
7f7b407cb000-7f7b408c9000 rw-p 00000000 00:00 0                          [stack:15525]
7f7b408c9000-7f7b408cc000 ---p 00000000 00:00 0 
7f7b408cc000-7f7b409ca000 rw-p 00000000 00:00 0                          [stack:15524]
7f7b409ca000-7f7b409cd000 ---p 00000000 00:00 0 
7f7b409cd000-7f7b40acb000 rw-p 00000000 00:00 0                          [stack:15523]
7f7b40acb000-7f7b40c59000 r--p 00000000 08:05 4739658                    /usr/lib/locale/locale-archive
7f7b40c59000-7f7b40c5c000 ---p 00000000 00:00 0 
7f7b40c5c000-7f7b40d5a000 rw-p 00000000 00:00 0                          [stack:15519]
7f7b40d5a000-7f7b40d5d000 ---p 00000000 00:00 0 
7f7b40d5d000-7f7b40e5b000 rw-p 00000000 00:00 0                          [stack:15518]
7f7b40e5b000-7f7b40e5c000 ---p 00000000 00:00 0 
7f7b40e5c000-7f7b41ece000 rw-p 00000000 00:00 0                          [stack:15517]
7f7b41ece000-7f7b420a6000 r--s 03d17000 08:05 399249                     /usr/lib/jvm/java-8-jdk/jre/lib/rt.jar
7f7b420a6000-7f7b42726000 rw-p 00000000 00:00 0 
7f7b42726000-7f7b428a6000 ---p 00000000 00:00 0 
7f7b428a6000-7f7b44aa6000 rw-p 00000000 00:00 0 
7f7b44aa6000-7f7b44aa7000 ---p 00000000 00:00 0 
7f7b44aa7000-7f7b44ba7000 rw-p 00000000 00:00 0                          [stack:15514]
7f7b44ba7000-7f7b44ba8000 ---p 00000000 00:00 0 
7f7b44ba8000-7f7b44ca8000 rw-p 00000000 00:00 0                          [stack:15512]
7f7b44ca8000-7f7b44ca9000 ---p 00000000 00:00 0 
7f7b44ca9000-7f7b44da9000 rw-p 00000000 00:00 0                          [stack:15511]
7f7b44da9000-7f7b44daa000 ---p 00000000 00:00 0 
7f7b44daa000-7f7b44ed4000 rw-p 00000000 00:00 0                          [stack:15509]
7f7b44ed4000-7f7b45000000 ---p 00000000 00:00 0 
7f7b45000000-7f7b45600000 rwxp 00000000 00:00 0 
7f7b45600000-7f7b54000000 ---p 00000000 00:00 0 
7f7b54000000-7f7b54387000 rw-p 00000000 00:00 0 
7f7b54387000-7f7b58000000 ---p 00000000 00:00 0 
7f7b5800e000-7f7b5801f000 r--s 000f6000 08:05 548177                     /home/mzwee/.gradle/caches/modules-2/files-2.1/com.fasterxml.jackson.core/jackson-databind/2.4.3/feff63199be7b8f495c2f3e2096dcb6bd5e5b0b3/jackson-databind-2.4.3.jar
7f7b5801f000-7f7b5810e000 rw-p 00000000 00:00 0 
7f7b5810e000-7f7b58239000 ---p 00000000 00:00 0 
7f7b58239000-7f7b5827d000 rw-p 00000000 00:00 0 
7f7b5827d000-7f7b582e4000 ---p 00000000 00:00 0 
7f7b582e4000-7f7b582fd000 rw-p 00000000 00:00 0 
7f7b582fd000-7f7b586a5000 ---p 00000000 00:00 0 
7f7b586a5000-7f7b586bf000 r-xp 00000000 08:05 540675                     /usr/lib/jvm/java-8-jdk/jre/lib/amd64/libzip.so
7f7b586bf000-7f7b588bf000 ---p 0001a000 08:05 540675                     /usr/lib/jvm/java-8-jdk/jre/lib/amd64/libzip.so
7f7b588bf000-7f7b588c0000 rw-p 0001a000 08:05 540675                     /usr/lib/jvm/java-8-jdk/jre/lib/amd64/libzip.so
7f7b588c0000-7f7b588cb000 r-xp 00000000 08:05 4721836                    /usr/lib/libnss_files-2.22.so
7f7b588cb000-7f7b58aca000 ---p 0000b000 08:05 4721836                    /usr/lib/libnss_files-2.22.so
7f7b58aca000-7f7b58acb000 r--p 0000a000 08:05 4721836                    /usr/lib/libnss_files-2.22.so
7f7b58acb000-7f7b58acc000 rw-p 0000b000 08:05 4721836                    /usr/lib/libnss_files-2.22.so
7f7b58acc000-7f7b58ad2000 rw-p 00000000 00:00 0 
7f7b58ad2000-7f7b58afc000 r-xp 00000000 08:05 540695                     /usr/lib/jvm/java-8-jdk/jre/lib/amd64/libjava.so
7f7b58afc000-7f7b58cfc000 ---p 0002a000 08:05 540695                     /usr/lib/jvm/java-8-jdk/jre/lib/amd64/libjava.so
7f7b58cfc000-7f7b58cfe000 rw-p 0002a000 08:05 540695                     /usr/lib/jvm/java-8-jdk/jre/lib/amd64/libjava.so
7f7b58cfe000-7f7b58d0b000 r-xp 00000000 08:05 540681                     /usr/lib/jvm/java-8-jdk/jre/lib/amd64/libverify.so
7f7b58d0b000-7f7b58f0b000 ---p 0000d000 08:05 540681                     /usr/lib/jvm/java-8-jdk/jre/lib/amd64/libverify.so
7f7b58f0b000-7f7b58f0d000 rw-p 0000d000 08:05 540681                     /usr/lib/jvm/java-8-jdk/jre/lib/amd64/libverify.so
7f7b58f0d000-7f7b58f14000 r-xp 00000000 08:05 4721844                    /usr/lib/librt-2.22.so
7f7b58f14000-7f7b59113000 ---p 00007000 08:05 4721844                    /usr/lib/librt-2.22.so
7f7b59113000-7f7b59114000 r--p 00006000 08:05 4721844                    /usr/lib/librt-2.22.so
7f7b59114000-7f7b59115000 rw-p 00007000 08:05 4721844                    /usr/lib/librt-2.22.so
7f7b59115000-7f7b59212000 r-xp 00000000 08:05 4721841                    /usr/lib/libm-2.22.so
7f7b59212000-7f7b59411000 ---p 000fd000 08:05 4721841                    /usr/lib/libm-2.22.so
7f7b59411000-7f7b59412000 r--p 000fc000 08:05 4721841                    /usr/lib/libm-2.22.so
7f7b59412000-7f7b59413000 rw-p 000fd000 08:05 4721841                    /usr/lib/libm-2.22.so
7f7b59413000-7f7b5a0d1000 r-xp 00000000 08:05 540705                     /usr/lib/jvm/java-8-jdk/jre/lib/amd64/server/libjvm.so
7f7b5a0d1000-7f7b5a2d0000 ---p 00cbe000 08:05 540705                     /usr/lib/jvm/java-8-jdk/jre/lib/amd64/server/libjvm.so
7f7b5a2d0000-7f7b5a3a8000 rw-p 00cbd000 08:05 540705                     /usr/lib/jvm/java-8-jdk/jre/lib/amd64/server/libjvm.so
7f7b5a3a8000-7f7b5a3ed000 rw-p 00000000 00:00 0 
7f7b5a3ed000-7f7b5a588000 r-xp 00000000 08:05 4721791                    /usr/lib/libc-2.22.so
7f7b5a588000-7f7b5a787000 ---p 0019b000 08:05 4721791                    /usr/lib/libc-2.22.so
7f7b5a787000-7f7b5a78b000 r--p 0019a000 08:05 4721791                    /usr/lib/libc-2.22.so
7f7b5a78b000-7f7b5a78d000 rw-p 0019e000 08:05 4721791                    /usr/lib/libc-2.22.so
7f7b5a78d000-7f7b5a791000 rw-p 00000000 00:00 0 
7f7b5a791000-7f7b5a794000 r-xp 00000000 08:05 4721840                    /usr/lib/libdl-2.22.so
7f7b5a794000-7f7b5a993000 ---p 00003000 08:05 4721840                    /usr/lib/libdl-2.22.so
7f7b5a993000-7f7b5a994000 r--p 00002000 08:05 4721840                    /usr/lib/libdl-2.22.so
7f7b5a994000-7f7b5a995000 rw-p 00003000 08:05 4721840                    /usr/lib/libdl-2.22.so
7f7b5a995000-7f7b5a9aa000 r-xp 00000000 08:05 799344                     /usr/lib/jvm/java-8-jdk/jre/lib/amd64/jli/libjli.so
7f7b5a9aa000-7f7b5abaa000 ---p 00015000 08:05 799344                     /usr/lib/jvm/java-8-jdk/jre/lib/amd64/jli/libjli.so
7f7b5abaa000-7f7b5abab000 rw-p 00015000 08:05 799344                     /usr/lib/jvm/java-8-jdk/jre/lib/amd64/jli/libjli.so
7f7b5abab000-7f7b5abc3000 r-xp 00000000 08:05 4721772                    /usr/lib/libpthread-2.22.so
7f7b5abc3000-7f7b5adc2000 ---p 00018000 08:05 4721772                    /usr/lib/libpthread-2.22.so
7f7b5adc2000-7f7b5adc3000 r--p 00017000 08:05 4721772                    /usr/lib/libpthread-2.22.so
7f7b5adc3000-7f7b5adc4000 rw-p 00018000 08:05 4721772                    /usr/lib/libpthread-2.22.so
7f7b5adc4000-7f7b5adc8000 rw-p 00000000 00:00 0 
7f7b5adc8000-7f7b5adea000 r-xp 00000000 08:05 4721790                    /usr/lib/ld-2.22.so
7f7b5adef000-7f7b5aeb4000 rw-p 00000000 00:00 0 
7f7b5aeb4000-7f7b5aeb7000 ---p 00000000 00:00 0 
7f7b5aeb7000-7f7b5afb9000 rw-p 00000000 00:00 0                          [stack:15504]
7f7b5afba000-7f7b5afbb000 rw-p 00000000 00:00 0 
7f7b5afbb000-7f7b5afca000 r--s 000df000 08:05 1840493                    /home/mzwee/Android/Sdk/build-tools/23.0.1/lib/dx.jar
7f7b5afca000-7f7b5afde000 rw-p 00000000 00:00 0 
7f7b5afde000-7f7b5afe6000 rw-s 00000000 00:23 607347                     /tmp/hsperfdata_mzwee/15499
7f7b5afe6000-7f7b5afe7000 rw-p 00000000 00:00 0 
7f7b5afe7000-7f7b5afe8000 ---p 00000000 00:00 0 
7f7b5afe8000-7f7b5afe9000 rw-p 00000000 00:00 0 
7f7b5afe9000-7f7b5afea000 r--p 00021000 08:05 4721790                    /usr/lib/ld-2.22.so
7f7b5afea000-7f7b5afeb000 rw-p 00022000 08:05 4721790                    /usr/lib/ld-2.22.so
7f7b5afeb000-7f7b5afec000 rw-p 00000000 00:00 0 
7fff54c15000-7fff54c36000 rw-p 00000000 00:00 0                          [stack]
7fff54ccf000-7fff54cd1000 r--p 00000000 00:00 0                          [vvar]
7fff54cd1000-7fff54cd3000 r-xp 00000000 00:00 0                          [vdso]
ffffffffff600000-ffffffffff601000 r-xp 00000000 00:00 0                  [vsyscall]

VM Arguments:
jvm_args: -Xmx1024M -Dfile.encoding=UTF-8 -Duser.country=US -Duser.language=en -Duser.variant 
java_command: com.android.dx.command.Main --dex --num-threads=4 --output /home/mzwee/AndroidStudioProjects/RandRestaurant/app/build/intermediates/pre-dexed/debug/jackson-databind-2.4.3-9c6cfd5510d6cfe8835bd53612daee79356a212f.jar /home/mzwee/.gradle/caches/modules-2/files-2.1/com.fasterxml.jackson.core/jackson-databind/2.4.3/feff63199be7b8f495c2f3e2096dcb6bd5e5b0b3/jackson-databind-2.4.3.jar
java_class_path (initial): /home/mzwee/Android/Sdk/build-tools/23.0.1/lib/dx.jar
Launcher Type: SUN_STANDARD

Environment Variables:
PATH=/home/mzwee/.rvm/gems/ruby-2.2.2/bin:/home/mzwee/.rvm/gems/ruby-2.2.2@global/bin:/home/mzwee/.rvm/rubies/ruby-2.2.2/bin:/home/mzwee/local/bin:/usr/local/sbin:/usr/local/bin:/usr/bin:/usr/lib/jvm/default/bin:/usr/bin/site_perl:/usr/bin/vendor_perl:/usr/bin/core_perl:/home/mzwee/.rvm/bin
LD_LIBRARY_PATH=/opt/android-studio/bin:
SHELL=/bin/bash
DISPLAY=:0

Signal Handlers:
SIGSEGV: [libjvm.so+0xaba070], sa_mask[0]=11111111011111111101111111111110, sa_flags=SA_RESTART|SA_SIGINFO
SIGBUS: [libjvm.so+0xaba070], sa_mask[0]=11111111011111111101111111111110, sa_flags=SA_RESTART|SA_SIGINFO
SIGFPE: [libjvm.so+0x917630], sa_mask[0]=11111111011111111101111111111110, sa_flags=SA_RESTART|SA_SIGINFO
SIGPIPE: [libjvm.so+0x917630], sa_mask[0]=11111111011111111101111111111110, sa_flags=SA_RESTART|SA_SIGINFO
SIGXFSZ: [libjvm.so+0x917630], sa_mask[0]=11111111011111111101111111111110, sa_flags=SA_RESTART|SA_SIGINFO
SIGILL: [libjvm.so+0x917630], sa_mask[0]=11111111011111111101111111111110, sa_flags=SA_RESTART|SA_SIGINFO
SIGUSR1: SIG_DFL, sa_mask[0]=00000000000000000000000000000000, sa_flags=none
SIGUSR2: [libjvm.so+0x918c60], sa_mask[0]=00100000000000000000000000000000, sa_flags=SA_RESTART|SA_SIGINFO
SIGHUP: [libjvm.so+0x91a060], sa_mask[0]=11111111011111111101111111111110, sa_flags=SA_RESTART|SA_SIGINFO
SIGINT: SIG_IGN, sa_mask[0]=00000000000000000000000000000000, sa_flags=none
SIGTERM: [libjvm.so+0x91a060], sa_mask[0]=11111111011111111101111111111110, sa_flags=SA_RESTART|SA_SIGINFO
SIGQUIT: [libjvm.so+0x91a060], sa_mask[0]=11111111011111111101111111111110, sa_flags=SA_RESTART|SA_SIGINFO


---------------  S Y S T E M  ---------------

OS:NAME="Arch Linux"
ID=arch
PRETTY_NAME="Arch Linux"
ANSI_COLOR="0;36"
HOME_URL="https://www.archlinux.org/"
SUPPORT_URL="https://bbs.archlinux.org/"
BUG_REPORT_URL="https://bugs.archlinux.org/"


uname:Linux 4.3.3-3-ARCH #1 SMP PREEMPT Wed Jan 20 08:12:23 CET 2016 x86_64
libc:glibc 2.22 NPTL 2.22 
rlimit: STACK 8192k, CORE 0k, NPROC 30723, NOFILE 4096, AS infinity
load average:18.79 8.86 4.78

/proc/meminfo:
MemTotal:        8067340 kB
MemFree:           45644 kB
MemAvailable:      61616 kB
Buffers:             632 kB
Cached:          1975632 kB
SwapCached:            0 kB
Active:          6482044 kB
Inactive:        1370728 kB
Active(anon):    6472364 kB
Inactive(anon):  1362700 kB
Active(file):       9680 kB
Inactive(file):     8028 kB
Unevictable:           0 kB
Mlocked:               0 kB
SwapTotal:             0 kB
SwapFree:              0 kB
Dirty:               520 kB
Writeback:           100 kB
AnonPages:       5876728 kB
Mapped:           249104 kB
Shmem:           1958336 kB
Slab:              63688 kB
SReclaimable:      35308 kB
SUnreclaim:        28380 kB
KernelStack:        7856 kB
PageTables:        31320 kB
NFS_Unstable:          0 kB
Bounce:                0 kB
WritebackTmp:          0 kB
CommitLimit:     4033668 kB
Committed_AS:   11425916 kB
VmallocTotal:   34359738367 kB
VmallocUsed:      382568 kB
VmallocChunk:   34358947836 kB
HardwareCorrupted:     0 kB
AnonHugePages:   3147776 kB
HugePages_Total:       0
HugePages_Free:        0
HugePages_Rsvd:        0
HugePages_Surp:        0
Hugepagesize:       2048 kB
DirectMap4k:      151084 kB
DirectMap2M:     8124416 kB
DirectMap1G:     1048576 kB


CPU:total 4 (2 cores per cpu, 2 threads per core) family 6 model 69 stepping 1, cmov, cx8, fxsr, mmx, sse, sse2, sse3, ssse3, sse4.1, sse4.2, popcnt, avx, avx2, aes, clmul, erms, lzcnt, ht, tsc, tscinvbit, bmi1, bmi2

/proc/cpuinfo:
processor	: 0
vendor_id	: GenuineIntel
cpu family	: 6
model		: 69
model name	: Intel(R) Core(TM) i5-4210U CPU @ 1.70GHz
stepping	: 1
microcode	: 0x17
cpu MHz		: 2400.000
cache size	: 3072 KB
physical id	: 0
siblings	: 4
core id		: 0
cpu cores	: 2
apicid		: 0
initial apicid	: 0
fpu		: yes
fpu_exception	: yes
cpuid level	: 13
wp		: yes
flags		: fpu vme de pse tsc msr pae mce cx8 apic sep mtrr pge mca cmov pat pse36 clflush dts acpi mmx fxsr sse sse2 ss ht tm pbe syscall nx pdpe1gb rdtscp lm constant_tsc arch_perfmon pebs bts rep_good nopl xtopology nonstop_tsc aperfmperf eagerfpu pni pclmulqdq dtes64 monitor ds_cpl vmx est tm2 ssse3 sdbg fma cx16 xtpr pdcm pcid sse4_1 sse4_2 movbe popcnt tsc_deadline_timer aes xsave avx f16c rdrand lahf_lm abm ida arat epb pln pts dtherm tpr_shadow vnmi flexpriority ept vpid fsgsbase tsc_adjust bmi1 avx2 smep bmi2 erms invpcid xsaveopt
bugs		:
bogomips	: 4790.53
clflush size	: 64
cache_alignment	: 64
address sizes	: 39 bits physical, 48 bits virtual
power management:

processor	: 1
vendor_id	: GenuineIntel
cpu family	: 6
model		: 69
model name	: Intel(R) Core(TM) i5-4210U CPU @ 1.70GHz
stepping	: 1
microcode	: 0x17
cpu MHz		: 2399.906
cache size	: 3072 KB
physical id	: 0
siblings	: 4
core id		: 1
cpu cores	: 2
apicid		: 2
initial apicid	: 2
fpu		: yes
fpu_exception	: yes
cpuid level	: 13
wp		: yes
flags		: fpu vme de pse tsc msr pae mce cx8 apic sep mtrr pge mca cmov pat pse36 clflush dts acpi mmx fxsr sse sse2 ss ht tm pbe syscall nx pdpe1gb rdtscp lm constant_tsc arch_perfmon pebs bts rep_good nopl xtopology nonstop_tsc aperfmperf eagerfpu pni pclmulqdq dtes64 monitor ds_cpl vmx est tm2 ssse3 sdbg fma cx16 xtpr pdcm pcid sse4_1 sse4_2 movbe popcnt tsc_deadline_timer aes xsave avx f16c rdrand lahf_lm abm ida arat epb pln pts dtherm tpr_shadow vnmi flexpriority ept vpid fsgsbase tsc_adjust bmi1 avx2 smep bmi2 erms invpcid xsaveopt
bugs		:
bogomips	: 4790.53
clflush size	: 64
cache_alignment	: 64
address sizes	: 39 bits physical, 48 bits virtual
power management:

processor	: 2
vendor_id	: GenuineIntel
cpu family	: 6
model		: 69
model name	: Intel(R) Core(TM) i5-4210U CPU @ 1.70GHz
stepping	: 1
microcode	: 0x17
cpu MHz		: 2400.000
cache size	: 3072 KB
physical id	: 0
siblings	: 4
core id		: 0
cpu cores	: 2
apicid		: 1
initial apicid	: 1
fpu		: yes
fpu_exception	: yes
cpuid level	: 13
wp		: yes
flags		: fpu vme de pse tsc msr pae mce cx8 apic sep mtrr pge mca cmov pat pse36 clflush dts acpi mmx fxsr sse sse2 ss ht tm pbe syscall nx pdpe1gb rdtscp lm constant_tsc arch_perfmon pebs bts rep_good nopl xtopology nonstop_tsc aperfmperf eagerfpu pni pclmulqdq dtes64 monitor ds_cpl vmx est tm2 ssse3 sdbg fma cx16 xtpr pdcm pcid sse4_1 sse4_2 movbe popcnt tsc_deadline_timer aes xsave avx f16c rdrand lahf_lm abm ida arat epb pln pts dtherm tpr_shadow vnmi flexpriority ept vpid fsgsbase tsc_adjust bmi1 avx2 smep bmi2 erms invpcid xsaveopt
bugs		:
bogomips	: 4790.53
clflush size	: 64
cache_alignment	: 64
address sizes	: 39 bits physical, 48 bits virtual
power management:

processor	: 3
vendor_id	: GenuineIntel
cpu family	: 6
model		: 69
model name	: Intel(R) Core(TM) i5-4210U CPU @ 1.70GHz
stepping	: 1
microcode	: 0x17
cpu MHz		: 2400.000
cache size	: 3072 KB
physical id	: 0
siblings	: 4
core id		: 1
cpu cores	: 2
apicid		: 3
initial apicid	: 3
fpu		: yes
fpu_exception	: yes
cpuid level	: 13
wp		: yes
flags		: fpu vme de pse tsc msr pae mce cx8 apic sep mtrr pge mca cmov pat pse36 clflush dts acpi mmx fxsr sse sse2 ss ht tm pbe syscall nx pdpe1gb rdtscp lm constant_tsc arch_perfmon pebs bts rep_good nopl xtopology nonstop_tsc aperfmperf eagerfpu pni pclmulqdq dtes64 monitor ds_cpl vmx est tm2 ssse3 sdbg fma cx16 xtpr pdcm pcid sse4_1 sse4_2 movbe popcnt tsc_deadline_timer aes xsave avx f16c rdrand lahf_lm abm ida arat epb pln pts dtherm tpr_shadow vnmi flexpriority ept vpid fsgsbase tsc_adjust bmi1 avx2 smep bmi2 erms invpcid xsaveopt
bugs		:
bogomips	: 4790.53
clflush size	: 64
cache_alignment	: 64
address sizes	: 39 bits physical, 48 bits virtual
power management:



Memory: 4k page, physical 8067340k(45048k free), swap 0k(0k free)

vm_info: Java HotSpot(TM) 64-Bit Server VM (25.60-b23) for linux-amd64 JRE (1.8.0_60-b27), built on Aug  4 2015 12:19:40 by "java_re" with gcc 4.3.0 20080428 (Red Hat 4.3.0-8)

time: Sun Feb 21 05:48:44 2016
elapsed time: 9 seconds (0d 0h 0m 9s)

