#
# There is insufficient memory for the Java Runtime Environment to continue.
# Native memory allocation (mmap) failed to map 85983232 bytes for committing reserved memory.
# Possible reasons:
#   The system is out of physical RAM or swap space
#   In 32 bit mode, the process size limit was hit
# Possible solutions:
#   Reduce memory load on the system
#   Increase physical memory or swap space
#   Check if swap backing store is full
#   Use 64 bit Java on a 64 bit OS
#   Decrease Java heap size (-Xmx/-Xms)
#   Decrease number of Java threads
#   Decrease Java thread stack sizes (-Xss)
#   Set larger code cache with -XX:ReservedCodeCacheSize=
# This output file may be truncated or incomplete.
#
#  Out of Memory Error (os_linux.cpp:2627), pid=10250, tid=139693008738048
#
# JRE version: Java(TM) SE Runtime Environment (8.0_60-b27) (build 1.8.0_60-b27)
# Java VM: Java HotSpot(TM) 64-Bit Server VM (25.60-b23 mixed mode linux-amd64 compressed oops)
# Failed to write core dump. Core dumps have been disabled. To enable core dumping, try "ulimit -c unlimited" before starting Java again
#

---------------  T H R E A D  ---------------

Current thread (0x00007f0ce4076800):  VMThread [stack: 0x00007f0cd019d000,0x00007f0cd029e000] [id=10259]

Stack: [0x00007f0cd019d000,0x00007f0cd029e000],  sp=0x00007f0cd029c020,  free space=1020k
Native frames: (J=compiled Java code, j=interpreted, Vv=VM code, C=native code)
V  [libjvm.so+0xab97ea]  VMError::report_and_die()+0x2ba
V  [libjvm.so+0x4f9dab]  report_vm_out_of_memory(char const*, int, unsigned long, VMErrorType, char const*)+0x8b
V  [libjvm.so+0x91a7c3]  os::Linux::commit_memory_impl(char*, unsigned long, bool)+0x103
V  [libjvm.so+0x91ad19]  os::pd_commit_memory(char*, unsigned long, unsigned long, bool)+0x29
V  [libjvm.so+0x91502a]  os::commit_memory(char*, unsigned long, unsigned long, bool)+0x2a
V  [libjvm.so+0x9886d3]  PSVirtualSpace::expand_by(unsigned long)+0x53
V  [libjvm.so+0x989ad8]  PSYoungGen::resize_generation(unsigned long, unsigned long)+0xf8
V  [libjvm.so+0x988c32]  PSYoungGen::resize(unsigned long, unsigned long)+0x22
V  [libjvm.so+0x985f0b]  PSScavenge::invoke_no_policy()+0xf3b
V  [libjvm.so+0x986691]  PSScavenge::invoke()+0x41
V  [libjvm.so+0x93e430]  ParallelScavengeHeap::failed_mem_allocate(unsigned long)+0x70
V  [libjvm.so+0xabb207]  VM_ParallelGCFailedAllocation::doit()+0x97
V  [libjvm.so+0xac2c35]  VM_Operation::evaluate()+0x55
V  [libjvm.so+0xac100a]  VMThread::evaluate_operation(VM_Operation*)+0xba
V  [libjvm.so+0xac138e]  VMThread::loop()+0x1ce
V  [libjvm.so+0xac1800]  VMThread::run()+0x70
V  [libjvm.so+0x91cb88]  java_start(Thread*)+0x108

VM_Operation (0x00007f0ccb566110): ParallelGCFailedAllocation, mode: safepoint, requested by thread 0x00007f0ce413e000


---------------  P R O C E S S  ---------------

Java Threads: ( => current thread )
  0x00007f0ce4141800 JavaThread "pool-1-thread-4" [_thread_blocked, id=10278, stack(0x00007f0ccb266000,0x00007f0ccb367000)]
  0x00007f0ce4140000 JavaThread "pool-1-thread-3" [_thread_blocked, id=10277, stack(0x00007f0ccb367000,0x00007f0ccb468000)]
  0x00007f0ce413e000 JavaThread "pool-1-thread-2" [_thread_blocked, id=10276, stack(0x00007f0ccb468000,0x00007f0ccb569000)]
  0x00007f0ce413d000 JavaThread "pool-2-thread-1" [_thread_blocked, id=10275, stack(0x00007f0ccb569000,0x00007f0ccb66a000)]
  0x00007f0ce413a800 JavaThread "pool-1-thread-1" [_thread_blocked, id=10274, stack(0x00007f0ccb66a000,0x00007f0ccb76b000)]
  0x00007f0ce40bf000 JavaThread "Service Thread" daemon [_thread_blocked, id=10266, stack(0x00007f0ccb86c000,0x00007f0ccb96d000)]
  0x00007f0ce40b9800 JavaThread "C1 CompilerThread2" daemon [_thread_blocked, id=10265, stack(0x00007f0ccb96d000,0x00007f0ccba6e000)]
  0x00007f0ce40b8000 JavaThread "C2 CompilerThread1" daemon [_thread_in_native, id=10264, stack(0x00007f0ccba6e000,0x00007f0ccbb6f000)]
  0x00007f0ce40b5000 JavaThread "C2 CompilerThread0" daemon [_thread_blocked, id=10263, stack(0x00007f0ccbb6f000,0x00007f0ccbc70000)]
  0x00007f0ce40b3800 JavaThread "Signal Dispatcher" daemon [_thread_blocked, id=10262, stack(0x00007f0ccbc70000,0x00007f0ccbd71000)]
  0x00007f0ce407d800 JavaThread "Finalizer" daemon [_thread_blocked, id=10261, stack(0x00007f0ccbeff000,0x00007f0ccc000000)]
  0x00007f0ce407b800 JavaThread "Reference Handler" daemon [_thread_blocked, id=10260, stack(0x00007f0cd009c000,0x00007f0cd019d000)]
  0x00007f0ce4008800 JavaThread "main" [_thread_blocked, id=10252, stack(0x00007f0cea1da000,0x00007f0cea2db000)]

Other Threads:
=>0x00007f0ce4076800 VMThread [stack: 0x00007f0cd019d000,0x00007f0cd029e000] [id=10259]
  0x00007f0ce40c1800 WatcherThread [stack: 0x00007f0ccb76b000,0x00007f0ccb86c000] [id=10267]

VM state:at safepoint (normal execution)

VM Mutex/Monitor currently owned by a thread:  ([mutex/lock_event])
[0x00007f0ce40063a0] Threads_lock - owner thread: 0x00007f0ce4076800
[0x00007f0ce40068a0] Heap_lock - owner thread: 0x00007f0ce413e000

Heap:
 PSYoungGen      total 68608K, used 5098K [0x00000000eab00000, 0x00000000ef300000, 0x0000000100000000)
  eden space 63488K, 0% used [0x00000000eab00000,0x00000000eab00000,0x00000000ee900000)
  from space 5120K, 99% used [0x00000000ee900000,0x00000000eedfab48,0x00000000eee00000)
  to   space 5120K, 0% used [0x00000000eee00000,0x00000000eee00000,0x00000000ef300000)
 ParOldGen       total 84992K, used 22657K [0x00000000c0000000, 0x00000000c5300000, 0x00000000eab00000)
  object space 84992K, 26% used [0x00000000c0000000,0x00000000c1620500,0x00000000c5300000)
 Metaspace       used 5904K, capacity 6896K, committed 7040K, reserved 1056768K
  class space    used 591K, capacity 616K, committed 640K, reserved 1048576K

Card table byte_map: [0x00007f0cd43e6000,0x00007f0cd45e7000] byte_map_base: 0x00007f0cd3de6000

Marking Bits: (ParMarkBitMap*) 0x00007f0ce96e7de0
 Begin Bits: [0x00007f0cd1e8c000, 0x00007f0cd2e8c000)
 End Bits:   [0x00007f0cd2e8c000, 0x00007f0cd3e8c000)

Polling page: 0x00007f0cea30d000

CodeCache: size=245760Kb used=4958Kb max_used=4958Kb free=240801Kb
 bounds [0x00007f0cd49a7000, 0x00007f0cd4e87000, 0x00007f0ce39a7000]
 total_blobs=1521 nmethods=1253 adapters=182
 compilation: enabled

Compilation events (10 events):
Event: 5.879 Thread 0x00007f0ce40b9800 nmethod 1457 0x00007f0cd4e80910 code [0x00007f0cd4e80ae0, 0x00007f0cd4e80f58]
Event: 5.879 Thread 0x00007f0ce40b9800 1458       2       java.util.ArrayList$SubList::get (23 bytes)
Event: 5.880 Thread 0x00007f0ce40b9800 nmethod 1458 0x00007f0cd4e812d0 code [0x00007f0cd4e81460, 0x00007f0cd4e81748]
Event: 5.880 Thread 0x00007f0ce40b9800 1332       2       com.android.dx.rop.code.Insn::equalsHandleNulls (23 bytes)
Event: 5.880 Thread 0x00007f0ce40b9800 nmethod 1332 0x00007f0cd4e81a10 code [0x00007f0cd4e81b80, 0x00007f0cd4e81d28]
Event: 5.880 Thread 0x00007f0ce40b9800 1374       2       com.android.dx.ssa.PhiTypeResolver::equalsHandlesNulls (23 bytes)
Event: 5.880 Thread 0x00007f0ce40b9800 nmethod 1374 0x00007f0cd4e81dd0 code [0x00007f0cd4e81f40, 0x00007f0cd4e82148]
Event: 5.880 Thread 0x00007f0ce40b9800 1285       2       com.android.dx.ssa.SsaMethod::onSourceChanged (65 bytes)
Event: 5.881 Thread 0x00007f0ce40b9800 nmethod 1285 0x00007f0cd4e82250 code [0x00007f0cd4e823e0, 0x00007f0cd4e82778]
Event: 5.937 Thread 0x00007f0ce40b9800 1490 %     3       com.android.dx.cf.code.BasicBlocker::getBlockList @ 182 (208 bytes)

GC Heap History (9 events):
Event: 2.461 GC heap before
{Heap before GC invocations=1 (full 0):
 PSYoungGen      total 36864K, used 31744K [0x00000000eab00000, 0x00000000ed400000, 0x0000000100000000)
  eden space 31744K, 100% used [0x00000000eab00000,0x00000000eca00000,0x00000000eca00000)
  from space 5120K, 0% used [0x00000000ecf00000,0x00000000ecf00000,0x00000000ed400000)
  to   space 5120K, 0% used [0x00000000eca00000,0x00000000eca00000,0x00000000ecf00000)
 ParOldGen       total 84992K, used 0K [0x00000000c0000000, 0x00000000c5300000, 0x00000000eab00000)
  object space 84992K, 0% used [0x00000000c0000000,0x00000000c0000000,0x00000000c5300000)
 Metaspace       used 5702K, capacity 6704K, committed 6784K, reserved 1056768K
  class space    used 589K, capacity 616K, committed 640K, reserved 1048576K
Event: 2.486 GC heap after
Heap after GC invocations=1 (full 0):
 PSYoungGen      total 36864K, used 5104K [0x00000000eab00000, 0x00000000ed400000, 0x0000000100000000)
  eden space 31744K, 0% used [0x00000000eab00000,0x00000000eab00000,0x00000000eca00000)
  from space 5120K, 99% used [0x00000000eca00000,0x00000000ecefc078,0x00000000ecf00000)
  to   space 5120K, 0% used [0x00000000ecf00000,0x00000000ecf00000,0x00000000ed400000)
 ParOldGen       total 84992K, used 568K [0x00000000c0000000, 0x00000000c5300000, 0x00000000eab00000)
  object space 84992K, 0% used [0x00000000c0000000,0x00000000c008e0b8,0x00000000c5300000)
 Metaspace       used 5702K, capacity 6704K, committed 6784K, reserved 1056768K
  class space    used 589K, capacity 616K, committed 640K, reserved 1048576K
}
Event: 3.448 GC heap before
{Heap before GC invocations=2 (full 0):
 PSYoungGen      total 36864K, used 36848K [0x00000000eab00000, 0x00000000ed400000, 0x0000000100000000)
  eden space 31744K, 100% used [0x00000000eab00000,0x00000000eca00000,0x00000000eca00000)
  from space 5120K, 99% used [0x00000000eca00000,0x00000000ecefc078,0x00000000ecf00000)
  to   space 5120K, 0% used [0x00000000ecf00000,0x00000000ecf00000,0x00000000ed400000)
 ParOldGen       total 84992K, used 568K [0x00000000c0000000, 0x00000000c5300000, 0x00000000eab00000)
  object space 84992K, 0% used [0x00000000c0000000,0x00000000c008e0b8,0x00000000c5300000)
 Metaspace       used 5795K, capacity 6832K, committed 7040K, reserved 1056768K
  class space    used 590K, capacity 616K, committed 640K, reserved 1048576K
Event: 3.514 GC heap after
Heap after GC invocations=2 (full 0):
 PSYoungGen      total 36864K, used 5095K [0x00000000eab00000, 0x00000000ef300000, 0x0000000100000000)
  eden space 31744K, 0% used [0x00000000eab00000,0x00000000eab00000,0x00000000eca00000)
  from space 5120K, 99% used [0x00000000ecf00000,0x00000000ed3f9c78,0x00000000ed400000)
  to   space 5120K, 0% used [0x00000000eca00000,0x00000000eca00000,0x00000000ecf00000)
 ParOldGen       total 84992K, used 4123K [0x00000000c0000000, 0x00000000c5300000, 0x00000000eab00000)
  object space 84992K, 4% used [0x00000000c0000000,0x00000000c0406cd8,0x00000000c5300000)
 Metaspace       used 5795K, capacity 6832K, committed 7040K, reserved 1056768K
  class space    used 590K, capacity 616K, committed 640K, reserved 1048576K
}
Event: 4.107 GC heap before
{Heap before GC invocations=3 (full 0):
 PSYoungGen      total 36864K, used 36839K [0x00000000eab00000, 0x00000000ef300000, 0x0000000100000000)
  eden space 31744K, 100% used [0x00000000eab00000,0x00000000eca00000,0x00000000eca00000)
  from space 5120K, 99% used [0x00000000ecf00000,0x00000000ed3f9c78,0x00000000ed400000)
  to   space 5120K, 0% used [0x00000000eca00000,0x00000000eca00000,0x00000000ecf00000)
 ParOldGen       total 84992K, used 4123K [0x00000000c0000000, 0x00000000c5300000, 0x00000000eab00000)
  object space 84992K, 4% used [0x00000000c0000000,0x00000000c0406cd8,0x00000000c5300000)
 Metaspace       used 5845K, capacity 6832K, committed 7040K, reserved 1056768K
  class space    used 591K, capacity 616K, committed 640K, reserved 1048576K
Event: 4.230 GC heap after
Heap after GC invocations=3 (full 0):
 PSYoungGen      total 36864K, used 5114K [0x00000000eab00000, 0x00000000ef300000, 0x0000000100000000)
  eden space 31744K, 0% used [0x00000000eab00000,0x00000000eab00000,0x00000000eca00000)
  from space 5120K, 99% used [0x00000000eca00000,0x00000000ecefeb48,0x00000000ecf00000)
  to   space 5120K, 0% used [0x00000000eee00000,0x00000000eee00000,0x00000000ef300000)
 ParOldGen       total 84992K, used 8937K [0x00000000c0000000, 0x00000000c5300000, 0x00000000eab00000)
  object space 84992K, 10% used [0x00000000c0000000,0x00000000c08ba6e0,0x00000000c5300000)
 Metaspace       used 5845K, capacity 6832K, committed 7040K, reserved 1056768K
  class space    used 591K, capacity 616K, committed 640K, reserved 1048576K
}
Event: 4.848 GC heap before
{Heap before GC invocations=4 (full 0):
 PSYoungGen      total 36864K, used 36858K [0x00000000eab00000, 0x00000000ef300000, 0x0000000100000000)
  eden space 31744K, 100% used [0x00000000eab00000,0x00000000eca00000,0x00000000eca00000)
  from space 5120K, 99% used [0x00000000eca00000,0x00000000ecefeb48,0x00000000ecf00000)
  to   space 5120K, 0% used [0x00000000eee00000,0x00000000eee00000,0x00000000ef300000)
 ParOldGen       total 84992K, used 8937K [0x00000000c0000000, 0x00000000c5300000, 0x00000000eab00000)
  object space 84992K, 10% used [0x00000000c0000000,0x00000000c08ba6e0,0x00000000c5300000)
 Metaspace       used 5876K, capacity 6896K, committed 7040K, reserved 1056768K
  class space    used 591K, capacity 616K, committed 640K, reserved 1048576K
Event: 4.912 GC heap after
Heap after GC invocations=4 (full 0):
 PSYoungGen      total 68608K, used 5104K [0x00000000eab00000, 0x00000000ef300000, 0x0000000100000000)
  eden space 63488K, 0% used [0x00000000eab00000,0x00000000eab00000,0x00000000ee900000)
  from space 5120K, 99% used [0x00000000eee00000,0x00000000ef2fc020,0x00000000ef300000)
  to   space 5120K, 0% used [0x00000000ee900000,0x00000000ee900000,0x00000000eee00000)
 ParOldGen       total 84992K, used 13720K [0x00000000c0000000, 0x00000000c5300000, 0x00000000eab00000)
  object space 84992K, 16% used [0x00000000c0000000,0x00000000c0d66160,0x00000000c5300000)
 Metaspace       used 5876K, capacity 6896K, committed 7040K, reserved 1056768K
  class space    used 591K, capacity 616K, committed 640K, reserved 1048576K
}
Event: 6.839 GC heap before
{Heap before GC invocations=5 (full 0):
 PSYoungGen      total 68608K, used 68592K [0x00000000eab00000, 0x00000000ef300000, 0x0000000100000000)
  eden space 63488K, 100% used [0x00000000eab00000,0x00000000ee900000,0x00000000ee900000)
  from space 5120K, 99% used [0x00000000eee00000,0x00000000ef2fc020,0x00000000ef300000)
  to   space 5120K, 0% used [0x00000000ee900000,0x00000000ee900000,0x00000000eee00000)
 ParOldGen       total 84992K, used 13720K [0x00000000c0000000, 0x00000000c5300000, 0x00000000eab00000)
  object space 84992K, 16% used [0x00000000c0000000,0x00000000c0d66160,0x00000000c5300000)
 Metaspace       used 5904K, capacity 6896K, committed 7040K, reserved 1056768K
  class space    used 591K, capacity 616K, committed 640K, reserved 1048576K

Deoptimization events (10 events):
Event: 2.176 Thread 0x00007f0ce413a800 Uncommon trap: reason=unstable_if action=reinterpret pc=0x00007f0cd4badf58 method=java.util.HashMap.getNode(ILjava/lang/Object;)Ljava/util/HashMap$Node; @ 62
Event: 2.340 Thread 0x00007f0ce4008800 Uncommon trap: reason=class_check action=maybe_recompile pc=0x00007f0cd4c07d18 method=com.android.dx.ssa.NormalSsaInsn.accept(Lcom/android/dx/ssa/SsaInsn$Visitor;)V @ 9
Event: 2.351 Thread 0x00007f0ce413e000 Uncommon trap: reason=class_check action=maybe_recompile pc=0x00007f0cd4c07d18 method=com.android.dx.ssa.NormalSsaInsn.accept(Lcom/android/dx/ssa/SsaInsn$Visitor;)V @ 9
Event: 2.351 Thread 0x00007f0ce413e000 Uncommon trap: reason=class_check action=maybe_recompile pc=0x00007f0cd4c07d18 method=com.android.dx.ssa.NormalSsaInsn.accept(Lcom/android/dx/ssa/SsaInsn$Visitor;)V @ 9
Event: 2.351 Thread 0x00007f0ce413e000 Uncommon trap: reason=class_check action=maybe_recompile pc=0x00007f0cd4c07d18 method=com.android.dx.ssa.NormalSsaInsn.accept(Lcom/android/dx/ssa/SsaInsn$Visitor;)V @ 9
Event: 2.714 Thread 0x00007f0ce413a800 Uncommon trap: reason=unstable_if action=reinterpret pc=0x00007f0cd4c58d5c method=com.android.dx.rop.cst.Constant.compareTo(Lcom/android/dx/rop/cst/Constant;)I @ 12
Event: 3.065 Thread 0x00007f0ce413e000 Uncommon trap: reason=class_check action=maybe_recompile pc=0x00007f0cd4c53e54 method=com.android.dx.ssa.NormalSsaInsn.accept(Lcom/android/dx/ssa/SsaInsn$Visitor;)V @ 9
Event: 3.682 Thread 0x00007f0ce413a800 Uncommon trap: reason=null_check action=make_not_entrant pc=0x00007f0cd4c5cf68 method=com.android.dx.rop.type.Type.equals(Ljava/lang/Object;)Z @ 8
Event: 4.923 Thread 0x00007f0ce4141800 Uncommon trap: reason=unstable_if action=reinterpret pc=0x00007f0cd4dca118 method=java.util.HashMap.putVal(ILjava/lang/Object;Ljava/lang/Object;ZZ)Ljava/lang/Object; @ 162
Event: 4.924 Thread 0x00007f0ce4141800 Uncommon trap: reason=unstable_if action=reinterpret pc=0x00007f0cd4be50b4 method=java.util.HashMap.getNode(ILjava/lang/Object;)Ljava/util/HashMap$Node; @ 84

Internal exceptions (3 events):
Event: 0.211 Thread 0x00007f0ce4008800 Exception <a 'java/lang/NoSuchMethodError': Method sun.misc.Unsafe.defineClass(Ljava/lang/String;[BII)Ljava/lang/Class; name or signature does not match> (0x00000000eab12b88) thrown at [/HUDSON/workspace/8-2-build-linux-amd64/jdk8u60/4407/hotspot/src/shar
Event: 0.211 Thread 0x00007f0ce4008800 Exception <a 'java/lang/NoSuchMethodError': Method sun.misc.Unsafe.prefetchRead(Ljava/lang/Object;J)V name or signature does not match> (0x00000000eab12e70) thrown at [/HUDSON/workspace/8-2-build-linux-amd64/jdk8u60/4407/hotspot/src/share/vm/prims/jni.cpp
Event: 3.682 Thread 0x00007f0ce413a800 Implicit null exception at 0x00007f0cd4c5ce62 to 0x00007f0cd4c5cf5b

Events (10 events):
Event: 5.558 Thread 0x00007f0ce413a800 DEOPT UNPACKING pc=0x00007f0cd49ee633 sp=0x00007f0ccb768938 mode 0
Event: 5.600 Thread 0x00007f0ce4140000 DEOPT PACKING pc=0x00007f0cd4d8dc9d sp=0x00007f0ccb4660e0
Event: 5.600 Thread 0x00007f0ce4140000 DEOPT UNPACKING pc=0x00007f0cd49ee633 sp=0x00007f0ccb465e68 mode 0
Event: 5.652 Thread 0x00007f0ce4140000 DEOPT PACKING pc=0x00007f0cd4d62ecf sp=0x00007f0ccb4661d0
Event: 5.652 Thread 0x00007f0ce4140000 DEOPT UNPACKING pc=0x00007f0cd49ee633 sp=0x00007f0ccb465f10 mode 0
Event: 5.667 Thread 0x00007f0ce4141800 DEOPT PACKING pc=0x00007f0cd4d280d7 sp=0x00007f0ccb365090
Event: 5.667 Thread 0x00007f0ce4141800 DEOPT UNPACKING pc=0x00007f0cd49ee633 sp=0x00007f0ccb364e88 mode 0
Event: 5.690 Thread 0x00007f0ce413e000 DEOPT PACKING pc=0x00007f0cd4cdb3d0 sp=0x00007f0ccb566ca0
Event: 5.690 Thread 0x00007f0ce413e000 DEOPT UNPACKING pc=0x00007f0cd49ee633 sp=0x00007f0ccb5669e0 mode 0
Event: 6.038 Executing VM operation: ParallelGCFailedAllocation


Dynamic libraries:
00400000-00401000 r-xp 00000000 08:05 272478                             /usr/lib/jvm/java-8-jdk/jre/bin/java
00600000-00601000 rw-p 00000000 08:05 272478                             /usr/lib/jvm/java-8-jdk/jre/bin/java
01118000-01139000 rw-p 00000000 00:00 0                                  [heap]
c0000000-c5300000 rw-p 00000000 00:00 0 
c5300000-eab00000 ---p 00000000 00:00 0 
eab00000-ef300000 rw-p 00000000 00:00 0 
f4500000-100000000 ---p 00000000 00:00 0 
100000000-1000a0000 rw-p 00000000 00:00 0 
1000a0000-140000000 ---p 00000000 00:00 0 
7f0c7c000000-7f0c7c021000 rw-p 00000000 00:00 0 
7f0c7c021000-7f0c80000000 ---p 00000000 00:00 0 
7f0c84000000-7f0c84021000 rw-p 00000000 00:00 0 
7f0c84021000-7f0c88000000 ---p 00000000 00:00 0 
7f0c88000000-7f0c88026000 rw-p 00000000 00:00 0 
7f0c88026000-7f0c8c000000 ---p 00000000 00:00 0 
7f0c8c000000-7f0c8c029000 rw-p 00000000 00:00 0 
7f0c8c029000-7f0c90000000 ---p 00000000 00:00 0 
7f0c90000000-7f0c90021000 rw-p 00000000 00:00 0 
7f0c90021000-7f0c94000000 ---p 00000000 00:00 0 
7f0c94000000-7f0c94021000 rw-p 00000000 00:00 0 
7f0c94021000-7f0c98000000 ---p 00000000 00:00 0 
7f0c98000000-7f0c98021000 rw-p 00000000 00:00 0 
7f0c98021000-7f0c9c000000 ---p 00000000 00:00 0 
7f0c9c000000-7f0c9c7ef000 rw-p 00000000 00:00 0 
7f0c9c7ef000-7f0ca0000000 ---p 00000000 00:00 0 
7f0ca0000000-7f0ca0974000 rw-p 00000000 00:00 0 
7f0ca0974000-7f0ca4000000 ---p 00000000 00:00 0 
7f0ca4000000-7f0ca4021000 rw-p 00000000 00:00 0 
7f0ca4021000-7f0ca8000000 ---p 00000000 00:00 0 
7f0ca8000000-7f0ca8602000 rw-p 00000000 00:00 0 
7f0ca8602000-7f0cac000000 ---p 00000000 00:00 0 
7f0cac000000-7f0cac021000 rw-p 00000000 00:00 0 
7f0cac021000-7f0cb0000000 ---p 00000000 00:00 0 
7f0cb0000000-7f0cb0021000 rw-p 00000000 00:00 0 
7f0cb0021000-7f0cb4000000 ---p 00000000 00:00 0 
7f0cb4000000-7f0cb4021000 rw-p 00000000 00:00 0 
7f0cb4021000-7f0cb8000000 ---p 00000000 00:00 0 
7f0cb8000000-7f0cb8294000 rw-p 00000000 00:00 0 
7f0cb8294000-7f0cbc000000 ---p 00000000 00:00 0 
7f0cbc000000-7f0cbc021000 rw-p 00000000 00:00 0 
7f0cbc021000-7f0cc0000000 ---p 00000000 00:00 0 
7f0cc4000000-7f0cc4021000 rw-p 00000000 00:00 0 
7f0cc4021000-7f0cc8000000 ---p 00000000 00:00 0 
7f0ccb266000-7f0ccb269000 ---p 00000000 00:00 0 
7f0ccb269000-7f0ccb367000 rw-p 00000000 00:00 0                          [stack:10278]
7f0ccb367000-7f0ccb36a000 ---p 00000000 00:00 0 
7f0ccb36a000-7f0ccb468000 rw-p 00000000 00:00 0                          [stack:10277]
7f0ccb468000-7f0ccb46b000 ---p 00000000 00:00 0 
7f0ccb46b000-7f0ccb569000 rw-p 00000000 00:00 0                          [stack:10276]
7f0ccb569000-7f0ccb56c000 ---p 00000000 00:00 0 
7f0ccb56c000-7f0ccb66a000 rw-p 00000000 00:00 0                          [stack:10275]
7f0ccb66a000-7f0ccb66d000 ---p 00000000 00:00 0 
7f0ccb66d000-7f0ccb76b000 rw-p 00000000 00:00 0                          [stack:10274]
7f0ccb76b000-7f0ccb76c000 ---p 00000000 00:00 0 
7f0ccb76c000-7f0ccb86c000 rw-p 00000000 00:00 0                          [stack:10267]
7f0ccb86c000-7f0ccb86f000 ---p 00000000 00:00 0 
7f0ccb86f000-7f0ccb96d000 rw-p 00000000 00:00 0                          [stack:10266]
7f0ccb96d000-7f0ccb970000 ---p 00000000 00:00 0 
7f0ccb970000-7f0ccba6e000 rw-p 00000000 00:00 0                          [stack:10265]
7f0ccba6e000-7f0ccba71000 ---p 00000000 00:00 0 
7f0ccba71000-7f0ccbb6f000 rw-p 00000000 00:00 0                          [stack:10264]
7f0ccbb6f000-7f0ccbb72000 ---p 00000000 00:00 0 
7f0ccbb72000-7f0ccbc70000 rw-p 00000000 00:00 0                          [stack:10263]
7f0ccbc70000-7f0ccbc73000 ---p 00000000 00:00 0 
7f0ccbc73000-7f0ccbd71000 rw-p 00000000 00:00 0                          [stack:10262]
7f0ccbd71000-7f0ccbeff000 r--p 00000000 08:05 4739658                    /usr/lib/locale/locale-archive
7f0ccbeff000-7f0ccbf02000 ---p 00000000 00:00 0 
7f0ccbf02000-7f0ccc000000 rw-p 00000000 00:00 0                          [stack:10261]
7f0ccc000000-7f0ccc021000 rw-p 00000000 00:00 0 
7f0ccc021000-7f0cd0000000 ---p 00000000 00:00 0 
7f0cd008f000-7f0cd009c000 r--s 0006e000 08:05 402621                     /home/mzwee/AndroidStudioProjects/RandRestaurant/app/build/intermediates/exploded-aar/com.google.android.gms/play-services-basement/8.4.0/jars/classes.jar
7f0cd009c000-7f0cd009f000 ---p 00000000 00:00 0 
7f0cd009f000-7f0cd019d000 rw-p 00000000 00:00 0                          [stack:10260]
7f0cd019d000-7f0cd019e000 ---p 00000000 00:00 0 
7f0cd019e000-7f0cd123e000 rw-p 00000000 00:00 0                          [stack:10259]
7f0cd123e000-7f0cd1416000 r--s 03d17000 08:05 399249                     /usr/lib/jvm/java-8-jdk/jre/lib/rt.jar
7f0cd1416000-7f0cd1acc000 rw-p 00000000 00:00 0 
7f0cd1acc000-7f0cd1c8c000 ---p 00000000 00:00 0 
7f0cd1c8c000-7f0cd3e8c000 rw-p 00000000 00:00 0 
7f0cd3e8c000-7f0cd3e8d000 ---p 00000000 00:00 0 
7f0cd3e8d000-7f0cd3f8d000 rw-p 00000000 00:00 0                          [stack:10258]
7f0cd3f8d000-7f0cd3f8e000 ---p 00000000 00:00 0 
7f0cd3f8e000-7f0cd408e000 rw-p 00000000 00:00 0                          [stack:10257]
7f0cd408e000-7f0cd408f000 ---p 00000000 00:00 0 
7f0cd408f000-7f0cd418f000 rw-p 00000000 00:00 0                          [stack:10256]
7f0cd418f000-7f0cd4190000 ---p 00000000 00:00 0 
7f0cd4190000-7f0cd42ba000 rw-p 00000000 00:00 0                          [stack:10255]
7f0cd42ba000-7f0cd43e6000 ---p 00000000 00:00 0 
7f0cd43e6000-7f0cd4410000 rw-p 00000000 00:00 0 
7f0cd4410000-7f0cd453b000 ---p 00000000 00:00 0 
7f0cd453b000-7f0cd4560000 rw-p 00000000 00:00 0 
7f0cd4560000-7f0cd45e6000 ---p 00000000 00:00 0 
7f0cd45e6000-7f0cd45fb000 rw-p 00000000 00:00 0 
7f0cd45fb000-7f0cd49a7000 ---p 00000000 00:00 0 
7f0cd49a7000-7f0cd4e87000 rwxp 00000000 00:00 0 
7f0cd4e87000-7f0ce39a7000 ---p 00000000 00:00 0 
7f0ce39a7000-7f0ce39c1000 r-xp 00000000 08:05 540675                     /usr/lib/jvm/java-8-jdk/jre/lib/amd64/libzip.so
7f0ce39c1000-7f0ce3bc1000 ---p 0001a000 08:05 540675                     /usr/lib/jvm/java-8-jdk/jre/lib/amd64/libzip.so
7f0ce3bc1000-7f0ce3bc2000 rw-p 0001a000 08:05 540675                     /usr/lib/jvm/java-8-jdk/jre/lib/amd64/libzip.so
7f0ce3bc2000-7f0ce3bcd000 r-xp 00000000 08:05 4721836                    /usr/lib/libnss_files-2.22.so
7f0ce3bcd000-7f0ce3dcc000 ---p 0000b000 08:05 4721836                    /usr/lib/libnss_files-2.22.so
7f0ce3dcc000-7f0ce3dcd000 r--p 0000a000 08:05 4721836                    /usr/lib/libnss_files-2.22.so
7f0ce3dcd000-7f0ce3dce000 rw-p 0000b000 08:05 4721836                    /usr/lib/libnss_files-2.22.so
7f0ce3dce000-7f0ce3dd4000 rw-p 00000000 00:00 0 
7f0ce3dd4000-7f0ce3dfe000 r-xp 00000000 08:05 540695                     /usr/lib/jvm/java-8-jdk/jre/lib/amd64/libjava.so
7f0ce3dfe000-7f0ce3ffe000 ---p 0002a000 08:05 540695                     /usr/lib/jvm/java-8-jdk/jre/lib/amd64/libjava.so
7f0ce3ffe000-7f0ce4000000 rw-p 0002a000 08:05 540695                     /usr/lib/jvm/java-8-jdk/jre/lib/amd64/libjava.so
7f0ce4000000-7f0ce4388000 rw-p 00000000 00:00 0 
7f0ce4388000-7f0ce8000000 ---p 00000000 00:00 0 
7f0ce8003000-7f0ce8024000 rw-p 00000000 00:00 0 
7f0ce8024000-7f0ce8031000 r-xp 00000000 08:05 540681                     /usr/lib/jvm/java-8-jdk/jre/lib/amd64/libverify.so
7f0ce8031000-7f0ce8231000 ---p 0000d000 08:05 540681                     /usr/lib/jvm/java-8-jdk/jre/lib/amd64/libverify.so
7f0ce8231000-7f0ce8233000 rw-p 0000d000 08:05 540681                     /usr/lib/jvm/java-8-jdk/jre/lib/amd64/libverify.so
7f0ce8233000-7f0ce823a000 r-xp 00000000 08:05 4721844                    /usr/lib/librt-2.22.so
7f0ce823a000-7f0ce8439000 ---p 00007000 08:05 4721844                    /usr/lib/librt-2.22.so
7f0ce8439000-7f0ce843a000 r--p 00006000 08:05 4721844                    /usr/lib/librt-2.22.so
7f0ce843a000-7f0ce843b000 rw-p 00007000 08:05 4721844                    /usr/lib/librt-2.22.so
7f0ce843b000-7f0ce8538000 r-xp 00000000 08:05 4721841                    /usr/lib/libm-2.22.so
7f0ce8538000-7f0ce8737000 ---p 000fd000 08:05 4721841                    /usr/lib/libm-2.22.so
7f0ce8737000-7f0ce8738000 r--p 000fc000 08:05 4721841                    /usr/lib/libm-2.22.so
7f0ce8738000-7f0ce8739000 rw-p 000fd000 08:05 4721841                    /usr/lib/libm-2.22.so
7f0ce8739000-7f0ce93f7000 r-xp 00000000 08:05 540705                     /usr/lib/jvm/java-8-jdk/jre/lib/amd64/server/libjvm.so
7f0ce93f7000-7f0ce95f6000 ---p 00cbe000 08:05 540705                     /usr/lib/jvm/java-8-jdk/jre/lib/amd64/server/libjvm.so
7f0ce95f6000-7f0ce96ce000 rw-p 00cbd000 08:05 540705                     /usr/lib/jvm/java-8-jdk/jre/lib/amd64/server/libjvm.so
7f0ce96ce000-7f0ce9713000 rw-p 00000000 00:00 0 
7f0ce9713000-7f0ce98ae000 r-xp 00000000 08:05 4721791                    /usr/lib/libc-2.22.so
7f0ce98ae000-7f0ce9aad000 ---p 0019b000 08:05 4721791                    /usr/lib/libc-2.22.so
7f0ce9aad000-7f0ce9ab1000 r--p 0019a000 08:05 4721791                    /usr/lib/libc-2.22.so
7f0ce9ab1000-7f0ce9ab3000 rw-p 0019e000 08:05 4721791                    /usr/lib/libc-2.22.so
7f0ce9ab3000-7f0ce9ab7000 rw-p 00000000 00:00 0 
7f0ce9ab7000-7f0ce9aba000 r-xp 00000000 08:05 4721840                    /usr/lib/libdl-2.22.so
7f0ce9aba000-7f0ce9cb9000 ---p 00003000 08:05 4721840                    /usr/lib/libdl-2.22.so
7f0ce9cb9000-7f0ce9cba000 r--p 00002000 08:05 4721840                    /usr/lib/libdl-2.22.so
7f0ce9cba000-7f0ce9cbb000 rw-p 00003000 08:05 4721840                    /usr/lib/libdl-2.22.so
7f0ce9cbb000-7f0ce9cd0000 r-xp 00000000 08:05 799344                     /usr/lib/jvm/java-8-jdk/jre/lib/amd64/jli/libjli.so
7f0ce9cd0000-7f0ce9ed0000 ---p 00015000 08:05 799344                     /usr/lib/jvm/java-8-jdk/jre/lib/amd64/jli/libjli.so
7f0ce9ed0000-7f0ce9ed1000 rw-p 00015000 08:05 799344                     /usr/lib/jvm/java-8-jdk/jre/lib/amd64/jli/libjli.so
7f0ce9ed1000-7f0ce9ee9000 r-xp 00000000 08:05 4721772                    /usr/lib/libpthread-2.22.so
7f0ce9ee9000-7f0cea0e8000 ---p 00018000 08:05 4721772                    /usr/lib/libpthread-2.22.so
7f0cea0e8000-7f0cea0e9000 r--p 00017000 08:05 4721772                    /usr/lib/libpthread-2.22.so
7f0cea0e9000-7f0cea0ea000 rw-p 00018000 08:05 4721772                    /usr/lib/libpthread-2.22.so
7f0cea0ea000-7f0cea0ee000 rw-p 00000000 00:00 0 
7f0cea0ee000-7f0cea110000 r-xp 00000000 08:05 4721790                    /usr/lib/ld-2.22.so
7f0cea115000-7f0cea1da000 rw-p 00000000 00:00 0 
7f0cea1da000-7f0cea1dd000 ---p 00000000 00:00 0 
7f0cea1dd000-7f0cea2df000 rw-p 00000000 00:00 0                          [stack:10252]
7f0cea2e0000-7f0cea2e1000 rw-p 00000000 00:00 0 
7f0cea2e1000-7f0cea2f0000 r--s 000df000 08:05 1868720                    /home/mzwee/Android/Sdk/build-tools/23.0.2/lib/dx.jar
7f0cea2f0000-7f0cea304000 rw-p 00000000 00:00 0 
7f0cea304000-7f0cea30c000 rw-s 00000000 00:21 617123                     /tmp/hsperfdata_mzwee/10250
7f0cea30c000-7f0cea30d000 rw-p 00000000 00:00 0 
7f0cea30d000-7f0cea30e000 ---p 00000000 00:00 0 
7f0cea30e000-7f0cea30f000 rw-p 00000000 00:00 0 
7f0cea30f000-7f0cea310000 r--p 00021000 08:05 4721790                    /usr/lib/ld-2.22.so
7f0cea310000-7f0cea311000 rw-p 00022000 08:05 4721790                    /usr/lib/ld-2.22.so
7f0cea311000-7f0cea312000 rw-p 00000000 00:00 0 
7ffc41a19000-7ffc41a3a000 rw-p 00000000 00:00 0                          [stack]
7ffc41a90000-7ffc41a92000 r--p 00000000 00:00 0                          [vvar]
7ffc41a92000-7ffc41a94000 r-xp 00000000 00:00 0                          [vdso]
ffffffffff600000-ffffffffff601000 r-xp 00000000 00:00 0                  [vsyscall]

VM Arguments:
jvm_args: -Xmx1024M -Dfile.encoding=UTF-8 -Duser.country=US -Duser.language=en -Duser.variant 
java_command: com.android.dx.command.Main --dex --num-threads=4 --output /home/mzwee/AndroidStudioProjects/RandRestaurant/app/build/intermediates/pre-dexed/debug/classes-3533eb64dadc882dadb54aeb3af17f531fe35b58.jar /home/mzwee/AndroidStudioProjects/RandRestaurant/app/build/intermediates/exploded-aar/com.google.android.gms/play-services-basement/8.4.0/jars/classes.jar
java_class_path (initial): /home/mzwee/Android/Sdk/build-tools/23.0.2/lib/dx.jar
Launcher Type: SUN_STANDARD

Environment Variables:
PATH=/home/mzwee/.rvm/gems/ruby-2.2.2/bin:/home/mzwee/.rvm/gems/ruby-2.2.2@global/bin:/home/mzwee/.rvm/rubies/ruby-2.2.2/bin:/home/mzwee/local/bin:/usr/local/sbin:/usr/local/bin:/usr/bin:/usr/lib/jvm/default/bin:/usr/bin/site_perl:/usr/bin/vendor_perl:/usr/bin/core_perl:/home/mzwee/.rvm/bin
LD_LIBRARY_PATH=/opt/android-studio/bin:
SHELL=/bin/bash
DISPLAY=:0

Signal Handlers:
SIGSEGV: [libjvm.so+0xaba070], sa_mask[0]=11111111011111111101111111111110, sa_flags=SA_RESTART|SA_SIGINFO
SIGBUS: [libjvm.so+0xaba070], sa_mask[0]=11111111011111111101111111111110, sa_flags=SA_RESTART|SA_SIGINFO
SIGFPE: [libjvm.so+0x917630], sa_mask[0]=11111111011111111101111111111110, sa_flags=SA_RESTART|SA_SIGINFO
SIGPIPE: [libjvm.so+0x917630], sa_mask[0]=11111111011111111101111111111110, sa_flags=SA_RESTART|SA_SIGINFO
SIGXFSZ: [libjvm.so+0x917630], sa_mask[0]=11111111011111111101111111111110, sa_flags=SA_RESTART|SA_SIGINFO
SIGILL: [libjvm.so+0x917630], sa_mask[0]=11111111011111111101111111111110, sa_flags=SA_RESTART|SA_SIGINFO
SIGUSR1: SIG_DFL, sa_mask[0]=00000000000000000000000000000000, sa_flags=none
SIGUSR2: [libjvm.so+0x918c60], sa_mask[0]=00100000000000000000000000000000, sa_flags=SA_RESTART|SA_SIGINFO
SIGHUP: [libjvm.so+0x91a060], sa_mask[0]=11111111011111111101111111111110, sa_flags=SA_RESTART|SA_SIGINFO
SIGINT: SIG_IGN, sa_mask[0]=00000000000000000000000000000000, sa_flags=none
SIGTERM: [libjvm.so+0x91a060], sa_mask[0]=11111111011111111101111111111110, sa_flags=SA_RESTART|SA_SIGINFO
SIGQUIT: [libjvm.so+0x91a060], sa_mask[0]=11111111011111111101111111111110, sa_flags=SA_RESTART|SA_SIGINFO


---------------  S Y S T E M  ---------------

OS:NAME="Arch Linux"
ID=arch
PRETTY_NAME="Arch Linux"
ANSI_COLOR="0;36"
HOME_URL="https://www.archlinux.org/"
SUPPORT_URL="https://bbs.archlinux.org/"
BUG_REPORT_URL="https://bugs.archlinux.org/"


uname:Linux 4.3.3-3-ARCH #1 SMP PREEMPT Wed Jan 20 08:12:23 CET 2016 x86_64
libc:glibc 2.22 NPTL 2.22 
rlimit: STACK 8192k, CORE 0k, NPROC 30723, NOFILE 4096, AS infinity
load average:15.45 9.43 6.24

/proc/meminfo:
MemTotal:        8067340 kB
MemFree:           51356 kB
MemAvailable:      75768 kB
Buffers:             900 kB
Cached:          1973012 kB
SwapCached:            0 kB
Active:          6464808 kB
Inactive:        1368488 kB
Active(anon):    6448804 kB
Inactive(anon):  1353132 kB
Active(file):      16004 kB
Inactive(file):    15356 kB
Unevictable:           0 kB
Mlocked:               0 kB
SwapTotal:             0 kB
SwapFree:              0 kB
Dirty:               732 kB
Writeback:             0 kB
AnonPages:       5860356 kB
Mapped:           264008 kB
Shmem:           1941664 kB
Slab:              67448 kB
SReclaimable:      35340 kB
SUnreclaim:        32108 kB
KernelStack:        8496 kB
PageTables:        37992 kB
NFS_Unstable:          0 kB
Bounce:                0 kB
WritebackTmp:          0 kB
CommitLimit:     4033668 kB
Committed_AS:   12700108 kB
VmallocTotal:   34359738367 kB
VmallocUsed:      382648 kB
VmallocChunk:   34358947836 kB
HardwareCorrupted:     0 kB
AnonHugePages:   3250176 kB
HugePages_Total:       0
HugePages_Free:        0
HugePages_Rsvd:        0
HugePages_Surp:        0
Hugepagesize:       2048 kB
DirectMap4k:      171564 kB
DirectMap2M:     7055360 kB
DirectMap1G:     2097152 kB


CPU:total 4 (2 cores per cpu, 2 threads per core) family 6 model 69 stepping 1, cmov, cx8, fxsr, mmx, sse, sse2, sse3, ssse3, sse4.1, sse4.2, popcnt, avx, avx2, aes, clmul, erms, lzcnt, ht, tsc, tscinvbit, bmi1, bmi2

/proc/cpuinfo:
processor	: 0
vendor_id	: GenuineIntel
cpu family	: 6
model		: 69
model name	: Intel(R) Core(TM) i5-4210U CPU @ 1.70GHz
stepping	: 1
microcode	: 0x17
cpu MHz		: 2399.906
cache size	: 3072 KB
physical id	: 0
siblings	: 4
core id		: 0
cpu cores	: 2
apicid		: 0
initial apicid	: 0
fpu		: yes
fpu_exception	: yes
cpuid level	: 13
wp		: yes
flags		: fpu vme de pse tsc msr pae mce cx8 apic sep mtrr pge mca cmov pat pse36 clflush dts acpi mmx fxsr sse sse2 ss ht tm pbe syscall nx pdpe1gb rdtscp lm constant_tsc arch_perfmon pebs bts rep_good nopl xtopology nonstop_tsc aperfmperf eagerfpu pni pclmulqdq dtes64 monitor ds_cpl vmx est tm2 ssse3 sdbg fma cx16 xtpr pdcm pcid sse4_1 sse4_2 movbe popcnt tsc_deadline_timer aes xsave avx f16c rdrand lahf_lm abm ida arat epb pln pts dtherm tpr_shadow vnmi flexpriority ept vpid fsgsbase tsc_adjust bmi1 avx2 smep bmi2 erms invpcid xsaveopt
bugs		:
bogomips	: 4790.37
clflush size	: 64
cache_alignment	: 64
address sizes	: 39 bits physical, 48 bits virtual
power management:

processor	: 1
vendor_id	: GenuineIntel
cpu family	: 6
model		: 69
model name	: Intel(R) Core(TM) i5-4210U CPU @ 1.70GHz
stepping	: 1
microcode	: 0x17
cpu MHz		: 2400.000
cache size	: 3072 KB
physical id	: 0
siblings	: 4
core id		: 1
cpu cores	: 2
apicid		: 2
initial apicid	: 2
fpu		: yes
fpu_exception	: yes
cpuid level	: 13
wp		: yes
flags		: fpu vme de pse tsc msr pae mce cx8 apic sep mtrr pge mca cmov pat pse36 clflush dts acpi mmx fxsr sse sse2 ss ht tm pbe syscall nx pdpe1gb rdtscp lm constant_tsc arch_perfmon pebs bts rep_good nopl xtopology nonstop_tsc aperfmperf eagerfpu pni pclmulqdq dtes64 monitor ds_cpl vmx est tm2 ssse3 sdbg fma cx16 xtpr pdcm pcid sse4_1 sse4_2 movbe popcnt tsc_deadline_timer aes xsave avx f16c rdrand lahf_lm abm ida arat epb pln pts dtherm tpr_shadow vnmi flexpriority ept vpid fsgsbase tsc_adjust bmi1 avx2 smep bmi2 erms invpcid xsaveopt
bugs		:
bogomips	: 4790.37
clflush size	: 64
cache_alignment	: 64
address sizes	: 39 bits physical, 48 bits virtual
power management:

processor	: 2
vendor_id	: GenuineIntel
cpu family	: 6
model		: 69
model name	: Intel(R) Core(TM) i5-4210U CPU @ 1.70GHz
stepping	: 1
microcode	: 0x17
cpu MHz		: 2400.000
cache size	: 3072 KB
physical id	: 0
siblings	: 4
core id		: 0
cpu cores	: 2
apicid		: 1
initial apicid	: 1
fpu		: yes
fpu_exception	: yes
cpuid level	: 13
wp		: yes
flags		: fpu vme de pse tsc msr pae mce cx8 apic sep mtrr pge mca cmov pat pse36 clflush dts acpi mmx fxsr sse sse2 ss ht tm pbe syscall nx pdpe1gb rdtscp lm constant_tsc arch_perfmon pebs bts rep_good nopl xtopology nonstop_tsc aperfmperf eagerfpu pni pclmulqdq dtes64 monitor ds_cpl vmx est tm2 ssse3 sdbg fma cx16 xtpr pdcm pcid sse4_1 sse4_2 movbe popcnt tsc_deadline_timer aes xsave avx f16c rdrand lahf_lm abm ida arat epb pln pts dtherm tpr_shadow vnmi flexpriority ept vpid fsgsbase tsc_adjust bmi1 avx2 smep bmi2 erms invpcid xsaveopt
bugs		:
bogomips	: 4790.37
clflush size	: 64
cache_alignment	: 64
address sizes	: 39 bits physical, 48 bits virtual
power management:

processor	: 3
vendor_id	: GenuineIntel
cpu family	: 6
model		: 69
model name	: Intel(R) Core(TM) i5-4210U CPU @ 1.70GHz
stepping	: 1
microcode	: 0x17
cpu MHz		: 2400.000
cache size	: 3072 KB
physical id	: 0
siblings	: 4
core id		: 1
cpu cores	: 2
apicid		: 3
initial apicid	: 3
fpu		: yes
fpu_exception	: yes
cpuid level	: 13
wp		: yes
flags		: fpu vme de pse tsc msr pae mce cx8 apic sep mtrr pge mca cmov pat pse36 clflush dts acpi mmx fxsr sse sse2 ss ht tm pbe syscall nx pdpe1gb rdtscp lm constant_tsc arch_perfmon pebs bts rep_good nopl xtopology nonstop_tsc aperfmperf eagerfpu pni pclmulqdq dtes64 monitor ds_cpl vmx est tm2 ssse3 sdbg fma cx16 xtpr pdcm pcid sse4_1 sse4_2 movbe popcnt tsc_deadline_timer aes xsave avx f16c rdrand lahf_lm abm ida arat epb pln pts dtherm tpr_shadow vnmi flexpriority ept vpid fsgsbase tsc_adjust bmi1 avx2 smep bmi2 erms invpcid xsaveopt
bugs		:
bogomips	: 4790.37
clflush size	: 64
cache_alignment	: 64
address sizes	: 39 bits physical, 48 bits virtual
power management:



Memory: 4k page, physical 8067340k(51356k free), swap 0k(0k free)

vm_info: Java HotSpot(TM) 64-Bit Server VM (25.60-b23) for linux-amd64 JRE (1.8.0_60-b27), built on Aug  4 2015 12:19:40 by "java_re" with gcc 4.3.0 20080428 (Red Hat 4.3.0-8)

time: Sun Feb 21 04:09:09 2016
elapsed time: 8 seconds (0d 0h 0m 8s)

