#
# There is insufficient memory for the Java Runtime Environment to continue.
# Native memory allocation (mmap) failed to map 87031808 bytes for committing reserved memory.
# Possible reasons:
#   The system is out of physical RAM or swap space
#   In 32 bit mode, the process size limit was hit
# Possible solutions:
#   Reduce memory load on the system
#   Increase physical memory or swap space
#   Check if swap backing store is full
#   Use 64 bit Java on a 64 bit OS
#   Decrease Java heap size (-Xmx/-Xms)
#   Decrease number of Java threads
#   Decrease Java thread stack sizes (-Xss)
#   Set larger code cache with -XX:ReservedCodeCacheSize=
# This output file may be truncated or incomplete.
#
#  Out of Memory Error (os_linux.cpp:2627), pid=10526, tid=139715643578112
#
# JRE version:  (8.0_60-b27) (build )
# Java VM: Java HotSpot(TM) 64-Bit Server VM (25.60-b23 mixed mode linux-amd64 compressed oops)
# Failed to write core dump. Core dumps have been disabled. To enable core dumping, try "ulimit -c unlimited" before starting Java again
#

---------------  T H R E A D  ---------------

Current thread (0x00007f120c00a000):  JavaThread "Unknown thread" [_thread_in_vm, id=10532, stack(0x00007f12153e1000,0x00007f12154e2000)]

Stack: [0x00007f12153e1000,0x00007f12154e2000],  sp=0x00007f12154e03b0,  free space=1020k
Native frames: (J=compiled Java code, j=interpreted, Vv=VM code, C=native code)
V  [libjvm.so+0xab97ea]  VMError::report_and_die()+0x2ba
V  [libjvm.so+0x4f9dab]  report_vm_out_of_memory(char const*, int, unsigned long, VMErrorType, char const*)+0x8b
V  [libjvm.so+0x91a7c3]  os::Linux::commit_memory_impl(char*, unsigned long, bool)+0x103
V  [libjvm.so+0x91ad19]  os::pd_commit_memory(char*, unsigned long, unsigned long, bool)+0x29
V  [libjvm.so+0x91502a]  os::commit_memory(char*, unsigned long, unsigned long, bool)+0x2a
V  [libjvm.so+0x9886d3]  PSVirtualSpace::expand_by(unsigned long)+0x53
V  [libjvm.so+0x978817]  PSOldGen::initialize(ReservedSpace, unsigned long, char const*, int)+0xb7
V  [libjvm.so+0x2d81ba]  AdjoiningGenerations::AdjoiningGenerations(ReservedSpace, GenerationSizer*, unsigned long)+0x39a
V  [libjvm.so+0x93daf6]  ParallelScavengeHeap::initialize()+0x1d6
V  [libjvm.so+0xa8218b]  Universe::initialize_heap()+0xfb
V  [libjvm.so+0xa824fe]  universe_init()+0x3e
V  [libjvm.so+0x6388a5]  init_globals()+0x65
V  [libjvm.so+0xa666fe]  Threads::create_vm(JavaVMInitArgs*, bool*)+0x23e
V  [libjvm.so+0x6ccd34]  JNI_CreateJavaVM+0x74
C  [libjli.so+0x745e]  JavaMain+0x9e
C  [libpthread.so.0+0x74a4]  start_thread+0xc4


---------------  P R O C E S S  ---------------

Java Threads: ( => current thread )

Other Threads:

=>0x00007f120c00a000 (exited) JavaThread "Unknown thread" [_thread_in_vm, id=10532, stack(0x00007f12153e1000,0x00007f12154e2000)]

VM state:not at safepoint (not fully initialized)

VM Mutex/Monitor currently owned by a thread: None

GC Heap History (0 events):
No events

Deoptimization events (0 events):
No events

Internal exceptions (0 events):
No events

Events (0 events):
No events


Dynamic libraries:
00400000-00401000 r-xp 00000000 08:05 272478                             /usr/lib/jvm/java-8-jdk/jre/bin/java
00600000-00601000 rw-p 00000000 08:05 272478                             /usr/lib/jvm/java-8-jdk/jre/bin/java
0229d000-022be000 rw-p 00000000 00:00 0                                  [heap]
c5300000-eab00000 ---p 00000000 00:00 0 
eab00000-ed400000 rw-p 00000000 00:00 0 
ed400000-100000000 ---p 00000000 00:00 0 
7f11fd000000-7f11fd270000 rwxp 00000000 00:00 0 
7f11fd270000-7f120c000000 ---p 00000000 00:00 0 
7f120c000000-7f120c034000 rw-p 00000000 00:00 0 
7f120c034000-7f1210000000 ---p 00000000 00:00 0 
7f121238c000-7f1212611000 rw-p 00000000 00:00 0 
7f1212611000-7f1212766000 ---p 00000000 00:00 0 
7f1212766000-7f121277b000 rw-p 00000000 00:00 0 
7f121277b000-7f1212811000 ---p 00000000 00:00 0 
7f1212811000-7f121281c000 rw-p 00000000 00:00 0 
7f121281c000-7f1212bd2000 ---p 00000000 00:00 0 
7f1212bd2000-7f1212bec000 r-xp 00000000 08:05 540675                     /usr/lib/jvm/java-8-jdk/jre/lib/amd64/libzip.so
7f1212bec000-7f1212dec000 ---p 0001a000 08:05 540675                     /usr/lib/jvm/java-8-jdk/jre/lib/amd64/libzip.so
7f1212dec000-7f1212ded000 rw-p 0001a000 08:05 540675                     /usr/lib/jvm/java-8-jdk/jre/lib/amd64/libzip.so
7f1212ded000-7f1212df8000 r-xp 00000000 08:05 4721836                    /usr/lib/libnss_files-2.22.so
7f1212df8000-7f1212ff7000 ---p 0000b000 08:05 4721836                    /usr/lib/libnss_files-2.22.so
7f1212ff7000-7f1212ff8000 r--p 0000a000 08:05 4721836                    /usr/lib/libnss_files-2.22.so
7f1212ff8000-7f1212ff9000 rw-p 0000b000 08:05 4721836                    /usr/lib/libnss_files-2.22.so
7f1212ff9000-7f1212fff000 rw-p 00000000 00:00 0 
7f1212fff000-7f1213029000 r-xp 00000000 08:05 540695                     /usr/lib/jvm/java-8-jdk/jre/lib/amd64/libjava.so
7f1213029000-7f1213229000 ---p 0002a000 08:05 540695                     /usr/lib/jvm/java-8-jdk/jre/lib/amd64/libjava.so
7f1213229000-7f121322b000 rw-p 0002a000 08:05 540695                     /usr/lib/jvm/java-8-jdk/jre/lib/amd64/libjava.so
7f121322b000-7f1213238000 r-xp 00000000 08:05 540681                     /usr/lib/jvm/java-8-jdk/jre/lib/amd64/libverify.so
7f1213238000-7f1213438000 ---p 0000d000 08:05 540681                     /usr/lib/jvm/java-8-jdk/jre/lib/amd64/libverify.so
7f1213438000-7f121343a000 rw-p 0000d000 08:05 540681                     /usr/lib/jvm/java-8-jdk/jre/lib/amd64/libverify.so
7f121343a000-7f1213441000 r-xp 00000000 08:05 4721844                    /usr/lib/librt-2.22.so
7f1213441000-7f1213640000 ---p 00007000 08:05 4721844                    /usr/lib/librt-2.22.so
7f1213640000-7f1213641000 r--p 00006000 08:05 4721844                    /usr/lib/librt-2.22.so
7f1213641000-7f1213642000 rw-p 00007000 08:05 4721844                    /usr/lib/librt-2.22.so
7f1213642000-7f121373f000 r-xp 00000000 08:05 4721841                    /usr/lib/libm-2.22.so
7f121373f000-7f121393e000 ---p 000fd000 08:05 4721841                    /usr/lib/libm-2.22.so
7f121393e000-7f121393f000 r--p 000fc000 08:05 4721841                    /usr/lib/libm-2.22.so
7f121393f000-7f1213940000 rw-p 000fd000 08:05 4721841                    /usr/lib/libm-2.22.so
7f1213940000-7f12145fe000 r-xp 00000000 08:05 540705                     /usr/lib/jvm/java-8-jdk/jre/lib/amd64/server/libjvm.so
7f12145fe000-7f12147fd000 ---p 00cbe000 08:05 540705                     /usr/lib/jvm/java-8-jdk/jre/lib/amd64/server/libjvm.so
7f12147fd000-7f12148d5000 rw-p 00cbd000 08:05 540705                     /usr/lib/jvm/java-8-jdk/jre/lib/amd64/server/libjvm.so
7f12148d5000-7f121491a000 rw-p 00000000 00:00 0 
7f121491a000-7f1214ab5000 r-xp 00000000 08:05 4721791                    /usr/lib/libc-2.22.so
7f1214ab5000-7f1214cb4000 ---p 0019b000 08:05 4721791                    /usr/lib/libc-2.22.so
7f1214cb4000-7f1214cb8000 r--p 0019a000 08:05 4721791                    /usr/lib/libc-2.22.so
7f1214cb8000-7f1214cba000 rw-p 0019e000 08:05 4721791                    /usr/lib/libc-2.22.so
7f1214cba000-7f1214cbe000 rw-p 00000000 00:00 0 
7f1214cbe000-7f1214cc1000 r-xp 00000000 08:05 4721840                    /usr/lib/libdl-2.22.so
7f1214cc1000-7f1214ec0000 ---p 00003000 08:05 4721840                    /usr/lib/libdl-2.22.so
7f1214ec0000-7f1214ec1000 r--p 00002000 08:05 4721840                    /usr/lib/libdl-2.22.so
7f1214ec1000-7f1214ec2000 rw-p 00003000 08:05 4721840                    /usr/lib/libdl-2.22.so
7f1214ec2000-7f1214ed7000 r-xp 00000000 08:05 799344                     /usr/lib/jvm/java-8-jdk/jre/lib/amd64/jli/libjli.so
7f1214ed7000-7f12150d7000 ---p 00015000 08:05 799344                     /usr/lib/jvm/java-8-jdk/jre/lib/amd64/jli/libjli.so
7f12150d7000-7f12150d8000 rw-p 00015000 08:05 799344                     /usr/lib/jvm/java-8-jdk/jre/lib/amd64/jli/libjli.so
7f12150d8000-7f12150f0000 r-xp 00000000 08:05 4721772                    /usr/lib/libpthread-2.22.so
7f12150f0000-7f12152ef000 ---p 00018000 08:05 4721772                    /usr/lib/libpthread-2.22.so
7f12152ef000-7f12152f0000 r--p 00017000 08:05 4721772                    /usr/lib/libpthread-2.22.so
7f12152f0000-7f12152f1000 rw-p 00018000 08:05 4721772                    /usr/lib/libpthread-2.22.so
7f12152f1000-7f12152f5000 rw-p 00000000 00:00 0 
7f12152f5000-7f1215317000 r-xp 00000000 08:05 4721790                    /usr/lib/ld-2.22.so
7f12153e1000-7f12153e4000 ---p 00000000 00:00 0 
7f12153e4000-7f12154e6000 rw-p 00000000 00:00 0                          [stack:10532]
7f1215508000-7f121550b000 rw-p 00000000 00:00 0 
7f121550b000-7f1215513000 rw-s 00000000 00:21 1125584                    /tmp/hsperfdata_mzwee/10526
7f1215513000-7f1215514000 rw-p 00000000 00:00 0 
7f1215514000-7f1215515000 r--p 00000000 00:00 0 
7f1215515000-7f1215516000 rw-p 00000000 00:00 0 
7f1215516000-7f1215517000 r--p 00021000 08:05 4721790                    /usr/lib/ld-2.22.so
7f1215517000-7f1215518000 rw-p 00022000 08:05 4721790                    /usr/lib/ld-2.22.so
7f1215518000-7f1215519000 rw-p 00000000 00:00 0 
7fffa98b4000-7fffa98d6000 rw-p 00000000 00:00 0                          [stack]
7fffa991c000-7fffa991e000 r--p 00000000 00:00 0                          [vvar]
7fffa991e000-7fffa9920000 r-xp 00000000 00:00 0                          [vdso]
ffffffffff600000-ffffffffff601000 r-xp 00000000 00:00 0                  [vsyscall]

VM Arguments:
jvm_args: -Xmx1024M -Dfile.encoding=UTF-8 -Duser.country=US -Duser.language=en -Duser.variant 
java_command: com.android.dx.command.Main --dex --num-threads=4 --output /home/mzwee/AndroidStudioProjects/RandRestaurant/app/build/intermediates/dex/debug /home/mzwee/AndroidStudioProjects/RandRestaurant/app/build/intermediates/classes/debug /home/mzwee/AndroidStudioProjects/RandRestaurant/app/build/intermediates/pre-dexed/debug/support-annotations-23.1.1-9ade6a7bccf5f5538581aa709c404d099ed55915.jar /home/mzwee/AndroidStudioProjects/RandRestaurant/app/build/intermediates/pre-dexed/debug/converter-jackson-2.0.0-beta2-6f8c54137ba4cbf29e2765534b56b31a69a29d37.jar /home/mzwee/AndroidStudioProjects/RandRestaurant/app/build/intermediates/pre-dexed/debug/okhttp-signpost-1.0.0-3ec8c4f5ce687039314a11601a5b0d3dbf8a1013.jar /home/mzwee/AndroidStudioProjects/RandRestaurant/app/build/intermediates/pre-dexed/debug/jackson-annotations-2.4.0-5e0cadc013ff47f78c8d102bd387146cbda72cea.jar /home/mzwee/AndroidStudioProjects/RandRestaurant/app/build/intermediates/pre-dexed/debug/tubesock-0.0.12-5907288b131b0b2db89e605da4607fccd2b92477.jar /home/mzwee/AndroidStudioProjects/RandRestaurant/app/build/intermediates/pre-dexed/debug/firebase-client-android-2.5.1-d84cda96e5b2a24d554f94638b3f1378ace27dc6.jar /home/mzwee/AndroidStudioProjects/RandRestaurant/app/build/intermediates/pre-dexed/debug/signpost-core-1.2.1.2-f7dc6e2f17764d1656d784db8f92876a10860fc5.jar /home/mzwee/AndroidStudioProjects/RandRestaurant/app/build/intermediates/pre-dexed/debug/retrofit-2.0.0-beta2-62366445394ad339b930ef73804a52f8ce6dd28f.jar /home/mzwee/AndroidStudioProjects/RandRestaurant/app/build/intermediates/pre-dexed/debug/commons-codec-1.3-9d19f196b92cda543ad5af8cc7af2631d8516b8b.jar /home/mzwee/AndroidStudioProjects/RandRestaurant/app/build/intermediates/pre-dexed/debug/okio-1.6.0-c76f1fcf42fbb2ad0ee3ad1b8af7dcfa49d859b2.jar /home/mzwee/AndroidStudioProjects/RandRestaurant/app/build/intermediates/pre-dexed/debug/yelp-android-1.0.0-5e3397aefc602f58ed6fe5f202603d7ce2f96eb8.jar /home/mzwee/AndroidStudioProjects/RandR
java_class_path (initial): /home/mzwee/Android/Sdk/build-tools/23.0.2/lib/dx.jar
Launcher Type: SUN_STANDARD

Environment Variables:
PATH=/home/mzwee/.rvm/gems/ruby-2.2.2/bin:/home/mzwee/.rvm/gems/ruby-2.2.2@global/bin:/home/mzwee/.rvm/rubies/ruby-2.2.2/bin:/home/mzwee/local/bin:/usr/local/sbin:/usr/local/bin:/usr/bin:/usr/lib/jvm/default/bin:/usr/bin/site_perl:/usr/bin/vendor_perl:/usr/bin/core_perl:/home/mzwee/.rvm/bin
LD_LIBRARY_PATH=/opt/android-studio/bin:
SHELL=/bin/bash
DISPLAY=:0

Signal Handlers:
SIGSEGV: [libjvm.so+0xaba070], sa_mask[0]=11111111011111111101111111111110, sa_flags=SA_RESTART|SA_SIGINFO
SIGBUS: [libjvm.so+0xaba070], sa_mask[0]=11111111011111111101111111111110, sa_flags=SA_RESTART|SA_SIGINFO
SIGFPE: [libjvm.so+0x917630], sa_mask[0]=11111111011111111101111111111110, sa_flags=SA_RESTART|SA_SIGINFO
SIGPIPE: [libjvm.so+0x917630], sa_mask[0]=11111111011111111101111111111110, sa_flags=SA_RESTART|SA_SIGINFO
SIGXFSZ: [libjvm.so+0x917630], sa_mask[0]=11111111011111111101111111111110, sa_flags=SA_RESTART|SA_SIGINFO
SIGILL: [libjvm.so+0x917630], sa_mask[0]=11111111011111111101111111111110, sa_flags=SA_RESTART|SA_SIGINFO
SIGUSR1: SIG_DFL, sa_mask[0]=00000000000000000000000000000000, sa_flags=none
SIGUSR2: [libjvm.so+0x918c60], sa_mask[0]=00100000000000000000000000000000, sa_flags=SA_RESTART|SA_SIGINFO
SIGHUP: SIG_DFL, sa_mask[0]=00000000000000000000000000000000, sa_flags=none
SIGINT: SIG_IGN, sa_mask[0]=00000000000000000000000000000000, sa_flags=none
SIGTERM: SIG_DFL, sa_mask[0]=00000000000000000000000000000000, sa_flags=none
SIGQUIT: SIG_DFL, sa_mask[0]=00000000000000000000000000000000, sa_flags=none


---------------  S Y S T E M  ---------------

OS:NAME="Arch Linux"
ID=arch
PRETTY_NAME="Arch Linux"
ANSI_COLOR="0;36"
HOME_URL="https://www.archlinux.org/"
SUPPORT_URL="https://bbs.archlinux.org/"
BUG_REPORT_URL="https://bugs.archlinux.org/"


uname:Linux 4.3.3-3-ARCH #1 SMP PREEMPT Wed Jan 20 08:12:23 CET 2016 x86_64
libc:glibc 2.22 NPTL 2.22 
rlimit: STACK 8192k, CORE 0k, NPROC 30723, NOFILE 4096, AS infinity
load average:5.14 2.86 1.98

/proc/meminfo:
MemTotal:        8067340 kB
MemFree:           45772 kB
MemAvailable:      60676 kB
Buffers:             484 kB
Cached:          2687476 kB
SwapCached:            0 kB
Active:          5835224 kB
Inactive:        1997020 kB
Active(anon):    5825724 kB
Inactive(anon):  1988004 kB
Active(file):       9500 kB
Inactive(file):     9016 kB
Unevictable:           0 kB
Mlocked:               0 kB
SwapTotal:             0 kB
SwapFree:              0 kB
Dirty:               320 kB
Writeback:          6808 kB
AnonPages:       5144716 kB
Mapped:           516612 kB
Shmem:           2669016 kB
Slab:              65500 kB
SReclaimable:      33836 kB
SUnreclaim:        31664 kB
KernelStack:        8784 kB
PageTables:        42856 kB
NFS_Unstable:          0 kB
Bounce:                0 kB
WritebackTmp:          0 kB
CommitLimit:     4033668 kB
Committed_AS:   12814180 kB
VmallocTotal:   34359738367 kB
VmallocUsed:      382680 kB
VmallocChunk:   34358947836 kB
HardwareCorrupted:     0 kB
AnonHugePages:   3080192 kB
HugePages_Total:       0
HugePages_Free:        0
HugePages_Rsvd:        0
HugePages_Surp:        0
Hugepagesize:       2048 kB
DirectMap4k:      173612 kB
DirectMap2M:     8101888 kB
DirectMap1G:     1048576 kB


CPU:total 4 (2 cores per cpu, 2 threads per core) family 6 model 69 stepping 1, cmov, cx8, fxsr, mmx, sse, sse2, sse3, ssse3, sse4.1, sse4.2, popcnt, avx, avx2, aes, clmul, erms, lzcnt, ht, tsc, tscinvbit, bmi1, bmi2

/proc/cpuinfo:
processor	: 0
vendor_id	: GenuineIntel
cpu family	: 6
model		: 69
model name	: Intel(R) Core(TM) i5-4210U CPU @ 1.70GHz
stepping	: 1
microcode	: 0x17
cpu MHz		: 1731.843
cache size	: 3072 KB
physical id	: 0
siblings	: 4
core id		: 0
cpu cores	: 2
apicid		: 0
initial apicid	: 0
fpu		: yes
fpu_exception	: yes
cpuid level	: 13
wp		: yes
flags		: fpu vme de pse tsc msr pae mce cx8 apic sep mtrr pge mca cmov pat pse36 clflush dts acpi mmx fxsr sse sse2 ss ht tm pbe syscall nx pdpe1gb rdtscp lm constant_tsc arch_perfmon pebs bts rep_good nopl xtopology nonstop_tsc aperfmperf eagerfpu pni pclmulqdq dtes64 monitor ds_cpl vmx est tm2 ssse3 sdbg fma cx16 xtpr pdcm pcid sse4_1 sse4_2 movbe popcnt tsc_deadline_timer aes xsave avx f16c rdrand lahf_lm abm ida arat epb pln pts dtherm tpr_shadow vnmi flexpriority ept vpid fsgsbase tsc_adjust bmi1 avx2 smep bmi2 erms invpcid xsaveopt
bugs		:
bogomips	: 4791.67
clflush size	: 64
cache_alignment	: 64
address sizes	: 39 bits physical, 48 bits virtual
power management:

processor	: 1
vendor_id	: GenuineIntel
cpu family	: 6
model		: 69
model name	: Intel(R) Core(TM) i5-4210U CPU @ 1.70GHz
stepping	: 1
microcode	: 0x17
cpu MHz		: 2017.406
cache size	: 3072 KB
physical id	: 0
siblings	: 4
core id		: 1
cpu cores	: 2
apicid		: 2
initial apicid	: 2
fpu		: yes
fpu_exception	: yes
cpuid level	: 13
wp		: yes
flags		: fpu vme de pse tsc msr pae mce cx8 apic sep mtrr pge mca cmov pat pse36 clflush dts acpi mmx fxsr sse sse2 ss ht tm pbe syscall nx pdpe1gb rdtscp lm constant_tsc arch_perfmon pebs bts rep_good nopl xtopology nonstop_tsc aperfmperf eagerfpu pni pclmulqdq dtes64 monitor ds_cpl vmx est tm2 ssse3 sdbg fma cx16 xtpr pdcm pcid sse4_1 sse4_2 movbe popcnt tsc_deadline_timer aes xsave avx f16c rdrand lahf_lm abm ida arat epb pln pts dtherm tpr_shadow vnmi flexpriority ept vpid fsgsbase tsc_adjust bmi1 avx2 smep bmi2 erms invpcid xsaveopt
bugs		:
bogomips	: 4791.67
clflush size	: 64
cache_alignment	: 64
address sizes	: 39 bits physical, 48 bits virtual
power management:

processor	: 2
vendor_id	: GenuineIntel
cpu family	: 6
model		: 69
model name	: Intel(R) Core(TM) i5-4210U CPU @ 1.70GHz
stepping	: 1
microcode	: 0x17
cpu MHz		: 1995.656
cache size	: 3072 KB
physical id	: 0
siblings	: 4
core id		: 0
cpu cores	: 2
apicid		: 1
initial apicid	: 1
fpu		: yes
fpu_exception	: yes
cpuid level	: 13
wp		: yes
flags		: fpu vme de pse tsc msr pae mce cx8 apic sep mtrr pge mca cmov pat pse36 clflush dts acpi mmx fxsr sse sse2 ss ht tm pbe syscall nx pdpe1gb rdtscp lm constant_tsc arch_perfmon pebs bts rep_good nopl xtopology nonstop_tsc aperfmperf eagerfpu pni pclmulqdq dtes64 monitor ds_cpl vmx est tm2 ssse3 sdbg fma cx16 xtpr pdcm pcid sse4_1 sse4_2 movbe popcnt tsc_deadline_timer aes xsave avx f16c rdrand lahf_lm abm ida arat epb pln pts dtherm tpr_shadow vnmi flexpriority ept vpid fsgsbase tsc_adjust bmi1 avx2 smep bmi2 erms invpcid xsaveopt
bugs		:
bogomips	: 4791.67
clflush size	: 64
cache_alignment	: 64
address sizes	: 39 bits physical, 48 bits virtual
power management:

processor	: 3
vendor_id	: GenuineIntel
cpu family	: 6
model		: 69
model name	: Intel(R) Core(TM) i5-4210U CPU @ 1.70GHz
stepping	: 1
microcode	: 0x17
cpu MHz		: 1922.625
cache size	: 3072 KB
physical id	: 0
siblings	: 4
core id		: 1
cpu cores	: 2
apicid		: 3
initial apicid	: 3
fpu		: yes
fpu_exception	: yes
cpuid level	: 13
wp		: yes
flags		: fpu vme de pse tsc msr pae mce cx8 apic sep mtrr pge mca cmov pat pse36 clflush dts acpi mmx fxsr sse sse2 ss ht tm pbe syscall nx pdpe1gb rdtscp lm constant_tsc arch_perfmon pebs bts rep_good nopl xtopology nonstop_tsc aperfmperf eagerfpu pni pclmulqdq dtes64 monitor ds_cpl vmx est tm2 ssse3 sdbg fma cx16 xtpr pdcm pcid sse4_1 sse4_2 movbe popcnt tsc_deadline_timer aes xsave avx f16c rdrand lahf_lm abm ida arat epb pln pts dtherm tpr_shadow vnmi flexpriority ept vpid fsgsbase tsc_adjust bmi1 avx2 smep bmi2 erms invpcid xsaveopt
bugs		:
bogomips	: 4791.67
clflush size	: 64
cache_alignment	: 64
address sizes	: 39 bits physical, 48 bits virtual
power management:



Memory: 4k page, physical 8067340k(44740k free), swap 0k(0k free)

vm_info: Java HotSpot(TM) 64-Bit Server VM (25.60-b23) for linux-amd64 JRE (1.8.0_60-b27), built on Aug  4 2015 12:19:40 by "java_re" with gcc 4.3.0 20080428 (Red Hat 4.3.0-8)

time: Sat Feb 20 19:48:21 2016
elapsed time: 0 seconds (0d 0h 0m 0s)

