#
# There is insufficient memory for the Java Runtime Environment to continue.
# Native memory allocation (mmap) failed to map 87031808 bytes for committing reserved memory.
# Possible reasons:
#   The system is out of physical RAM or swap space
#   In 32 bit mode, the process size limit was hit
# Possible solutions:
#   Reduce memory load on the system
#   Increase physical memory or swap space
#   Check if swap backing store is full
#   Use 64 bit Java on a 64 bit OS
#   Decrease Java heap size (-Xmx/-Xms)
#   Decrease number of Java threads
#   Decrease Java thread stack sizes (-Xss)
#   Set larger code cache with -XX:ReservedCodeCacheSize=
# This output file may be truncated or incomplete.
#
#  Out of Memory Error (os_linux.cpp:2627), pid=12083, tid=139925552490240
#
# JRE version:  (8.0_60-b27) (build )
# Java VM: Java HotSpot(TM) 64-Bit Server VM (25.60-b23 mixed mode linux-amd64 compressed oops)
# Failed to write core dump. Core dumps have been disabled. To enable core dumping, try "ulimit -c unlimited" before starting Java again
#

---------------  T H R E A D  ---------------

Current thread (0x00007f42ec008800):  JavaThread "Unknown thread" [_thread_in_vm, id=12085, stack(0x00007f42f4c9e000,0x00007f42f4d9f000)]

Stack: [0x00007f42f4c9e000,0x00007f42f4d9f000],  sp=0x00007f42f4d9d3b0,  free space=1020k
Native frames: (J=compiled Java code, j=interpreted, Vv=VM code, C=native code)
V  [libjvm.so+0xab97ea]  VMError::report_and_die()+0x2ba
V  [libjvm.so+0x4f9dab]  report_vm_out_of_memory(char const*, int, unsigned long, VMErrorType, char const*)+0x8b
V  [libjvm.so+0x91a7c3]  os::Linux::commit_memory_impl(char*, unsigned long, bool)+0x103
V  [libjvm.so+0x91ad19]  os::pd_commit_memory(char*, unsigned long, unsigned long, bool)+0x29
V  [libjvm.so+0x91502a]  os::commit_memory(char*, unsigned long, unsigned long, bool)+0x2a
V  [libjvm.so+0x9886d3]  PSVirtualSpace::expand_by(unsigned long)+0x53
V  [libjvm.so+0x978817]  PSOldGen::initialize(ReservedSpace, unsigned long, char const*, int)+0xb7
V  [libjvm.so+0x2d81ba]  AdjoiningGenerations::AdjoiningGenerations(ReservedSpace, GenerationSizer*, unsigned long)+0x39a
V  [libjvm.so+0x93daf6]  ParallelScavengeHeap::initialize()+0x1d6
V  [libjvm.so+0xa8218b]  Universe::initialize_heap()+0xfb
V  [libjvm.so+0xa824fe]  universe_init()+0x3e
V  [libjvm.so+0x6388a5]  init_globals()+0x65
V  [libjvm.so+0xa666fe]  Threads::create_vm(JavaVMInitArgs*, bool*)+0x23e
V  [libjvm.so+0x6ccd34]  JNI_CreateJavaVM+0x74
C  [libjli.so+0x745e]  JavaMain+0x9e
C  [libpthread.so.0+0x74a4]  start_thread+0xc4


---------------  P R O C E S S  ---------------

Java Threads: ( => current thread )

Other Threads:

=>0x00007f42ec008800 (exited) JavaThread "Unknown thread" [_thread_in_vm, id=12085, stack(0x00007f42f4c9e000,0x00007f42f4d9f000)]

VM state:not at safepoint (not fully initialized)

VM Mutex/Monitor currently owned by a thread: None

GC Heap History (0 events):
No events

Deoptimization events (0 events):
No events

Internal exceptions (0 events):
No events

Events (0 events):
No events


Dynamic libraries:
00400000-00401000 r-xp 00000000 08:05 272478                             /usr/lib/jvm/java-8-jdk/jre/bin/java
00600000-00601000 rw-p 00000000 08:05 272478                             /usr/lib/jvm/java-8-jdk/jre/bin/java
012e7000-01308000 rw-p 00000000 00:00 0                                  [heap]
c5300000-eab00000 ---p 00000000 00:00 0 
eab00000-ed400000 rw-p 00000000 00:00 0 
ed400000-100000000 ---p 00000000 00:00 0 
7f42dd000000-7f42dd270000 rwxp 00000000 00:00 0 
7f42dd270000-7f42ec000000 ---p 00000000 00:00 0 
7f42ec000000-7f42ec033000 rw-p 00000000 00:00 0 
7f42ec033000-7f42f0000000 ---p 00000000 00:00 0 
7f42f1c49000-7f42f1ece000 rw-p 00000000 00:00 0 
7f42f1ece000-7f42f2023000 ---p 00000000 00:00 0 
7f42f2023000-7f42f2038000 rw-p 00000000 00:00 0 
7f42f2038000-7f42f20ce000 ---p 00000000 00:00 0 
7f42f20ce000-7f42f20d9000 rw-p 00000000 00:00 0 
7f42f20d9000-7f42f248f000 ---p 00000000 00:00 0 
7f42f248f000-7f42f24a9000 r-xp 00000000 08:05 540675                     /usr/lib/jvm/java-8-jdk/jre/lib/amd64/libzip.so
7f42f24a9000-7f42f26a9000 ---p 0001a000 08:05 540675                     /usr/lib/jvm/java-8-jdk/jre/lib/amd64/libzip.so
7f42f26a9000-7f42f26aa000 rw-p 0001a000 08:05 540675                     /usr/lib/jvm/java-8-jdk/jre/lib/amd64/libzip.so
7f42f26aa000-7f42f26b5000 r-xp 00000000 08:05 4721836                    /usr/lib/libnss_files-2.22.so
7f42f26b5000-7f42f28b4000 ---p 0000b000 08:05 4721836                    /usr/lib/libnss_files-2.22.so
7f42f28b4000-7f42f28b5000 r--p 0000a000 08:05 4721836                    /usr/lib/libnss_files-2.22.so
7f42f28b5000-7f42f28b6000 rw-p 0000b000 08:05 4721836                    /usr/lib/libnss_files-2.22.so
7f42f28b6000-7f42f28bc000 rw-p 00000000 00:00 0 
7f42f28bc000-7f42f28e6000 r-xp 00000000 08:05 540695                     /usr/lib/jvm/java-8-jdk/jre/lib/amd64/libjava.so
7f42f28e6000-7f42f2ae6000 ---p 0002a000 08:05 540695                     /usr/lib/jvm/java-8-jdk/jre/lib/amd64/libjava.so
7f42f2ae6000-7f42f2ae8000 rw-p 0002a000 08:05 540695                     /usr/lib/jvm/java-8-jdk/jre/lib/amd64/libjava.so
7f42f2ae8000-7f42f2af5000 r-xp 00000000 08:05 540681                     /usr/lib/jvm/java-8-jdk/jre/lib/amd64/libverify.so
7f42f2af5000-7f42f2cf5000 ---p 0000d000 08:05 540681                     /usr/lib/jvm/java-8-jdk/jre/lib/amd64/libverify.so
7f42f2cf5000-7f42f2cf7000 rw-p 0000d000 08:05 540681                     /usr/lib/jvm/java-8-jdk/jre/lib/amd64/libverify.so
7f42f2cf7000-7f42f2cfe000 r-xp 00000000 08:05 4721844                    /usr/lib/librt-2.22.so
7f42f2cfe000-7f42f2efd000 ---p 00007000 08:05 4721844                    /usr/lib/librt-2.22.so
7f42f2efd000-7f42f2efe000 r--p 00006000 08:05 4721844                    /usr/lib/librt-2.22.so
7f42f2efe000-7f42f2eff000 rw-p 00007000 08:05 4721844                    /usr/lib/librt-2.22.so
7f42f2eff000-7f42f2ffc000 r-xp 00000000 08:05 4721841                    /usr/lib/libm-2.22.so
7f42f2ffc000-7f42f31fb000 ---p 000fd000 08:05 4721841                    /usr/lib/libm-2.22.so
7f42f31fb000-7f42f31fc000 r--p 000fc000 08:05 4721841                    /usr/lib/libm-2.22.so
7f42f31fc000-7f42f31fd000 rw-p 000fd000 08:05 4721841                    /usr/lib/libm-2.22.so
7f42f31fd000-7f42f3ebb000 r-xp 00000000 08:05 540705                     /usr/lib/jvm/java-8-jdk/jre/lib/amd64/server/libjvm.so
7f42f3ebb000-7f42f40ba000 ---p 00cbe000 08:05 540705                     /usr/lib/jvm/java-8-jdk/jre/lib/amd64/server/libjvm.so
7f42f40ba000-7f42f4192000 rw-p 00cbd000 08:05 540705                     /usr/lib/jvm/java-8-jdk/jre/lib/amd64/server/libjvm.so
7f42f4192000-7f42f41d7000 rw-p 00000000 00:00 0 
7f42f41d7000-7f42f4372000 r-xp 00000000 08:05 4721791                    /usr/lib/libc-2.22.so
7f42f4372000-7f42f4571000 ---p 0019b000 08:05 4721791                    /usr/lib/libc-2.22.so
7f42f4571000-7f42f4575000 r--p 0019a000 08:05 4721791                    /usr/lib/libc-2.22.so
7f42f4575000-7f42f4577000 rw-p 0019e000 08:05 4721791                    /usr/lib/libc-2.22.so
7f42f4577000-7f42f457b000 rw-p 00000000 00:00 0 
7f42f457b000-7f42f457e000 r-xp 00000000 08:05 4721840                    /usr/lib/libdl-2.22.so
7f42f457e000-7f42f477d000 ---p 00003000 08:05 4721840                    /usr/lib/libdl-2.22.so
7f42f477d000-7f42f477e000 r--p 00002000 08:05 4721840                    /usr/lib/libdl-2.22.so
7f42f477e000-7f42f477f000 rw-p 00003000 08:05 4721840                    /usr/lib/libdl-2.22.so
7f42f477f000-7f42f4794000 r-xp 00000000 08:05 799344                     /usr/lib/jvm/java-8-jdk/jre/lib/amd64/jli/libjli.so
7f42f4794000-7f42f4994000 ---p 00015000 08:05 799344                     /usr/lib/jvm/java-8-jdk/jre/lib/amd64/jli/libjli.so
7f42f4994000-7f42f4995000 rw-p 00015000 08:05 799344                     /usr/lib/jvm/java-8-jdk/jre/lib/amd64/jli/libjli.so
7f42f4995000-7f42f49ad000 r-xp 00000000 08:05 4721772                    /usr/lib/libpthread-2.22.so
7f42f49ad000-7f42f4bac000 ---p 00018000 08:05 4721772                    /usr/lib/libpthread-2.22.so
7f42f4bac000-7f42f4bad000 r--p 00017000 08:05 4721772                    /usr/lib/libpthread-2.22.so
7f42f4bad000-7f42f4bae000 rw-p 00018000 08:05 4721772                    /usr/lib/libpthread-2.22.so
7f42f4bae000-7f42f4bb2000 rw-p 00000000 00:00 0 
7f42f4bb2000-7f42f4bd4000 r-xp 00000000 08:05 4721790                    /usr/lib/ld-2.22.so
7f42f4c9e000-7f42f4ca1000 ---p 00000000 00:00 0 
7f42f4ca1000-7f42f4da3000 rw-p 00000000 00:00 0                          [stack:12085]
7f42f4dc5000-7f42f4dc8000 rw-p 00000000 00:00 0 
7f42f4dc8000-7f42f4dd0000 rw-s 00000000 00:22 803358                     /tmp/hsperfdata_mzwee/12083
7f42f4dd0000-7f42f4dd1000 rw-p 00000000 00:00 0 
7f42f4dd1000-7f42f4dd2000 r--p 00000000 00:00 0 
7f42f4dd2000-7f42f4dd3000 rw-p 00000000 00:00 0 
7f42f4dd3000-7f42f4dd4000 r--p 00021000 08:05 4721790                    /usr/lib/ld-2.22.so
7f42f4dd4000-7f42f4dd5000 rw-p 00022000 08:05 4721790                    /usr/lib/ld-2.22.so
7f42f4dd5000-7f42f4dd6000 rw-p 00000000 00:00 0 
7fff44b91000-7fff44bb2000 rw-p 00000000 00:00 0                          [stack]
7fff44bc0000-7fff44bc2000 r--p 00000000 00:00 0                          [vvar]
7fff44bc2000-7fff44bc4000 r-xp 00000000 00:00 0                          [vdso]
ffffffffff600000-ffffffffff601000 r-xp 00000000 00:00 0                  [vsyscall]

VM Arguments:
jvm_args: -Xmx1024M -Dfile.encoding=UTF-8 -Duser.country=US -Duser.language=en -Duser.variant 
java_command: com.android.dx.command.Main --dex --num-threads=4 --output /home/mzwee/AndroidStudioProjects/RandRestaurant/app/build/intermediates/pre-dexed/debug/firebase-client-jvm-2.5.1-e0163bab6ab28521cfee8cdabea591c7f7eb0930.jar /home/mzwee/.gradle/caches/modules-2/files-2.1/com.firebase/firebase-client-jvm/2.5.1/11ea7eeda00b1bb92accba250ee7c8740bdebc19/firebase-client-jvm-2.5.1.jar
java_class_path (initial): /home/mzwee/Android/Sdk/build-tools/23.0.2/lib/dx.jar
Launcher Type: SUN_STANDARD

Environment Variables:
PATH=/home/mzwee/.rvm/gems/ruby-2.2.2/bin:/home/mzwee/.rvm/gems/ruby-2.2.2@global/bin:/home/mzwee/.rvm/rubies/ruby-2.2.2/bin:/home/mzwee/local/bin:/usr/local/sbin:/usr/local/bin:/usr/bin:/usr/lib/jvm/default/bin:/usr/bin/site_perl:/usr/bin/vendor_perl:/usr/bin/core_perl:/home/mzwee/.rvm/bin
LD_LIBRARY_PATH=/opt/android-studio/bin:
SHELL=/bin/bash
DISPLAY=:0

Signal Handlers:
SIGSEGV: [libjvm.so+0xaba070], sa_mask[0]=11111111011111111101111111111110, sa_flags=SA_RESTART|SA_SIGINFO
SIGBUS: [libjvm.so+0xaba070], sa_mask[0]=11111111011111111101111111111110, sa_flags=SA_RESTART|SA_SIGINFO
SIGFPE: [libjvm.so+0x917630], sa_mask[0]=11111111011111111101111111111110, sa_flags=SA_RESTART|SA_SIGINFO
SIGPIPE: [libjvm.so+0x917630], sa_mask[0]=11111111011111111101111111111110, sa_flags=SA_RESTART|SA_SIGINFO
SIGXFSZ: [libjvm.so+0x917630], sa_mask[0]=11111111011111111101111111111110, sa_flags=SA_RESTART|SA_SIGINFO
SIGILL: [libjvm.so+0x917630], sa_mask[0]=11111111011111111101111111111110, sa_flags=SA_RESTART|SA_SIGINFO
SIGUSR1: SIG_DFL, sa_mask[0]=00000000000000000000000000000000, sa_flags=none
SIGUSR2: [libjvm.so+0x918c60], sa_mask[0]=00100000000000000000000000000000, sa_flags=SA_RESTART|SA_SIGINFO
SIGHUP: SIG_DFL, sa_mask[0]=00000000000000000000000000000000, sa_flags=none
SIGINT: SIG_IGN, sa_mask[0]=00000000000000000000000000000000, sa_flags=none
SIGTERM: SIG_DFL, sa_mask[0]=00000000000000000000000000000000, sa_flags=none
SIGQUIT: SIG_DFL, sa_mask[0]=00000000000000000000000000000000, sa_flags=none


---------------  S Y S T E M  ---------------

OS:NAME="Arch Linux"
ID=arch
PRETTY_NAME="Arch Linux"
ANSI_COLOR="0;36"
HOME_URL="https://www.archlinux.org/"
SUPPORT_URL="https://bbs.archlinux.org/"
BUG_REPORT_URL="https://bugs.archlinux.org/"


uname:Linux 4.3.3-3-ARCH #1 SMP PREEMPT Wed Jan 20 08:12:23 CET 2016 x86_64
libc:glibc 2.22 NPTL 2.22 
rlimit: STACK 8192k, CORE 0k, NPROC 30723, NOFILE 4096, AS infinity
load average:4.10 1.96 1.64

/proc/meminfo:
MemTotal:        8067340 kB
MemFree:           55800 kB
MemAvailable:      78232 kB
Buffers:             332 kB
Cached:          3135640 kB
SwapCached:            0 kB
Active:          5494588 kB
Inactive:        2337416 kB
Active(anon):    5477940 kB
Inactive(anon):  2324916 kB
Active(file):      16648 kB
Inactive(file):    12500 kB
Unevictable:           0 kB
Mlocked:               0 kB
SwapTotal:             0 kB
SwapFree:              0 kB
Dirty:               348 kB
Writeback:             0 kB
AnonPages:       4696292 kB
Mapped:           669256 kB
Shmem:           3106740 kB
Slab:              65584 kB
SReclaimable:      35572 kB
SUnreclaim:        30012 kB
KernelStack:        8944 kB
PageTables:        34504 kB
NFS_Unstable:          0 kB
Bounce:                0 kB
WritebackTmp:          0 kB
CommitLimit:     4033668 kB
Committed_AS:   11982428 kB
VmallocTotal:   34359738367 kB
VmallocUsed:      382624 kB
VmallocChunk:   34358947836 kB
HardwareCorrupted:     0 kB
AnonHugePages:   2557952 kB
HugePages_Total:       0
HugePages_Free:        0
HugePages_Rsvd:        0
HugePages_Surp:        0
Hugepagesize:       2048 kB
DirectMap4k:      134700 kB
DirectMap2M:     7092224 kB
DirectMap1G:     2097152 kB


CPU:total 4 (2 cores per cpu, 2 threads per core) family 6 model 69 stepping 1, cmov, cx8, fxsr, mmx, sse, sse2, sse3, ssse3, sse4.1, sse4.2, popcnt, avx, avx2, aes, clmul, erms, lzcnt, ht, tsc, tscinvbit, bmi1, bmi2

/proc/cpuinfo:
processor	: 0
vendor_id	: GenuineIntel
cpu family	: 6
model		: 69
model name	: Intel(R) Core(TM) i5-4210U CPU @ 1.70GHz
stepping	: 1
microcode	: 0x17
cpu MHz		: 2399.906
cache size	: 3072 KB
physical id	: 0
siblings	: 4
core id		: 0
cpu cores	: 2
apicid		: 0
initial apicid	: 0
fpu		: yes
fpu_exception	: yes
cpuid level	: 13
wp		: yes
flags		: fpu vme de pse tsc msr pae mce cx8 apic sep mtrr pge mca cmov pat pse36 clflush dts acpi mmx fxsr sse sse2 ss ht tm pbe syscall nx pdpe1gb rdtscp lm constant_tsc arch_perfmon pebs bts rep_good nopl xtopology nonstop_tsc aperfmperf eagerfpu pni pclmulqdq dtes64 monitor ds_cpl vmx est tm2 ssse3 sdbg fma cx16 xtpr pdcm pcid sse4_1 sse4_2 movbe popcnt tsc_deadline_timer aes xsave avx f16c rdrand lahf_lm abm ida arat epb pln pts dtherm tpr_shadow vnmi flexpriority ept vpid fsgsbase tsc_adjust bmi1 avx2 smep bmi2 erms invpcid xsaveopt
bugs		:
bogomips	: 4790.40
clflush size	: 64
cache_alignment	: 64
address sizes	: 39 bits physical, 48 bits virtual
power management:

processor	: 1
vendor_id	: GenuineIntel
cpu family	: 6
model		: 69
model name	: Intel(R) Core(TM) i5-4210U CPU @ 1.70GHz
stepping	: 1
microcode	: 0x17
cpu MHz		: 2399.906
cache size	: 3072 KB
physical id	: 0
siblings	: 4
core id		: 1
cpu cores	: 2
apicid		: 2
initial apicid	: 2
fpu		: yes
fpu_exception	: yes
cpuid level	: 13
wp		: yes
flags		: fpu vme de pse tsc msr pae mce cx8 apic sep mtrr pge mca cmov pat pse36 clflush dts acpi mmx fxsr sse sse2 ss ht tm pbe syscall nx pdpe1gb rdtscp lm constant_tsc arch_perfmon pebs bts rep_good nopl xtopology nonstop_tsc aperfmperf eagerfpu pni pclmulqdq dtes64 monitor ds_cpl vmx est tm2 ssse3 sdbg fma cx16 xtpr pdcm pcid sse4_1 sse4_2 movbe popcnt tsc_deadline_timer aes xsave avx f16c rdrand lahf_lm abm ida arat epb pln pts dtherm tpr_shadow vnmi flexpriority ept vpid fsgsbase tsc_adjust bmi1 avx2 smep bmi2 erms invpcid xsaveopt
bugs		:
bogomips	: 4790.40
clflush size	: 64
cache_alignment	: 64
address sizes	: 39 bits physical, 48 bits virtual
power management:

processor	: 2
vendor_id	: GenuineIntel
cpu family	: 6
model		: 69
model name	: Intel(R) Core(TM) i5-4210U CPU @ 1.70GHz
stepping	: 1
microcode	: 0x17
cpu MHz		: 2399.906
cache size	: 3072 KB
physical id	: 0
siblings	: 4
core id		: 0
cpu cores	: 2
apicid		: 1
initial apicid	: 1
fpu		: yes
fpu_exception	: yes
cpuid level	: 13
wp		: yes
flags		: fpu vme de pse tsc msr pae mce cx8 apic sep mtrr pge mca cmov pat pse36 clflush dts acpi mmx fxsr sse sse2 ss ht tm pbe syscall nx pdpe1gb rdtscp lm constant_tsc arch_perfmon pebs bts rep_good nopl xtopology nonstop_tsc aperfmperf eagerfpu pni pclmulqdq dtes64 monitor ds_cpl vmx est tm2 ssse3 sdbg fma cx16 xtpr pdcm pcid sse4_1 sse4_2 movbe popcnt tsc_deadline_timer aes xsave avx f16c rdrand lahf_lm abm ida arat epb pln pts dtherm tpr_shadow vnmi flexpriority ept vpid fsgsbase tsc_adjust bmi1 avx2 smep bmi2 erms invpcid xsaveopt
bugs		:
bogomips	: 4790.40
clflush size	: 64
cache_alignment	: 64
address sizes	: 39 bits physical, 48 bits virtual
power management:

processor	: 3
vendor_id	: GenuineIntel
cpu family	: 6
model		: 69
model name	: Intel(R) Core(TM) i5-4210U CPU @ 1.70GHz
stepping	: 1
microcode	: 0x17
cpu MHz		: 2400.000
cache size	: 3072 KB
physical id	: 0
siblings	: 4
core id		: 1
cpu cores	: 2
apicid		: 3
initial apicid	: 3
fpu		: yes
fpu_exception	: yes
cpuid level	: 13
wp		: yes
flags		: fpu vme de pse tsc msr pae mce cx8 apic sep mtrr pge mca cmov pat pse36 clflush dts acpi mmx fxsr sse sse2 ss ht tm pbe syscall nx pdpe1gb rdtscp lm constant_tsc arch_perfmon pebs bts rep_good nopl xtopology nonstop_tsc aperfmperf eagerfpu pni pclmulqdq dtes64 monitor ds_cpl vmx est tm2 ssse3 sdbg fma cx16 xtpr pdcm pcid sse4_1 sse4_2 movbe popcnt tsc_deadline_timer aes xsave avx f16c rdrand lahf_lm abm ida arat epb pln pts dtherm tpr_shadow vnmi flexpriority ept vpid fsgsbase tsc_adjust bmi1 avx2 smep bmi2 erms invpcid xsaveopt
bugs		:
bogomips	: 4790.40
clflush size	: 64
cache_alignment	: 64
address sizes	: 39 bits physical, 48 bits virtual
power management:



Memory: 4k page, physical 8067340k(55576k free), swap 0k(0k free)

vm_info: Java HotSpot(TM) 64-Bit Server VM (25.60-b23) for linux-amd64 JRE (1.8.0_60-b27), built on Aug  4 2015 12:19:40 by "java_re" with gcc 4.3.0 20080428 (Red Hat 4.3.0-8)

time: Sun Feb 21 08:14:18 2016
elapsed time: 0 seconds (0d 0h 0m 0s)

