#
# There is insufficient memory for the Java Runtime Environment to continue.
# Native memory allocation (mmap) failed to map 87031808 bytes for committing reserved memory.
# Possible reasons:
#   The system is out of physical RAM or swap space
#   In 32 bit mode, the process size limit was hit
# Possible solutions:
#   Reduce memory load on the system
#   Increase physical memory or swap space
#   Check if swap backing store is full
#   Use 64 bit Java on a 64 bit OS
#   Decrease Java heap size (-Xmx/-Xms)
#   Decrease number of Java threads
#   Decrease Java thread stack sizes (-Xss)
#   Set larger code cache with -XX:ReservedCodeCacheSize=
# This output file may be truncated or incomplete.
#
#  Out of Memory Error (os_linux.cpp:2627), pid=12089, tid=140099430438656
#
# JRE version:  (8.0_60-b27) (build )
# Java VM: Java HotSpot(TM) 64-Bit Server VM (25.60-b23 mixed mode linux-amd64 compressed oops)
# Failed to write core dump. Core dumps have been disabled. To enable core dumping, try "ulimit -c unlimited" before starting Java again
#

---------------  T H R E A D  ---------------

Current thread (0x00007f6b68008800):  JavaThread "Unknown thread" [_thread_in_vm, id=12093, stack(0x00007f6b70b8d000,0x00007f6b70c8e000)]

Stack: [0x00007f6b70b8d000,0x00007f6b70c8e000],  sp=0x00007f6b70c8c3b0,  free space=1020k
Native frames: (J=compiled Java code, j=interpreted, Vv=VM code, C=native code)
V  [libjvm.so+0xab97ea]  VMError::report_and_die()+0x2ba
V  [libjvm.so+0x4f9dab]  report_vm_out_of_memory(char const*, int, unsigned long, VMErrorType, char const*)+0x8b
V  [libjvm.so+0x91a7c3]  os::Linux::commit_memory_impl(char*, unsigned long, bool)+0x103
V  [libjvm.so+0x91ad19]  os::pd_commit_memory(char*, unsigned long, unsigned long, bool)+0x29
V  [libjvm.so+0x91502a]  os::commit_memory(char*, unsigned long, unsigned long, bool)+0x2a
V  [libjvm.so+0x9886d3]  PSVirtualSpace::expand_by(unsigned long)+0x53
V  [libjvm.so+0x978817]  PSOldGen::initialize(ReservedSpace, unsigned long, char const*, int)+0xb7
V  [libjvm.so+0x2d81ba]  AdjoiningGenerations::AdjoiningGenerations(ReservedSpace, GenerationSizer*, unsigned long)+0x39a
V  [libjvm.so+0x93daf6]  ParallelScavengeHeap::initialize()+0x1d6
V  [libjvm.so+0xa8218b]  Universe::initialize_heap()+0xfb
V  [libjvm.so+0xa824fe]  universe_init()+0x3e
V  [libjvm.so+0x6388a5]  init_globals()+0x65
V  [libjvm.so+0xa666fe]  Threads::create_vm(JavaVMInitArgs*, bool*)+0x23e
V  [libjvm.so+0x6ccd34]  JNI_CreateJavaVM+0x74
C  [libjli.so+0x745e]  JavaMain+0x9e
C  [libpthread.so.0+0x74a4]  start_thread+0xc4


---------------  P R O C E S S  ---------------

Java Threads: ( => current thread )

Other Threads:

=>0x00007f6b68008800 (exited) JavaThread "Unknown thread" [_thread_in_vm, id=12093, stack(0x00007f6b70b8d000,0x00007f6b70c8e000)]

VM state:not at safepoint (not fully initialized)

VM Mutex/Monitor currently owned by a thread: None

GC Heap History (0 events):
No events

Deoptimization events (0 events):
No events

Internal exceptions (0 events):
No events

Events (0 events):
No events


Dynamic libraries:
00400000-00401000 r-xp 00000000 08:05 272478                             /usr/lib/jvm/java-8-jdk/jre/bin/java
00600000-00601000 rw-p 00000000 08:05 272478                             /usr/lib/jvm/java-8-jdk/jre/bin/java
00fb5000-00fd6000 rw-p 00000000 00:00 0                                  [heap]
c5300000-eab00000 ---p 00000000 00:00 0 
eab00000-ed400000 rw-p 00000000 00:00 0 
ed400000-100000000 ---p 00000000 00:00 0 
7f6b59000000-7f6b59270000 rwxp 00000000 00:00 0 
7f6b59270000-7f6b68000000 ---p 00000000 00:00 0 
7f6b68000000-7f6b68033000 rw-p 00000000 00:00 0 
7f6b68033000-7f6b6c000000 ---p 00000000 00:00 0 
7f6b6db38000-7f6b6ddbd000 rw-p 00000000 00:00 0 
7f6b6ddbd000-7f6b6df12000 ---p 00000000 00:00 0 
7f6b6df12000-7f6b6df27000 rw-p 00000000 00:00 0 
7f6b6df27000-7f6b6dfbd000 ---p 00000000 00:00 0 
7f6b6dfbd000-7f6b6dfc8000 rw-p 00000000 00:00 0 
7f6b6dfc8000-7f6b6e37e000 ---p 00000000 00:00 0 
7f6b6e37e000-7f6b6e398000 r-xp 00000000 08:05 540675                     /usr/lib/jvm/java-8-jdk/jre/lib/amd64/libzip.so
7f6b6e398000-7f6b6e598000 ---p 0001a000 08:05 540675                     /usr/lib/jvm/java-8-jdk/jre/lib/amd64/libzip.so
7f6b6e598000-7f6b6e599000 rw-p 0001a000 08:05 540675                     /usr/lib/jvm/java-8-jdk/jre/lib/amd64/libzip.so
7f6b6e599000-7f6b6e5a4000 r-xp 00000000 08:05 4721836                    /usr/lib/libnss_files-2.22.so
7f6b6e5a4000-7f6b6e7a3000 ---p 0000b000 08:05 4721836                    /usr/lib/libnss_files-2.22.so
7f6b6e7a3000-7f6b6e7a4000 r--p 0000a000 08:05 4721836                    /usr/lib/libnss_files-2.22.so
7f6b6e7a4000-7f6b6e7a5000 rw-p 0000b000 08:05 4721836                    /usr/lib/libnss_files-2.22.so
7f6b6e7a5000-7f6b6e7ab000 rw-p 00000000 00:00 0 
7f6b6e7ab000-7f6b6e7d5000 r-xp 00000000 08:05 540695                     /usr/lib/jvm/java-8-jdk/jre/lib/amd64/libjava.so
7f6b6e7d5000-7f6b6e9d5000 ---p 0002a000 08:05 540695                     /usr/lib/jvm/java-8-jdk/jre/lib/amd64/libjava.so
7f6b6e9d5000-7f6b6e9d7000 rw-p 0002a000 08:05 540695                     /usr/lib/jvm/java-8-jdk/jre/lib/amd64/libjava.so
7f6b6e9d7000-7f6b6e9e4000 r-xp 00000000 08:05 540681                     /usr/lib/jvm/java-8-jdk/jre/lib/amd64/libverify.so
7f6b6e9e4000-7f6b6ebe4000 ---p 0000d000 08:05 540681                     /usr/lib/jvm/java-8-jdk/jre/lib/amd64/libverify.so
7f6b6ebe4000-7f6b6ebe6000 rw-p 0000d000 08:05 540681                     /usr/lib/jvm/java-8-jdk/jre/lib/amd64/libverify.so
7f6b6ebe6000-7f6b6ebed000 r-xp 00000000 08:05 4721844                    /usr/lib/librt-2.22.so
7f6b6ebed000-7f6b6edec000 ---p 00007000 08:05 4721844                    /usr/lib/librt-2.22.so
7f6b6edec000-7f6b6eded000 r--p 00006000 08:05 4721844                    /usr/lib/librt-2.22.so
7f6b6eded000-7f6b6edee000 rw-p 00007000 08:05 4721844                    /usr/lib/librt-2.22.so
7f6b6edee000-7f6b6eeeb000 r-xp 00000000 08:05 4721841                    /usr/lib/libm-2.22.so
7f6b6eeeb000-7f6b6f0ea000 ---p 000fd000 08:05 4721841                    /usr/lib/libm-2.22.so
7f6b6f0ea000-7f6b6f0eb000 r--p 000fc000 08:05 4721841                    /usr/lib/libm-2.22.so
7f6b6f0eb000-7f6b6f0ec000 rw-p 000fd000 08:05 4721841                    /usr/lib/libm-2.22.so
7f6b6f0ec000-7f6b6fdaa000 r-xp 00000000 08:05 540705                     /usr/lib/jvm/java-8-jdk/jre/lib/amd64/server/libjvm.so
7f6b6fdaa000-7f6b6ffa9000 ---p 00cbe000 08:05 540705                     /usr/lib/jvm/java-8-jdk/jre/lib/amd64/server/libjvm.so
7f6b6ffa9000-7f6b70081000 rw-p 00cbd000 08:05 540705                     /usr/lib/jvm/java-8-jdk/jre/lib/amd64/server/libjvm.so
7f6b70081000-7f6b700c6000 rw-p 00000000 00:00 0 
7f6b700c6000-7f6b70261000 r-xp 00000000 08:05 4721791                    /usr/lib/libc-2.22.so
7f6b70261000-7f6b70460000 ---p 0019b000 08:05 4721791                    /usr/lib/libc-2.22.so
7f6b70460000-7f6b70464000 r--p 0019a000 08:05 4721791                    /usr/lib/libc-2.22.so
7f6b70464000-7f6b70466000 rw-p 0019e000 08:05 4721791                    /usr/lib/libc-2.22.so
7f6b70466000-7f6b7046a000 rw-p 00000000 00:00 0 
7f6b7046a000-7f6b7046d000 r-xp 00000000 08:05 4721840                    /usr/lib/libdl-2.22.so
7f6b7046d000-7f6b7066c000 ---p 00003000 08:05 4721840                    /usr/lib/libdl-2.22.so
7f6b7066c000-7f6b7066d000 r--p 00002000 08:05 4721840                    /usr/lib/libdl-2.22.so
7f6b7066d000-7f6b7066e000 rw-p 00003000 08:05 4721840                    /usr/lib/libdl-2.22.so
7f6b7066e000-7f6b70683000 r-xp 00000000 08:05 799344                     /usr/lib/jvm/java-8-jdk/jre/lib/amd64/jli/libjli.so
7f6b70683000-7f6b70883000 ---p 00015000 08:05 799344                     /usr/lib/jvm/java-8-jdk/jre/lib/amd64/jli/libjli.so
7f6b70883000-7f6b70884000 rw-p 00015000 08:05 799344                     /usr/lib/jvm/java-8-jdk/jre/lib/amd64/jli/libjli.so
7f6b70884000-7f6b7089c000 r-xp 00000000 08:05 4721772                    /usr/lib/libpthread-2.22.so
7f6b7089c000-7f6b70a9b000 ---p 00018000 08:05 4721772                    /usr/lib/libpthread-2.22.so
7f6b70a9b000-7f6b70a9c000 r--p 00017000 08:05 4721772                    /usr/lib/libpthread-2.22.so
7f6b70a9c000-7f6b70a9d000 rw-p 00018000 08:05 4721772                    /usr/lib/libpthread-2.22.so
7f6b70a9d000-7f6b70aa1000 rw-p 00000000 00:00 0 
7f6b70aa1000-7f6b70ac3000 r-xp 00000000 08:05 4721790                    /usr/lib/ld-2.22.so
7f6b70b8d000-7f6b70b90000 ---p 00000000 00:00 0 
7f6b70b90000-7f6b70c92000 rw-p 00000000 00:00 0                          [stack:12093]
7f6b70cb4000-7f6b70cb7000 rw-p 00000000 00:00 0 
7f6b70cb7000-7f6b70cbf000 rw-s 00000000 00:22 802703                     /tmp/hsperfdata_mzwee/12089
7f6b70cbf000-7f6b70cc0000 rw-p 00000000 00:00 0 
7f6b70cc0000-7f6b70cc1000 r--p 00000000 00:00 0 
7f6b70cc1000-7f6b70cc2000 rw-p 00000000 00:00 0 
7f6b70cc2000-7f6b70cc3000 r--p 00021000 08:05 4721790                    /usr/lib/ld-2.22.so
7f6b70cc3000-7f6b70cc4000 rw-p 00022000 08:05 4721790                    /usr/lib/ld-2.22.so
7f6b70cc4000-7f6b70cc5000 rw-p 00000000 00:00 0 
7ffd0f3b6000-7ffd0f3d7000 rw-p 00000000 00:00 0                          [stack]
7ffd0f3d9000-7ffd0f3db000 r--p 00000000 00:00 0                          [vvar]
7ffd0f3db000-7ffd0f3dd000 r-xp 00000000 00:00 0                          [vdso]
ffffffffff600000-ffffffffff601000 r-xp 00000000 00:00 0                  [vsyscall]

VM Arguments:
jvm_args: -Xmx1024M -Dfile.encoding=UTF-8 -Duser.country=US -Duser.language=en -Duser.variant 
java_command: com.android.dx.command.Main --dex --num-threads=4 --output /home/mzwee/AndroidStudioProjects/RandRestaurant/app/build/intermediates/pre-dexed/debug/tubesock-0.0.12-5907288b131b0b2db89e605da4607fccd2b92477.jar /home/mzwee/.gradle/caches/modules-2/files-2.1/com.firebase/tubesock/0.0.12/6ec0bbd3e161a73ed672284b587fd32309a86d7a/tubesock-0.0.12.jar
java_class_path (initial): /home/mzwee/Android/Sdk/build-tools/23.0.2/lib/dx.jar
Launcher Type: SUN_STANDARD

Environment Variables:
PATH=/home/mzwee/.rvm/gems/ruby-2.2.2/bin:/home/mzwee/.rvm/gems/ruby-2.2.2@global/bin:/home/mzwee/.rvm/rubies/ruby-2.2.2/bin:/home/mzwee/local/bin:/usr/local/sbin:/usr/local/bin:/usr/bin:/usr/lib/jvm/default/bin:/usr/bin/site_perl:/usr/bin/vendor_perl:/usr/bin/core_perl:/home/mzwee/.rvm/bin
LD_LIBRARY_PATH=/opt/android-studio/bin:
SHELL=/bin/bash
DISPLAY=:0

Signal Handlers:
SIGSEGV: [libjvm.so+0xaba070], sa_mask[0]=11111111011111111101111111111110, sa_flags=SA_RESTART|SA_SIGINFO
SIGBUS: [libjvm.so+0xaba070], sa_mask[0]=11111111011111111101111111111110, sa_flags=SA_RESTART|SA_SIGINFO
SIGFPE: [libjvm.so+0x917630], sa_mask[0]=11111111011111111101111111111110, sa_flags=SA_RESTART|SA_SIGINFO
SIGPIPE: [libjvm.so+0x917630], sa_mask[0]=11111111011111111101111111111110, sa_flags=SA_RESTART|SA_SIGINFO
SIGXFSZ: [libjvm.so+0x917630], sa_mask[0]=11111111011111111101111111111110, sa_flags=SA_RESTART|SA_SIGINFO
SIGILL: [libjvm.so+0x917630], sa_mask[0]=11111111011111111101111111111110, sa_flags=SA_RESTART|SA_SIGINFO
SIGUSR1: SIG_DFL, sa_mask[0]=00000000000000000000000000000000, sa_flags=none
SIGUSR2: [libjvm.so+0x918c60], sa_mask[0]=00100000000000000000000000000000, sa_flags=SA_RESTART|SA_SIGINFO
SIGHUP: SIG_DFL, sa_mask[0]=00000000000000000000000000000000, sa_flags=none
SIGINT: SIG_IGN, sa_mask[0]=00000000000000000000000000000000, sa_flags=none
SIGTERM: SIG_DFL, sa_mask[0]=00000000000000000000000000000000, sa_flags=none
SIGQUIT: SIG_DFL, sa_mask[0]=00000000000000000000000000000000, sa_flags=none


---------------  S Y S T E M  ---------------

OS:NAME="Arch Linux"
ID=arch
PRETTY_NAME="Arch Linux"
ANSI_COLOR="0;36"
HOME_URL="https://www.archlinux.org/"
SUPPORT_URL="https://bbs.archlinux.org/"
BUG_REPORT_URL="https://bugs.archlinux.org/"


uname:Linux 4.3.3-3-ARCH #1 SMP PREEMPT Wed Jan 20 08:12:23 CET 2016 x86_64
libc:glibc 2.22 NPTL 2.22 
rlimit: STACK 8192k, CORE 0k, NPROC 30723, NOFILE 4096, AS infinity
load average:4.10 1.96 1.64

/proc/meminfo:
MemTotal:        8067340 kB
MemFree:           51244 kB
MemAvailable:      71804 kB
Buffers:             784 kB
Cached:          3132164 kB
SwapCached:            0 kB
Active:          5504140 kB
Inactive:        2334324 kB
Active(anon):    5487124 kB
Inactive(anon):  2324836 kB
Active(file):      17016 kB
Inactive(file):     9488 kB
Unevictable:           0 kB
Mlocked:               0 kB
SwapTotal:             0 kB
SwapFree:              0 kB
Dirty:               496 kB
Writeback:             0 kB
AnonPages:       4705336 kB
Mapped:           665820 kB
Shmem:           3106548 kB
Slab:              65604 kB
SReclaimable:      35500 kB
SUnreclaim:        30104 kB
KernelStack:        8688 kB
PageTables:        34652 kB
NFS_Unstable:          0 kB
Bounce:                0 kB
WritebackTmp:          0 kB
CommitLimit:     4033668 kB
Committed_AS:   12016592 kB
VmallocTotal:   34359738367 kB
VmallocUsed:      382624 kB
VmallocChunk:   34358947836 kB
HardwareCorrupted:     0 kB
AnonHugePages:   2564096 kB
HugePages_Total:       0
HugePages_Free:        0
HugePages_Rsvd:        0
HugePages_Surp:        0
Hugepagesize:       2048 kB
DirectMap4k:      134700 kB
DirectMap2M:     7092224 kB
DirectMap1G:     2097152 kB


CPU:total 4 (2 cores per cpu, 2 threads per core) family 6 model 69 stepping 1, cmov, cx8, fxsr, mmx, sse, sse2, sse3, ssse3, sse4.1, sse4.2, popcnt, avx, avx2, aes, clmul, erms, lzcnt, ht, tsc, tscinvbit, bmi1, bmi2

/proc/cpuinfo:
processor	: 0
vendor_id	: GenuineIntel
cpu family	: 6
model		: 69
model name	: Intel(R) Core(TM) i5-4210U CPU @ 1.70GHz
stepping	: 1
microcode	: 0x17
cpu MHz		: 2399.906
cache size	: 3072 KB
physical id	: 0
siblings	: 4
core id		: 0
cpu cores	: 2
apicid		: 0
initial apicid	: 0
fpu		: yes
fpu_exception	: yes
cpuid level	: 13
wp		: yes
flags		: fpu vme de pse tsc msr pae mce cx8 apic sep mtrr pge mca cmov pat pse36 clflush dts acpi mmx fxsr sse sse2 ss ht tm pbe syscall nx pdpe1gb rdtscp lm constant_tsc arch_perfmon pebs bts rep_good nopl xtopology nonstop_tsc aperfmperf eagerfpu pni pclmulqdq dtes64 monitor ds_cpl vmx est tm2 ssse3 sdbg fma cx16 xtpr pdcm pcid sse4_1 sse4_2 movbe popcnt tsc_deadline_timer aes xsave avx f16c rdrand lahf_lm abm ida arat epb pln pts dtherm tpr_shadow vnmi flexpriority ept vpid fsgsbase tsc_adjust bmi1 avx2 smep bmi2 erms invpcid xsaveopt
bugs		:
bogomips	: 4790.40
clflush size	: 64
cache_alignment	: 64
address sizes	: 39 bits physical, 48 bits virtual
power management:

processor	: 1
vendor_id	: GenuineIntel
cpu family	: 6
model		: 69
model name	: Intel(R) Core(TM) i5-4210U CPU @ 1.70GHz
stepping	: 1
microcode	: 0x17
cpu MHz		: 2400.000
cache size	: 3072 KB
physical id	: 0
siblings	: 4
core id		: 1
cpu cores	: 2
apicid		: 2
initial apicid	: 2
fpu		: yes
fpu_exception	: yes
cpuid level	: 13
wp		: yes
flags		: fpu vme de pse tsc msr pae mce cx8 apic sep mtrr pge mca cmov pat pse36 clflush dts acpi mmx fxsr sse sse2 ss ht tm pbe syscall nx pdpe1gb rdtscp lm constant_tsc arch_perfmon pebs bts rep_good nopl xtopology nonstop_tsc aperfmperf eagerfpu pni pclmulqdq dtes64 monitor ds_cpl vmx est tm2 ssse3 sdbg fma cx16 xtpr pdcm pcid sse4_1 sse4_2 movbe popcnt tsc_deadline_timer aes xsave avx f16c rdrand lahf_lm abm ida arat epb pln pts dtherm tpr_shadow vnmi flexpriority ept vpid fsgsbase tsc_adjust bmi1 avx2 smep bmi2 erms invpcid xsaveopt
bugs		:
bogomips	: 4790.40
clflush size	: 64
cache_alignment	: 64
address sizes	: 39 bits physical, 48 bits virtual
power management:

processor	: 2
vendor_id	: GenuineIntel
cpu family	: 6
model		: 69
model name	: Intel(R) Core(TM) i5-4210U CPU @ 1.70GHz
stepping	: 1
microcode	: 0x17
cpu MHz		: 2399.906
cache size	: 3072 KB
physical id	: 0
siblings	: 4
core id		: 0
cpu cores	: 2
apicid		: 1
initial apicid	: 1
fpu		: yes
fpu_exception	: yes
cpuid level	: 13
wp		: yes
flags		: fpu vme de pse tsc msr pae mce cx8 apic sep mtrr pge mca cmov pat pse36 clflush dts acpi mmx fxsr sse sse2 ss ht tm pbe syscall nx pdpe1gb rdtscp lm constant_tsc arch_perfmon pebs bts rep_good nopl xtopology nonstop_tsc aperfmperf eagerfpu pni pclmulqdq dtes64 monitor ds_cpl vmx est tm2 ssse3 sdbg fma cx16 xtpr pdcm pcid sse4_1 sse4_2 movbe popcnt tsc_deadline_timer aes xsave avx f16c rdrand lahf_lm abm ida arat epb pln pts dtherm tpr_shadow vnmi flexpriority ept vpid fsgsbase tsc_adjust bmi1 avx2 smep bmi2 erms invpcid xsaveopt
bugs		:
bogomips	: 4790.40
clflush size	: 64
cache_alignment	: 64
address sizes	: 39 bits physical, 48 bits virtual
power management:

processor	: 3
vendor_id	: GenuineIntel
cpu family	: 6
model		: 69
model name	: Intel(R) Core(TM) i5-4210U CPU @ 1.70GHz
stepping	: 1
microcode	: 0x17
cpu MHz		: 2399.906
cache size	: 3072 KB
physical id	: 0
siblings	: 4
core id		: 1
cpu cores	: 2
apicid		: 3
initial apicid	: 3
fpu		: yes
fpu_exception	: yes
cpuid level	: 13
wp		: yes
flags		: fpu vme de pse tsc msr pae mce cx8 apic sep mtrr pge mca cmov pat pse36 clflush dts acpi mmx fxsr sse sse2 ss ht tm pbe syscall nx pdpe1gb rdtscp lm constant_tsc arch_perfmon pebs bts rep_good nopl xtopology nonstop_tsc aperfmperf eagerfpu pni pclmulqdq dtes64 monitor ds_cpl vmx est tm2 ssse3 sdbg fma cx16 xtpr pdcm pcid sse4_1 sse4_2 movbe popcnt tsc_deadline_timer aes xsave avx f16c rdrand lahf_lm abm ida arat epb pln pts dtherm tpr_shadow vnmi flexpriority ept vpid fsgsbase tsc_adjust bmi1 avx2 smep bmi2 erms invpcid xsaveopt
bugs		:
bogomips	: 4790.40
clflush size	: 64
cache_alignment	: 64
address sizes	: 39 bits physical, 48 bits virtual
power management:



Memory: 4k page, physical 8067340k(50500k free), swap 0k(0k free)

vm_info: Java HotSpot(TM) 64-Bit Server VM (25.60-b23) for linux-amd64 JRE (1.8.0_60-b27), built on Aug  4 2015 12:19:40 by "java_re" with gcc 4.3.0 20080428 (Red Hat 4.3.0-8)

time: Sun Feb 21 08:14:18 2016
elapsed time: 0 seconds (0d 0h 0m 0s)

